#
# There is insufficient memory for the Java Runtime Environment to continue.
# Native memory allocation (malloc) failed to allocate 1048576 bytes. Error detail: AllocateHeap
# Possible reasons:
#   The system is out of physical RAM or swap space
#   This process is running with CompressedOops enabled, and the Java Heap may be blocking the growth of the native heap
# Possible solutions:
#   Reduce memory load on the system
#   Increase physical memory or swap space
#   Check if swap backing store is full
#   Decrease Java heap size (-Xmx/-Xms)
#   Decrease number of Java threads
#   Decrease Java thread stack sizes (-Xss)
#   Set larger code cache with -XX:ReservedCodeCacheSize=
#   JVM is running with Unscaled Compressed Oops mode in which the Java heap is
#     placed in the first 4GB address space. The Java Heap base address is the
#     maximum limit for the native heap growth. Please use -XX:HeapBaseMinAddress
#     to set the Java Heap base and to place the Java Heap above 4GB virtual address.
# This output file may be truncated or incomplete.
#
#  Out of Memory Error (allocation.cpp:44), pid=31388, tid=27820
#
# JRE version: OpenJDK Runtime Environment Temurin-21.0.8+9 (21.0.8+9) (build 21.0.8+9-LTS)
# Java VM: OpenJDK 64-Bit Server VM Temurin-21.0.8+9 (21.0.8+9-LTS, mixed mode, sharing, tiered, compressed oops, compressed class ptrs, parallel gc, windows-amd64)
# No core dump will be written. Minidumps are not enabled by default on client versions of Windows
#

---------------  S U M M A R Y ------------

Command Line: --add-modules=ALL-SYSTEM --add-opens=java.base/java.util=ALL-UNNAMED --add-opens=java.base/java.lang=ALL-UNNAMED --add-opens=java.base/sun.nio.fs=ALL-UNNAMED -Declipse.application=org.eclipse.jdt.ls.core.id1 -Dosgi.bundles.defaultStartLevel=4 -Declipse.product=org.eclipse.jdt.ls.core.product -Djava.import.generatesMetadataFilesAtProjectRoot=false -DDetectVMInstallationsJob.disabled=true -Dfile.encoding=utf8 -XX:+UseParallelGC -XX:GCTimeRatio=4 -XX:AdaptiveSizePolicyWeight=90 -Dsun.zip.disableMemoryMapping=true -Xmx2G -Xms100m -Xlog:disable -javaagent:c:\Users\damin\.cursor\extensions\redhat.java-1.46.0-win32-x64\lombok\lombok-1.18.39-4050.jar -XX:+HeapDumpOnOutOfMemoryError -XX:HeapDumpPath=c:\Users\damin\AppData\Roaming\Cursor\User\workspaceStorage\0fff20a0ddf8a580ce308bc09cb831c3\redhat.java -Daether.dependencyCollector.impl=bf c:\Users\damin\.cursor\extensions\redhat.java-1.46.0-win32-x64\server\plugins\org.eclipse.equinox.launcher_1.7.0.v20250519-0528.jar -configuration c:\Users\damin\AppData\Roaming\Cursor\User\globalStorage\redhat.java\1.46.0\config_win -data c:\Users\damin\AppData\Roaming\Cursor\User\workspaceStorage\0fff20a0ddf8a580ce308bc09cb831c3\redhat.java\jdt_ws --pipe=\\.\pipe\lsp-9678f2ab6c3dc2e062871c37fb62a302-sock

Host: 12th Gen Intel(R) Core(TM) i5-1235U, 12 cores, 7G,  Windows 11 , 64 bit Build 26100 (10.0.26100.6725)
Time: Tue Oct 21 19:21:37 2025 Sri Lanka Standard Time elapsed time: 621.606162 seconds (0d 0h 10m 21s)

---------------  T H R E A D  ---------------

Current thread (0x0000021f10c56620):  JavaThread "Attach Listener" daemon [_thread_in_vm, id=27820, stack(0x000000e049100000,0x000000e049200000) (1024K)]

Stack: [0x000000e049100000,0x000000e049200000]
Native frames: (J=compiled Java code, j=interpreted, Vv=VM code, C=native code)
V  [jvm.dll+0x6d2449]
V  [jvm.dll+0x8ae341]
V  [jvm.dll+0x8b08be]
V  [jvm.dll+0x8b0fa3]
V  [jvm.dll+0x280c96]
V  [jvm.dll+0xc0347]
V  [jvm.dll+0x6d2cf9]
V  [jvm.dll+0x131116]
V  [jvm.dll+0x3f2d16]
V  [jvm.dll+0x857e6b]
V  [jvm.dll+0x6d0b0d]
C  [ucrtbase.dll+0x37b0]
C  [KERNEL32.DLL+0x2e8d7]
C  [ntdll.dll+0x8c53c]


---------------  P R O C E S S  ---------------

Threads class SMR info:
_java_thread_list=0x0000021f728dec20, length=44, elements={
0x0000021f0e73b730, 0x0000021f10c533d0, 0x0000021f10b5ce20, 0x0000021f10c559d0,
0x0000021f10c56620, 0x0000021f10c59580, 0x0000021f10c5b490, 0x0000021f10c5e2d0,
0x0000021f699e42f0, 0x0000021f69aabd20, 0x0000021f69c350a0, 0x0000021f6f629af0,
0x0000021f69a24600, 0x0000021f699e35f0, 0x0000021f699e0280, 0x0000021f6f2a47f0,
0x0000021f6f84b510, 0x0000021f6f180c50, 0x0000021f6f1805c0, 0x0000021f6f17eb80,
0x0000021f6f17f8a0, 0x0000021f7104acb0, 0x0000021f7104a620, 0x0000021f7104c6f0,
0x0000021f7104c060, 0x0000021f7104daa0, 0x0000021f7104e7c0, 0x0000021f7104e130,
0x0000021f7104d410, 0x0000021f7104cd80, 0x0000021f7104b340, 0x0000021f7104ee50,
0x0000021f7104b9d0, 0x0000021f71050890, 0x0000021f7104fb70, 0x0000021f7104f4e0,
0x0000021f71050f20, 0x0000021f70688310, 0x0000021f70689d50, 0x0000021f7068b100,
0x0000021f706889a0, 0x0000021f7068a3e0, 0x0000021f7068b790, 0x0000021f7068be20
}

Java Threads: ( => current thread )
  0x0000021f0e73b730 JavaThread "main"                              [_thread_blocked, id=13972, stack(0x000000e048a00000,0x000000e048b00000) (1024K)]
  0x0000021f10c533d0 JavaThread "Reference Handler"          daemon [_thread_blocked, id=16324, stack(0x000000e048e00000,0x000000e048f00000) (1024K)]
  0x0000021f10b5ce20 JavaThread "Finalizer"                  daemon [_thread_blocked, id=25132, stack(0x000000e048f00000,0x000000e049000000) (1024K)]
  0x0000021f10c559d0 JavaThread "Signal Dispatcher"          daemon [_thread_blocked, id=28628, stack(0x000000e049000000,0x000000e049100000) (1024K)]
=>0x0000021f10c56620 JavaThread "Attach Listener"            daemon [_thread_in_vm, id=27820, stack(0x000000e049100000,0x000000e049200000) (1024K)]
  0x0000021f10c59580 JavaThread "Service Thread"             daemon [_thread_blocked, id=12332, stack(0x000000e049200000,0x000000e049300000) (1024K)]
  0x0000021f10c5b490 JavaThread "Monitor Deflation Thread"   daemon [_thread_blocked, id=19408, stack(0x000000e049300000,0x000000e049400000) (1024K)]
  0x0000021f10c5e2d0 JavaThread "C2 CompilerThread0"         daemon [_thread_blocked, id=25220, stack(0x000000e049400000,0x000000e049500000) (1024K)]
  0x0000021f699e42f0 JavaThread "C1 CompilerThread0"         daemon [_thread_blocked, id=24336, stack(0x000000e049500000,0x000000e049600000) (1024K)]
  0x0000021f69aabd20 JavaThread "Common-Cleaner"             daemon [_thread_blocked, id=18072, stack(0x000000e049600000,0x000000e049700000) (1024K)]
  0x0000021f69c350a0 JavaThread "Notification Thread"        daemon [_thread_blocked, id=24432, stack(0x000000e049700000,0x000000e049800000) (1024K)]
  0x0000021f6f629af0 JavaThread "Active Thread: Equinox Container: e9d36259-ddba-4dcb-8f32-fa01c2b6f5bf"        [_thread_blocked, id=22988, stack(0x000000e049f00000,0x000000e04a000000) (1024K)]
  0x0000021f69a24600 JavaThread "Refresh Thread: Equinox Container: e9d36259-ddba-4dcb-8f32-fa01c2b6f5bf" daemon [_thread_blocked, id=9576, stack(0x000000e049800000,0x000000e049900000) (1024K)]
  0x0000021f699e35f0 JavaThread "Framework Event Dispatcher: Equinox Container: e9d36259-ddba-4dcb-8f32-fa01c2b6f5bf" daemon [_thread_blocked, id=24468, stack(0x000000e04a100000,0x000000e04a200000) (1024K)]
  0x0000021f699e0280 JavaThread "Start Level: Equinox Container: e9d36259-ddba-4dcb-8f32-fa01c2b6f5bf" daemon [_thread_blocked, id=28000, stack(0x000000e04a200000,0x000000e04a300000) (1024K)]
  0x0000021f6f2a47f0 JavaThread "Bundle File Closer"         daemon [_thread_blocked, id=15212, stack(0x000000e04a500000,0x000000e04a600000) (1024K)]
  0x0000021f6f84b510 JavaThread "SCR Component Actor"        daemon [_thread_blocked, id=18740, stack(0x000000e04a600000,0x000000e04a700000) (1024K)]
  0x0000021f6f180c50 JavaThread "Worker-JM"                         [_thread_blocked, id=28520, stack(0x000000e04a700000,0x000000e04a800000) (1024K)]
  0x0000021f6f1805c0 JavaThread "JNA Cleaner"                daemon [_thread_blocked, id=18728, stack(0x000000e04a800000,0x000000e04a900000) (1024K)]
  0x0000021f6f17eb80 JavaThread "Java indexing"              daemon [_thread_blocked, id=9848, stack(0x000000e04ac00000,0x000000e04ad00000) (1024K)]
  0x0000021f6f17f8a0 JavaThread "Worker-4"                          [_thread_blocked, id=27824, stack(0x000000e04b000000,0x000000e04b100000) (1024K)]
  0x0000021f7104acb0 JavaThread "Thread-1"                   daemon [_thread_in_native, id=15600, stack(0x000000e04b100000,0x000000e04b200000) (1024K)]
  0x0000021f7104a620 JavaThread "Thread-2"                   daemon [_thread_in_native, id=28336, stack(0x000000e04b200000,0x000000e04b300000) (1024K)]
  0x0000021f7104c6f0 JavaThread "Thread-3"                   daemon [_thread_in_native, id=25952, stack(0x000000e04b300000,0x000000e04b400000) (1024K)]
  0x0000021f7104c060 JavaThread "Thread-4"                   daemon [_thread_in_native, id=13868, stack(0x000000e04b400000,0x000000e04b500000) (1024K)]
  0x0000021f7104daa0 JavaThread "Thread-5"                   daemon [_thread_in_native, id=22796, stack(0x000000e04b500000,0x000000e04b600000) (1024K)]
  0x0000021f7104e7c0 JavaThread "Thread-6"                   daemon [_thread_in_native, id=5852, stack(0x000000e04b600000,0x000000e04b700000) (1024K)]
  0x0000021f7104e130 JavaThread "Thread-7"                   daemon [_thread_in_native, id=2796, stack(0x000000e04b700000,0x000000e04b800000) (1024K)]
  0x0000021f7104d410 JavaThread "Thread-8"                   daemon [_thread_in_native, id=7584, stack(0x000000e04b800000,0x000000e04b900000) (1024K)]
  0x0000021f7104cd80 JavaThread "Thread-9"                   daemon [_thread_in_native, id=20672, stack(0x000000e04b900000,0x000000e04ba00000) (1024K)]
  0x0000021f7104b340 JavaThread "Thread-10"                  daemon [_thread_in_native, id=21512, stack(0x000000e04ba00000,0x000000e04bb00000) (1024K)]
  0x0000021f7104ee50 JavaThread "Thread-11"                  daemon [_thread_in_native, id=16644, stack(0x000000e04bb00000,0x000000e04bc00000) (1024K)]
  0x0000021f7104b9d0 JavaThread "Thread-12"                  daemon [_thread_in_native, id=30404, stack(0x000000e04bc00000,0x000000e04bd00000) (1024K)]
  0x0000021f71050890 JavaThread "Thread-13"                  daemon [_thread_in_native, id=31232, stack(0x000000e04bd00000,0x000000e04be00000) (1024K)]
  0x0000021f7104fb70 JavaThread "pool-2-thread-1"                   [_thread_blocked, id=2872, stack(0x000000e04be00000,0x000000e04bf00000) (1024K)]
  0x0000021f7104f4e0 JavaThread "WorkspaceEventsHandler"            [_thread_blocked, id=31956, stack(0x000000e04bf00000,0x000000e04c000000) (1024K)]
  0x0000021f71050f20 JavaThread "pool-1-thread-1"                   [_thread_blocked, id=24424, stack(0x000000e04c000000,0x000000e04c100000) (1024K)]
  0x0000021f70688310 JavaThread "ForkJoinPool.commonPool-worker-6" daemon [_thread_blocked, id=4348, stack(0x000000e04c500000,0x000000e04c600000) (1024K)]
  0x0000021f70689d50 JavaThread "ForkJoinPool.commonPool-worker-7" daemon [_thread_blocked, id=10972, stack(0x000000e04c600000,0x000000e04c700000) (1024K)]
  0x0000021f7068b100 JavaThread "ForkJoinPool.commonPool-worker-9" daemon [_thread_blocked, id=15628, stack(0x000000e04c700000,0x000000e04c800000) (1024K)]
  0x0000021f706889a0 JavaThread "ForkJoinPool.commonPool-worker-8" daemon [_thread_blocked, id=11108, stack(0x000000e04c800000,0x000000e04c900000) (1024K)]
  0x0000021f7068a3e0 JavaThread "ForkJoinPool.commonPool-worker-10" daemon [_thread_blocked, id=23280, stack(0x000000e04c900000,0x000000e04ca00000) (1024K)]
  0x0000021f7068b790 JavaThread "ForkJoinPool.commonPool-worker-12" daemon [_thread_blocked, id=22860, stack(0x000000e048800000,0x000000e048900000) (1024K)]
  0x0000021f7068be20 JavaThread "Worker-6"                          [_thread_blocked, id=9956, stack(0x000000e04ad00000,0x000000e04ae00000) (1024K)]
Total: 44

Other Threads:
  0x0000021f10b44ab0 VMThread "VM Thread"                           [id=30152, stack(0x000000e048d00000,0x000000e048e00000) (1024K)]
  0x0000021f10a3ca00 WatcherThread "VM Periodic Task Thread"        [id=31436, stack(0x000000e048c00000,0x000000e048d00000) (1024K)]
  0x0000021f10bcc470 WorkerThread "GC Thread#0"                     [id=19232, stack(0x000000e048b00000,0x000000e048c00000) (1024K)]
  0x0000021f6f4a1a50 WorkerThread "GC Thread#1"                     [id=24252, stack(0x000000e049900000,0x000000e049a00000) (1024K)]
  0x0000021f6f4a1df0 WorkerThread "GC Thread#2"                     [id=24356, stack(0x000000e049a00000,0x000000e049b00000) (1024K)]
  0x0000021f6f483aa0 WorkerThread "GC Thread#3"                     [id=29176, stack(0x000000e049b00000,0x000000e049c00000) (1024K)]
  0x0000021f6f483e40 WorkerThread "GC Thread#4"                     [id=15748, stack(0x000000e049c00000,0x000000e049d00000) (1024K)]
  0x0000021f6f4841e0 WorkerThread "GC Thread#5"                     [id=23728, stack(0x000000e049d00000,0x000000e049e00000) (1024K)]
  0x0000021f6f484580 WorkerThread "GC Thread#6"                     [id=31000, stack(0x000000e049e00000,0x000000e049f00000) (1024K)]
  0x0000021f69a24c60 WorkerThread "GC Thread#7"                     [id=4196, stack(0x000000e04a000000,0x000000e04a100000) (1024K)]
  0x0000021f6f87c550 WorkerThread "GC Thread#8"                     [id=14668, stack(0x000000e04a300000,0x000000e04a400000) (1024K)]
  0x0000021f6f87c8f0 WorkerThread "GC Thread#9"                     [id=30088, stack(0x000000e04a400000,0x000000e04a500000) (1024K)]
Total: 12

Threads with active compile tasks:
Total: 0

VM state: not at safepoint (normal execution)

VM Mutex/Monitor currently owned by a thread: None

Heap address: 0x0000000080000000, size: 2048 MB, Compressed Oops mode: 32-bit

CDS archive(s) mapped at: [0x0000021f28000000-0x0000021f28ba0000-0x0000021f28ba0000), size 12189696, SharedBaseAddress: 0x0000021f28000000, ArchiveRelocationMode: 1.
Compressed class space mapped at: 0x0000021f29000000-0x0000021f69000000, reserved size: 1073741824
Narrow klass base: 0x0000021f28000000, Narrow klass shift: 0, Narrow klass range: 0x100000000

GC Precious Log:
 CardTable entry size: 512
 CPUs: 12 total, 12 available
 Memory: 7916M
 Large Page Support: Disabled
 NUMA Support: Disabled
 Compressed Oops: Enabled (32-bit)
 Alignments: Space 512K, Generation 512K, Heap 2M
 Heap Min Capacity: 100M
 Heap Initial Capacity: 100M
 Heap Max Capacity: 2G
 Pre-touch: Disabled
 Parallel Workers: 10

Heap:
 PSYoungGen      total 13824K, used 6735K [0x00000000d5580000, 0x00000000d6500000, 0x0000000100000000)
  eden space 11776K, 44% used [0x00000000d5580000,0x00000000d5a94cf0,0x00000000d6100000)
  from space 2048K, 74% used [0x00000000d6300000,0x00000000d647f238,0x00000000d6500000)
  to   space 2048K, 0% used [0x00000000d6100000,0x00000000d6100000,0x00000000d6300000)
 ParOldGen       total 99328K, used 99146K [0x0000000080000000, 0x0000000086100000, 0x00000000d5580000)
  object space 99328K, 99% used [0x0000000080000000,0x00000000860d29d0,0x0000000086100000)
 Metaspace       used 64842K, committed 66368K, reserved 1114112K
  class space    used 6844K, committed 7488K, reserved 1048576K

Card table byte_map: [0x0000021f10550000,0x0000021f10960000] _byte_map_base: 0x0000021f10150000

Marking Bits: (ParMarkBitMap*) 0x00007ff93280a340
 Begin Bits: [0x0000021f23050000, 0x0000021f25050000)
 End Bits:   [0x0000021f25050000, 0x0000021f27050000)

Polling page: 0x0000021f0e900000

Metaspace:

Usage:
  Non-class:     56.64 MB used.
      Class:      6.68 MB used.
       Both:     63.32 MB used.

Virtual space:
  Non-class space:       64.00 MB reserved,      57.50 MB ( 90%) committed,  1 nodes.
      Class space:        1.00 GB reserved,       7.31 MB ( <1%) committed,  1 nodes.
             Both:        1.06 GB reserved,      64.81 MB (  6%) committed. 

Chunk freelists:
   Non-Class:  6.53 MB
       Class:  8.65 MB
        Both:  15.18 MB

MaxMetaspaceSize: unlimited
CompressedClassSpaceSize: 1.00 GB
Initial GC threshold: 21.00 MB
Current GC threshold: 97.31 MB
CDS: on
 - commit_granule_bytes: 65536.
 - commit_granule_words: 8192.
 - virtual_space_node_default_size: 8388608.
 - enlarge_chunks_in_place: 1.
 - use_allocation_guard: 0.


Internal statistics:

num_allocs_failed_limit: 11.
num_arena_births: 1300.
num_arena_deaths: 18.
num_vsnodes_births: 2.
num_vsnodes_deaths: 0.
num_space_committed: 1037.
num_space_uncommitted: 0.
num_chunks_returned_to_freelist: 31.
num_chunks_taken_from_freelist: 4459.
num_chunk_merges: 14.
num_chunk_splits: 2694.
num_chunks_enlarged: 1465.
num_inconsistent_stats: 0.

CodeHeap 'non-profiled nmethods': size=120000Kb used=8823Kb max_used=8823Kb free=111177Kb
 bounds [0x0000021f1b870000, 0x0000021f1c110000, 0x0000021f22da0000]
CodeHeap 'profiled nmethods': size=120000Kb used=27619Kb max_used=27619Kb free=92381Kb
 bounds [0x0000021f13da0000, 0x0000021f158a0000, 0x0000021f1b2d0000]
CodeHeap 'non-nmethods': size=5760Kb used=1426Kb max_used=1517Kb free=4333Kb
 bounds [0x0000021f1b2d0000, 0x0000021f1b540000, 0x0000021f1b870000]
CodeCache: size=245760Kb, used=37868Kb, max_used=37959Kb, free=207891Kb
 total_blobs=12389, nmethods=11649, adapters=645, full_count=0
Compilation: enabled, stopped_count=0, restarted_count=0

Compilation events (20 events):
Event: 610.229 Thread 0x0000021f699e42f0 nmethod 12458 0x0000021f1588ef90 code [0x0000021f1588f120, 0x0000021f1588f218]
Event: 610.229 Thread 0x0000021f699e42f0 12459       3       lombok.eclipse.agent.PatchValEclipse$Reflection::access$1 (4 bytes)
Event: 610.230 Thread 0x0000021f699e42f0 nmethod 12459 0x0000021f1588f290 code [0x0000021f1588f420, 0x0000021f1588f518]
Event: 610.232 Thread 0x0000021f699e42f0 12460       3       jdk.internal.misc.Unsafe::bool2byte (10 bytes)
Event: 610.233 Thread 0x0000021f699e42f0 nmethod 12460 0x0000021f1588f590 code [0x0000021f1588f720, 0x0000021f1588f880]
Event: 610.276 Thread 0x0000021f699e42f0 12461       3       java.lang.invoke.LambdaForm$MH/0x0000021f29740800::invoke (42 bytes)
Event: 610.277 Thread 0x0000021f699e42f0 nmethod 12461 0x0000021f1588f910 code [0x0000021f1588fba0, 0x0000021f15890920]
Event: 610.277 Thread 0x0000021f699e42f0 12462       3       java.lang.invoke.LambdaForm$MH/0x0000021f29740c00::invoke (42 bytes)
Event: 610.278 Thread 0x0000021f699e42f0 nmethod 12462 0x0000021f15890d90 code [0x0000021f15891020, 0x0000021f15891da0]
Event: 610.285 Thread 0x0000021f699e42f0 12464       3       lombok.eclipse.handlers.HandleVal::visitLocal (351 bytes)
Event: 610.297 Thread 0x0000021f699e42f0 nmethod 12464 0x0000021f15892210 code [0x0000021f15892820, 0x0000021f15896618]
Event: 610.297 Thread 0x0000021f699e42f0 12465       3       org.eclipse.jdt.internal.compiler.util.HashtableOfObjectToInt::get (59 bytes)
Event: 610.298 Thread 0x0000021f699e42f0 nmethod 12465 0x0000021f15897510 code [0x0000021f15897700, 0x0000021f15897ba0]
Event: 610.298 Thread 0x0000021f699e42f0 12466       3       org.eclipse.jdt.internal.core.util.WeakHashSetOfCharArray::cleanupGarbageCollectedValues (147 bytes)
Event: 610.300 Thread 0x0000021f699e42f0 nmethod 12466 0x0000021f15897e10 code [0x0000021f15898020, 0x0000021f15898930]
Event: 610.305 Thread 0x0000021f10c5e2d0 nmethod 12450 0x0000021f1c0f2790 code [0x0000021f1c0f2d20, 0x0000021f1c0f5868]
Event: 610.306 Thread 0x0000021f10c5e2d0 12451       4       org.eclipse.jdt.internal.compiler.parser.Parser::consumeRule (7748 bytes)
Event: 610.422 Thread 0x0000021f10c5e2d0 nmethod 12451 0x0000021f1c0f7410 code [0x0000021f1c0fb500, 0x0000021f1c101500]
Event: 610.423 Thread 0x0000021f10c5e2d0 12452       4       org.eclipse.jdt.internal.compiler.parser.Parser::consumeToken (2264 bytes)
Event: 610.470 Thread 0x0000021f10c5e2d0 nmethod 12452 0x0000021f1c108e10 code [0x0000021f1c109be0, 0x0000021f1c10bc80]

GC Heap History (20 events):
Event: 368.330 GC heap before
{Heap before GC invocations=84 (full 3):
 PSYoungGen      total 14848K, used 14700K [0x00000000d5580000, 0x00000000d6600000, 0x0000000100000000)
  eden space 13824K, 100% used [0x00000000d5580000,0x00000000d6300000,0x00000000d6300000)
  from space 1024K, 85% used [0x00000000d6500000,0x00000000d65db0e0,0x00000000d6600000)
  to   space 1024K, 0% used [0x00000000d6400000,0x00000000d6400000,0x00000000d6500000)
 ParOldGen       total 90112K, used 89907K [0x0000000080000000, 0x0000000085800000, 0x00000000d5580000)
  object space 90112K, 99% used [0x0000000080000000,0x00000000857ccda8,0x0000000085800000)
 Metaspace       used 63082K, committed 64576K, reserved 1114112K
  class space    used 6694K, committed 7360K, reserved 1048576K
}
Event: 368.334 GC heap after
{Heap after GC invocations=84 (full 3):
 PSYoungGen      total 14848K, used 1007K [0x00000000d5580000, 0x00000000d6600000, 0x0000000100000000)
  eden space 13824K, 0% used [0x00000000d5580000,0x00000000d5580000,0x00000000d6300000)
  from space 1024K, 98% used [0x00000000d6400000,0x00000000d64fbc88,0x00000000d6500000)
  to   space 1024K, 0% used [0x00000000d6500000,0x00000000d6500000,0x00000000d6600000)
 ParOldGen       total 91136K, used 90658K [0x0000000080000000, 0x0000000085900000, 0x00000000d5580000)
  object space 91136K, 99% used [0x0000000080000000,0x0000000085888a28,0x0000000085900000)
 Metaspace       used 63082K, committed 64576K, reserved 1114112K
  class space    used 6694K, committed 7360K, reserved 1048576K
}
Event: 368.381 GC heap before
{Heap before GC invocations=85 (full 3):
 PSYoungGen      total 14848K, used 14831K [0x00000000d5580000, 0x00000000d6600000, 0x0000000100000000)
  eden space 13824K, 100% used [0x00000000d5580000,0x00000000d6300000,0x00000000d6300000)
  from space 1024K, 98% used [0x00000000d6400000,0x00000000d64fbc88,0x00000000d6500000)
  to   space 1024K, 0% used [0x00000000d6500000,0x00000000d6500000,0x00000000d6600000)
 ParOldGen       total 91136K, used 90658K [0x0000000080000000, 0x0000000085900000, 0x00000000d5580000)
  object space 91136K, 99% used [0x0000000080000000,0x0000000085888a28,0x0000000085900000)
 Metaspace       used 63082K, committed 64576K, reserved 1114112K
  class space    used 6694K, committed 7360K, reserved 1048576K
}
Event: 368.384 GC heap after
{Heap after GC invocations=85 (full 3):
 PSYoungGen      total 14848K, used 773K [0x00000000d5580000, 0x00000000d6600000, 0x0000000100000000)
  eden space 13824K, 0% used [0x00000000d5580000,0x00000000d5580000,0x00000000d6300000)
  from space 1024K, 75% used [0x00000000d6500000,0x00000000d65c1638,0x00000000d6600000)
  to   space 1024K, 0% used [0x00000000d6400000,0x00000000d6400000,0x00000000d6500000)
 ParOldGen       total 91648K, used 91464K [0x0000000080000000, 0x0000000085980000, 0x00000000d5580000)
  object space 91648K, 99% used [0x0000000080000000,0x0000000085952060,0x0000000085980000)
 Metaspace       used 63082K, committed 64576K, reserved 1114112K
  class space    used 6694K, committed 7360K, reserved 1048576K
}
Event: 368.431 GC heap before
{Heap before GC invocations=86 (full 3):
 PSYoungGen      total 14848K, used 14597K [0x00000000d5580000, 0x00000000d6600000, 0x0000000100000000)
  eden space 13824K, 100% used [0x00000000d5580000,0x00000000d6300000,0x00000000d6300000)
  from space 1024K, 75% used [0x00000000d6500000,0x00000000d65c1638,0x00000000d6600000)
  to   space 1024K, 0% used [0x00000000d6400000,0x00000000d6400000,0x00000000d6500000)
 ParOldGen       total 91648K, used 91464K [0x0000000080000000, 0x0000000085980000, 0x00000000d5580000)
  object space 91648K, 99% used [0x0000000080000000,0x0000000085952060,0x0000000085980000)
 Metaspace       used 63082K, committed 64576K, reserved 1114112K
  class space    used 6694K, committed 7360K, reserved 1048576K
}
Event: 368.434 GC heap after
{Heap after GC invocations=86 (full 3):
 PSYoungGen      total 14848K, used 1001K [0x00000000d5580000, 0x00000000d6700000, 0x0000000100000000)
  eden space 13824K, 0% used [0x00000000d5580000,0x00000000d5580000,0x00000000d6300000)
  from space 1024K, 97% used [0x00000000d6400000,0x00000000d64fa5d8,0x00000000d6500000)
  to   space 2048K, 0% used [0x00000000d6500000,0x00000000d6500000,0x00000000d6700000)
 ParOldGen       total 92160K, used 92118K [0x0000000080000000, 0x0000000085a00000, 0x00000000d5580000)
  object space 92160K, 99% used [0x0000000080000000,0x00000000859f5a78,0x0000000085a00000)
 Metaspace       used 63082K, committed 64576K, reserved 1114112K
  class space    used 6694K, committed 7360K, reserved 1048576K
}
Event: 368.463 GC heap before
{Heap before GC invocations=87 (full 3):
 PSYoungGen      total 14848K, used 14825K [0x00000000d5580000, 0x00000000d6700000, 0x0000000100000000)
  eden space 13824K, 100% used [0x00000000d5580000,0x00000000d6300000,0x00000000d6300000)
  from space 1024K, 97% used [0x00000000d6400000,0x00000000d64fa5d8,0x00000000d6500000)
  to   space 2048K, 0% used [0x00000000d6500000,0x00000000d6500000,0x00000000d6700000)
 ParOldGen       total 92160K, used 92118K [0x0000000080000000, 0x0000000085a00000, 0x00000000d5580000)
  object space 92160K, 99% used [0x0000000080000000,0x00000000859f5a78,0x0000000085a00000)
 Metaspace       used 63082K, committed 64576K, reserved 1114112K
  class space    used 6694K, committed 7360K, reserved 1048576K
}
Event: 368.466 GC heap after
{Heap after GC invocations=87 (full 3):
 PSYoungGen      total 14336K, used 320K [0x00000000d5580000, 0x00000000d6580000, 0x0000000100000000)
  eden space 13824K, 0% used [0x00000000d5580000,0x00000000d5580000,0x00000000d6300000)
  from space 512K, 62% used [0x00000000d6500000,0x00000000d6550000,0x00000000d6580000)
  to   space 1024K, 0% used [0x00000000d6380000,0x00000000d6380000,0x00000000d6480000)
 ParOldGen       total 93184K, used 93124K [0x0000000080000000, 0x0000000085b00000, 0x00000000d5580000)
  object space 93184K, 99% used [0x0000000080000000,0x0000000085af1318,0x0000000085b00000)
 Metaspace       used 63082K, committed 64576K, reserved 1114112K
  class space    used 6694K, committed 7360K, reserved 1048576K
}
Event: 368.575 GC heap before
{Heap before GC invocations=88 (full 3):
 PSYoungGen      total 14336K, used 14144K [0x00000000d5580000, 0x00000000d6580000, 0x0000000100000000)
  eden space 13824K, 100% used [0x00000000d5580000,0x00000000d6300000,0x00000000d6300000)
  from space 512K, 62% used [0x00000000d6500000,0x00000000d6550000,0x00000000d6580000)
  to   space 1024K, 0% used [0x00000000d6380000,0x00000000d6380000,0x00000000d6480000)
 ParOldGen       total 93184K, used 93124K [0x0000000080000000, 0x0000000085b00000, 0x00000000d5580000)
  object space 93184K, 99% used [0x0000000080000000,0x0000000085af1318,0x0000000085b00000)
 Metaspace       used 63087K, committed 64640K, reserved 1114112K
  class space    used 6694K, committed 7360K, reserved 1048576K
}
Event: 368.578 GC heap after
{Heap after GC invocations=88 (full 3):
 PSYoungGen      total 14848K, used 916K [0x00000000d5580000, 0x00000000d6600000, 0x0000000100000000)
  eden space 13824K, 0% used [0x00000000d5580000,0x00000000d5580000,0x00000000d6300000)
  from space 1024K, 89% used [0x00000000d6380000,0x00000000d64652e0,0x00000000d6480000)
  to   space 1536K, 0% used [0x00000000d6480000,0x00000000d6480000,0x00000000d6600000)
 ParOldGen       total 93696K, used 93404K [0x0000000080000000, 0x0000000085b80000, 0x00000000d5580000)
  object space 93696K, 99% used [0x0000000080000000,0x0000000085b37318,0x0000000085b80000)
 Metaspace       used 63087K, committed 64640K, reserved 1114112K
  class space    used 6694K, committed 7360K, reserved 1048576K
}
Event: 369.705 GC heap before
{Heap before GC invocations=89 (full 3):
 PSYoungGen      total 14848K, used 14740K [0x00000000d5580000, 0x00000000d6600000, 0x0000000100000000)
  eden space 13824K, 100% used [0x00000000d5580000,0x00000000d6300000,0x00000000d6300000)
  from space 1024K, 89% used [0x00000000d6380000,0x00000000d64652e0,0x00000000d6480000)
  to   space 1536K, 0% used [0x00000000d6480000,0x00000000d6480000,0x00000000d6600000)
 ParOldGen       total 93696K, used 93404K [0x0000000080000000, 0x0000000085b80000, 0x00000000d5580000)
  object space 93696K, 99% used [0x0000000080000000,0x0000000085b37318,0x0000000085b80000)
 Metaspace       used 63088K, committed 64640K, reserved 1114112K
  class space    used 6694K, committed 7360K, reserved 1048576K
}
Event: 369.708 GC heap after
{Heap after GC invocations=89 (full 3):
 PSYoungGen      total 15360K, used 1126K [0x00000000d5580000, 0x00000000d6600000, 0x0000000100000000)
  eden space 13824K, 0% used [0x00000000d5580000,0x00000000d5580000,0x00000000d6300000)
  from space 1536K, 73% used [0x00000000d6480000,0x00000000d6599a28,0x00000000d6600000)
  to   space 1536K, 0% used [0x00000000d6300000,0x00000000d6300000,0x00000000d6480000)
 ParOldGen       total 94208K, used 94203K [0x0000000080000000, 0x0000000085c00000, 0x00000000d5580000)
  object space 94208K, 99% used [0x0000000080000000,0x0000000085bfedb8,0x0000000085c00000)
 Metaspace       used 63088K, committed 64640K, reserved 1114112K
  class space    used 6694K, committed 7360K, reserved 1048576K
}
Event: 369.944 GC heap before
{Heap before GC invocations=90 (full 3):
 PSYoungGen      total 15360K, used 14950K [0x00000000d5580000, 0x00000000d6600000, 0x0000000100000000)
  eden space 13824K, 100% used [0x00000000d5580000,0x00000000d6300000,0x00000000d6300000)
  from space 1536K, 73% used [0x00000000d6480000,0x00000000d6599a28,0x00000000d6600000)
  to   space 1536K, 0% used [0x00000000d6300000,0x00000000d6300000,0x00000000d6480000)
 ParOldGen       total 94208K, used 94203K [0x0000000080000000, 0x0000000085c00000, 0x00000000d5580000)
  object space 94208K, 99% used [0x0000000080000000,0x0000000085bfedb8,0x0000000085c00000)
 Metaspace       used 63245K, committed 64768K, reserved 1114112K
  class space    used 6715K, committed 7360K, reserved 1048576K
}
Event: 369.949 GC heap after
{Heap after GC invocations=90 (full 3):
 PSYoungGen      total 15360K, used 1032K [0x00000000d5580000, 0x00000000d6600000, 0x0000000100000000)
  eden space 13824K, 0% used [0x00000000d5580000,0x00000000d5580000,0x00000000d6300000)
  from space 1536K, 67% used [0x00000000d6300000,0x00000000d6402178,0x00000000d6480000)
  to   space 1536K, 0% used [0x00000000d6480000,0x00000000d6480000,0x00000000d6600000)
 ParOldGen       total 95232K, used 95167K [0x0000000080000000, 0x0000000085d00000, 0x00000000d5580000)
  object space 95232K, 99% used [0x0000000080000000,0x0000000085ceff10,0x0000000085d00000)
 Metaspace       used 63245K, committed 64768K, reserved 1114112K
  class space    used 6715K, committed 7360K, reserved 1048576K
}
Event: 371.619 GC heap before
{Heap before GC invocations=91 (full 3):
 PSYoungGen      total 15360K, used 14856K [0x00000000d5580000, 0x00000000d6600000, 0x0000000100000000)
  eden space 13824K, 100% used [0x00000000d5580000,0x00000000d6300000,0x00000000d6300000)
  from space 1536K, 67% used [0x00000000d6300000,0x00000000d6402178,0x00000000d6480000)
  to   space 1536K, 0% used [0x00000000d6480000,0x00000000d6480000,0x00000000d6600000)
 ParOldGen       total 95232K, used 95167K [0x0000000080000000, 0x0000000085d00000, 0x00000000d5580000)
  object space 95232K, 99% used [0x0000000080000000,0x0000000085ceff10,0x0000000085d00000)
 Metaspace       used 63880K, committed 65408K, reserved 1114112K
  class space    used 6762K, committed 7424K, reserved 1048576K
}
Event: 371.625 GC heap after
{Heap after GC invocations=91 (full 3):
 PSYoungGen      total 13312K, used 1523K [0x00000000d5580000, 0x00000000d6a00000, 0x0000000100000000)
  eden space 11776K, 0% used [0x00000000d5580000,0x00000000d5580000,0x00000000d6100000)
  from space 1536K, 99% used [0x00000000d6480000,0x00000000d65fcc00,0x00000000d6600000)
  to   space 3584K, 0% used [0x00000000d6100000,0x00000000d6100000,0x00000000d6480000)
 ParOldGen       total 96768K, used 96758K [0x0000000080000000, 0x0000000085e80000, 0x00000000d5580000)
  object space 96768K, 99% used [0x0000000080000000,0x0000000085e7d938,0x0000000085e80000)
 Metaspace       used 63880K, committed 65408K, reserved 1114112K
  class space    used 6762K, committed 7424K, reserved 1048576K
}
Event: 372.134 GC heap before
{Heap before GC invocations=92 (full 3):
 PSYoungGen      total 13312K, used 13299K [0x00000000d5580000, 0x00000000d6a00000, 0x0000000100000000)
  eden space 11776K, 100% used [0x00000000d5580000,0x00000000d6100000,0x00000000d6100000)
  from space 1536K, 99% used [0x00000000d6480000,0x00000000d65fcc00,0x00000000d6600000)
  to   space 3584K, 0% used [0x00000000d6100000,0x00000000d6100000,0x00000000d6480000)
 ParOldGen       total 96768K, used 96758K [0x0000000080000000, 0x0000000085e80000, 0x00000000d5580000)
  object space 96768K, 99% used [0x0000000080000000,0x0000000085e7d938,0x0000000085e80000)
 Metaspace       used 64309K, committed 65792K, reserved 1114112K
  class space    used 6807K, committed 7424K, reserved 1048576K
}
Event: 372.140 GC heap after
{Heap after GC invocations=92 (full 3):
 PSYoungGen      total 12800K, used 1008K [0x00000000d5580000, 0x00000000d6500000, 0x0000000100000000)
  eden space 11776K, 0% used [0x00000000d5580000,0x00000000d5580000,0x00000000d6100000)
  from space 1024K, 98% used [0x00000000d6100000,0x00000000d61fc030,0x00000000d6200000)
  to   space 2048K, 0% used [0x00000000d6300000,0x00000000d6300000,0x00000000d6500000)
 ParOldGen       total 98304K, used 98285K [0x0000000080000000, 0x0000000086000000, 0x00000000d5580000)
  object space 98304K, 99% used [0x0000000080000000,0x0000000085ffb470,0x0000000086000000)
 Metaspace       used 64309K, committed 65792K, reserved 1114112K
  class space    used 6807K, committed 7424K, reserved 1048576K
}
Event: 609.435 GC heap before
{Heap before GC invocations=93 (full 3):
 PSYoungGen      total 12800K, used 12784K [0x00000000d5580000, 0x00000000d6500000, 0x0000000100000000)
  eden space 11776K, 100% used [0x00000000d5580000,0x00000000d6100000,0x00000000d6100000)
  from space 1024K, 98% used [0x00000000d6100000,0x00000000d61fc030,0x00000000d6200000)
  to   space 2048K, 0% used [0x00000000d6300000,0x00000000d6300000,0x00000000d6500000)
 ParOldGen       total 98304K, used 98285K [0x0000000080000000, 0x0000000086000000, 0x00000000d5580000)
  object space 98304K, 99% used [0x0000000080000000,0x0000000085ffb470,0x0000000086000000)
 Metaspace       used 64590K, committed 66112K, reserved 1114112K
  class space    used 6828K, committed 7488K, reserved 1048576K
}
Event: 609.514 GC heap after
{Heap after GC invocations=93 (full 3):
 PSYoungGen      total 13824K, used 1532K [0x00000000d5580000, 0x00000000d6500000, 0x0000000100000000)
  eden space 11776K, 0% used [0x00000000d5580000,0x00000000d5580000,0x00000000d6100000)
  from space 2048K, 74% used [0x00000000d6300000,0x00000000d647f238,0x00000000d6500000)
  to   space 2048K, 0% used [0x00000000d6100000,0x00000000d6100000,0x00000000d6300000)
 ParOldGen       total 99328K, used 99146K [0x0000000080000000, 0x0000000086100000, 0x00000000d5580000)
  object space 99328K, 99% used [0x0000000080000000,0x00000000860d29d0,0x0000000086100000)
 Metaspace       used 64590K, committed 66112K, reserved 1114112K
  class space    used 6828K, committed 7488K, reserved 1048576K
}

Dll operation events (10 events):
Event: 0.063 Loaded shared library c:\Users\damin\.cursor\extensions\redhat.java-1.46.0-win32-x64\jre\21.0.8-win32-x86_64\bin\java.dll
Event: 0.318 Loaded shared library c:\Users\damin\.cursor\extensions\redhat.java-1.46.0-win32-x64\jre\21.0.8-win32-x86_64\bin\zip.dll
Event: 0.392 Loaded shared library C:\Users\damin\.cursor\extensions\redhat.java-1.46.0-win32-x64\jre\21.0.8-win32-x86_64\bin\instrument.dll
Event: 0.418 Loaded shared library C:\Users\damin\.cursor\extensions\redhat.java-1.46.0-win32-x64\jre\21.0.8-win32-x86_64\bin\net.dll
Event: 0.424 Loaded shared library C:\Users\damin\.cursor\extensions\redhat.java-1.46.0-win32-x64\jre\21.0.8-win32-x86_64\bin\nio.dll
Event: 0.442 Loaded shared library C:\Users\damin\.cursor\extensions\redhat.java-1.46.0-win32-x64\jre\21.0.8-win32-x86_64\bin\zip.dll
Event: 0.512 Loaded shared library C:\Users\damin\.cursor\extensions\redhat.java-1.46.0-win32-x64\jre\21.0.8-win32-x86_64\bin\jimage.dll
Event: 1.120 Loaded shared library c:\Users\damin\.cursor\extensions\redhat.java-1.46.0-win32-x64\jre\21.0.8-win32-x86_64\bin\verify.dll
Event: 18.379 Loaded shared library C:\Users\damin\AppData\Roaming\Cursor\User\globalStorage\redhat.java\1.46.0\config_win\org.eclipse.equinox.launcher\org.eclipse.equinox.launcher.win32.win32.x86_64_1.2.1400.v20250801-0854\eclipse_11916.dll
Event: 49.319 Loaded shared library C:\Users\damin\AppData\Local\Temp\jna-95349941\jna11373365795726307196.dll

Deoptimization events (20 events):
Event: 609.167 Thread 0x0000021f71050f20 Uncommon trap: trap_request=0xffffff45 fr.pc=0x0000021f1befc42c relative=0x000000000000016c
Event: 609.167 Thread 0x0000021f71050f20 Uncommon trap: reason=unstable_if action=reinterpret pc=0x0000021f1befc42c method=org.eclipse.jdt.internal.compiler.parser.Scanner.addTokenToLookBack(Lorg/eclipse/jdt/internal/compiler/parser/TerminalToken;)V @ 45 c2
Event: 609.167 Thread 0x0000021f71050f20 DEOPT PACKING pc=0x0000021f1befc42c sp=0x000000e04c0fdf10
Event: 609.167 Thread 0x0000021f71050f20 DEOPT UNPACKING pc=0x0000021f1b323aa2 sp=0x000000e04c0fdeb8 mode 2
Event: 609.168 Thread 0x0000021f71050f20 Uncommon trap: trap_request=0xffffff45 fr.pc=0x0000021f1bf0228c relative=0x000000000000006c
Event: 609.168 Thread 0x0000021f71050f20 Uncommon trap: reason=unstable_if action=reinterpret pc=0x0000021f1bf0228c method=org.eclipse.jdt.internal.compiler.parser.Scanner.atMultiCaseComma()Z @ 4 c2
Event: 609.168 Thread 0x0000021f71050f20 DEOPT PACKING pc=0x0000021f1bf0228c sp=0x000000e04c0fdef0
Event: 609.168 Thread 0x0000021f71050f20 DEOPT UNPACKING pc=0x0000021f1b323aa2 sp=0x000000e04c0fde88 mode 2
Event: 609.168 Thread 0x0000021f71050f20 Uncommon trap: trap_request=0x00000d12 fr.pc=0x0000021f1c078d18 relative=0x0000000000004258
Event: 609.168 Thread 0x0000021f71050f20 Uncommon trap: reason=unloaded action=reinterpret pc=0x0000021f1c078d18 method=org.eclipse.jdt.internal.compiler.parser.Parser.consumeRule(I)V @ 5198 c2
Event: 609.194 Thread 0x0000021f71050f20 DEOPT PACKING pc=0x0000021f1c078d18 sp=0x000000e04c0fdfb0
Event: 609.194 Thread 0x0000021f71050f20 DEOPT UNPACKING pc=0x0000021f1b323aa2 sp=0x000000e04c0fdf30 mode 2
Event: 609.565 Thread 0x0000021f71050f20 Uncommon trap: trap_request=0xffffff45 fr.pc=0x0000021f1bf18908 relative=0x0000000000005368
Event: 609.566 Thread 0x0000021f71050f20 Uncommon trap: reason=unstable_if action=reinterpret pc=0x0000021f1bf18908 method=lombok.core.AST.buildWithField0(Ljava/lang/Class;Ljava/lang/Object;Llombok/core/AST$FieldAccess;Ljava/util/Collection;)V @ 67 c2
Event: 609.566 Thread 0x0000021f71050f20 DEOPT PACKING pc=0x0000021f1bf18908 sp=0x000000e04c0fd350
Event: 609.566 Thread 0x0000021f71050f20 DEOPT UNPACKING pc=0x0000021f1b323aa2 sp=0x000000e04c0fd318 mode 2
Event: 609.575 Thread 0x0000021f71050f20 DEOPT PACKING pc=0x0000021f154527e5 sp=0x000000e04c0fcf90
Event: 609.575 Thread 0x0000021f71050f20 DEOPT UNPACKING pc=0x0000021f1b324242 sp=0x000000e04c0fc448 mode 0
Event: 610.204 Thread 0x0000021f71050f20 DEOPT PACKING pc=0x0000021f155d2b5a sp=0x000000e04c0fddf0
Event: 610.204 Thread 0x0000021f71050f20 DEOPT UNPACKING pc=0x0000021f1b324242 sp=0x000000e04c0fd308 mode 0

Classes loaded (20 events):
Event: 350.782 Loading class java/util/WeakHashMap$KeyIterator
Event: 350.786 Loading class java/util/WeakHashMap$KeyIterator done
Event: 351.464 Loading class java/nio/charset/CharacterCodingException
Event: 351.468 Loading class java/nio/charset/CharacterCodingException done
Event: 351.472 Loading class java/io/SequenceInputStream
Event: 351.476 Loading class java/io/SequenceInputStream done
Event: 353.848 Loading class java/util/ImmutableCollections$SubList
Event: 353.851 Loading class java/util/ImmutableCollections$SubList done
Event: 354.231 Loading class java/util/zip/CheckedInputStream
Event: 354.232 Loading class java/util/zip/CheckedInputStream done
Event: 364.548 Loading class java/nio/BufferMismatch
Event: 364.550 Loading class java/nio/BufferMismatch done
Event: 364.551 Loading class java/nio/file/attribute/PosixFileAttributes
Event: 364.553 Loading class java/nio/file/attribute/PosixFileAttributes done
Event: 370.033 Loading class java/util/stream/ReduceOps$4
Event: 370.034 Loading class java/util/stream/ReduceOps$4 done
Event: 370.040 Loading class java/util/stream/ReduceOps$4ReducingSink
Event: 370.040 Loading class java/util/stream/ReduceOps$4ReducingSink done
Event: 370.047 Loading class java/nio/file/Files$2
Event: 370.048 Loading class java/nio/file/Files$2 done

Classes unloaded (9 events):
Event: 50.966 Thread 0x0000021f10b44ab0 Unloading class 0x0000021f291a4800 'java/lang/invoke/LambdaForm$MH+0x0000021f291a4800'
Event: 50.967 Thread 0x0000021f10b44ab0 Unloading class 0x0000021f291a4400 'java/lang/invoke/LambdaForm$MH+0x0000021f291a4400'
Event: 50.967 Thread 0x0000021f10b44ab0 Unloading class 0x0000021f291a4000 'java/lang/invoke/LambdaForm$MH+0x0000021f291a4000'
Event: 50.967 Thread 0x0000021f10b44ab0 Unloading class 0x0000021f291a3c00 'java/lang/invoke/LambdaForm$MH+0x0000021f291a3c00'
Event: 50.967 Thread 0x0000021f10b44ab0 Unloading class 0x0000021f291a3800 'java/lang/invoke/LambdaForm$BMH+0x0000021f291a3800'
Event: 50.967 Thread 0x0000021f10b44ab0 Unloading class 0x0000021f291a3400 'java/lang/invoke/LambdaForm$DMH+0x0000021f291a3400'
Event: 50.967 Thread 0x0000021f10b44ab0 Unloading class 0x0000021f291a2000 'java/lang/invoke/LambdaForm$DMH+0x0000021f291a2000'
Event: 260.255 Thread 0x0000021f10b44ab0 Unloading class 0x0000021f29604800 'java/lang/invoke/LambdaForm$DMH+0x0000021f29604800'
Event: 260.256 Thread 0x0000021f10b44ab0 Unloading class 0x0000021f29604400 'java/lang/invoke/LambdaForm$DMH+0x0000021f29604400'

Classes redefined (0 events):
No events

Internal exceptions (20 events):
Event: 350.650 Thread 0x0000021f7104f4e0 Exception <a 'sun/nio/fs/WindowsException'{0x00000000d59edfa8}> (0x00000000d59edfa8) 
thrown [s\src\hotspot\share\prims\jni.cpp, line 520]
Event: 350.655 Thread 0x0000021f7104f4e0 Exception <a 'sun/nio/fs/WindowsException'{0x00000000d59ee8a8}> (0x00000000d59ee8a8) 
thrown [s\src\hotspot\share\prims\jni.cpp, line 520]
Event: 351.849 Thread 0x0000021f7104f4e0 Exception <a 'java/io/FileNotFoundException'{0x00000000d5ba5288}> (0x00000000d5ba5288) 
thrown [s\src\hotspot\share\prims\jni.cpp, line 520]
Event: 351.850 Thread 0x0000021f7104f4e0 Exception <a 'java/io/FileNotFoundException'{0x00000000d5ba62a0}> (0x00000000d5ba62a0) 
thrown [s\src\hotspot\share\prims\jni.cpp, line 520]
Event: 353.776 Thread 0x0000021f6f17f8a0 Exception <a 'java/io/FileNotFoundException'{0x00000000d5d35b58}> (0x00000000d5d35b58) 
thrown [s\src\hotspot\share\prims\jni.cpp, line 520]
Event: 353.781 Thread 0x0000021f6f17f8a0 Exception <a 'java/io/FileNotFoundException'{0x00000000d5d391e8}> (0x00000000d5d391e8) 
thrown [s\src\hotspot\share\prims\jni.cpp, line 520]
Event: 353.781 Thread 0x0000021f6f17f8a0 Exception <a 'java/io/FileNotFoundException'{0x00000000d5d3a200}> (0x00000000d5d3a200) 
thrown [s\src\hotspot\share\prims\jni.cpp, line 520]
Event: 356.684 Thread 0x0000021f6f17f8a0 Exception <a 'java/lang/NoSuchMethodError'{0x00000000d5668588}: 'java.lang.Object java.lang.invoke.DirectMethodHandle$Holder.newInvokeSpecial(java.lang.Object, java.lang.Object, int, java.lang.Object, java.lang.Object)'> (0x00000000d5668588) 
thrown [s\src\hotspot\share\interpreter\linkResolver.cpp, line 773]
Event: 356.748 Thread 0x0000021f6f17f8a0 Exception <a 'java/lang/NoSuchMethodError'{0x00000000d56835d0}: 'java.lang.Object java.lang.invoke.DirectMethodHandle$Holder.invokeSpecial(java.lang.Object, java.lang.Object, java.lang.Object, int, java.lang.Object, java.lang.Object, java.lang.Object)'> (0x00000000d56835d0) 
thrown [s\src\hotspot\share\interpreter\linkResolver.cpp, line 773]
Event: 356.784 Thread 0x0000021f6f17f8a0 Exception <a 'java/lang/NoSuchMethodError'{0x00000000d568bb48}: 'java.lang.Object java.lang.invoke.DirectMethodHandle$Holder.invokeStatic(java.lang.Object, java.lang.Object, int, java.lang.Object, java.lang.Object)'> (0x00000000d568bb48) 
thrown [s\src\hotspot\share\interpreter\linkResolver.cpp, line 773]
Event: 356.946 Thread 0x0000021f6f17f8a0 Exception <a 'java/lang/NoSuchMethodError'{0x00000000d570b700}: 'void java.lang.invoke.DirectMethodHandle$Holder.invokeStatic(java.lang.Object, int)'> (0x00000000d570b700) 
thrown [s\src\hotspot\share\interpreter\linkResolver.cpp, line 773]
Event: 360.866 Thread 0x0000021f6f17f8a0 Exception <a 'java/io/FileNotFoundException'{0x00000000d5dd42a8}> (0x00000000d5dd42a8) 
thrown [s\src\hotspot\share\prims\jni.cpp, line 520]
Event: 360.867 Thread 0x0000021f6f17f8a0 Exception <a 'java/io/FileNotFoundException'{0x00000000d5dd5550}> (0x00000000d5dd5550) 
thrown [s\src\hotspot\share\prims\jni.cpp, line 520]
Event: 360.867 Thread 0x0000021f6f17f8a0 Exception <a 'java/io/FileNotFoundException'{0x00000000d5dd6548}> (0x00000000d5dd6548) 
thrown [s\src\hotspot\share\prims\jni.cpp, line 520]
Event: 361.194 Thread 0x0000021f6f17f8a0 Implicit null exception at 0x0000021f1bd97415 to 0x0000021f1bd97a04
Event: 362.466 Thread 0x0000021f6f17f8a0 Implicit null exception at 0x0000021f1bba2b43 to 0x0000021f1bba3968
Event: 370.054 Thread 0x0000021f6f17eb80 Exception <a 'java/lang/NoSuchMethodError'{0x00000000d5653c38}: 'int java.lang.invoke.DirectMethodHandle$Holder.invokeSpecialIFC(java.lang.Object, java.lang.Object, java.lang.Object)'> (0x00000000d5653c38) 
thrown [s\src\hotspot\share\interpreter\linkResolver.cpp, line 773]
Event: 372.102 Thread 0x0000021f6f17eb80 Implicit null exception at 0x0000021f1bf412cb to 0x0000021f1bf41428
Event: 372.282 Thread 0x0000021f6f17eb80 Implicit null exception at 0x0000021f1c085747 to 0x0000021f1c085c74
Event: 608.923 Thread 0x0000021f71050f20 Implicit null exception at 0x0000021f1bfded03 to 0x0000021f1bfdfa58

ZGC Phase Switch (0 events):
No events

VM Operations (20 events):
Event: 420.964 Executing VM operation: RendezvousGCThreads
Event: 420.964 Executing VM operation: RendezvousGCThreads done
Event: 480.994 Executing VM operation: HandshakeAllThreads (HandshakeForDeflation)
Event: 481.001 Executing VM operation: HandshakeAllThreads (HandshakeForDeflation) done
Event: 481.001 Executing VM operation: RendezvousGCThreads
Event: 481.001 Executing VM operation: RendezvousGCThreads done
Event: 541.247 Executing VM operation: HandshakeAllThreads (HandshakeForDeflation)
Event: 541.258 Executing VM operation: HandshakeAllThreads (HandshakeForDeflation) done
Event: 541.259 Executing VM operation: RendezvousGCThreads
Event: 541.260 Executing VM operation: RendezvousGCThreads done
Event: 601.343 Executing VM operation: HandshakeAllThreads (HandshakeForDeflation)
Event: 601.345 Executing VM operation: HandshakeAllThreads (HandshakeForDeflation) done
Event: 601.346 Executing VM operation: RendezvousGCThreads
Event: 601.346 Executing VM operation: RendezvousGCThreads done
Event: 609.367 Executing VM operation: Cleanup
Event: 609.380 Executing VM operation: Cleanup done
Event: 609.434 Executing VM operation: ParallelGCFailedAllocation (Allocation Failure)
Event: 609.514 Executing VM operation: ParallelGCFailedAllocation (Allocation Failure) done
Event: 610.515 Executing VM operation: Cleanup
Event: 610.515 Executing VM operation: Cleanup done

Memory protections (0 events):
No events

Nmethod flushes (20 events):
Event: 260.771 Thread 0x0000021f10b44ab0 flushing  nmethod 0x0000021f14721d90
Event: 260.771 Thread 0x0000021f10b44ab0 flushing  nmethod 0x0000021f14736810
Event: 260.771 Thread 0x0000021f10b44ab0 flushing  nmethod 0x0000021f1473e510
Event: 260.771 Thread 0x0000021f10b44ab0 flushing  nmethod 0x0000021f1473f890
Event: 260.771 Thread 0x0000021f10b44ab0 flushing  nmethod 0x0000021f14741c10
Event: 260.771 Thread 0x0000021f10b44ab0 flushing  nmethod 0x0000021f14742210
Event: 260.771 Thread 0x0000021f10b44ab0 flushing  nmethod 0x0000021f14743210
Event: 260.771 Thread 0x0000021f10b44ab0 flushing  nmethod 0x0000021f14768e10
Event: 260.771 Thread 0x0000021f10b44ab0 flushing  nmethod 0x0000021f1476ef10
Event: 260.771 Thread 0x0000021f10b44ab0 flushing  nmethod 0x0000021f1476f510
Event: 260.771 Thread 0x0000021f10b44ab0 flushing  nmethod 0x0000021f14770490
Event: 260.771 Thread 0x0000021f10b44ab0 flushing  nmethod 0x0000021f14770a10
Event: 260.771 Thread 0x0000021f10b44ab0 flushing  nmethod 0x0000021f14770d90
Event: 260.771 Thread 0x0000021f10b44ab0 flushing  nmethod 0x0000021f14777310
Event: 260.771 Thread 0x0000021f10b44ab0 flushing  nmethod 0x0000021f1477bd90
Event: 260.771 Thread 0x0000021f10b44ab0 flushing  nmethod 0x0000021f14782110
Event: 260.771 Thread 0x0000021f10b44ab0 flushing  nmethod 0x0000021f147b4a90
Event: 260.771 Thread 0x0000021f10b44ab0 flushing  nmethod 0x0000021f147bb210
Event: 260.771 Thread 0x0000021f10b44ab0 flushing  nmethod 0x0000021f147bfc10
Event: 260.771 Thread 0x0000021f10b44ab0 flushing  nmethod 0x0000021f147e9d90

Events (20 events):
Event: 365.275 Thread 0x0000021f729c08c0 Thread exited: 0x0000021f729c08c0
Event: 365.385 Thread 0x0000021f6f181970 Thread added: 0x0000021f7068be20
Event: 365.943 Thread 0x0000021f699e42f0 Thread added: 0x0000021f725acd20
Event: 366.522 Thread 0x0000021f725acd20 Thread exited: 0x0000021f725acd20
Event: 366.547 Thread 0x0000021f699e42f0 Thread added: 0x0000021f73932010
Event: 367.065 Thread 0x0000021f73932010 Thread exited: 0x0000021f73932010
Event: 368.859 Thread 0x0000021f699e42f0 Thread added: 0x0000021f7c9c3910
Event: 369.665 Thread 0x0000021f7c9c3910 Thread exited: 0x0000021f7c9c3910
Event: 370.665 Thread 0x0000021f699e42f0 Thread added: 0x0000021f7c9c3910
Event: 371.003 Thread 0x0000021f7c9c3910 Thread exited: 0x0000021f7c9c3910
Event: 371.156 Thread 0x0000021f699e42f0 Thread added: 0x0000021f7c9c3910
Event: 371.448 Thread 0x0000021f7c9c3910 Thread exited: 0x0000021f7c9c3910
Event: 371.538 Thread 0x0000021f699e42f0 Thread added: 0x0000021f72936cc0
Event: 377.869 Thread 0x0000021f72936cc0 Thread exited: 0x0000021f72936cc0
Event: 429.961 Thread 0x0000021f71051c40 Thread exited: 0x0000021f71051c40
Event: 432.546 Thread 0x0000021f6f181970 Thread exited: 0x0000021f6f181970
Event: 490.036 Thread 0x0000021f70687c80 Thread exited: 0x0000021f70687c80
Event: 550.048 Thread 0x0000021f71050200 Thread exited: 0x0000021f71050200
Event: 610.034 Thread 0x0000021f70689030 Thread exited: 0x0000021f70689030
Event: 610.309 Thread 0x0000021f7068aa70 Thread exited: 0x0000021f7068aa70


Dynamic libraries:
0x00007ff77a7a0000 - 0x00007ff77a7ae000 	c:\Users\damin\.cursor\extensions\redhat.java-1.46.0-win32-x64\jre\21.0.8-win32-x86_64\bin\java.exe
0x00007ffa2d360000 - 0x00007ffa2d5c8000 	C:\WINDOWS\SYSTEM32\ntdll.dll
0x00007ffa2be90000 - 0x00007ffa2bf59000 	C:\WINDOWS\System32\KERNEL32.DLL
0x00007ffa2a6c0000 - 0x00007ffa2aab2000 	C:\WINDOWS\System32\KERNELBASE.dll
0x00007ffa2ac10000 - 0x00007ffa2ad5b000 	C:\WINDOWS\System32\ucrtbase.dll
0x00007ff9c2de0000 - 0x00007ff9c2df8000 	c:\Users\damin\.cursor\extensions\redhat.java-1.46.0-win32-x64\jre\21.0.8-win32-x86_64\bin\jli.dll
0x00007ff9bf070000 - 0x00007ff9bf08e000 	c:\Users\damin\.cursor\extensions\redhat.java-1.46.0-win32-x64\jre\21.0.8-win32-x86_64\bin\VCRUNTIME140.dll
0x00007ffa2cae0000 - 0x00007ffa2cca5000 	C:\WINDOWS\System32\USER32.dll
0x00007ffa2ad60000 - 0x00007ffa2ad87000 	C:\WINDOWS\System32\win32u.dll
0x00007ffa2b700000 - 0x00007ffa2b72b000 	C:\WINDOWS\System32\GDI32.dll
0x00007ffa2a590000 - 0x00007ffa2a6bd000 	C:\WINDOWS\System32\gdi32full.dll
0x00007ffa2af10000 - 0x00007ffa2afb3000 	C:\WINDOWS\System32\msvcp_win.dll
0x00007ffa0ddc0000 - 0x00007ffa0e053000 	C:\WINDOWS\WinSxS\amd64_microsoft.windows.common-controls_6595b64144ccf1df_6.0.26100.6899_none_3e0efeeae32e88c1\COMCTL32.dll
0x00007ffa2bd00000 - 0x00007ffa2bda9000 	C:\WINDOWS\System32\msvcrt.dll
0x00007ffa2d220000 - 0x00007ffa2d24f000 	C:\WINDOWS\System32\IMM32.DLL
0x00007ff9d6050000 - 0x00007ff9d605c000 	c:\Users\damin\.cursor\extensions\redhat.java-1.46.0-win32-x64\jre\21.0.8-win32-x86_64\bin\vcruntime140_1.dll
0x00007ff95c5b0000 - 0x00007ff95c63d000 	c:\Users\damin\.cursor\extensions\redhat.java-1.46.0-win32-x64\jre\21.0.8-win32-x86_64\bin\msvcp140.dll
0x00007ff931b50000 - 0x00007ff9328e7000 	c:\Users\damin\.cursor\extensions\redhat.java-1.46.0-win32-x64\jre\21.0.8-win32-x86_64\bin\server\jvm.dll
0x00007ffa2d260000 - 0x00007ffa2d314000 	C:\WINDOWS\System32\ADVAPI32.dll
0x00007ffa2ccb0000 - 0x00007ffa2cd56000 	C:\WINDOWS\System32\sechost.dll
0x00007ffa2b750000 - 0x00007ffa2b868000 	C:\WINDOWS\System32\RPCRT4.dll
0x00007ffa2c880000 - 0x00007ffa2c8f4000 	C:\WINDOWS\System32\WS2_32.dll
0x00007ffa2a370000 - 0x00007ffa2a3ce000 	C:\WINDOWS\SYSTEM32\POWRPROF.dll
0x00007ffa22a10000 - 0x00007ffa22a45000 	C:\WINDOWS\SYSTEM32\WINMM.dll
0x00007ffa227f0000 - 0x00007ffa227fb000 	C:\WINDOWS\SYSTEM32\VERSION.dll
0x00007ffa2a330000 - 0x00007ffa2a344000 	C:\WINDOWS\SYSTEM32\UMPDC.dll
0x00007ffa292c0000 - 0x00007ffa292db000 	C:\WINDOWS\SYSTEM32\kernel.appcore.dll
0x00007ff9d5f60000 - 0x00007ff9d5f6a000 	c:\Users\damin\.cursor\extensions\redhat.java-1.46.0-win32-x64\jre\21.0.8-win32-x86_64\bin\jimage.dll
0x00007ffa27b50000 - 0x00007ffa27d92000 	C:\WINDOWS\SYSTEM32\DBGHELP.DLL
0x00007ffa2b200000 - 0x00007ffa2b57b000 	C:\WINDOWS\System32\combase.dll
0x00007ffa2bdb0000 - 0x00007ffa2be87000 	C:\WINDOWS\System32\OLEAUT32.dll
0x00007ffa0aeb0000 - 0x00007ffa0aeec000 	C:\WINDOWS\SYSTEM32\dbgcore.DLL
0x00007ffa2a4f0000 - 0x00007ffa2a588000 	C:\WINDOWS\System32\bcryptPrimitives.dll
0x00007ff9d2160000 - 0x00007ff9d216f000 	c:\Users\damin\.cursor\extensions\redhat.java-1.46.0-win32-x64\jre\21.0.8-win32-x86_64\bin\instrument.dll
0x00007ff9b7900000 - 0x00007ff9b791f000 	c:\Users\damin\.cursor\extensions\redhat.java-1.46.0-win32-x64\jre\21.0.8-win32-x86_64\bin\java.dll
0x00007ffa2c130000 - 0x00007ffa2c87d000 	C:\WINDOWS\System32\SHELL32.dll
0x00007ffa2afc0000 - 0x00007ffa2b12b000 	C:\WINDOWS\System32\wintypes.dll
0x00007ffa28110000 - 0x00007ffa2896d000 	C:\WINDOWS\SYSTEM32\windows.storage.dll
0x00007ffa2cfc0000 - 0x00007ffa2d0b2000 	C:\WINDOWS\System32\SHCORE.dll
0x00007ffa2b190000 - 0x00007ffa2b1f2000 	C:\WINDOWS\System32\shlwapi.dll
0x00007ffa2a410000 - 0x00007ffa2a439000 	C:\WINDOWS\SYSTEM32\profapi.dll
0x00007ff9be4f0000 - 0x00007ff9be508000 	c:\Users\damin\.cursor\extensions\redhat.java-1.46.0-win32-x64\jre\21.0.8-win32-x86_64\bin\zip.dll
0x00007ff9d0750000 - 0x00007ff9d0760000 	C:\Users\damin\.cursor\extensions\redhat.java-1.46.0-win32-x64\jre\21.0.8-win32-x86_64\bin\net.dll
0x00007ffa1c670000 - 0x00007ffa1c78f000 	C:\WINDOWS\SYSTEM32\WINHTTP.dll
0x00007ffa29830000 - 0x00007ffa2989b000 	C:\WINDOWS\system32\mswsock.dll
0x00007ff9b79d0000 - 0x00007ff9b79e6000 	C:\Users\damin\.cursor\extensions\redhat.java-1.46.0-win32-x64\jre\21.0.8-win32-x86_64\bin\nio.dll
0x00007ff9d0620000 - 0x00007ff9d0630000 	c:\Users\damin\.cursor\extensions\redhat.java-1.46.0-win32-x64\jre\21.0.8-win32-x86_64\bin\verify.dll
0x00007ff968210000 - 0x00007ff968254000 	C:\Users\damin\AppData\Roaming\Cursor\User\globalStorage\redhat.java\1.46.0\config_win\org.eclipse.equinox.launcher\org.eclipse.equinox.launcher.win32.win32.x86_64_1.2.1400.v20250801-0854\eclipse_11916.dll
0x00007ffa2bf60000 - 0x00007ffa2c0f8000 	C:\WINDOWS\System32\ole32.dll
0x00007ffa29ae0000 - 0x00007ffa29afb000 	C:\WINDOWS\SYSTEM32\CRYPTSP.dll
0x00007ffa29200000 - 0x00007ffa2923b000 	C:\WINDOWS\system32\rsaenh.dll
0x00007ffa298d0000 - 0x00007ffa298fb000 	C:\WINDOWS\SYSTEM32\USERENV.dll
0x00007ffa2a3e0000 - 0x00007ffa2a406000 	C:\WINDOWS\SYSTEM32\bcrypt.dll
0x00007ffa29b00000 - 0x00007ffa29b0c000 	C:\WINDOWS\SYSTEM32\CRYPTBASE.dll
0x00007ffa28de0000 - 0x00007ffa28e14000 	C:\WINDOWS\SYSTEM32\IPHLPAPI.DLL
0x00007ffa2d0c0000 - 0x00007ffa2d0ca000 	C:\WINDOWS\System32\NSI.dll
0x00007ff95bfc0000 - 0x00007ff95c009000 	C:\Users\damin\AppData\Local\Temp\jna-95349941\jna11373365795726307196.dll
0x00007ffa2b180000 - 0x00007ffa2b188000 	C:\WINDOWS\System32\PSAPI.DLL
0x00007ffa24040000 - 0x00007ffa2405e000 	C:\WINDOWS\SYSTEM32\dhcpcsvc6.DLL
0x00007ffa24010000 - 0x00007ffa24033000 	C:\WINDOWS\SYSTEM32\dhcpcsvc.DLL

JVMTI agents:
c:\Users\damin\.cursor\extensions\redhat.java-1.46.0-win32-x64\lombok\lombok-1.18.39-4050.jar path:c:\Users\damin\.cursor\extensions\redhat.java-1.46.0-win32-x64\jre\21.0.8-win32-x86_64\bin\instrument.dll, loaded, initialized, instrumentlib options:none

dbghelp: loaded successfully - version: 4.0.5 - missing functions: none
symbol engine: initialized successfully - sym options: 0x614 - pdb path: .;c:\Users\damin\.cursor\extensions\redhat.java-1.46.0-win32-x64\jre\21.0.8-win32-x86_64\bin;C:\WINDOWS\SYSTEM32;C:\WINDOWS\WinSxS\amd64_microsoft.windows.common-controls_6595b64144ccf1df_6.0.26100.6899_none_3e0efeeae32e88c1;c:\Users\damin\.cursor\extensions\redhat.java-1.46.0-win32-x64\jre\21.0.8-win32-x86_64\bin\server;C:\Users\damin\AppData\Roaming\Cursor\User\globalStorage\redhat.java\1.46.0\config_win\org.eclipse.equinox.launcher\org.eclipse.equinox.launcher.win32.win32.x86_64_1.2.1400.v20250801-0854;C:\Users\damin\AppData\Local\Temp\jna-95349941

VM Arguments:
jvm_args: --add-modules=ALL-SYSTEM --add-opens=java.base/java.util=ALL-UNNAMED --add-opens=java.base/java.lang=ALL-UNNAMED --add-opens=java.base/sun.nio.fs=ALL-UNNAMED -Declipse.application=org.eclipse.jdt.ls.core.id1 -Dosgi.bundles.defaultStartLevel=4 -Declipse.product=org.eclipse.jdt.ls.core.product -Djava.import.generatesMetadataFilesAtProjectRoot=false -DDetectVMInstallationsJob.disabled=true -Dfile.encoding=utf8 -XX:+UseParallelGC -XX:GCTimeRatio=4 -XX:AdaptiveSizePolicyWeight=90 -Dsun.zip.disableMemoryMapping=true -Xmx2G -Xms100m -Xlog:disable -javaagent:c:\Users\damin\.cursor\extensions\redhat.java-1.46.0-win32-x64\lombok\lombok-1.18.39-4050.jar -XX:+HeapDumpOnOutOfMemoryError -XX:HeapDumpPath=c:\Users\damin\AppData\Roaming\Cursor\User\workspaceStorage\0fff20a0ddf8a580ce308bc09cb831c3\redhat.java -Daether.dependencyCollector.impl=bf 
java_command: c:\Users\damin\.cursor\extensions\redhat.java-1.46.0-win32-x64\server\plugins\org.eclipse.equinox.launcher_1.7.0.v20250519-0528.jar -configuration c:\Users\damin\AppData\Roaming\Cursor\User\globalStorage\redhat.java\1.46.0\config_win -data c:\Users\damin\AppData\Roaming\Cursor\User\workspaceStorage\0fff20a0ddf8a580ce308bc09cb831c3\redhat.java\jdt_ws --pipe=\\.\pipe\lsp-9678f2ab6c3dc2e062871c37fb62a302-sock
java_class_path (initial): c:\Users\damin\.cursor\extensions\redhat.java-1.46.0-win32-x64\server\plugins\org.eclipse.equinox.launcher_1.7.0.v20250519-0528.jar
Launcher Type: SUN_STANDARD

[Global flags]
    uintx AdaptiveSizePolicyWeight                 = 90                                        {product} {command line}
     intx CICompilerCount                          = 4                                         {product} {ergonomic}
    uintx GCTimeRatio                              = 4                                         {product} {command line}
     bool HeapDumpOnOutOfMemoryError               = true                                   {manageable} {command line}
    ccstr HeapDumpPath                             = c:\Users\damin\AppData\Roaming\Cursor\User\workspaceStorage\0fff20a0ddf8a580ce308bc09cb831c3\redhat.java         {manageable} {command line}
   size_t InitialHeapSize                          = 104857600                                 {product} {command line}
   size_t MaxHeapSize                              = 2147483648                                {product} {command line}
   size_t MaxNewSize                               = 715653120                                 {product} {ergonomic}
   size_t MinHeapDeltaBytes                        = 524288                                    {product} {ergonomic}
   size_t MinHeapSize                              = 104857600                                 {product} {command line}
   size_t NewSize                                  = 34603008                                  {product} {ergonomic}
    uintx NonNMethodCodeHeapSize                   = 5839372                                {pd product} {ergonomic}
    uintx NonProfiledCodeHeapSize                  = 122909434                              {pd product} {ergonomic}
   size_t OldSize                                  = 70254592                                  {product} {ergonomic}
    uintx ProfiledCodeHeapSize                     = 122909434                              {pd product} {ergonomic}
    uintx ReservedCodeCacheSize                    = 251658240                              {pd product} {ergonomic}
     bool SegmentedCodeCache                       = true                                      {product} {ergonomic}
   size_t SoftMaxHeapSize                          = 2147483648                             {manageable} {ergonomic}
     bool UseCompressedOops                        = true                           {product lp64_product} {ergonomic}
     bool UseLargePagesIndividualAllocation        = false                                  {pd product} {ergonomic}
     bool UseParallelGC                            = true                                      {product} {command line}

Logging:
Log output configuration:
 #0: stdout all=off uptime,level,tags foldmultilines=false
 #1: stderr all=off uptime,level,tags foldmultilines=false

Environment Variables:
JAVA_HOME=C:\Program Files\Java\jdk-21
PATH=C:\Program Files\Python313\Scripts\;C:\Program Files\Python313\;C:\Program Files\Microsoft MPI\Bin\;C:\Program Files\Common Files\Oracle\Java\javapath;C:\WINDOWS\system32;C:\WINDOWS;C:\WINDOWS\System32\Wbem;C:\WINDOWS\System32\WindowsPowerShell\v1.0\;C:\WINDOWS\System32\OpenSSH\;C:\Program Files\Java\jdk-23\bin;C:\Program Files\Java\apache-maven-3.9.9\bin;C:\ProgramData\chocolatey\bin;C:\Users\damin\Downloads\apache-maven-3.9.9\bin;C:\apache-tomcat-10.1.40\bin;C:\Program Files\Git\cmd;C:\Program Files (x86)\Microsoft SQL Server\160\Tools\Binn\;C:\Program Files\Microsoft SQL Server\160\Tools\Binn\;C:\Program Files\Microsoft SQL Server\Client SDK\ODBC\170\Tools\Binn\;C:\Program Files\Microsoft SQL Server\160\DTS\Binn\;C:\Program Files (x86)\Microsoft SQL Server\160\DTS\Binn\;C:\maven\apache-maven-3.9.11\bin;C:\Program Files\nodejs\;C:\Program Files\MySQL\MySQL Server 8.0\bin;C:\Program Files\cursor\resources\app\bin;C:\Program Files\Java\jdk-21\bin;C:\Program Files\apache-maven-3.9.11\bin;C:\Program Files\MySQL\MySQL Shell 8.0\bin\;C:\Users\damin\AppData\Local\Microsoft\WindowsApps;C:\Program Files\Java\apache-maven-3.9.9\bin;C:\ProgramData\damin\GitHubDesktop\bin;C:\Program Files\JetBrains\IntelliJ IDEA 2025.1.1\bin;C:\Program Files\JetBrains\IntelliJ IDEA Community Edition 2025.1.1.1\bin;C:\Program Files\Azure Data Studio\bin;C:\Users\damin\AppData\Roaming\npm;C:\Users\damin\AppData\Local\Programs\Microsoft VS Code\bin;C:\Users\damin\AppData\Local\JetBrains\Toolbox\scripts;
USERNAME=damin
OS=Windows_NT
PROCESSOR_IDENTIFIER=Intel64 Family 6 Model 154 Stepping 4, GenuineIntel
TMP=C:\Users\damin\AppData\Local\Temp
TEMP=C:\Users\damin\AppData\Local\Temp




Periodic native trim disabled

---------------  S Y S T E M  ---------------

OS:
 Windows 11 , 64 bit Build 26100 (10.0.26100.6725)
OS uptime: 0 days 9:20 hours
Hyper-V role detected

CPU: total 12 (initial active 12) (6 cores per cpu, 2 threads per core) family 6 model 154 stepping 4 microcode 0x437, cx8, cmov, fxsr, ht, mmx, 3dnowpref, sse, sse2, sse3, ssse3, sse4.1, sse4.2, popcnt, lzcnt, tsc, tscinvbit, avx, avx2, aes, erms, clmul, bmi1, bmi2, adx, sha, fma, vzeroupper, clflush, clflushopt, clwb, hv, serialize, rdtscp, rdpid, fsrm, f16c, cet_ibt, cet_ss
Processor Information for processor 0
  Max Mhz: 1300, Current Mhz: 1300, Mhz Limit: 1300
Processor Information for processor 1
  Max Mhz: 1300, Current Mhz: 1300, Mhz Limit: 1300
Processor Information for processor 2
  Max Mhz: 1300, Current Mhz: 1300, Mhz Limit: 1300
Processor Information for processor 3
  Max Mhz: 1300, Current Mhz: 1300, Mhz Limit: 1300
Processor Information for processor 4
  Max Mhz: 900, Current Mhz: 900, Mhz Limit: 900
Processor Information for processor 5
  Max Mhz: 900, Current Mhz: 900, Mhz Limit: 900
Processor Information for processor 6
  Max Mhz: 900, Current Mhz: 900, Mhz Limit: 900
Processor Information for processor 7
  Max Mhz: 900, Current Mhz: 900, Mhz Limit: 900
Processor Information for processor 8
  Max Mhz: 900, Current Mhz: 900, Mhz Limit: 900
Processor Information for processor 9
  Max Mhz: 900, Current Mhz: 900, Mhz Limit: 900
Processor Information for processor 10
  Max Mhz: 900, Current Mhz: 900, Mhz Limit: 900
Processor Information for processor 11
  Max Mhz: 900, Current Mhz: 900, Mhz Limit: 900

Memory: 4k page, system-wide physical 7916M (311M free)
TotalPageFile size 32492M (AvailPageFile size 0M)
current process WorkingSet (physical memory assigned to process): 126M, peak: 292M
current process commit charge ("private bytes"): 414M, peak: 456M

vm_info: OpenJDK 64-Bit Server VM (21.0.8+9-LTS) for windows-amd64 JRE (21.0.8+9-LTS), built on 2025-07-15T00:00:00Z by "admin" with MS VC++ 17.7 (VS2022)

END.
