#
# There is insufficient memory for the Java Runtime Environment to continue.
# Native memory allocation (malloc) failed to allocate 1048576 bytes. Error detail: AllocateHeap
# Possible reasons:
#   The system is out of physical RAM or swap space
#   This process is running with CompressedOops enabled, and the Java Heap may be blocking the growth of the native heap
# Possible solutions:
#   Reduce memory load on the system
#   Increase physical memory or swap space
#   Check if swap backing store is full
#   Decrease Java heap size (-Xmx/-Xms)
#   Decrease number of Java threads
#   Decrease Java thread stack sizes (-Xss)
#   Set larger code cache with -XX:ReservedCodeCacheSize=
#   JVM is running with Unscaled Compressed Oops mode in which the Java heap is
#     placed in the first 4GB address space. The Java Heap base address is the
#     maximum limit for the native heap growth. Please use -XX:HeapBaseMinAddress
#     to set the Java Heap base and to place the Java Heap above 4GB virtual address.
# This output file may be truncated or incomplete.
#
#  Out of Memory Error (allocation.cpp:44), pid=7584, tid=21408
#
# JRE version: OpenJDK Runtime Environment Temurin-21.0.8+9 (21.0.8+9) (build 21.0.8+9-LTS)
# Java VM: OpenJDK 64-Bit Server VM Temurin-21.0.8+9 (21.0.8+9-LTS, mixed mode, sharing, tiered, compressed oops, compressed class ptrs, parallel gc, windows-amd64)
# No core dump will be written. Minidumps are not enabled by default on client versions of Windows
#

---------------  S U M M A R Y ------------

Command Line: --add-modules=ALL-SYSTEM --add-opens=java.base/java.util=ALL-UNNAMED --add-opens=java.base/java.lang=ALL-UNNAMED --add-opens=java.base/sun.nio.fs=ALL-UNNAMED -Declipse.application=org.eclipse.jdt.ls.core.id1 -Dosgi.bundles.defaultStartLevel=4 -Declipse.product=org.eclipse.jdt.ls.core.product -Djava.import.generatesMetadataFilesAtProjectRoot=false -DDetectVMInstallationsJob.disabled=true -Dfile.encoding=utf8 -XX:+UseParallelGC -XX:GCTimeRatio=4 -XX:AdaptiveSizePolicyWeight=90 -Dsun.zip.disableMemoryMapping=true -Xmx2G -Xms100m -Xlog:disable -javaagent:c:\Users\damin\.cursor\extensions\redhat.java-1.46.0-win32-x64\lombok\lombok-1.18.39-4050.jar -XX:+HeapDumpOnOutOfMemoryError -XX:HeapDumpPath=c:\Users\damin\AppData\Roaming\Cursor\User\workspaceStorage\0fff20a0ddf8a580ce308bc09cb831c3\redhat.java -Daether.dependencyCollector.impl=bf c:\Users\damin\.cursor\extensions\redhat.java-1.46.0-win32-x64\server\plugins\org.eclipse.equinox.launcher_1.7.0.v20250519-0528.jar -configuration c:\Users\damin\AppData\Roaming\Cursor\User\globalStorage\redhat.java\1.46.0\config_win -data c:\Users\damin\AppData\Roaming\Cursor\User\workspaceStorage\0fff20a0ddf8a580ce308bc09cb831c3\redhat.java\jdt_ws --pipe=\\.\pipe\lsp-70082d4a85e7d047cceb5e531cfc461a-sock

Host: 12th Gen Intel(R) Core(TM) i5-1235U, 12 cores, 7G,  Windows 11 , 64 bit Build 26100 (10.0.26100.6725)
Time: Tue Oct 21 19:29:06 2025 Sri Lanka Standard Time elapsed time: 255.267472 seconds (0d 0h 4m 15s)

---------------  T H R E A D  ---------------

Current thread (0x000002930fec8720):  JavaThread "Attach Listener" daemon [_thread_in_vm, id=21408, stack(0x000000d640000000,0x000000d640100000) (1024K)]

Stack: [0x000000d640000000,0x000000d640100000]
Native frames: (J=compiled Java code, j=interpreted, Vv=VM code, C=native code)
V  [jvm.dll+0x6d2449]
V  [jvm.dll+0x8ae341]
V  [jvm.dll+0x8b08be]
V  [jvm.dll+0x8b0fa3]
V  [jvm.dll+0x280c96]
V  [jvm.dll+0xc0347]
V  [jvm.dll+0x6d2cf9]
V  [jvm.dll+0x131116]
V  [jvm.dll+0x3f2d16]
V  [jvm.dll+0x857e6b]
V  [jvm.dll+0x6d0b0d]
C  [ucrtbase.dll+0x37b0]
C  [KERNEL32.DLL+0x2e8d7]
C  [ntdll.dll+0x8c53c]


---------------  P R O C E S S  ---------------

Threads class SMR info:
_java_thread_list=0x000002937ce0a490, length=49, elements={
0x000002930fe1ed50, 0x000002930fec5400, 0x000002930fdcbad0, 0x000002930fec7850,
0x000002930fec8720, 0x000002930fece830, 0x000002930fed0170, 0x000002930fedd030,
0x000002930feddb70, 0x0000029368ce7c70, 0x0000029368ce96b0, 0x0000029368ce8990,
0x0000029368ce9d40, 0x0000029368ce6f50, 0x0000029368ce75e0, 0x0000029368ce9020,
0x0000029368ce8300, 0x000002936ed07e80, 0x000002936ed06440, 0x000002936ed05090,
0x000002936ed07160, 0x000002936ed077f0, 0x000002936ed0b990, 0x000002936ed0c6b0,
0x000002936ed0c020, 0x000002936ed09230, 0x000002936ed098c0, 0x000002936ed0a5e0,
0x000002936ed09f50, 0x000002936ed0ac70, 0x000002936ed0b300, 0x000002937135a330,
0x0000029371358260, 0x0000029371359ca0, 0x000002937135b6e0, 0x000002937135bd70,
0x000002937135b050, 0x00000293713588f0, 0x0000029371359610, 0x000002937135d120,
0x000002937135a9c0, 0x000002937135eb60, 0x000002937135f1f0, 0x000002937135f880,
0x00000293729e1a20, 0x00000293729e20b0, 0x00000293729e0670, 0x00000293729e3460,
0x00000293729e3af0
}

Java Threads: ( => current thread )
  0x000002930fe1ed50 JavaThread "main"                              [_thread_blocked, id=23072, stack(0x000000d63f900000,0x000000d63fa00000) (1024K)]
  0x000002930fec5400 JavaThread "Reference Handler"          daemon [_thread_blocked, id=7188, stack(0x000000d63fd00000,0x000000d63fe00000) (1024K)]
  0x000002930fdcbad0 JavaThread "Finalizer"                  daemon [_thread_blocked, id=32308, stack(0x000000d63fe00000,0x000000d63ff00000) (1024K)]
  0x000002930fec7850 JavaThread "Signal Dispatcher"          daemon [_thread_blocked, id=24424, stack(0x000000d63ff00000,0x000000d640000000) (1024K)]
=>0x000002930fec8720 JavaThread "Attach Listener"            daemon [_thread_in_vm, id=21408, stack(0x000000d640000000,0x000000d640100000) (1024K)]
  0x000002930fece830 JavaThread "Service Thread"             daemon [_thread_blocked, id=25624, stack(0x000000d640100000,0x000000d640200000) (1024K)]
  0x000002930fed0170 JavaThread "Monitor Deflation Thread"   daemon [_thread_blocked, id=16172, stack(0x000000d640200000,0x000000d640300000) (1024K)]
  0x000002930fedd030 JavaThread "C2 CompilerThread0"         daemon [_thread_blocked, id=8624, stack(0x000000d640300000,0x000000d640400000) (1024K)]
  0x000002930feddb70 JavaThread "C1 CompilerThread0"         daemon [_thread_blocked, id=28964, stack(0x000000d640400000,0x000000d640500000) (1024K)]
  0x0000029368ce7c70 JavaThread "Common-Cleaner"             daemon [_thread_blocked, id=30476, stack(0x000000d640500000,0x000000d640600000) (1024K)]
  0x0000029368ce96b0 JavaThread "Notification Thread"        daemon [_thread_blocked, id=15812, stack(0x000000d640600000,0x000000d640700000) (1024K)]
  0x0000029368ce8990 JavaThread "Active Thread: Equinox Container: b4325c53-985d-49e7-84a0-1f3d602b236b"        [_thread_blocked, id=7268, stack(0x000000d640d00000,0x000000d640e00000) (1024K)]
  0x0000029368ce9d40 JavaThread "Refresh Thread: Equinox Container: b4325c53-985d-49e7-84a0-1f3d602b236b" daemon [_thread_blocked, id=9024, stack(0x000000d640f00000,0x000000d641000000) (1024K)]
  0x0000029368ce6f50 JavaThread "Framework Event Dispatcher: Equinox Container: b4325c53-985d-49e7-84a0-1f3d602b236b" daemon [_thread_blocked, id=17208, stack(0x000000d641000000,0x000000d641100000) (1024K)]
  0x0000029368ce75e0 JavaThread "Start Level: Equinox Container: b4325c53-985d-49e7-84a0-1f3d602b236b" daemon [_thread_blocked, id=8168, stack(0x000000d641100000,0x000000d641200000) (1024K)]
  0x0000029368ce9020 JavaThread "Bundle File Closer"         daemon [_thread_blocked, id=26720, stack(0x000000d641400000,0x000000d641500000) (1024K)]
  0x0000029368ce8300 JavaThread "SCR Component Actor"        daemon [_thread_blocked, id=21860, stack(0x000000d641500000,0x000000d641600000) (1024K)]
  0x000002936ed07e80 JavaThread "Worker-JM"                         [_thread_blocked, id=28780, stack(0x000000d641600000,0x000000d641700000) (1024K)]
  0x000002936ed06440 JavaThread "JNA Cleaner"                daemon [_thread_blocked, id=25256, stack(0x000000d641700000,0x000000d641800000) (1024K)]
  0x000002936ed05090 JavaThread "Worker-1"                          [_thread_blocked, id=784, stack(0x000000d641900000,0x000000d641a00000) (1024K)]
  0x000002936ed07160 JavaThread "Java indexing"              daemon [_thread_blocked, id=13508, stack(0x000000d641a00000,0x000000d641b00000) (1024K)]
  0x000002936ed077f0 JavaThread "Worker-3"                          [_thread_blocked, id=11072, stack(0x000000d641e00000,0x000000d641f00000) (1024K)]
  0x000002936ed0b990 JavaThread "Thread-1"                   daemon [_thread_in_native, id=19776, stack(0x000000d642100000,0x000000d642200000) (1024K)]
  0x000002936ed0c6b0 JavaThread "Thread-2"                   daemon [_thread_in_native, id=25012, stack(0x000000d642200000,0x000000d642300000) (1024K)]
  0x000002936ed0c020 JavaThread "Thread-3"                   daemon [_thread_in_native, id=28260, stack(0x000000d642300000,0x000000d642400000) (1024K)]
  0x000002936ed09230 JavaThread "Thread-4"                   daemon [_thread_in_native, id=7808, stack(0x000000d642400000,0x000000d642500000) (1024K)]
  0x000002936ed098c0 JavaThread "Thread-5"                   daemon [_thread_in_native, id=9936, stack(0x000000d642500000,0x000000d642600000) (1024K)]
  0x000002936ed0a5e0 JavaThread "Thread-6"                   daemon [_thread_in_native, id=25140, stack(0x000000d642600000,0x000000d642700000) (1024K)]
  0x000002936ed09f50 JavaThread "Thread-7"                   daemon [_thread_in_native, id=28080, stack(0x000000d642700000,0x000000d642800000) (1024K)]
  0x000002936ed0ac70 JavaThread "Thread-8"                   daemon [_thread_in_native, id=29576, stack(0x000000d642800000,0x000000d642900000) (1024K)]
  0x000002936ed0b300 JavaThread "Thread-9"                   daemon [_thread_in_native, id=10840, stack(0x000000d642900000,0x000000d642a00000) (1024K)]
  0x000002937135a330 JavaThread "Thread-10"                  daemon [_thread_in_native, id=27676, stack(0x000000d642a00000,0x000000d642b00000) (1024K)]
  0x0000029371358260 JavaThread "Thread-11"                  daemon [_thread_in_native, id=27776, stack(0x000000d642b00000,0x000000d642c00000) (1024K)]
  0x0000029371359ca0 JavaThread "Thread-12"                  daemon [_thread_in_native, id=32564, stack(0x000000d642c00000,0x000000d642d00000) (1024K)]
  0x000002937135b6e0 JavaThread "Thread-13"                  daemon [_thread_in_native, id=17136, stack(0x000000d642d00000,0x000000d642e00000) (1024K)]
  0x000002937135bd70 JavaThread "pool-2-thread-1"                   [_thread_blocked, id=14472, stack(0x000000d642e00000,0x000000d642f00000) (1024K)]
  0x000002937135b050 JavaThread "WorkspaceEventsHandler"            [_thread_blocked, id=23168, stack(0x000000d642f00000,0x000000d643000000) (1024K)]
  0x00000293713588f0 JavaThread "pool-1-thread-1"                   [_thread_blocked, id=27916, stack(0x000000d643000000,0x000000d643100000) (1024K)]
  0x0000029371359610 JavaThread "ForkJoinPool.commonPool-worker-1" daemon [_thread_blocked, id=24976, stack(0x000000d643200000,0x000000d643300000) (1024K)]
  0x000002937135d120 JavaThread "ForkJoinPool.commonPool-worker-3" daemon [_thread_blocked, id=4300, stack(0x000000d643500000,0x000000d643600000) (1024K)]
  0x000002937135a9c0 JavaThread "ForkJoinPool.commonPool-worker-5" daemon [_thread_blocked, id=31768, stack(0x000000d643700000,0x000000d643800000) (1024K)]
  0x000002937135eb60 JavaThread "ForkJoinPool.commonPool-worker-7" daemon [_thread_blocked, id=29244, stack(0x000000d643800000,0x000000d643900000) (1024K)]
  0x000002937135f1f0 JavaThread "ForkJoinPool.commonPool-worker-8" daemon [_thread_blocked, id=21476, stack(0x000000d643a00000,0x000000d643b00000) (1024K)]
  0x000002937135f880 JavaThread "ForkJoinPool.commonPool-worker-9" daemon [_thread_blocked, id=14468, stack(0x000000d643b00000,0x000000d643c00000) (1024K)]
  0x00000293729e1a20 JavaThread "ForkJoinPool.commonPool-worker-10" daemon [_thread_blocked, id=4840, stack(0x000000d643c00000,0x000000d643d00000) (1024K)]
  0x00000293729e20b0 JavaThread "ForkJoinPool.commonPool-worker-11" daemon [_thread_blocked, id=28532, stack(0x000000d643d00000,0x000000d643e00000) (1024K)]
  0x00000293729e0670 JavaThread "ForkJoinPool.commonPool-worker-12" daemon [_thread_blocked, id=31260, stack(0x000000d63f600000,0x000000d63f700000) (1024K)]
  0x00000293729e3460 JavaThread "ForkJoinPool.commonPool-worker-13" daemon [_thread_blocked, id=15672, stack(0x000000d63f700000,0x000000d63f800000) (1024K)]
  0x00000293729e3af0 JavaThread "ForkJoinPool.commonPool-worker-14" daemon [_thread_blocked, id=17920, stack(0x000000d63f800000,0x000000d63f900000) (1024K)]
Total: 49

Other Threads:
  0x000002930fec0c30 VMThread "VM Thread"                           [id=4384, stack(0x000000d63fc00000,0x000000d63fd00000) (1024K)]
  0x000002930fcaca00 WatcherThread "VM Periodic Task Thread"        [id=29628, stack(0x000000d63fb00000,0x000000d63fc00000) (1024K)]
  0x000002930fe3d620 WorkerThread "GC Thread#0"                     [id=24376, stack(0x000000d63fa00000,0x000000d63fb00000) (1024K)]
  0x000002936e412bb0 WorkerThread "GC Thread#1"                     [id=19952, stack(0x000000d640700000,0x000000d640800000) (1024K)]
  0x000002936e5e1340 WorkerThread "GC Thread#2"                     [id=30356, stack(0x000000d640800000,0x000000d640900000) (1024K)]
  0x000002936e5e1a80 WorkerThread "GC Thread#3"                     [id=9200, stack(0x000000d640900000,0x000000d640a00000) (1024K)]
  0x000002936e5e16e0 WorkerThread "GC Thread#4"                     [id=28324, stack(0x000000d640a00000,0x000000d640b00000) (1024K)]
  0x000002936e5e21c0 WorkerThread "GC Thread#5"                     [id=30292, stack(0x000000d640b00000,0x000000d640c00000) (1024K)]
  0x000002936e5e2560 WorkerThread "GC Thread#6"                     [id=18012, stack(0x000000d640c00000,0x000000d640d00000) (1024K)]
  0x000002936e5e2900 WorkerThread "GC Thread#7"                     [id=29588, stack(0x000000d640e00000,0x000000d640f00000) (1024K)]
  0x000002936ea3cc40 WorkerThread "GC Thread#8"                     [id=32512, stack(0x000000d641200000,0x000000d641300000) (1024K)]
  0x000002936ea3e200 WorkerThread "GC Thread#9"                     [id=29040, stack(0x000000d641300000,0x000000d641400000) (1024K)]
Total: 12

Threads with active compile tasks:
Total: 0

VM state: not at safepoint (normal execution)

VM Mutex/Monitor currently owned by a thread: None

Heap address: 0x0000000080000000, size: 2048 MB, Compressed Oops mode: 32-bit

CDS archive(s) mapped at: [0x0000029327000000-0x0000029327ba0000-0x0000029327ba0000), size 12189696, SharedBaseAddress: 0x0000029327000000, ArchiveRelocationMode: 1.
Compressed class space mapped at: 0x0000029328000000-0x0000029368000000, reserved size: 1073741824
Narrow klass base: 0x0000029327000000, Narrow klass shift: 0, Narrow klass range: 0x100000000

GC Precious Log:
 CardTable entry size: 512
 CPUs: 12 total, 12 available
 Memory: 7916M
 Large Page Support: Disabled
 NUMA Support: Disabled
 Compressed Oops: Enabled (32-bit)
 Alignments: Space 512K, Generation 512K, Heap 2M
 Heap Min Capacity: 100M
 Heap Initial Capacity: 100M
 Heap Max Capacity: 2G
 Pre-touch: Disabled
 Parallel Workers: 10

Heap:
 PSYoungGen      total 19968K, used 2232K [0x00000000d5580000, 0x00000000d6b80000, 0x0000000100000000)
  eden space 17920K, 6% used [0x00000000d5580000,0x00000000d56b6150,0x00000000d6700000)
  from space 2048K, 48% used [0x00000000d6800000,0x00000000d68f8220,0x00000000d6a00000)
  to   space 1536K, 0% used [0x00000000d6a00000,0x00000000d6a00000,0x00000000d6b80000)
 ParOldGen       total 92672K, used 92342K [0x0000000080000000, 0x0000000085a80000, 0x00000000d5580000)
  object space 92672K, 99% used [0x0000000080000000,0x0000000085a2dae8,0x0000000085a80000)
 Metaspace       used 66531K, committed 68096K, reserved 1114112K
  class space    used 6913K, committed 7616K, reserved 1048576K

Card table byte_map: [0x000002930f7c0000,0x000002930fbd0000] _byte_map_base: 0x000002930f3c0000

Marking Bits: (ParMarkBitMap*) 0x00007ff93280a340
 Begin Bits: [0x00000293222c0000, 0x00000293242c0000)
 End Bits:   [0x00000293242c0000, 0x00000293262c0000)

Polling page: 0x000002930dc00000

Metaspace:

Usage:
  Non-class:     58.22 MB used.
      Class:      6.75 MB used.
       Both:     64.97 MB used.

Virtual space:
  Non-class space:       64.00 MB reserved,      59.06 MB ( 92%) committed,  1 nodes.
      Class space:        1.00 GB reserved,       7.44 MB ( <1%) committed,  1 nodes.
             Both:        1.06 GB reserved,      66.50 MB (  6%) committed. 

Chunk freelists:
   Non-Class:  4.31 MB
       Class:  8.53 MB
        Both:  12.84 MB

MaxMetaspaceSize: unlimited
CompressedClassSpaceSize: 1.00 GB
Initial GC threshold: 21.00 MB
Current GC threshold: 97.31 MB
CDS: on
 - commit_granule_bytes: 65536.
 - commit_granule_words: 8192.
 - virtual_space_node_default_size: 8388608.
 - enlarge_chunks_in_place: 1.
 - use_allocation_guard: 0.


Internal statistics:

num_allocs_failed_limit: 9.
num_arena_births: 1322.
num_arena_deaths: 14.
num_vsnodes_births: 2.
num_vsnodes_deaths: 0.
num_space_committed: 1064.
num_space_uncommitted: 0.
num_chunks_returned_to_freelist: 23.
num_chunks_taken_from_freelist: 4640.
num_chunk_merges: 14.
num_chunk_splits: 2764.
num_chunks_enlarged: 1443.
num_inconsistent_stats: 0.

CodeHeap 'non-profiled nmethods': size=120000Kb used=7523Kb max_used=7523Kb free=112476Kb
 bounds [0x000002931aae0000, 0x000002931b240000, 0x0000029322010000]
CodeHeap 'profiled nmethods': size=120000Kb used=28376Kb max_used=28376Kb free=91623Kb
 bounds [0x0000029313010000, 0x0000029314bd0000, 0x000002931a540000]
CodeHeap 'non-nmethods': size=5760Kb used=1444Kb max_used=1519Kb free=4316Kb
 bounds [0x000002931a540000, 0x000002931a7b0000, 0x000002931aae0000]
CodeCache: size=245760Kb, used=37343Kb, max_used=37418Kb, free=208415Kb
 total_blobs=13271, nmethods=12512, adapters=663, full_count=0
Compilation: enabled, stopped_count=0, restarted_count=0

Compilation events (20 events):
Event: 221.282 Thread 0x000002930feddb70 nmethod 13256 0x0000029314bc4790 code [0x0000029314bc4a60, 0x0000029314bc5a58]
Event: 221.300 Thread 0x000002930feddb70 13258       1       org.eclipse.jdt.internal.core.PackageDeclaration::getElementType (3 bytes)
Event: 221.300 Thread 0x000002930feddb70 nmethod 13258 0x000002931b231e90 code [0x000002931b232020, 0x000002931b2320e8]
Event: 221.404 Thread 0x000002930fedd030 nmethod 13238% 0x000002931b232190 code [0x000002931b232500, 0x000002931b234f78]
Event: 221.405 Thread 0x000002930fedd030 13249       4       org.eclipse.jdt.core.compiler.CharOperation::equals (68 bytes)
Event: 221.414 Thread 0x000002930fedd030 nmethod 13249 0x000002931b236110 code [0x000002931b2362e0, 0x000002931b2366e0]
Event: 221.414 Thread 0x000002930fedd030 13237       4       org.eclipse.jdt.internal.core.index.DiskIndex::readStreamDocumentArray (267 bytes)
Event: 221.435 Thread 0x000002930fedd030 nmethod 13237 0x000002931b236990 code [0x000002931b236b60, 0x000002931b2373a8]
Event: 221.435 Thread 0x000002930fedd030 13252       4       org.eclipse.jdt.internal.compiler.lookup.PackageBinding::isPackageOfQualifiedTypeName (50 bytes)
Event: 221.441 Thread 0x000002930fedd030 nmethod 13252 0x000002931b237690 code [0x000002931b237820, 0x000002931b237a40]
Event: 221.441 Thread 0x000002930fedd030 13247       4       org.eclipse.jdt.internal.compiler.lookup.Binding::<init> (10 bytes)
Event: 221.444 Thread 0x000002930fedd030 nmethod 13247 0x000002931b237b90 code [0x000002931b237d20, 0x000002931b237db0]
Event: 221.444 Thread 0x000002930fedd030 13259       4       java.util.HashMap::<init> (8 bytes)
Event: 221.449 Thread 0x000002930fedd030 nmethod 13259 0x000002931b237e90 code [0x000002931b238020, 0x000002931b238118]
Event: 221.449 Thread 0x000002930fedd030 13254       4       org.eclipse.jdt.internal.compiler.lookup.ModuleBinding::completeIfNeeded (53 bytes)
Event: 221.452 Thread 0x000002930fedd030 nmethod 13254 0x000002931b238210 code [0x000002931b2383c0, 0x000002931b238598]
Event: 221.453 Thread 0x000002930fedd030 13257       4       java.util.stream.Sink$ChainedReference::begin (11 bytes)
Event: 221.457 Thread 0x000002930fedd030 nmethod 13257 0x000002931b238710 code [0x000002931b2388a0, 0x000002931b238950]
Event: 221.457 Thread 0x000002930fedd030 13220       4       org.eclipse.jdt.internal.compiler.parser.Parser::pushOnExpressionStackLengthStack (54 bytes)
Event: 221.460 Thread 0x000002930fedd030 nmethod 13220 0x000002931b238a10 code [0x000002931b238ba0, 0x000002931b238ca0]

GC Heap History (20 events):
Event: 18.692 GC heap before
{Heap before GC invocations=71 (full 3):
 PSYoungGen      total 20480K, used 20163K [0x00000000d5580000, 0x00000000d6c00000, 0x0000000100000000)
  eden space 17920K, 100% used [0x00000000d5580000,0x00000000d6700000,0x00000000d6700000)
  from space 2560K, 87% used [0x00000000d6880000,0x00000000d6ab0c10,0x00000000d6b00000)
  to   space 1024K, 0% used [0x00000000d6b00000,0x00000000d6b00000,0x00000000d6c00000)
 ParOldGen       total 81408K, used 81122K [0x0000000080000000, 0x0000000084f80000, 0x00000000d5580000)
  object space 81408K, 99% used [0x0000000080000000,0x0000000084f388b8,0x0000000084f80000)
 Metaspace       used 64341K, committed 65920K, reserved 1114112K
  class space    used 6765K, committed 7488K, reserved 1048576K
}
Event: 18.695 GC heap after
{Heap after GC invocations=71 (full 3):
 PSYoungGen      total 18944K, used 1019K [0x00000000d5580000, 0x00000000d6f00000, 0x0000000100000000)
  eden space 17920K, 0% used [0x00000000d5580000,0x00000000d5580000,0x00000000d6700000)
  from space 1024K, 99% used [0x00000000d6b00000,0x00000000d6bfed58,0x00000000d6c00000)
  to   space 4096K, 0% used [0x00000000d6700000,0x00000000d6700000,0x00000000d6b00000)
 ParOldGen       total 83968K, used 83548K [0x0000000080000000, 0x0000000085200000, 0x00000000d5580000)
  object space 83968K, 99% used [0x0000000080000000,0x0000000085197038,0x0000000085200000)
 Metaspace       used 64341K, committed 65920K, reserved 1114112K
  class space    used 6765K, committed 7488K, reserved 1048576K
}
Event: 18.820 GC heap before
{Heap before GC invocations=72 (full 3):
 PSYoungGen      total 18944K, used 18939K [0x00000000d5580000, 0x00000000d6f00000, 0x0000000100000000)
  eden space 17920K, 100% used [0x00000000d5580000,0x00000000d6700000,0x00000000d6700000)
  from space 1024K, 99% used [0x00000000d6b00000,0x00000000d6bfed58,0x00000000d6c00000)
  to   space 4096K, 0% used [0x00000000d6700000,0x00000000d6700000,0x00000000d6b00000)
 ParOldGen       total 83968K, used 83548K [0x0000000080000000, 0x0000000085200000, 0x00000000d5580000)
  object space 83968K, 99% used [0x0000000080000000,0x0000000085197038,0x0000000085200000)
 Metaspace       used 64392K, committed 65984K, reserved 1114112K
  class space    used 6769K, committed 7488K, reserved 1048576K
}
Event: 18.823 GC heap after
{Heap after GC invocations=72 (full 3):
 PSYoungGen      total 19968K, used 2047K [0x00000000d5580000, 0x00000000d6c00000, 0x0000000100000000)
  eden space 17920K, 0% used [0x00000000d5580000,0x00000000d5580000,0x00000000d6700000)
  from space 2048K, 99% used [0x00000000d6700000,0x00000000d68ffe50,0x00000000d6900000)
  to   space 2560K, 0% used [0x00000000d6980000,0x00000000d6980000,0x00000000d6c00000)
 ParOldGen       total 84992K, used 84708K [0x0000000080000000, 0x0000000085300000, 0x00000000d5580000)
  object space 84992K, 99% used [0x0000000080000000,0x00000000852b90f0,0x0000000085300000)
 Metaspace       used 64392K, committed 65984K, reserved 1114112K
  class space    used 6769K, committed 7488K, reserved 1048576K
}
Event: 19.048 GC heap before
{Heap before GC invocations=73 (full 3):
 PSYoungGen      total 19968K, used 19965K [0x00000000d5580000, 0x00000000d6c00000, 0x0000000100000000)
  eden space 17920K, 99% used [0x00000000d5580000,0x00000000d66ff760,0x00000000d6700000)
  from space 2048K, 99% used [0x00000000d6700000,0x00000000d68ffe50,0x00000000d6900000)
  to   space 2560K, 0% used [0x00000000d6980000,0x00000000d6980000,0x00000000d6c00000)
 ParOldGen       total 84992K, used 84708K [0x0000000080000000, 0x0000000085300000, 0x00000000d5580000)
  object space 84992K, 99% used [0x0000000080000000,0x00000000852b90f0,0x0000000085300000)
 Metaspace       used 64551K, committed 66112K, reserved 1114112K
  class space    used 6770K, committed 7488K, reserved 1048576K
}
Event: 19.051 GC heap after
{Heap after GC invocations=73 (full 3):
 PSYoungGen      total 19456K, used 1498K [0x00000000d5580000, 0x00000000d6b00000, 0x0000000100000000)
  eden space 17920K, 0% used [0x00000000d5580000,0x00000000d5580000,0x00000000d6700000)
  from space 1536K, 97% used [0x00000000d6980000,0x00000000d6af6bb8,0x00000000d6b00000)
  to   space 2048K, 0% used [0x00000000d6700000,0x00000000d6700000,0x00000000d6900000)
 ParOldGen       total 86016K, used 85912K [0x0000000080000000, 0x0000000085400000, 0x00000000d5580000)
  object space 86016K, 99% used [0x0000000080000000,0x00000000853e62f0,0x0000000085400000)
 Metaspace       used 64551K, committed 66112K, reserved 1114112K
  class space    used 6770K, committed 7488K, reserved 1048576K
}
Event: 19.218 GC heap before
{Heap before GC invocations=74 (full 3):
 PSYoungGen      total 19456K, used 19418K [0x00000000d5580000, 0x00000000d6b00000, 0x0000000100000000)
  eden space 17920K, 100% used [0x00000000d5580000,0x00000000d6700000,0x00000000d6700000)
  from space 1536K, 97% used [0x00000000d6980000,0x00000000d6af6bb8,0x00000000d6b00000)
  to   space 2048K, 0% used [0x00000000d6700000,0x00000000d6700000,0x00000000d6900000)
 ParOldGen       total 86016K, used 85912K [0x0000000080000000, 0x0000000085400000, 0x00000000d5580000)
  object space 86016K, 99% used [0x0000000080000000,0x00000000853e62f0,0x0000000085400000)
 Metaspace       used 64689K, committed 66240K, reserved 1114112K
  class space    used 6770K, committed 7488K, reserved 1048576K
}
Event: 19.225 GC heap after
{Heap after GC invocations=74 (full 3):
 PSYoungGen      total 19456K, used 1312K [0x00000000d5580000, 0x00000000d6a00000, 0x0000000100000000)
  eden space 17920K, 0% used [0x00000000d5580000,0x00000000d5580000,0x00000000d6700000)
  from space 1536K, 85% used [0x00000000d6700000,0x00000000d6848000,0x00000000d6880000)
  to   space 1536K, 0% used [0x00000000d6880000,0x00000000d6880000,0x00000000d6a00000)
 ParOldGen       total 87552K, used 87083K [0x0000000080000000, 0x0000000085580000, 0x00000000d5580000)
  object space 87552K, 99% used [0x0000000080000000,0x000000008550aeb8,0x0000000085580000)
 Metaspace       used 64689K, committed 66240K, reserved 1114112K
  class space    used 6770K, committed 7488K, reserved 1048576K
}
Event: 19.436 GC heap before
{Heap before GC invocations=75 (full 3):
 PSYoungGen      total 19456K, used 19232K [0x00000000d5580000, 0x00000000d6a00000, 0x0000000100000000)
  eden space 17920K, 100% used [0x00000000d5580000,0x00000000d6700000,0x00000000d6700000)
  from space 1536K, 85% used [0x00000000d6700000,0x00000000d6848000,0x00000000d6880000)
  to   space 1536K, 0% used [0x00000000d6880000,0x00000000d6880000,0x00000000d6a00000)
 ParOldGen       total 87552K, used 87083K [0x0000000080000000, 0x0000000085580000, 0x00000000d5580000)
  object space 87552K, 99% used [0x0000000080000000,0x000000008550aeb8,0x0000000085580000)
 Metaspace       used 64922K, committed 66496K, reserved 1114112K
  class space    used 6773K, committed 7488K, reserved 1048576K
}
Event: 19.438 GC heap after
{Heap after GC invocations=75 (full 3):
 PSYoungGen      total 19456K, used 1440K [0x00000000d5580000, 0x00000000d6a00000, 0x0000000100000000)
  eden space 17920K, 0% used [0x00000000d5580000,0x00000000d5580000,0x00000000d6700000)
  from space 1536K, 93% used [0x00000000d6880000,0x00000000d69e8000,0x00000000d6a00000)
  to   space 1536K, 0% used [0x00000000d6700000,0x00000000d6700000,0x00000000d6880000)
 ParOldGen       total 88576K, used 88139K [0x0000000080000000, 0x0000000085680000, 0x00000000d5580000)
  object space 88576K, 99% used [0x0000000080000000,0x0000000085612eb8,0x0000000085680000)
 Metaspace       used 64922K, committed 66496K, reserved 1114112K
  class space    used 6773K, committed 7488K, reserved 1048576K
}
Event: 19.943 GC heap before
{Heap before GC invocations=76 (full 3):
 PSYoungGen      total 19456K, used 19360K [0x00000000d5580000, 0x00000000d6a00000, 0x0000000100000000)
  eden space 17920K, 100% used [0x00000000d5580000,0x00000000d6700000,0x00000000d6700000)
  from space 1536K, 93% used [0x00000000d6880000,0x00000000d69e8000,0x00000000d6a00000)
  to   space 1536K, 0% used [0x00000000d6700000,0x00000000d6700000,0x00000000d6880000)
 ParOldGen       total 88576K, used 88139K [0x0000000080000000, 0x0000000085680000, 0x00000000d5580000)
  object space 88576K, 99% used [0x0000000080000000,0x0000000085612eb8,0x0000000085680000)
 Metaspace       used 65458K, committed 67008K, reserved 1114112K
  class space    used 6812K, committed 7488K, reserved 1048576K
}
Event: 19.946 GC heap after
{Heap after GC invocations=76 (full 3):
 PSYoungGen      total 18944K, used 768K [0x00000000d5580000, 0x00000000d6900000, 0x0000000100000000)
  eden space 17920K, 0% used [0x00000000d5580000,0x00000000d5580000,0x00000000d6700000)
  from space 1024K, 75% used [0x00000000d6700000,0x00000000d67c0020,0x00000000d6800000)
  to   space 1024K, 0% used [0x00000000d6800000,0x00000000d6800000,0x00000000d6900000)
 ParOldGen       total 89088K, used 89084K [0x0000000080000000, 0x0000000085700000, 0x00000000d5580000)
  object space 89088K, 99% used [0x0000000080000000,0x00000000856ff168,0x0000000085700000)
 Metaspace       used 65458K, committed 67008K, reserved 1114112K
  class space    used 6812K, committed 7488K, reserved 1048576K
}
Event: 20.392 GC heap before
{Heap before GC invocations=77 (full 3):
 PSYoungGen      total 18944K, used 18580K [0x00000000d5580000, 0x00000000d6900000, 0x0000000100000000)
  eden space 17920K, 99% used [0x00000000d5580000,0x00000000d66e5228,0x00000000d6700000)
  from space 1024K, 75% used [0x00000000d6700000,0x00000000d67c0020,0x00000000d6800000)
  to   space 1024K, 0% used [0x00000000d6800000,0x00000000d6800000,0x00000000d6900000)
 ParOldGen       total 89088K, used 89084K [0x0000000080000000, 0x0000000085700000, 0x00000000d5580000)
  object space 89088K, 99% used [0x0000000080000000,0x00000000856ff168,0x0000000085700000)
 Metaspace       used 65539K, committed 67072K, reserved 1114112K
  class space    used 6816K, committed 7488K, reserved 1048576K
}
Event: 20.394 GC heap after
{Heap after GC invocations=77 (full 3):
 PSYoungGen      total 18944K, used 544K [0x00000000d5580000, 0x00000000d6900000, 0x0000000100000000)
  eden space 17920K, 0% used [0x00000000d5580000,0x00000000d5580000,0x00000000d6700000)
  from space 1024K, 53% used [0x00000000d6800000,0x00000000d6888358,0x00000000d6900000)
  to   space 1024K, 0% used [0x00000000d6700000,0x00000000d6700000,0x00000000d6800000)
 ParOldGen       total 89600K, used 89484K [0x0000000080000000, 0x0000000085780000, 0x00000000d5580000)
  object space 89600K, 99% used [0x0000000080000000,0x0000000085763188,0x0000000085780000)
 Metaspace       used 65539K, committed 67072K, reserved 1114112K
  class space    used 6816K, committed 7488K, reserved 1048576K
}
Event: 20.454 GC heap before
{Heap before GC invocations=78 (full 3):
 PSYoungGen      total 18944K, used 18302K [0x00000000d5580000, 0x00000000d6900000, 0x0000000100000000)
  eden space 17920K, 99% used [0x00000000d5580000,0x00000000d66d7598,0x00000000d6700000)
  from space 1024K, 53% used [0x00000000d6800000,0x00000000d6888358,0x00000000d6900000)
  to   space 1024K, 0% used [0x00000000d6700000,0x00000000d6700000,0x00000000d6800000)
 ParOldGen       total 89600K, used 89484K [0x0000000080000000, 0x0000000085780000, 0x00000000d5580000)
  object space 89600K, 99% used [0x0000000080000000,0x0000000085763188,0x0000000085780000)
 Metaspace       used 65544K, committed 67072K, reserved 1114112K
  class space    used 6816K, committed 7488K, reserved 1048576K
}
Event: 20.457 GC heap after
{Heap after GC invocations=78 (full 3):
 PSYoungGen      total 18944K, used 1023K [0x00000000d5580000, 0x00000000d6f00000, 0x0000000100000000)
  eden space 17920K, 0% used [0x00000000d5580000,0x00000000d5580000,0x00000000d6700000)
  from space 1024K, 99% used [0x00000000d6700000,0x00000000d67fff10,0x00000000d6800000)
  to   space 4096K, 0% used [0x00000000d6b00000,0x00000000d6b00000,0x00000000d6f00000)
 ParOldGen       total 92160K, used 91697K [0x0000000080000000, 0x0000000085a00000, 0x00000000d5580000)
  object space 92160K, 99% used [0x0000000080000000,0x000000008598c670,0x0000000085a00000)
 Metaspace       used 65544K, committed 67072K, reserved 1114112K
  class space    used 6816K, committed 7488K, reserved 1048576K
}
Event: 32.705 GC heap before
{Heap before GC invocations=79 (full 3):
 PSYoungGen      total 18944K, used 18943K [0x00000000d5580000, 0x00000000d6f00000, 0x0000000100000000)
  eden space 17920K, 99% used [0x00000000d5580000,0x00000000d66fff70,0x00000000d6700000)
  from space 1024K, 99% used [0x00000000d6700000,0x00000000d67fff10,0x00000000d6800000)
  to   space 4096K, 0% used [0x00000000d6b00000,0x00000000d6b00000,0x00000000d6f00000)
 ParOldGen       total 92160K, used 91697K [0x0000000080000000, 0x0000000085a00000, 0x00000000d5580000)
  object space 92160K, 99% used [0x0000000080000000,0x000000008598c670,0x0000000085a00000)
 Metaspace       used 65780K, committed 67392K, reserved 1114112K
  class space    used 6834K, committed 7552K, reserved 1048576K
}
Event: 32.708 GC heap after
{Heap after GC invocations=79 (full 3):
 PSYoungGen      total 18944K, used 695K [0x00000000d5580000, 0x00000000d6c00000, 0x0000000100000000)
  eden space 17920K, 0% used [0x00000000d5580000,0x00000000d5580000,0x00000000d6700000)
  from space 1024K, 67% used [0x00000000d6b00000,0x00000000d6baddc8,0x00000000d6c00000)
  to   space 2048K, 0% used [0x00000000d6800000,0x00000000d6800000,0x00000000d6a00000)
 ParOldGen       total 92160K, used 91777K [0x0000000080000000, 0x0000000085a00000, 0x00000000d5580000)
  object space 92160K, 99% used [0x0000000080000000,0x00000000859a0670,0x0000000085a00000)
 Metaspace       used 65780K, committed 67392K, reserved 1114112K
  class space    used 6834K, committed 7552K, reserved 1048576K
}
Event: 221.160 GC heap before
{Heap before GC invocations=80 (full 3):
 PSYoungGen      total 18944K, used 18615K [0x00000000d5580000, 0x00000000d6c00000, 0x0000000100000000)
  eden space 17920K, 99% used [0x00000000d5580000,0x00000000d66fffe8,0x00000000d6700000)
  from space 1024K, 67% used [0x00000000d6b00000,0x00000000d6baddc8,0x00000000d6c00000)
  to   space 2048K, 0% used [0x00000000d6800000,0x00000000d6800000,0x00000000d6a00000)
 ParOldGen       total 92160K, used 91777K [0x0000000080000000, 0x0000000085a00000, 0x00000000d5580000)
  object space 92160K, 99% used [0x0000000080000000,0x00000000859a0670,0x0000000085a00000)
 Metaspace       used 66525K, committed 68096K, reserved 1114112K
  class space    used 6913K, committed 7616K, reserved 1048576K
}
Event: 221.217 GC heap after
{Heap after GC invocations=80 (full 3):
 PSYoungGen      total 19968K, used 992K [0x00000000d5580000, 0x00000000d6b80000, 0x0000000100000000)
  eden space 17920K, 0% used [0x00000000d5580000,0x00000000d5580000,0x00000000d6700000)
  from space 2048K, 48% used [0x00000000d6800000,0x00000000d68f8220,0x00000000d6a00000)
  to   space 1536K, 0% used [0x00000000d6a00000,0x00000000d6a00000,0x00000000d6b80000)
 ParOldGen       total 92672K, used 92342K [0x0000000080000000, 0x0000000085a80000, 0x00000000d5580000)
  object space 92672K, 99% used [0x0000000080000000,0x0000000085a2dae8,0x0000000085a80000)
 Metaspace       used 66525K, committed 68096K, reserved 1114112K
  class space    used 6913K, committed 7616K, reserved 1048576K
}

Dll operation events (10 events):
Event: 0.079 Loaded shared library c:\Users\damin\.cursor\extensions\redhat.java-1.46.0-win32-x64\jre\21.0.8-win32-x86_64\bin\java.dll
Event: 0.167 Loaded shared library c:\Users\damin\.cursor\extensions\redhat.java-1.46.0-win32-x64\jre\21.0.8-win32-x86_64\bin\zip.dll
Event: 0.195 Loaded shared library C:\Users\damin\.cursor\extensions\redhat.java-1.46.0-win32-x64\jre\21.0.8-win32-x86_64\bin\instrument.dll
Event: 0.201 Loaded shared library C:\Users\damin\.cursor\extensions\redhat.java-1.46.0-win32-x64\jre\21.0.8-win32-x86_64\bin\net.dll
Event: 0.206 Loaded shared library C:\Users\damin\.cursor\extensions\redhat.java-1.46.0-win32-x64\jre\21.0.8-win32-x86_64\bin\nio.dll
Event: 0.210 Loaded shared library C:\Users\damin\.cursor\extensions\redhat.java-1.46.0-win32-x64\jre\21.0.8-win32-x86_64\bin\zip.dll
Event: 0.227 Loaded shared library C:\Users\damin\.cursor\extensions\redhat.java-1.46.0-win32-x64\jre\21.0.8-win32-x86_64\bin\jimage.dll
Event: 0.301 Loaded shared library c:\Users\damin\.cursor\extensions\redhat.java-1.46.0-win32-x64\jre\21.0.8-win32-x86_64\bin\verify.dll
Event: 2.847 Loaded shared library C:\Users\damin\AppData\Roaming\Cursor\User\globalStorage\redhat.java\1.46.0\config_win\org.eclipse.equinox.launcher\org.eclipse.equinox.launcher.win32.win32.x86_64_1.2.1400.v20250801-0854\eclipse_11916.dll
Event: 6.171 Loaded shared library C:\Users\damin\AppData\Local\Temp\jna-95349941\jna7228700687010643123.dll

Deoptimization events (20 events):
Event: 160.329 Thread 0x000002937135de40 Uncommon trap: trap_request=0xffffff45 fr.pc=0x000002931ae64dd0 relative=0x0000000000000410
Event: 160.329 Thread 0x000002937135de40 Uncommon trap: reason=unstable_if action=reinterpret pc=0x000002931ae64dd0 method=org.eclipse.jdt.core.compiler.CharOperation.concatWith([[CC)[C @ 12 c2
Event: 160.329 Thread 0x000002937135de40 DEOPT PACKING pc=0x000002931ae64dd0 sp=0x000000d6436fe190
Event: 160.330 Thread 0x000002937135de40 DEOPT UNPACKING pc=0x000002931a593aa2 sp=0x000000d6436fe150 mode 2
Event: 220.932 Thread 0x000002937135f880 Uncommon trap: trap_request=0xffffffc6 fr.pc=0x000002931b201d90 relative=0x0000000000000770
Event: 220.932 Thread 0x000002937135f880 Uncommon trap: reason=bimorphic_or_optimized_type_check action=maybe_recompile pc=0x000002931b201d90 method=org.eclipse.jdt.internal.compiler.parser.Scanner.getNextToken0()Lorg/eclipse/jdt/internal/compiler/parser/TerminalToken; @ 2880 c2
Event: 220.933 Thread 0x000002937135f880 DEOPT PACKING pc=0x000002931b201d90 sp=0x000000d643bfe950
Event: 220.933 Thread 0x000002937135f880 DEOPT UNPACKING pc=0x000002931a593aa2 sp=0x000000d643bfe898 mode 2
Event: 220.935 Thread 0x000002937135f880 Uncommon trap: trap_request=0xffffffc6 fr.pc=0x000002931b201d90 relative=0x0000000000000770
Event: 220.935 Thread 0x000002937135f880 Uncommon trap: reason=bimorphic_or_optimized_type_check action=maybe_recompile pc=0x000002931b201d90 method=org.eclipse.jdt.internal.compiler.parser.Scanner.getNextToken0()Lorg/eclipse/jdt/internal/compiler/parser/TerminalToken; @ 2880 c2
Event: 220.935 Thread 0x000002937135f880 DEOPT PACKING pc=0x000002931b201d90 sp=0x000000d643bfe950
Event: 220.935 Thread 0x000002937135f880 DEOPT UNPACKING pc=0x000002931a593aa2 sp=0x000000d643bfe898 mode 2
Event: 220.937 Thread 0x000002937135f880 Uncommon trap: trap_request=0xffffffc6 fr.pc=0x000002931b201d90 relative=0x0000000000000770
Event: 220.937 Thread 0x000002937135f880 Uncommon trap: reason=bimorphic_or_optimized_type_check action=maybe_recompile pc=0x000002931b201d90 method=org.eclipse.jdt.internal.compiler.parser.Scanner.getNextToken0()Lorg/eclipse/jdt/internal/compiler/parser/TerminalToken; @ 2880 c2
Event: 220.937 Thread 0x000002937135f880 DEOPT PACKING pc=0x000002931b201d90 sp=0x000000d643bfe950
Event: 220.937 Thread 0x000002937135f880 DEOPT UNPACKING pc=0x000002931a593aa2 sp=0x000000d643bfe898 mode 2
Event: 220.938 Thread 0x000002937135f880 Uncommon trap: trap_request=0xffffffc6 fr.pc=0x000002931b201d90 relative=0x0000000000000770
Event: 220.938 Thread 0x000002937135f880 Uncommon trap: reason=bimorphic_or_optimized_type_check action=maybe_recompile pc=0x000002931b201d90 method=org.eclipse.jdt.internal.compiler.parser.Scanner.getNextToken0()Lorg/eclipse/jdt/internal/compiler/parser/TerminalToken; @ 2880 c2
Event: 220.938 Thread 0x000002937135f880 DEOPT PACKING pc=0x000002931b201d90 sp=0x000000d643bfe950
Event: 220.938 Thread 0x000002937135f880 DEOPT UNPACKING pc=0x000002931a593aa2 sp=0x000000d643bfe898 mode 2

Classes loaded (20 events):
Event: 32.712 Loading class sun/util/cldr/CLDRTimeZoneNameProviderImpl
Event: 32.712 Loading class sun/util/locale/provider/TimeZoneNameProviderImpl
Event: 32.713 Loading class sun/util/locale/provider/TimeZoneNameProviderImpl done
Event: 32.713 Loading class sun/util/cldr/CLDRTimeZoneNameProviderImpl done
Event: 32.714 Loading class sun/util/resources/cldr/TimeZoneNames
Event: 32.715 Loading class sun/util/resources/TimeZoneNamesBundle
Event: 32.715 Loading class sun/util/resources/OpenListResourceBundle
Event: 32.715 Loading class sun/util/resources/OpenListResourceBundle done
Event: 32.715 Loading class sun/util/resources/TimeZoneNamesBundle done
Event: 32.715 Loading class sun/util/resources/cldr/TimeZoneNames done
Event: 32.715 Loading class sun/util/resources/cldr/TimeZoneNames_en
Event: 32.717 Loading class sun/util/resources/cldr/TimeZoneNames_en done
Event: 32.717 Loading class sun/util/resources/cldr/TimeZoneNames_en_US
Event: 32.717 Loading class sun/util/resources/cldr/TimeZoneNames_en_US done
Event: 32.719 Loading class sun/util/cldr/CLDRBaseLocaleDataMetaInfo$TZCanonicalIDMapHolder
Event: 32.720 Loading class sun/util/cldr/CLDRBaseLocaleDataMetaInfo$TZCanonicalIDMapHolder done
Event: 32.722 Loading class sun/util/resources/TimeZoneNames
Event: 32.723 Loading class sun/util/resources/TimeZoneNames done
Event: 32.724 Loading class sun/util/resources/TimeZoneNames_en
Event: 32.724 Loading class sun/util/resources/TimeZoneNames_en done

Classes unloaded (7 events):
Event: 6.998 Thread 0x000002930fec0c30 Unloading class 0x00000293281a5000 'java/lang/invoke/LambdaForm$MH+0x00000293281a5000'
Event: 6.998 Thread 0x000002930fec0c30 Unloading class 0x00000293281a4c00 'java/lang/invoke/LambdaForm$MH+0x00000293281a4c00'
Event: 6.998 Thread 0x000002930fec0c30 Unloading class 0x00000293281a4800 'java/lang/invoke/LambdaForm$MH+0x00000293281a4800'
Event: 6.998 Thread 0x000002930fec0c30 Unloading class 0x00000293281a4400 'java/lang/invoke/LambdaForm$MH+0x00000293281a4400'
Event: 6.998 Thread 0x000002930fec0c30 Unloading class 0x00000293281a4000 'java/lang/invoke/LambdaForm$BMH+0x00000293281a4000'
Event: 6.998 Thread 0x000002930fec0c30 Unloading class 0x00000293281a3c00 'java/lang/invoke/LambdaForm$DMH+0x00000293281a3c00'
Event: 6.998 Thread 0x000002930fec0c30 Unloading class 0x00000293281a2800 'java/lang/invoke/LambdaForm$DMH+0x00000293281a2800'

Classes redefined (0 events):
No events

Internal exceptions (20 events):
Event: 18.343 Thread 0x000002936ed08ba0 Exception <a 'java/io/FileNotFoundException'{0x00000000d6656068}> (0x00000000d6656068) 
thrown [s\src\hotspot\share\prims\jni.cpp, line 520]
Event: 18.528 Thread 0x000002936ed05db0 Implicit null exception at 0x000002931aff9277 to 0x000002931aff94e0
Event: 18.597 Thread 0x000002936ed05db0 Exception <a 'java/lang/NoSuchMethodError'{0x00000000d666b4b8}: 'void java.lang.invoke.DirectMethodHandle$Holder.invokeInterface(java.lang.Object, java.lang.Object)'> (0x00000000d666b4b8) 
thrown [s\src\hotspot\share\interpreter\linkResolver.cpp, line 773]
Event: 18.634 Thread 0x000002937135d7b0 Implicit null exception at 0x000002931b071b5a to 0x000002931b071bb3
Event: 18.639 Thread 0x00000293729e4180 Exception <a 'java/lang/NoSuchMethodError'{0x00000000d5d7bc98}: 'void java.lang.invoke.DirectMethodHandle$Holder.invokeSpecial(java.lang.Object, java.lang.Object, java.lang.Object, java.lang.Object, java.lang.Object, java.lang.Object, java.lang.Object, java.lang.Object)'> (0x00000000d5d7bc98) 
thrown [s\src\hotspot\share\interpreter\linkResolver.cpp, line 773]
Event: 18.639 Thread 0x00000293729e3460 Exception <a 'java/lang/NoSuchMethodError'{0x00000000d5c5db18}: 'void java.lang.invoke.DirectMethodHandle$Holder.invokeSpecial(java.lang.Object, java.lang.Object, java.lang.Object, java.lang.Object, java.lang.Object, java.lang.Object, java.lang.Object, java.lang.Object)'> (0x00000000d5c5db18) 
thrown [s\src\hotspot\share\interpreter\linkResolver.cpp, line 773]
Event: 19.813 Thread 0x000002936ed05db0 Exception <a 'sun/nio/fs/WindowsException'{0x00000000d5c12970}> (0x00000000d5c12970) 
thrown [s\src\hotspot\share\prims\jni.cpp, line 520]
Event: 19.813 Thread 0x000002936ed05db0 Exception <a 'sun/nio/fs/WindowsException'{0x00000000d5c13250}> (0x00000000d5c13250) 
thrown [s\src\hotspot\share\prims\jni.cpp, line 520]
Event: 20.354 Thread 0x000002937135e4d0 Exception <a 'sun/nio/fs/WindowsException'{0x00000000d5ffc378}> (0x00000000d5ffc378) 
thrown [s\src\hotspot\share\prims\jni.cpp, line 520]
Event: 20.355 Thread 0x000002937135e4d0 Exception <a 'sun/nio/fs/WindowsException'{0x00000000d5ffcc78}> (0x00000000d5ffcc78) 
thrown [s\src\hotspot\share\prims\jni.cpp, line 520]
Event: 20.356 Thread 0x000002937135e4d0 Exception <a 'sun/nio/fs/WindowsException'{0x00000000d5ffd9c0}> (0x00000000d5ffd9c0) 
thrown [s\src\hotspot\share\prims\jni.cpp, line 520]
Event: 20.356 Thread 0x000002937135e4d0 Exception <a 'sun/nio/fs/WindowsException'{0x00000000d5ffe2a0}> (0x00000000d5ffe2a0) 
thrown [s\src\hotspot\share\prims\jni.cpp, line 520]
Event: 20.357 Thread 0x000002937135e4d0 Exception <a 'sun/nio/fs/WindowsException'{0x00000000d5fffab0}> (0x00000000d5fffab0) 
thrown [s\src\hotspot\share\prims\jni.cpp, line 520]
Event: 20.357 Thread 0x000002937135e4d0 Exception <a 'sun/nio/fs/WindowsException'{0x00000000d6000390}> (0x00000000d6000390) 
thrown [s\src\hotspot\share\prims\jni.cpp, line 520]
Event: 20.366 Thread 0x000002937135e4d0 Exception <a 'sun/nio/fs/WindowsException'{0x00000000d61bddd8}> (0x00000000d61bddd8) 
thrown [s\src\hotspot\share\prims\jni.cpp, line 520]
Event: 20.367 Thread 0x000002937135e4d0 Exception <a 'sun/nio/fs/WindowsException'{0x00000000d61be6b8}> (0x00000000d61be6b8) 
thrown [s\src\hotspot\share\prims\jni.cpp, line 520]
Event: 20.509 Thread 0x000002936ed05db0 Exception <a 'java/lang/NoSuchMethodError'{0x00000000d5cc3248}: 'java.lang.Object java.lang.invoke.DirectMethodHandle$Holder.invokeStatic(java.lang.Object, java.lang.Object, int, java.lang.Object)'> (0x00000000d5cc3248) 
thrown [s\src\hotspot\share\interpreter\linkResolver.cpp, line 773]
Event: 20.510 Thread 0x000002936ed05db0 Exception <a 'java/lang/NoSuchMethodError'{0x00000000d5cc9878}: 'java.lang.Object java.lang.invoke.DirectMethodHandle$Holder.newInvokeSpecial(java.lang.Object, java.lang.Object, int)'> (0x00000000d5cc9878) 
thrown [s\src\hotspot\share\interpreter\linkResolver.cpp, line 773]
Event: 35.787 Thread 0x00000293713588f0 Exception <a 'java/lang/IncompatibleClassChangeError'{0x00000000d5647850}: Found class java.lang.Object, but interface was expected> (0x00000000d5647850) 
thrown [s\src\hotspot\share\interpreter\linkResolver.cpp, line 840]
Event: 35.955 Thread 0x000002937135e4d0 Exception <a 'java/lang/NoSuchMethodError'{0x00000000d57a7c48}: 'java.lang.Object java.lang.invoke.DirectMethodHandle$Holder.invokeStatic(java.lang.Object, int, java.lang.Object)'> (0x00000000d57a7c48) 
thrown [s\src\hotspot\share\interpreter\linkResolver.cpp, line 773]

ZGC Phase Switch (0 events):
No events

VM Operations (20 events):
Event: 159.688 Executing VM operation: HandshakeAllThreads (Deoptimize)
Event: 159.688 Executing VM operation: HandshakeAllThreads (Deoptimize) done
Event: 159.729 Executing VM operation: HandshakeAllThreads (Deoptimize)
Event: 159.729 Executing VM operation: HandshakeAllThreads (Deoptimize) done
Event: 159.798 Executing VM operation: HandshakeAllThreads (Deoptimize)
Event: 159.798 Executing VM operation: HandshakeAllThreads (Deoptimize) done
Event: 159.814 Executing VM operation: HandshakeAllThreads (Deoptimize)
Event: 159.814 Executing VM operation: HandshakeAllThreads (Deoptimize) done
Event: 159.832 Executing VM operation: HandshakeAllThreads (Deoptimize)
Event: 159.833 Executing VM operation: HandshakeAllThreads (Deoptimize) done
Event: 160.834 Executing VM operation: Cleanup
Event: 160.835 Executing VM operation: Cleanup done
Event: 180.289 Executing VM operation: HandshakeAllThreads (HandshakeForDeflation)
Event: 180.290 Executing VM operation: HandshakeAllThreads (HandshakeForDeflation) done
Event: 180.290 Executing VM operation: RendezvousGCThreads
Event: 180.290 Executing VM operation: RendezvousGCThreads done
Event: 221.159 Executing VM operation: ParallelGCFailedAllocation (Allocation Failure)
Event: 221.217 Executing VM operation: ParallelGCFailedAllocation (Allocation Failure) done
Event: 222.220 Executing VM operation: Cleanup
Event: 222.221 Executing VM operation: Cleanup done

Memory protections (0 events):
No events

Nmethod flushes (20 events):
Event: 15.078 Thread 0x000002930fec0c30 flushing  nmethod 0x00000293137d2510
Event: 15.078 Thread 0x000002930fec0c30 flushing osr nmethod 0x0000029313824110
Event: 15.078 Thread 0x000002930fec0c30 flushing  nmethod 0x0000029313838c90
Event: 15.078 Thread 0x000002930fec0c30 flushing  nmethod 0x0000029313867b10
Event: 15.078 Thread 0x000002930fec0c30 flushing  nmethod 0x0000029313884290
Event: 15.078 Thread 0x000002930fec0c30 flushing  nmethod 0x0000029313885810
Event: 15.078 Thread 0x000002930fec0c30 flushing  nmethod 0x0000029313887610
Event: 15.078 Thread 0x000002930fec0c30 flushing  nmethod 0x0000029313894790
Event: 15.078 Thread 0x000002930fec0c30 flushing  nmethod 0x000002931389e610
Event: 15.078 Thread 0x000002930fec0c30 flushing  nmethod 0x00000293138a3910
Event: 15.078 Thread 0x000002930fec0c30 flushing  nmethod 0x00000293138a4210
Event: 15.078 Thread 0x000002930fec0c30 flushing  nmethod 0x00000293138a4590
Event: 15.078 Thread 0x000002930fec0c30 flushing  nmethod 0x00000293138da610
Event: 15.078 Thread 0x000002930fec0c30 flushing  nmethod 0x00000293138e8390
Event: 15.078 Thread 0x000002930fec0c30 flushing  nmethod 0x00000293138e9410
Event: 15.078 Thread 0x000002930fec0c30 flushing  nmethod 0x00000293138edf10
Event: 15.078 Thread 0x000002930fec0c30 flushing  nmethod 0x00000293138ee410
Event: 15.078 Thread 0x000002930fec0c30 flushing  nmethod 0x00000293138ef990
Event: 15.078 Thread 0x000002930fec0c30 flushing  nmethod 0x00000293138f1210
Event: 15.078 Thread 0x000002930fec0c30 flushing  nmethod 0x00000293138fb210

Events (20 events):
Event: 18.634 Thread 0x000002936ed05db0 Thread added: 0x00000293729e0670
Event: 18.635 Thread 0x000002936ed05db0 Thread added: 0x00000293729e4180
Event: 18.635 Thread 0x000002936ed05db0 Thread added: 0x00000293729e0d00
Event: 19.496 Thread 0x00000293729e3460 Thread exited: 0x00000293729e3460
Event: 19.496 Thread 0x00000293729e3af0 Thread exited: 0x00000293729e3af0
Event: 19.496 Thread 0x00000293729e0d00 Thread exited: 0x00000293729e0d00
Event: 19.496 Thread 0x00000293729e0670 Thread exited: 0x00000293729e0670
Event: 19.497 Thread 0x00000293729e4180 Thread exited: 0x00000293729e4180
Event: 26.080 Thread 0x0000029371d54ae0 Thread exited: 0x0000029371d54ae0
Event: 26.345 Thread 0x0000029371bfd8e0 Thread exited: 0x0000029371bfd8e0
Event: 79.987 Thread 0x000002936ed06ad0 Thread exited: 0x000002936ed06ad0
Event: 79.987 Thread 0x000002936ed08ba0 Thread exited: 0x000002936ed08ba0
Event: 80.493 Thread 0x000002936ed05720 Thread exited: 0x000002936ed05720
Event: 80.864 Thread 0x000002936ed05db0 Thread exited: 0x000002936ed05db0
Event: 95.980 Thread 0x000002937135e4d0 Thread exited: 0x000002937135e4d0
Event: 156.082 Thread 0x000002937135d7b0 Thread exited: 0x000002937135d7b0
Event: 160.104 Thread 0x000002937135a9c0 Thread added: 0x00000293729e0670
Event: 160.111 Thread 0x00000293729e1a20 Thread added: 0x00000293729e3460
Event: 220.493 Thread 0x000002937135de40 Thread exited: 0x000002937135de40
Event: 221.051 Thread 0x00000293729e0670 Thread added: 0x00000293729e3af0


Dynamic libraries:
0x00007ff703360000 - 0x00007ff70336e000 	c:\Users\damin\.cursor\extensions\redhat.java-1.46.0-win32-x64\jre\21.0.8-win32-x86_64\bin\java.exe
0x00007ffa2d360000 - 0x00007ffa2d5c8000 	C:\WINDOWS\SYSTEM32\ntdll.dll
0x00007ffa2be90000 - 0x00007ffa2bf59000 	C:\WINDOWS\System32\KERNEL32.DLL
0x00007ffa2a6c0000 - 0x00007ffa2aab2000 	C:\WINDOWS\System32\KERNELBASE.dll
0x00007ffa2ac10000 - 0x00007ffa2ad5b000 	C:\WINDOWS\System32\ucrtbase.dll
0x00007ff9c2de0000 - 0x00007ff9c2df8000 	c:\Users\damin\.cursor\extensions\redhat.java-1.46.0-win32-x64\jre\21.0.8-win32-x86_64\bin\jli.dll
0x00007ff9bf070000 - 0x00007ff9bf08e000 	c:\Users\damin\.cursor\extensions\redhat.java-1.46.0-win32-x64\jre\21.0.8-win32-x86_64\bin\VCRUNTIME140.dll
0x00007ffa2cae0000 - 0x00007ffa2cca5000 	C:\WINDOWS\System32\USER32.dll
0x00007ffa2ad60000 - 0x00007ffa2ad87000 	C:\WINDOWS\System32\win32u.dll
0x00007ffa0ddc0000 - 0x00007ffa0e053000 	C:\WINDOWS\WinSxS\amd64_microsoft.windows.common-controls_6595b64144ccf1df_6.0.26100.6899_none_3e0efeeae32e88c1\COMCTL32.dll
0x00007ffa2b700000 - 0x00007ffa2b72b000 	C:\WINDOWS\System32\GDI32.dll
0x00007ffa2bd00000 - 0x00007ffa2bda9000 	C:\WINDOWS\System32\msvcrt.dll
0x00007ffa2a590000 - 0x00007ffa2a6bd000 	C:\WINDOWS\System32\gdi32full.dll
0x00007ffa2af10000 - 0x00007ffa2afb3000 	C:\WINDOWS\System32\msvcp_win.dll
0x00007ffa2d220000 - 0x00007ffa2d24f000 	C:\WINDOWS\System32\IMM32.DLL
0x00007ff9d6050000 - 0x00007ff9d605c000 	c:\Users\damin\.cursor\extensions\redhat.java-1.46.0-win32-x64\jre\21.0.8-win32-x86_64\bin\vcruntime140_1.dll
0x00007ff95c5b0000 - 0x00007ff95c63d000 	c:\Users\damin\.cursor\extensions\redhat.java-1.46.0-win32-x64\jre\21.0.8-win32-x86_64\bin\msvcp140.dll
0x00007ff931b50000 - 0x00007ff9328e7000 	c:\Users\damin\.cursor\extensions\redhat.java-1.46.0-win32-x64\jre\21.0.8-win32-x86_64\bin\server\jvm.dll
0x00007ffa2d260000 - 0x00007ffa2d314000 	C:\WINDOWS\System32\ADVAPI32.dll
0x00007ffa2ccb0000 - 0x00007ffa2cd56000 	C:\WINDOWS\System32\sechost.dll
0x00007ffa2b750000 - 0x00007ffa2b868000 	C:\WINDOWS\System32\RPCRT4.dll
0x00007ffa2c880000 - 0x00007ffa2c8f4000 	C:\WINDOWS\System32\WS2_32.dll
0x00007ffa2a370000 - 0x00007ffa2a3ce000 	C:\WINDOWS\SYSTEM32\POWRPROF.dll
0x00007ffa227f0000 - 0x00007ffa227fb000 	C:\WINDOWS\SYSTEM32\VERSION.dll
0x00007ffa22a10000 - 0x00007ffa22a45000 	C:\WINDOWS\SYSTEM32\WINMM.dll
0x00007ffa2a330000 - 0x00007ffa2a344000 	C:\WINDOWS\SYSTEM32\UMPDC.dll
0x00007ffa292c0000 - 0x00007ffa292db000 	C:\WINDOWS\SYSTEM32\kernel.appcore.dll
0x00007ff9d5f60000 - 0x00007ff9d5f6a000 	c:\Users\damin\.cursor\extensions\redhat.java-1.46.0-win32-x64\jre\21.0.8-win32-x86_64\bin\jimage.dll
0x00007ffa27b50000 - 0x00007ffa27d92000 	C:\WINDOWS\SYSTEM32\DBGHELP.DLL
0x00007ffa2b200000 - 0x00007ffa2b57b000 	C:\WINDOWS\System32\combase.dll
0x00007ffa2bdb0000 - 0x00007ffa2be87000 	C:\WINDOWS\System32\OLEAUT32.dll
0x00007ffa0aeb0000 - 0x00007ffa0aeec000 	C:\WINDOWS\SYSTEM32\dbgcore.DLL
0x00007ffa2a4f0000 - 0x00007ffa2a588000 	C:\WINDOWS\System32\bcryptPrimitives.dll
0x00007ff9d6120000 - 0x00007ff9d612f000 	c:\Users\damin\.cursor\extensions\redhat.java-1.46.0-win32-x64\jre\21.0.8-win32-x86_64\bin\instrument.dll
0x00007ff9b7900000 - 0x00007ff9b791f000 	c:\Users\damin\.cursor\extensions\redhat.java-1.46.0-win32-x64\jre\21.0.8-win32-x86_64\bin\java.dll
0x00007ffa2c130000 - 0x00007ffa2c87d000 	C:\WINDOWS\System32\SHELL32.dll
0x00007ffa2afc0000 - 0x00007ffa2b12b000 	C:\WINDOWS\System32\wintypes.dll
0x00007ffa28110000 - 0x00007ffa2896d000 	C:\WINDOWS\SYSTEM32\windows.storage.dll
0x00007ffa2cfc0000 - 0x00007ffa2d0b2000 	C:\WINDOWS\System32\SHCORE.dll
0x00007ffa2b190000 - 0x00007ffa2b1f2000 	C:\WINDOWS\System32\shlwapi.dll
0x00007ffa2a410000 - 0x00007ffa2a439000 	C:\WINDOWS\SYSTEM32\profapi.dll
0x00007ff9be4f0000 - 0x00007ff9be508000 	c:\Users\damin\.cursor\extensions\redhat.java-1.46.0-win32-x64\jre\21.0.8-win32-x86_64\bin\zip.dll
0x00007ff9d6110000 - 0x00007ff9d6120000 	C:\Users\damin\.cursor\extensions\redhat.java-1.46.0-win32-x64\jre\21.0.8-win32-x86_64\bin\net.dll
0x00007ffa1c670000 - 0x00007ffa1c78f000 	C:\WINDOWS\SYSTEM32\WINHTTP.dll
0x00007ffa29830000 - 0x00007ffa2989b000 	C:\WINDOWS\system32\mswsock.dll
0x00007ff9d60f0000 - 0x00007ff9d6106000 	C:\Users\damin\.cursor\extensions\redhat.java-1.46.0-win32-x64\jre\21.0.8-win32-x86_64\bin\nio.dll
0x00007ff9d60e0000 - 0x00007ff9d60f0000 	c:\Users\damin\.cursor\extensions\redhat.java-1.46.0-win32-x64\jre\21.0.8-win32-x86_64\bin\verify.dll
0x00007ff9d6090000 - 0x00007ff9d60d4000 	C:\Users\damin\AppData\Roaming\Cursor\User\globalStorage\redhat.java\1.46.0\config_win\org.eclipse.equinox.launcher\org.eclipse.equinox.launcher.win32.win32.x86_64_1.2.1400.v20250801-0854\eclipse_11916.dll
0x00007ffa2bf60000 - 0x00007ffa2c0f8000 	C:\WINDOWS\System32\ole32.dll
0x00007ffa29ae0000 - 0x00007ffa29afb000 	C:\WINDOWS\SYSTEM32\CRYPTSP.dll
0x00007ffa29200000 - 0x00007ffa2923b000 	C:\WINDOWS\system32\rsaenh.dll
0x00007ffa298d0000 - 0x00007ffa298fb000 	C:\WINDOWS\SYSTEM32\USERENV.dll
0x00007ffa2a3e0000 - 0x00007ffa2a406000 	C:\WINDOWS\SYSTEM32\bcrypt.dll
0x00007ffa29b00000 - 0x00007ffa29b0c000 	C:\WINDOWS\SYSTEM32\CRYPTBASE.dll
0x00007ffa28de0000 - 0x00007ffa28e14000 	C:\WINDOWS\SYSTEM32\IPHLPAPI.DLL
0x00007ffa2d0c0000 - 0x00007ffa2d0ca000 	C:\WINDOWS\System32\NSI.dll
0x00007ff968210000 - 0x00007ff968259000 	C:\Users\damin\AppData\Local\Temp\jna-95349941\jna7228700687010643123.dll
0x00007ffa2b180000 - 0x00007ffa2b188000 	C:\WINDOWS\System32\PSAPI.DLL
0x00007ffa24040000 - 0x00007ffa2405e000 	C:\WINDOWS\SYSTEM32\dhcpcsvc6.DLL
0x00007ffa24010000 - 0x00007ffa24033000 	C:\WINDOWS\SYSTEM32\dhcpcsvc.DLL

JVMTI agents:
c:\Users\damin\.cursor\extensions\redhat.java-1.46.0-win32-x64\lombok\lombok-1.18.39-4050.jar path:c:\Users\damin\.cursor\extensions\redhat.java-1.46.0-win32-x64\jre\21.0.8-win32-x86_64\bin\instrument.dll, loaded, initialized, instrumentlib options:none

dbghelp: loaded successfully - version: 4.0.5 - missing functions: none
symbol engine: initialized successfully - sym options: 0x614 - pdb path: .;c:\Users\damin\.cursor\extensions\redhat.java-1.46.0-win32-x64\jre\21.0.8-win32-x86_64\bin;C:\WINDOWS\SYSTEM32;C:\WINDOWS\WinSxS\amd64_microsoft.windows.common-controls_6595b64144ccf1df_6.0.26100.6899_none_3e0efeeae32e88c1;c:\Users\damin\.cursor\extensions\redhat.java-1.46.0-win32-x64\jre\21.0.8-win32-x86_64\bin\server;C:\Users\damin\AppData\Roaming\Cursor\User\globalStorage\redhat.java\1.46.0\config_win\org.eclipse.equinox.launcher\org.eclipse.equinox.launcher.win32.win32.x86_64_1.2.1400.v20250801-0854;C:\Users\damin\AppData\Local\Temp\jna-95349941

VM Arguments:
jvm_args: --add-modules=ALL-SYSTEM --add-opens=java.base/java.util=ALL-UNNAMED --add-opens=java.base/java.lang=ALL-UNNAMED --add-opens=java.base/sun.nio.fs=ALL-UNNAMED -Declipse.application=org.eclipse.jdt.ls.core.id1 -Dosgi.bundles.defaultStartLevel=4 -Declipse.product=org.eclipse.jdt.ls.core.product -Djava.import.generatesMetadataFilesAtProjectRoot=false -DDetectVMInstallationsJob.disabled=true -Dfile.encoding=utf8 -XX:+UseParallelGC -XX:GCTimeRatio=4 -XX:AdaptiveSizePolicyWeight=90 -Dsun.zip.disableMemoryMapping=true -Xmx2G -Xms100m -Xlog:disable -javaagent:c:\Users\damin\.cursor\extensions\redhat.java-1.46.0-win32-x64\lombok\lombok-1.18.39-4050.jar -XX:+HeapDumpOnOutOfMemoryError -XX:HeapDumpPath=c:\Users\damin\AppData\Roaming\Cursor\User\workspaceStorage\0fff20a0ddf8a580ce308bc09cb831c3\redhat.java -Daether.dependencyCollector.impl=bf 
java_command: c:\Users\damin\.cursor\extensions\redhat.java-1.46.0-win32-x64\server\plugins\org.eclipse.equinox.launcher_1.7.0.v20250519-0528.jar -configuration c:\Users\damin\AppData\Roaming\Cursor\User\globalStorage\redhat.java\1.46.0\config_win -data c:\Users\damin\AppData\Roaming\Cursor\User\workspaceStorage\0fff20a0ddf8a580ce308bc09cb831c3\redhat.java\jdt_ws --pipe=\\.\pipe\lsp-70082d4a85e7d047cceb5e531cfc461a-sock
java_class_path (initial): c:\Users\damin\.cursor\extensions\redhat.java-1.46.0-win32-x64\server\plugins\org.eclipse.equinox.launcher_1.7.0.v20250519-0528.jar
Launcher Type: SUN_STANDARD

[Global flags]
    uintx AdaptiveSizePolicyWeight                 = 90                                        {product} {command line}
     intx CICompilerCount                          = 4                                         {product} {ergonomic}
    uintx GCTimeRatio                              = 4                                         {product} {command line}
     bool HeapDumpOnOutOfMemoryError               = true                                   {manageable} {command line}
    ccstr HeapDumpPath                             = c:\Users\damin\AppData\Roaming\Cursor\User\workspaceStorage\0fff20a0ddf8a580ce308bc09cb831c3\redhat.java         {manageable} {command line}
   size_t InitialHeapSize                          = 104857600                                 {product} {command line}
   size_t MaxHeapSize                              = 2147483648                                {product} {command line}
   size_t MaxNewSize                               = 715653120                                 {product} {ergonomic}
   size_t MinHeapDeltaBytes                        = 524288                                    {product} {ergonomic}
   size_t MinHeapSize                              = 104857600                                 {product} {command line}
   size_t NewSize                                  = 34603008                                  {product} {ergonomic}
    uintx NonNMethodCodeHeapSize                   = 5839372                                {pd product} {ergonomic}
    uintx NonProfiledCodeHeapSize                  = 122909434                              {pd product} {ergonomic}
   size_t OldSize                                  = 70254592                                  {product} {ergonomic}
    uintx ProfiledCodeHeapSize                     = 122909434                              {pd product} {ergonomic}
    uintx ReservedCodeCacheSize                    = 251658240                              {pd product} {ergonomic}
     bool SegmentedCodeCache                       = true                                      {product} {ergonomic}
   size_t SoftMaxHeapSize                          = 2147483648                             {manageable} {ergonomic}
     bool UseCompressedOops                        = true                           {product lp64_product} {ergonomic}
     bool UseLargePagesIndividualAllocation        = false                                  {pd product} {ergonomic}
     bool UseParallelGC                            = true                                      {product} {command line}

Logging:
Log output configuration:
 #0: stdout all=off uptime,level,tags foldmultilines=false
 #1: stderr all=off uptime,level,tags foldmultilines=false

Environment Variables:
JAVA_HOME=C:\Program Files\Java\jdk-21
PATH=C:\Program Files\Python313\Scripts\;C:\Program Files\Python313\;C:\Program Files\Microsoft MPI\Bin\;C:\Program Files\Common Files\Oracle\Java\javapath;C:\WINDOWS\system32;C:\WINDOWS;C:\WINDOWS\System32\Wbem;C:\WINDOWS\System32\WindowsPowerShell\v1.0\;C:\WINDOWS\System32\OpenSSH\;C:\Program Files\Java\jdk-23\bin;C:\Program Files\Java\apache-maven-3.9.9\bin;C:\ProgramData\chocolatey\bin;C:\Users\damin\Downloads\apache-maven-3.9.9\bin;C:\apache-tomcat-10.1.40\bin;C:\Program Files\Git\cmd;C:\Program Files (x86)\Microsoft SQL Server\160\Tools\Binn\;C:\Program Files\Microsoft SQL Server\160\Tools\Binn\;C:\Program Files\Microsoft SQL Server\Client SDK\ODBC\170\Tools\Binn\;C:\Program Files\Microsoft SQL Server\160\DTS\Binn\;C:\Program Files (x86)\Microsoft SQL Server\160\DTS\Binn\;C:\maven\apache-maven-3.9.11\bin;C:\Program Files\nodejs\;C:\Program Files\MySQL\MySQL Server 8.0\bin;C:\Program Files\cursor\resources\app\bin;C:\Program Files\Java\jdk-21\bin;C:\Program Files\apache-maven-3.9.11\bin;C:\Program Files\MySQL\MySQL Shell 8.0\bin\;C:\Users\damin\AppData\Local\Microsoft\WindowsApps;C:\Program Files\Java\apache-maven-3.9.9\bin;C:\ProgramData\damin\GitHubDesktop\bin;C:\Program Files\JetBrains\IntelliJ IDEA 2025.1.1\bin;C:\Program Files\JetBrains\IntelliJ IDEA Community Edition 2025.1.1.1\bin;C:\Program Files\Azure Data Studio\bin;C:\Users\damin\AppData\Roaming\npm;C:\Users\damin\AppData\Local\Programs\Microsoft VS Code\bin;C:\Users\damin\AppData\Local\JetBrains\Toolbox\scripts;
USERNAME=damin
OS=Windows_NT
PROCESSOR_IDENTIFIER=Intel64 Family 6 Model 154 Stepping 4, GenuineIntel
TMP=C:\Users\damin\AppData\Local\Temp
TEMP=C:\Users\damin\AppData\Local\Temp




Periodic native trim disabled

---------------  S Y S T E M  ---------------

OS:
 Windows 11 , 64 bit Build 26100 (10.0.26100.6725)
OS uptime: 0 days 9:27 hours
Hyper-V role detected

CPU: total 12 (initial active 12) (6 cores per cpu, 2 threads per core) family 6 model 154 stepping 4 microcode 0x437, cx8, cmov, fxsr, ht, mmx, 3dnowpref, sse, sse2, sse3, ssse3, sse4.1, sse4.2, popcnt, lzcnt, tsc, tscinvbit, avx, avx2, aes, erms, clmul, bmi1, bmi2, adx, sha, fma, vzeroupper, clflush, clflushopt, clwb, hv, serialize, rdtscp, rdpid, fsrm, f16c, cet_ibt, cet_ss
Processor Information for processor 0
  Max Mhz: 1300, Current Mhz: 1300, Mhz Limit: 1300
Processor Information for processor 1
  Max Mhz: 1300, Current Mhz: 1300, Mhz Limit: 1300
Processor Information for processor 2
  Max Mhz: 1300, Current Mhz: 1300, Mhz Limit: 1300
Processor Information for processor 3
  Max Mhz: 1300, Current Mhz: 1300, Mhz Limit: 1300
Processor Information for processor 4
  Max Mhz: 900, Current Mhz: 900, Mhz Limit: 900
Processor Information for processor 5
  Max Mhz: 900, Current Mhz: 900, Mhz Limit: 900
Processor Information for processor 6
  Max Mhz: 900, Current Mhz: 900, Mhz Limit: 900
Processor Information for processor 7
  Max Mhz: 900, Current Mhz: 900, Mhz Limit: 900
Processor Information for processor 8
  Max Mhz: 900, Current Mhz: 900, Mhz Limit: 900
Processor Information for processor 9
  Max Mhz: 900, Current Mhz: 900, Mhz Limit: 900
Processor Information for processor 10
  Max Mhz: 900, Current Mhz: 900, Mhz Limit: 900
Processor Information for processor 11
  Max Mhz: 900, Current Mhz: 900, Mhz Limit: 900

Memory: 4k page, system-wide physical 7916M (607M free)
TotalPageFile size 32492M (AvailPageFile size 1M)
current process WorkingSet (physical memory assigned to process): 86M, peak: 365M
current process commit charge ("private bytes"): 382M, peak: 440M

vm_info: OpenJDK 64-Bit Server VM (21.0.8+9-LTS) for windows-amd64 JRE (21.0.8+9-LTS), built on 2025-07-15T00:00:00Z by "admin" with MS VC++ 17.7 (VS2022)

END.
