#
# There is insufficient memory for the Java Runtime Environment to continue.
# Native memory allocation (malloc) failed to allocate 1510976 bytes. Error detail: Chunk::new
# Possible reasons:
#   The system is out of physical RAM or swap space
#   This process is running with CompressedOops enabled, and the Java Heap may be blocking the growth of the native heap
# Possible solutions:
#   Reduce memory load on the system
#   Increase physical memory or swap space
#   Check if swap backing store is full
#   Decrease Java heap size (-Xmx/-Xms)
#   Decrease number of Java threads
#   Decrease Java thread stack sizes (-Xss)
#   Set larger code cache with -XX:ReservedCodeCacheSize=
#   JVM is running with Unscaled Compressed Oops mode in which the Java heap is
#     placed in the first 4GB address space. The Java Heap base address is the
#     maximum limit for the native heap growth. Please use -XX:HeapBaseMinAddress
#     to set the Java Heap base and to place the Java Heap above 4GB virtual address.
# This output file may be truncated or incomplete.
#
#  Out of Memory Error (arena.cpp:168), pid=9024, tid=28708
#
# JRE version: OpenJDK Runtime Environment Temurin-21.0.8+9 (21.0.8+9) (build 21.0.8+9-LTS)
# Java VM: OpenJDK 64-Bit Server VM Temurin-21.0.8+9 (21.0.8+9-LTS, mixed mode, sharing, tiered, compressed oops, compressed class ptrs, parallel gc, windows-amd64)
# No core dump will be written. Minidumps are not enabled by default on client versions of Windows
#

---------------  S U M M A R Y ------------

Command Line: --add-modules=ALL-SYSTEM --add-opens=java.base/java.util=ALL-UNNAMED --add-opens=java.base/java.lang=ALL-UNNAMED --add-opens=java.base/sun.nio.fs=ALL-UNNAMED -Declipse.application=org.eclipse.jdt.ls.core.id1 -Dosgi.bundles.defaultStartLevel=4 -Declipse.product=org.eclipse.jdt.ls.core.product -Djava.import.generatesMetadataFilesAtProjectRoot=false -DDetectVMInstallationsJob.disabled=true -Dfile.encoding=utf8 -XX:+UseParallelGC -XX:GCTimeRatio=4 -XX:AdaptiveSizePolicyWeight=90 -Dsun.zip.disableMemoryMapping=true -Xmx2G -Xms100m -Xlog:disable -javaagent:c:\Users\damin\.cursor\extensions\redhat.java-1.46.0-win32-x64\lombok\lombok-1.18.39-4050.jar -XX:+HeapDumpOnOutOfMemoryError -XX:HeapDumpPath=c:\Users\damin\AppData\Roaming\Cursor\User\workspaceStorage\0fff20a0ddf8a580ce308bc09cb831c3\redhat.java -Daether.dependencyCollector.impl=bf c:\Users\damin\.cursor\extensions\redhat.java-1.46.0-win32-x64\server\plugins\org.eclipse.equinox.launcher_1.7.0.v20250519-0528.jar -configuration c:\Users\damin\AppData\Roaming\Cursor\User\globalStorage\redhat.java\1.46.0\config_win -data c:\Users\damin\AppData\Roaming\Cursor\User\workspaceStorage\0fff20a0ddf8a580ce308bc09cb831c3\redhat.java\jdt_ws --pipe=\\.\pipe\lsp-95f367584fdb14d964770e9a10e321e1-sock

Host: 12th Gen Intel(R) Core(TM) i5-1235U, 12 cores, 7G,  Windows 11 , 64 bit Build 26100 (10.0.26100.6725)
Time: Tue Oct 21 19:32:20 2025 Sri Lanka Standard Time elapsed time: 90.646113 seconds (0d 0h 1m 30s)

---------------  T H R E A D  ---------------

Current thread (0x0000026a14821210):  JavaThread "C2 CompilerThread0" daemon [_thread_in_native, id=28708, stack(0x000000b667e00000,0x000000b667f00000) (1024K)]


Current CompileTask:
C2:90646 11764       4       org.eclipse.jdt.internal.compiler.lookup.BinaryTypeBinding::createMethod (1666 bytes)

Stack: [0x000000b667e00000,0x000000b667f00000]
Native frames: (J=compiled Java code, j=interpreted, Vv=VM code, C=native code)
V  [jvm.dll+0x6d2449]
V  [jvm.dll+0x8ae341]
V  [jvm.dll+0x8b08be]
V  [jvm.dll+0x8b0fa3]
V  [jvm.dll+0x280c96]
V  [jvm.dll+0xc581d]
V  [jvm.dll+0xc5d53]
V  [jvm.dll+0x2f539d]
V  [jvm.dll+0x5fa00a]
V  [jvm.dll+0x252092]
V  [jvm.dll+0x25244f]
V  [jvm.dll+0x24ad14]
V  [jvm.dll+0x2483a4]
V  [jvm.dll+0x1c89ee]
V  [jvm.dll+0x257d4d]
V  [jvm.dll+0x2562ea]
V  [jvm.dll+0x3f2d16]
V  [jvm.dll+0x857e6b]
V  [jvm.dll+0x6d0b0d]
C  [ucrtbase.dll+0x37b0]
C  [KERNEL32.DLL+0x2e8d7]
C  [ntdll.dll+0x8c53c]


---------------  P R O C E S S  ---------------

Threads class SMR info:
_java_thread_list=0x0000026a74ba9b00, length=54, elements={
0x0000026a1239ac70, 0x0000026a1480f180, 0x0000026a14813ea0, 0x0000026a14817a80,
0x0000026a148186d0, 0x0000026a1481b530, 0x0000026a1481bf80, 0x0000026a14821210,
0x0000026a14824210, 0x0000026a147d8320, 0x0000026a6d6d6ba0, 0x0000026a6e8fa6e0,
0x0000026a6e9d5690, 0x0000026a6e446aa0, 0x0000026a6e49b7f0, 0x0000026a6e7d7080,
0x0000026a6d5e3080, 0x0000026a7314f050, 0x0000026a7314dca0, 0x0000026a7314e330,
0x0000026a7314e9c0, 0x0000026a7314f6e0, 0x0000026a7314c8f0, 0x0000026a7314fd70,
0x0000026a7314cf80, 0x0000026a74390590, 0x0000026a74392cf0, 0x0000026a74391940,
0x0000026a74392660, 0x0000026a743940a0, 0x0000026a74393380, 0x0000026a74390c20,
0x0000026a74393a10, 0x0000026a74394730, 0x0000026a74391fd0, 0x0000026a743912b0,
0x0000026a74395ae0, 0x0000026a74396e90, 0x0000026a74394dc0, 0x0000026a74397bb0,
0x0000026a74395450, 0x0000026a74396170, 0x0000026a74396800, 0x0000026a74397520,
0x0000026a7392cd30, 0x0000026a7392e0e0, 0x0000026a7392fb20, 0x0000026a739301b0,
0x0000026a73930840, 0x0000026a7392d3c0, 0x0000026a73930ed0, 0x0000026a7392da50,
0x0000026a74846ce0, 0x0000026a73932fa0
}

Java Threads: ( => current thread )
  0x0000026a1239ac70 JavaThread "main"                              [_thread_blocked, id=8168, stack(0x000000b667400000,0x000000b667500000) (1024K)]
  0x0000026a1480f180 JavaThread "Reference Handler"          daemon [_thread_blocked, id=18584, stack(0x000000b667800000,0x000000b667900000) (1024K)]
  0x0000026a14813ea0 JavaThread "Finalizer"                  daemon [_thread_blocked, id=26080, stack(0x000000b667900000,0x000000b667a00000) (1024K)]
  0x0000026a14817a80 JavaThread "Signal Dispatcher"          daemon [_thread_blocked, id=20016, stack(0x000000b667a00000,0x000000b667b00000) (1024K)]
  0x0000026a148186d0 JavaThread "Attach Listener"            daemon [_thread_blocked, id=10652, stack(0x000000b667b00000,0x000000b667c00000) (1024K)]
  0x0000026a1481b530 JavaThread "Service Thread"             daemon [_thread_blocked, id=29436, stack(0x000000b667c00000,0x000000b667d00000) (1024K)]
  0x0000026a1481bf80 JavaThread "Monitor Deflation Thread"   daemon [_thread_blocked, id=25740, stack(0x000000b667d00000,0x000000b667e00000) (1024K)]
=>0x0000026a14821210 JavaThread "C2 CompilerThread0"         daemon [_thread_in_native, id=28708, stack(0x000000b667e00000,0x000000b667f00000) (1024K)]
  0x0000026a14824210 JavaThread "C1 CompilerThread0"         daemon [_thread_in_native, id=22004, stack(0x000000b667f00000,0x000000b668000000) (1024K)]
  0x0000026a147d8320 JavaThread "Common-Cleaner"             daemon [_thread_blocked, id=25900, stack(0x000000b668000000,0x000000b668100000) (1024K)]
  0x0000026a6d6d6ba0 JavaThread "Notification Thread"        daemon [_thread_blocked, id=4952, stack(0x000000b668100000,0x000000b668200000) (1024K)]
  0x0000026a6e8fa6e0 JavaThread "Active Thread: Equinox Container: 7dd856dc-02ef-41a1-83e7-e71dd1e3fae1"        [_thread_blocked, id=19244, stack(0x000000b668800000,0x000000b668900000) (1024K)]
  0x0000026a6e9d5690 JavaThread "Refresh Thread: Equinox Container: 7dd856dc-02ef-41a1-83e7-e71dd1e3fae1" daemon [_thread_blocked, id=20456, stack(0x000000b668900000,0x000000b668a00000) (1024K)]
  0x0000026a6e446aa0 JavaThread "Framework Event Dispatcher: Equinox Container: 7dd856dc-02ef-41a1-83e7-e71dd1e3fae1" daemon [_thread_blocked, id=30808, stack(0x000000b668b00000,0x000000b668c00000) (1024K)]
  0x0000026a6e49b7f0 JavaThread "Start Level: Equinox Container: 7dd856dc-02ef-41a1-83e7-e71dd1e3fae1" daemon [_thread_blocked, id=17092, stack(0x000000b668c00000,0x000000b668d00000) (1024K)]
  0x0000026a6e7d7080 JavaThread "Bundle File Closer"         daemon [_thread_blocked, id=30644, stack(0x000000b668f00000,0x000000b669000000) (1024K)]
  0x0000026a6d5e3080 JavaThread "SCR Component Actor"        daemon [_thread_blocked, id=25244, stack(0x000000b669000000,0x000000b669100000) (1024K)]
  0x0000026a7314f050 JavaThread "Worker-JM"                         [_thread_blocked, id=21880, stack(0x000000b669100000,0x000000b669200000) (1024K)]
  0x0000026a7314dca0 JavaThread "JNA Cleaner"                daemon [_thread_blocked, id=20860, stack(0x000000b669200000,0x000000b669300000) (1024K)]
  0x0000026a7314e330 JavaThread "Worker-0: Publish Diagnostics"        [_thread_in_Java, id=29816, stack(0x000000b669300000,0x000000b669400000) (1024K)]
  0x0000026a7314e9c0 JavaThread "Worker-1"                          [_thread_blocked, id=416, stack(0x000000b669400000,0x000000b669500000) (1024K)]
  0x0000026a7314f6e0 JavaThread "Worker-2: Updating workspace"        [_thread_in_vm, id=30640, stack(0x000000b669500000,0x000000b669600000) (1024K)]
  0x0000026a7314c8f0 JavaThread "Java indexing"              daemon [_thread_blocked, id=4196, stack(0x000000b667100000,0x000000b667200000) (1024K)]
  0x0000026a7314fd70 JavaThread "Worker-3"                          [_thread_blocked, id=25372, stack(0x000000b669700000,0x000000b669800000) (1024K)]
  0x0000026a7314cf80 JavaThread "Worker-4: Building"                [_thread_blocked, id=31448, stack(0x000000b669800000,0x000000b669900000) (1024K)]
  0x0000026a74390590 JavaThread "Thread-1"                   daemon [_thread_in_native, id=30188, stack(0x000000b669900000,0x000000b669a00000) (1024K)]
  0x0000026a74392cf0 JavaThread "Thread-2"                   daemon [_thread_in_native, id=32616, stack(0x000000b669a00000,0x000000b669b00000) (1024K)]
  0x0000026a74391940 JavaThread "Thread-3"                   daemon [_thread_in_native, id=13972, stack(0x000000b669b00000,0x000000b669c00000) (1024K)]
  0x0000026a74392660 JavaThread "Thread-4"                   daemon [_thread_in_native, id=16784, stack(0x000000b669c00000,0x000000b669d00000) (1024K)]
  0x0000026a743940a0 JavaThread "Thread-5"                   daemon [_thread_in_native, id=25120, stack(0x000000b669d00000,0x000000b669e00000) (1024K)]
  0x0000026a74393380 JavaThread "Thread-6"                   daemon [_thread_in_native, id=28040, stack(0x000000b669e00000,0x000000b669f00000) (1024K)]
  0x0000026a74390c20 JavaThread "Thread-7"                   daemon [_thread_in_native, id=24128, stack(0x000000b669f00000,0x000000b66a000000) (1024K)]
  0x0000026a74393a10 JavaThread "Thread-8"                   daemon [_thread_in_native, id=30840, stack(0x000000b66a000000,0x000000b66a100000) (1024K)]
  0x0000026a74394730 JavaThread "Thread-9"                   daemon [_thread_in_native, id=12736, stack(0x000000b66a100000,0x000000b66a200000) (1024K)]
  0x0000026a74391fd0 JavaThread "Thread-10"                  daemon [_thread_in_native, id=9564, stack(0x000000b66a200000,0x000000b66a300000) (1024K)]
  0x0000026a743912b0 JavaThread "Thread-11"                  daemon [_thread_in_native, id=6088, stack(0x000000b66a300000,0x000000b66a400000) (1024K)]
  0x0000026a74395ae0 JavaThread "Thread-12"                  daemon [_thread_in_native, id=30420, stack(0x000000b66a400000,0x000000b66a500000) (1024K)]
  0x0000026a74396e90 JavaThread "Thread-13"                  daemon [_thread_in_native, id=31352, stack(0x000000b66a500000,0x000000b66a600000) (1024K)]
  0x0000026a74394dc0 JavaThread "pool-2-thread-1"                   [_thread_blocked, id=31788, stack(0x000000b66a600000,0x000000b66a700000) (1024K)]
  0x0000026a74397bb0 JavaThread "WorkspaceEventsHandler"            [_thread_blocked, id=9264, stack(0x000000b66a700000,0x000000b66a800000) (1024K)]
  0x0000026a74395450 JavaThread "pool-1-thread-1"                   [_thread_blocked, id=31524, stack(0x000000b66a800000,0x000000b66a900000) (1024K)]
  0x0000026a74396170 JavaThread "ForkJoinPool.commonPool-worker-1" daemon [_thread_blocked, id=19052, stack(0x000000b66a900000,0x000000b66aa00000) (1024K)]
  0x0000026a74396800 JavaThread "ForkJoinPool.commonPool-worker-2" daemon [_thread_blocked, id=25532, stack(0x000000b66aa00000,0x000000b66ab00000) (1024K)]
  0x0000026a74397520 JavaThread "ForkJoinPool.commonPool-worker-3" daemon [_thread_blocked, id=27740, stack(0x000000b66ab00000,0x000000b66ac00000) (1024K)]
  0x0000026a7392cd30 JavaThread "ForkJoinPool.commonPool-worker-4" daemon [_thread_blocked, id=30376, stack(0x000000b66ac00000,0x000000b66ad00000) (1024K)]
  0x0000026a7392e0e0 JavaThread "ForkJoinPool.commonPool-worker-5" daemon [_thread_blocked, id=13208, stack(0x000000b66ad00000,0x000000b66ae00000) (1024K)]
  0x0000026a7392fb20 JavaThread "ForkJoinPool.commonPool-worker-7" daemon [_thread_blocked, id=12548, stack(0x000000b66ae00000,0x000000b66af00000) (1024K)]
  0x0000026a739301b0 JavaThread "ForkJoinPool.commonPool-worker-6" daemon [_thread_blocked, id=21752, stack(0x000000b66af00000,0x000000b66b000000) (1024K)]
  0x0000026a73930840 JavaThread "ForkJoinPool.commonPool-worker-8" daemon [_thread_blocked, id=13800, stack(0x000000b66b000000,0x000000b66b100000) (1024K)]
  0x0000026a7392d3c0 JavaThread "ForkJoinPool.commonPool-worker-9" daemon [_thread_blocked, id=8388, stack(0x000000b66b100000,0x000000b66b200000) (1024K)]
  0x0000026a73930ed0 JavaThread "ForkJoinPool.commonPool-worker-11" daemon [_thread_blocked, id=30664, stack(0x000000b66b200000,0x000000b66b300000) (1024K)]
  0x0000026a7392da50 JavaThread "ForkJoinPool.commonPool-worker-10" daemon [_thread_blocked, id=17396, stack(0x000000b66b300000,0x000000b66b400000) (1024K)]
  0x0000026a74846ce0 JavaThread "C2 CompilerThread1"         daemon [_thread_in_native, id=11660, stack(0x000000b66b400000,0x000000b66b500000) (1024K)]
  0x0000026a73932fa0 JavaThread "LocalFile Deleter"          daemon [_thread_blocked, id=16220, stack(0x000000b66b500000,0x000000b66b600000) (1024K)]
Total: 54

Other Threads:
  0x0000026a1480ea30 VMThread "VM Thread"                           [id=14472, stack(0x000000b667700000,0x000000b667800000) (1024K)]
  0x0000026a145fca00 WatcherThread "VM Periodic Task Thread"        [id=27776, stack(0x000000b667600000,0x000000b667700000) (1024K)]
  0x0000026a1478b6b0 WorkerThread "GC Thread#0"                     [id=25012, stack(0x000000b667500000,0x000000b667600000) (1024K)]
  0x0000026a6e50aca0 WorkerThread "GC Thread#1"                     [id=16152, stack(0x000000b668200000,0x000000b668300000) (1024K)]
  0x0000026a6e88da10 WorkerThread "GC Thread#2"                     [id=23804, stack(0x000000b668300000,0x000000b668400000) (1024K)]
  0x0000026a6e88ddb0 WorkerThread "GC Thread#3"                     [id=20556, stack(0x000000b668400000,0x000000b668500000) (1024K)]
  0x0000026a6e88e150 WorkerThread "GC Thread#4"                     [id=9360, stack(0x000000b668500000,0x000000b668600000) (1024K)]
  0x0000026a6d7cab10 WorkerThread "GC Thread#5"                     [id=15984, stack(0x000000b668600000,0x000000b668700000) (1024K)]
  0x0000026a6d7cb6c0 WorkerThread "GC Thread#6"                     [id=24248, stack(0x000000b668700000,0x000000b668800000) (1024K)]
  0x0000026a6d4d8310 WorkerThread "GC Thread#7"                     [id=30856, stack(0x000000b668a00000,0x000000b668b00000) (1024K)]
  0x0000026a6e8e8480 WorkerThread "GC Thread#8"                     [id=21316, stack(0x000000b668d00000,0x000000b668e00000) (1024K)]
  0x0000026a6e8e7d40 WorkerThread "GC Thread#9"                     [id=30136, stack(0x000000b668e00000,0x000000b668f00000) (1024K)]
Total: 12

Threads with active compile tasks:
C2 CompilerThread0  90704 11764       4       org.eclipse.jdt.internal.compiler.lookup.BinaryTypeBinding::createMethod (1666 bytes)
C1 CompilerThread0  90704 12106       2       org.eclipse.jdt.internal.compiler.ast.NameReference::emitDeclaringClassOfConstant (40 bytes)
C2 CompilerThread1  90704 11793   !   4       java.util.concurrent.ConcurrentHashMap::putVal (432 bytes)
Total: 3

VM state: not at safepoint (normal execution)

VM Mutex/Monitor currently owned by a thread:  ([mutex/lock_event])
[0x00007ff932803fd8] MethodCompileQueue_lock - owner thread: 0x0000026a74846ce0
[0x00007ff932805358] CodeCache_lock - owner thread: 0x0000026a14824210

Heap address: 0x0000000080000000, size: 2048 MB, Compressed Oops mode: 32-bit

CDS archive(s) mapped at: [0x0000026a2c000000-0x0000026a2cba0000-0x0000026a2cba0000), size 12189696, SharedBaseAddress: 0x0000026a2c000000, ArchiveRelocationMode: 1.
Compressed class space mapped at: 0x0000026a2d000000-0x0000026a6d000000, reserved size: 1073741824
Narrow klass base: 0x0000026a2c000000, Narrow klass shift: 0, Narrow klass range: 0x100000000

GC Precious Log:
 CardTable entry size: 512
 CPUs: 12 total, 12 available
 Memory: 7916M
 Large Page Support: Disabled
 NUMA Support: Disabled
 Compressed Oops: Enabled (32-bit)
 Alignments: Space 512K, Generation 512K, Heap 2M
 Heap Min Capacity: 100M
 Heap Initial Capacity: 100M
 Heap Max Capacity: 2G
 Pre-touch: Disabled
 Parallel Workers: 10

Heap:
 PSYoungGen      total 15360K, used 11551K [0x00000000d5580000, 0x00000000d6680000, 0x0000000100000000)
  eden space 13312K, 72% used [0x00000000d5580000,0x00000000d5ee5ea8,0x00000000d6280000)
  from space 2048K, 94% used [0x00000000d6280000,0x00000000d6461db8,0x00000000d6480000)
  to   space 2048K, 0% used [0x00000000d6480000,0x00000000d6480000,0x00000000d6680000)
 ParOldGen       total 79872K, used 79476K [0x0000000080000000, 0x0000000084e00000, 0x00000000d5580000)
  object space 79872K, 99% used [0x0000000080000000,0x0000000084d9d228,0x0000000084e00000)
 Metaspace       used 64316K, committed 65792K, reserved 1114112K
  class space    used 6717K, committed 7360K, reserved 1048576K

Card table byte_map: [0x0000026a14110000,0x0000026a14520000] _byte_map_base: 0x0000026a13d10000

Marking Bits: (ParMarkBitMap*) 0x00007ff93280a340
 Begin Bits: [0x0000026a26c10000, 0x0000026a28c10000)
 End Bits:   [0x0000026a28c10000, 0x0000026a2ac10000)

Polling page: 0x0000026a126e0000

Metaspace:

Usage:
  Non-class:     56.25 MB used.
      Class:      6.56 MB used.
       Both:     62.81 MB used.

Virtual space:
  Non-class space:       64.00 MB reserved,      57.06 MB ( 89%) committed,  1 nodes.
      Class space:        1.00 GB reserved,       7.19 MB ( <1%) committed,  1 nodes.
             Both:        1.06 GB reserved,      64.25 MB (  6%) committed. 

Chunk freelists:
   Non-Class:  6.97 MB
       Class:  8.80 MB
        Both:  15.77 MB

MaxMetaspaceSize: unlimited
CompressedClassSpaceSize: 1.00 GB
Initial GC threshold: 21.00 MB
Current GC threshold: 97.31 MB
CDS: on
 - commit_granule_bytes: 65536.
 - commit_granule_words: 8192.
 - virtual_space_node_default_size: 8388608.
 - enlarge_chunks_in_place: 1.
 - use_allocation_guard: 0.


Internal statistics:

num_allocs_failed_limit: 9.
num_arena_births: 1248.
num_arena_deaths: 20.
num_vsnodes_births: 2.
num_vsnodes_deaths: 0.
num_space_committed: 1028.
num_space_uncommitted: 0.
num_chunks_returned_to_freelist: 32.
num_chunks_taken_from_freelist: 4299.
num_chunk_merges: 15.
num_chunk_splits: 2642.
num_chunks_enlarged: 1480.
num_inconsistent_stats: 0.

CodeHeap 'non-profiled nmethods': size=120000Kb used=6217Kb max_used=6217Kb free=113782Kb
 bounds [0x0000026a1f430000, 0x0000026a1fa50000, 0x0000026a26960000]
CodeHeap 'profiled nmethods': size=120000Kb used=25492Kb max_used=25492Kb free=94507Kb
 bounds [0x0000026a17960000, 0x0000026a19250000, 0x0000026a1ee90000]
CodeHeap 'non-nmethods': size=5760Kb used=1422Kb max_used=1464Kb free=4337Kb
 bounds [0x0000026a1ee90000, 0x0000026a1f100000, 0x0000026a1f430000]
CodeCache: size=245760Kb, used=33131Kb, max_used=33173Kb, free=212626Kb
 total_blobs=11997, nmethods=11262, adapters=638, full_count=0
Compilation: enabled, stopped_count=0, restarted_count=0

Compilation events (20 events):
Event: 89.622 Thread 0x0000026a14824210 12044       2       org.eclipse.jdt.internal.compiler.lookup.SplitPackageBinding::isDeclaredIn (11 bytes)
Event: 89.622 Thread 0x0000026a14824210 nmethod 12044 0x0000026a19223b10 code [0x0000026a19223cc0, 0x0000026a19223df8]
Event: 89.623 Thread 0x0000026a14824210 12045       2       java.util.stream.Stream::of (5 bytes)
Event: 89.623 Thread 0x0000026a14824210 nmethod 12045 0x0000026a19223e90 code [0x0000026a19224040, 0x0000026a19224188]
Event: 89.625 Thread 0x0000026a14824210 12046       2       org.eclipse.jdt.internal.compiler.ClassFile::utf8At (156 bytes)
Event: 89.626 Thread 0x0000026a14824210 nmethod 12046 0x0000026a19224290 code [0x0000026a19224460, 0x0000026a192248d8]
Event: 89.628 Thread 0x0000026a14824210 12047       2       org.eclipse.jdt.internal.compiler.codegen.OperandStack::push (68 bytes)
Event: 89.629 Thread 0x0000026a14824210 nmethod 12047 0x0000026a19224b10 code [0x0000026a19224d00, 0x0000026a19225188]
Event: 89.629 Thread 0x0000026a14824210 12048       2       org.eclipse.jdt.internal.compiler.codegen.OperandStack::pop (11 bytes)
Event: 89.630 Thread 0x0000026a14824210 nmethod 12048 0x0000026a19225490 code [0x0000026a19225640, 0x0000026a192257b0]
Event: 89.630 Thread 0x0000026a14824210 12049       2       org.eclipse.jdt.internal.compiler.lookup.TypeIds::getCategory (18 bytes)
Event: 89.630 Thread 0x0000026a14824210 nmethod 12049 0x0000026a19225890 code [0x0000026a19225a20, 0x0000026a19225b48]
Event: 89.630 Thread 0x0000026a14824210 12050       2       org.eclipse.jdt.internal.compiler.lookup.ReferenceBinding::constantPoolName (27 bytes)
Event: 89.630 Thread 0x0000026a14824210 nmethod 12050 0x0000026a19225c10 code [0x0000026a19225dc0, 0x0000026a19225f50]
Event: 89.644 Thread 0x0000026a14824210 12051       2       org.eclipse.jdt.internal.compiler.codegen.CharArrayCache::put (103 bytes)
Event: 89.645 Thread 0x0000026a14824210 nmethod 12051 0x0000026a19226010 code [0x0000026a19226200, 0x0000026a192265c8]
Event: 89.645 Thread 0x0000026a14824210 12052       2       org.eclipse.jdt.internal.compiler.codegen.CodeStream::generateImplicitConversion (652 bytes)
Event: 89.646 Thread 0x0000026a14824210 nmethod 12052 0x0000026a19226890 code [0x0000026a19226c40, 0x0000026a19227640]
Event: 89.647 Thread 0x0000026a14824210 12053       2       org.eclipse.jdt.internal.compiler.codegen.CodeStream::isDefinitelyAssigned (123 bytes)
Event: 89.648 Thread 0x0000026a14824210 nmethod 12053 0x0000026a19227b10 code [0x0000026a19227d00, 0x0000026a192281d8]

GC Heap History (20 events):
Event: 84.624 GC heap before
{Heap before GC invocations=73 (full 3):
 PSYoungGen      total 16896K, used 16482K [0x00000000d5580000, 0x00000000d6800000, 0x0000000100000000)
  eden space 15872K, 100% used [0x00000000d5580000,0x00000000d6500000,0x00000000d6500000)
  from space 1024K, 59% used [0x00000000d6500000,0x00000000d6598800,0x00000000d6600000)
  to   space 1536K, 0% used [0x00000000d6680000,0x00000000d6680000,0x00000000d6800000)
 ParOldGen       total 73728K, used 71999K [0x0000000080000000, 0x0000000084800000, 0x00000000d5580000)
  object space 73728K, 97% used [0x0000000080000000,0x000000008464fda8,0x0000000084800000)
 Metaspace       used 59986K, committed 61312K, reserved 1114112K
  class space    used 6362K, committed 6912K, reserved 1048576K
}
Event: 84.627 GC heap after
{Heap after GC invocations=73 (full 3):
 PSYoungGen      total 17408K, used 1287K [0x00000000d5580000, 0x00000000d6800000, 0x0000000100000000)
  eden space 15872K, 0% used [0x00000000d5580000,0x00000000d5580000,0x00000000d6500000)
  from space 1536K, 83% used [0x00000000d6680000,0x00000000d67c1f68,0x00000000d6800000)
  to   space 1536K, 0% used [0x00000000d6500000,0x00000000d6500000,0x00000000d6680000)
 ParOldGen       total 73728K, used 72470K [0x0000000080000000, 0x0000000084800000, 0x00000000d5580000)
  object space 73728K, 98% used [0x0000000080000000,0x00000000846c5a58,0x0000000084800000)
 Metaspace       used 59986K, committed 61312K, reserved 1114112K
  class space    used 6362K, committed 6912K, reserved 1048576K
}
Event: 85.420 GC heap before
{Heap before GC invocations=74 (full 3):
 PSYoungGen      total 17408K, used 17159K [0x00000000d5580000, 0x00000000d6800000, 0x0000000100000000)
  eden space 15872K, 100% used [0x00000000d5580000,0x00000000d6500000,0x00000000d6500000)
  from space 1536K, 83% used [0x00000000d6680000,0x00000000d67c1f68,0x00000000d6800000)
  to   space 1536K, 0% used [0x00000000d6500000,0x00000000d6500000,0x00000000d6680000)
 ParOldGen       total 73728K, used 72470K [0x0000000080000000, 0x0000000084800000, 0x00000000d5580000)
  object space 73728K, 98% used [0x0000000080000000,0x00000000846c5a58,0x0000000084800000)
 Metaspace       used 60479K, committed 61888K, reserved 1114112K
  class space    used 6403K, committed 6976K, reserved 1048576K
}
Event: 85.425 GC heap after
{Heap after GC invocations=74 (full 3):
 PSYoungGen      total 17408K, used 1463K [0x00000000d5580000, 0x00000000d6800000, 0x0000000100000000)
  eden space 15872K, 0% used [0x00000000d5580000,0x00000000d5580000,0x00000000d6500000)
  from space 1536K, 95% used [0x00000000d6500000,0x00000000d666de98,0x00000000d6680000)
  to   space 1536K, 0% used [0x00000000d6680000,0x00000000d6680000,0x00000000d6800000)
 ParOldGen       total 73728K, used 73348K [0x0000000080000000, 0x0000000084800000, 0x00000000d5580000)
  object space 73728K, 99% used [0x0000000080000000,0x00000000847a11f0,0x0000000084800000)
 Metaspace       used 60479K, committed 61888K, reserved 1114112K
  class space    used 6403K, committed 6976K, reserved 1048576K
}
Event: 86.135 GC heap before
{Heap before GC invocations=75 (full 3):
 PSYoungGen      total 17408K, used 17335K [0x00000000d5580000, 0x00000000d6800000, 0x0000000100000000)
  eden space 15872K, 99% used [0x00000000d5580000,0x00000000d64ffea0,0x00000000d6500000)
  from space 1536K, 95% used [0x00000000d6500000,0x00000000d666de98,0x00000000d6680000)
  to   space 1536K, 0% used [0x00000000d6680000,0x00000000d6680000,0x00000000d6800000)
 ParOldGen       total 73728K, used 73348K [0x0000000080000000, 0x0000000084800000, 0x00000000d5580000)
  object space 73728K, 99% used [0x0000000080000000,0x00000000847a11f0,0x0000000084800000)
 Metaspace       used 60844K, committed 62208K, reserved 1114112K
  class space    used 6421K, committed 6976K, reserved 1048576K
}
Event: 86.143 GC heap after
{Heap after GC invocations=75 (full 3):
 PSYoungGen      total 15360K, used 1509K [0x00000000d5580000, 0x00000000d6c00000, 0x0000000100000000)
  eden space 13824K, 0% used [0x00000000d5580000,0x00000000d5580000,0x00000000d6300000)
  from space 1536K, 98% used [0x00000000d6680000,0x00000000d67f9508,0x00000000d6800000)
  to   space 3584K, 0% used [0x00000000d6300000,0x00000000d6300000,0x00000000d6680000)
 ParOldGen       total 75264K, used 74764K [0x0000000080000000, 0x0000000084980000, 0x00000000d5580000)
  object space 75264K, 99% used [0x0000000080000000,0x0000000084903188,0x0000000084980000)
 Metaspace       used 60844K, committed 62208K, reserved 1114112K
  class space    used 6421K, committed 6976K, reserved 1048576K
}
Event: 86.455 GC heap before
{Heap before GC invocations=76 (full 3):
 PSYoungGen      total 15360K, used 15310K [0x00000000d5580000, 0x00000000d6c00000, 0x0000000100000000)
  eden space 13824K, 99% used [0x00000000d5580000,0x00000000d62fa558,0x00000000d6300000)
  from space 1536K, 98% used [0x00000000d6680000,0x00000000d67f9508,0x00000000d6800000)
  to   space 3584K, 0% used [0x00000000d6300000,0x00000000d6300000,0x00000000d6680000)
 ParOldGen       total 75264K, used 74764K [0x0000000080000000, 0x0000000084980000, 0x00000000d5580000)
  object space 75264K, 99% used [0x0000000080000000,0x0000000084903188,0x0000000084980000)
 Metaspace       used 61085K, committed 62400K, reserved 1114112K
  class space    used 6452K, committed 6976K, reserved 1048576K
}
Event: 86.458 GC heap after
{Heap after GC invocations=76 (full 3):
 PSYoungGen      total 14848K, used 544K [0x00000000d5580000, 0x00000000d6700000, 0x0000000100000000)
  eden space 13824K, 0% used [0x00000000d5580000,0x00000000d5580000,0x00000000d6300000)
  from space 1024K, 53% used [0x00000000d6300000,0x00000000d6388000,0x00000000d6400000)
  to   space 1536K, 0% used [0x00000000d6580000,0x00000000d6580000,0x00000000d6700000)
 ParOldGen       total 76288K, used 76228K [0x0000000080000000, 0x0000000084a80000, 0x00000000d5580000)
  object space 76288K, 99% used [0x0000000080000000,0x0000000084a712b8,0x0000000084a80000)
 Metaspace       used 61085K, committed 62400K, reserved 1114112K
  class space    used 6452K, committed 6976K, reserved 1048576K
}
Event: 87.011 GC heap before
{Heap before GC invocations=77 (full 3):
 PSYoungGen      total 14848K, used 14368K [0x00000000d5580000, 0x00000000d6700000, 0x0000000100000000)
  eden space 13824K, 100% used [0x00000000d5580000,0x00000000d6300000,0x00000000d6300000)
  from space 1024K, 53% used [0x00000000d6300000,0x00000000d6388000,0x00000000d6400000)
  to   space 1536K, 0% used [0x00000000d6580000,0x00000000d6580000,0x00000000d6700000)
 ParOldGen       total 76288K, used 76228K [0x0000000080000000, 0x0000000084a80000, 0x00000000d5580000)
  object space 76288K, 99% used [0x0000000080000000,0x0000000084a712b8,0x0000000084a80000)
 Metaspace       used 61356K, committed 62656K, reserved 1114112K
  class space    used 6477K, committed 7040K, reserved 1048576K
}
Event: 87.016 GC heap after
{Heap after GC invocations=77 (full 3):
 PSYoungGen      total 14848K, used 695K [0x00000000d5580000, 0x00000000d6680000, 0x0000000100000000)
  eden space 13824K, 0% used [0x00000000d5580000,0x00000000d5580000,0x00000000d6300000)
  from space 1024K, 67% used [0x00000000d6580000,0x00000000d662dde8,0x00000000d6680000)
  to   space 1024K, 0% used [0x00000000d6300000,0x00000000d6300000,0x00000000d6400000)
 ParOldGen       total 76800K, used 76588K [0x0000000080000000, 0x0000000084b00000, 0x00000000d5580000)
  object space 76800K, 99% used [0x0000000080000000,0x0000000084acb308,0x0000000084b00000)
 Metaspace       used 61356K, committed 62656K, reserved 1114112K
  class space    used 6477K, committed 7040K, reserved 1048576K
}
Event: 87.414 GC heap before
{Heap before GC invocations=78 (full 3):
 PSYoungGen      total 14848K, used 14519K [0x00000000d5580000, 0x00000000d6680000, 0x0000000100000000)
  eden space 13824K, 100% used [0x00000000d5580000,0x00000000d6300000,0x00000000d6300000)
  from space 1024K, 67% used [0x00000000d6580000,0x00000000d662dde8,0x00000000d6680000)
  to   space 1024K, 0% used [0x00000000d6300000,0x00000000d6300000,0x00000000d6400000)
 ParOldGen       total 76800K, used 76588K [0x0000000080000000, 0x0000000084b00000, 0x00000000d5580000)
  object space 76800K, 99% used [0x0000000080000000,0x0000000084acb308,0x0000000084b00000)
 Metaspace       used 61494K, committed 62912K, reserved 1114112K
  class space    used 6489K, committed 7104K, reserved 1048576K
}
Event: 87.416 GC heap after
{Heap after GC invocations=78 (full 3):
 PSYoungGen      total 14848K, used 640K [0x00000000d5580000, 0x00000000d6600000, 0x0000000100000000)
  eden space 13824K, 0% used [0x00000000d5580000,0x00000000d5580000,0x00000000d6300000)
  from space 1024K, 62% used [0x00000000d6300000,0x00000000d63a0000,0x00000000d6400000)
  to   space 1024K, 0% used [0x00000000d6500000,0x00000000d6500000,0x00000000d6600000)
 ParOldGen       total 77312K, used 77046K [0x0000000080000000, 0x0000000084b80000, 0x00000000d5580000)
  object space 77312K, 99% used [0x0000000080000000,0x0000000084b3db78,0x0000000084b80000)
 Metaspace       used 61494K, committed 62912K, reserved 1114112K
  class space    used 6489K, committed 7104K, reserved 1048576K
}
Event: 87.682 GC heap before
{Heap before GC invocations=79 (full 3):
 PSYoungGen      total 14848K, used 14464K [0x00000000d5580000, 0x00000000d6600000, 0x0000000100000000)
  eden space 13824K, 100% used [0x00000000d5580000,0x00000000d6300000,0x00000000d6300000)
  from space 1024K, 62% used [0x00000000d6300000,0x00000000d63a0000,0x00000000d6400000)
  to   space 1024K, 0% used [0x00000000d6500000,0x00000000d6500000,0x00000000d6600000)
 ParOldGen       total 77312K, used 77046K [0x0000000080000000, 0x0000000084b80000, 0x00000000d5580000)
  object space 77312K, 99% used [0x0000000080000000,0x0000000084b3db78,0x0000000084b80000)
 Metaspace       used 61598K, committed 63040K, reserved 1114112K
  class space    used 6492K, committed 7104K, reserved 1048576K
}
Event: 87.684 GC heap after
{Heap after GC invocations=79 (full 3):
 PSYoungGen      total 14848K, used 624K [0x00000000d5580000, 0x00000000d6600000, 0x0000000100000000)
  eden space 13824K, 0% used [0x00000000d5580000,0x00000000d5580000,0x00000000d6300000)
  from space 1024K, 60% used [0x00000000d6500000,0x00000000d659c010,0x00000000d6600000)
  to   space 1024K, 0% used [0x00000000d6300000,0x00000000d6300000,0x00000000d6400000)
 ParOldGen       total 77824K, used 77526K [0x0000000080000000, 0x0000000084c00000, 0x00000000d5580000)
  object space 77824K, 99% used [0x0000000080000000,0x0000000084bb5bb8,0x0000000084c00000)
 Metaspace       used 61598K, committed 63040K, reserved 1114112K
  class space    used 6492K, committed 7104K, reserved 1048576K
}
Event: 88.016 GC heap before
{Heap before GC invocations=80 (full 3):
 PSYoungGen      total 14848K, used 14448K [0x00000000d5580000, 0x00000000d6600000, 0x0000000100000000)
  eden space 13824K, 100% used [0x00000000d5580000,0x00000000d6300000,0x00000000d6300000)
  from space 1024K, 60% used [0x00000000d6500000,0x00000000d659c010,0x00000000d6600000)
  to   space 1024K, 0% used [0x00000000d6300000,0x00000000d6300000,0x00000000d6400000)
 ParOldGen       total 77824K, used 77526K [0x0000000080000000, 0x0000000084c00000, 0x00000000d5580000)
  object space 77824K, 99% used [0x0000000080000000,0x0000000084bb5bb8,0x0000000084c00000)
 Metaspace       used 61681K, committed 63104K, reserved 1114112K
  class space    used 6494K, committed 7104K, reserved 1048576K
}
Event: 88.019 GC heap after
{Heap after GC invocations=80 (full 3):
 PSYoungGen      total 14848K, used 816K [0x00000000d5580000, 0x00000000d6580000, 0x0000000100000000)
  eden space 13824K, 0% used [0x00000000d5580000,0x00000000d5580000,0x00000000d6300000)
  from space 1024K, 79% used [0x00000000d6300000,0x00000000d63cc030,0x00000000d6400000)
  to   space 1024K, 0% used [0x00000000d6480000,0x00000000d6480000,0x00000000d6580000)
 ParOldGen       total 78336K, used 77960K [0x0000000080000000, 0x0000000084c80000, 0x00000000d5580000)
  object space 78336K, 99% used [0x0000000080000000,0x0000000084c221e8,0x0000000084c80000)
 Metaspace       used 61681K, committed 63104K, reserved 1114112K
  class space    used 6494K, committed 7104K, reserved 1048576K
}
Event: 88.485 GC heap before
{Heap before GC invocations=81 (full 3):
 PSYoungGen      total 14848K, used 14640K [0x00000000d5580000, 0x00000000d6580000, 0x0000000100000000)
  eden space 13824K, 100% used [0x00000000d5580000,0x00000000d6300000,0x00000000d6300000)
  from space 1024K, 79% used [0x00000000d6300000,0x00000000d63cc030,0x00000000d6400000)
  to   space 1024K, 0% used [0x00000000d6480000,0x00000000d6480000,0x00000000d6580000)
 ParOldGen       total 78336K, used 77960K [0x0000000080000000, 0x0000000084c80000, 0x00000000d5580000)
  object space 78336K, 99% used [0x0000000080000000,0x0000000084c221e8,0x0000000084c80000)
 Metaspace       used 62112K, committed 63552K, reserved 1114112K
  class space    used 6533K, committed 7168K, reserved 1048576K
}
Event: 88.491 GC heap after
{Heap after GC invocations=81 (full 3):
 PSYoungGen      total 14336K, used 992K [0x00000000d5580000, 0x00000000d6700000, 0x0000000100000000)
  eden space 13312K, 0% used [0x00000000d5580000,0x00000000d5580000,0x00000000d6280000)
  from space 1024K, 96% used [0x00000000d6480000,0x00000000d6578010,0x00000000d6580000)
  to   space 2048K, 0% used [0x00000000d6280000,0x00000000d6280000,0x00000000d6480000)
 ParOldGen       total 78848K, used 78584K [0x0000000080000000, 0x0000000084d00000, 0x00000000d5580000)
  object space 78848K, 99% used [0x0000000080000000,0x0000000084cbe248,0x0000000084d00000)
 Metaspace       used 62112K, committed 63552K, reserved 1114112K
  class space    used 6533K, committed 7168K, reserved 1048576K
}
Event: 89.238 GC heap before
{Heap before GC invocations=82 (full 3):
 PSYoungGen      total 14336K, used 14304K [0x00000000d5580000, 0x00000000d6700000, 0x0000000100000000)
  eden space 13312K, 100% used [0x00000000d5580000,0x00000000d6280000,0x00000000d6280000)
  from space 1024K, 96% used [0x00000000d6480000,0x00000000d6578010,0x00000000d6580000)
  to   space 2048K, 0% used [0x00000000d6280000,0x00000000d6280000,0x00000000d6480000)
 ParOldGen       total 78848K, used 78584K [0x0000000080000000, 0x0000000084d00000, 0x00000000d5580000)
  object space 78848K, 99% used [0x0000000080000000,0x0000000084cbe248,0x0000000084d00000)
 Metaspace       used 63049K, committed 64512K, reserved 1114112K
  class space    used 6611K, committed 7232K, reserved 1048576K
}
Event: 89.242 GC heap after
{Heap after GC invocations=82 (full 3):
 PSYoungGen      total 15360K, used 1927K [0x00000000d5580000, 0x00000000d6680000, 0x0000000100000000)
  eden space 13312K, 0% used [0x00000000d5580000,0x00000000d5580000,0x00000000d6280000)
  from space 2048K, 94% used [0x00000000d6280000,0x00000000d6461db8,0x00000000d6480000)
  to   space 2048K, 0% used [0x00000000d6480000,0x00000000d6480000,0x00000000d6680000)
 ParOldGen       total 79872K, used 79476K [0x0000000080000000, 0x0000000084e00000, 0x00000000d5580000)
  object space 79872K, 99% used [0x0000000080000000,0x0000000084d9d228,0x0000000084e00000)
 Metaspace       used 63049K, committed 64512K, reserved 1114112K
  class space    used 6611K, committed 7232K, reserved 1048576K
}

Dll operation events (10 events):
Event: 0.151 Loaded shared library c:\Users\damin\.cursor\extensions\redhat.java-1.46.0-win32-x64\jre\21.0.8-win32-x86_64\bin\java.dll
Event: 2.516 Loaded shared library c:\Users\damin\.cursor\extensions\redhat.java-1.46.0-win32-x64\jre\21.0.8-win32-x86_64\bin\zip.dll
Event: 3.384 Loaded shared library C:\Users\damin\.cursor\extensions\redhat.java-1.46.0-win32-x64\jre\21.0.8-win32-x86_64\bin\instrument.dll
Event: 3.440 Loaded shared library C:\Users\damin\.cursor\extensions\redhat.java-1.46.0-win32-x64\jre\21.0.8-win32-x86_64\bin\net.dll
Event: 3.567 Loaded shared library C:\Users\damin\.cursor\extensions\redhat.java-1.46.0-win32-x64\jre\21.0.8-win32-x86_64\bin\nio.dll
Event: 3.627 Loaded shared library C:\Users\damin\.cursor\extensions\redhat.java-1.46.0-win32-x64\jre\21.0.8-win32-x86_64\bin\zip.dll
Event: 3.925 Loaded shared library C:\Users\damin\.cursor\extensions\redhat.java-1.46.0-win32-x64\jre\21.0.8-win32-x86_64\bin\jimage.dll
Event: 4.898 Loaded shared library c:\Users\damin\.cursor\extensions\redhat.java-1.46.0-win32-x64\jre\21.0.8-win32-x86_64\bin\verify.dll
Event: 27.316 Loaded shared library C:\Users\damin\AppData\Roaming\Cursor\User\globalStorage\redhat.java\1.46.0\config_win\org.eclipse.equinox.launcher\org.eclipse.equinox.launcher.win32.win32.x86_64_1.2.1400.v20250801-0854\eclipse_11916.dll
Event: 53.028 Loaded shared library C:\Users\damin\AppData\Local\Temp\jna-95349941\jna12578259467492188004.dll

Deoptimization events (20 events):
Event: 89.268 Thread 0x0000026a7314cf80 Uncommon trap: trap_request=0xffffff45 fr.pc=0x0000026a1f7e0a30 relative=0x0000000000003a10
Event: 89.268 Thread 0x0000026a7314cf80 Uncommon trap: reason=unstable_if action=reinterpret pc=0x0000026a1f7e0a30 method=lombok.patcher.MethodTarget.matches(Ljava/lang/String;Ljava/lang/String;Ljava/lang/String;)Z @ 18 c2
Event: 89.268 Thread 0x0000026a7314cf80 DEOPT PACKING pc=0x0000026a1f7e0a30 sp=0x000000b6698fa9a0
Event: 89.268 Thread 0x0000026a7314cf80 DEOPT UNPACKING pc=0x0000026a1eee3aa2 sp=0x000000b6698fa950 mode 2
Event: 89.269 Thread 0x0000026a7314cf80 Uncommon trap: trap_request=0xffffff3d fr.pc=0x0000026a1f7f1c4c relative=0x00000000000003ec
Event: 89.269 Thread 0x0000026a7314cf80 Uncommon trap: reason=unstable_fused_if action=reinterpret pc=0x0000026a1f7f1c4c method=org.lombokweb.asm.MethodWriter.computeMethodInfoSize()I @ 25 c2
Event: 89.269 Thread 0x0000026a7314cf80 DEOPT PACKING pc=0x0000026a1f7f1c4c sp=0x000000b6698face0
Event: 89.269 Thread 0x0000026a7314cf80 DEOPT UNPACKING pc=0x0000026a1eee3aa2 sp=0x000000b6698fac80 mode 2
Event: 89.269 Thread 0x0000026a7314cf80 Uncommon trap: trap_request=0xffffff45 fr.pc=0x0000026a1f7c81f4 relative=0x0000000000001074
Event: 89.269 Thread 0x0000026a7314cf80 Uncommon trap: reason=unstable_if action=reinterpret pc=0x0000026a1f7c81f4 method=org.lombokweb.asm.MethodWriter.putMethodInfo(Lorg/lombokweb/asm/ByteVector;)V @ 98 c2
Event: 89.269 Thread 0x0000026a7314cf80 DEOPT PACKING pc=0x0000026a1f7c81f4 sp=0x000000b6698facb0
Event: 89.269 Thread 0x0000026a7314cf80 DEOPT UNPACKING pc=0x0000026a1eee3aa2 sp=0x000000b6698fac58 mode 2
Event: 89.620 Thread 0x0000026a7314e330 Uncommon trap: trap_request=0xffffffde fr.pc=0x0000026a1f83a3f4 relative=0x0000000000000594
Event: 89.620 Thread 0x0000026a7314e330 Uncommon trap: reason=class_check action=maybe_recompile pc=0x0000026a1f83a3f4 method=java.util.HashMap.removeNode(ILjava/lang/Object;Ljava/lang/Object;ZZ)Ljava/util/HashMap$Node; @ 143 c2
Event: 89.620 Thread 0x0000026a7314e330 DEOPT PACKING pc=0x0000026a1f83a3f4 sp=0x000000b6693fe980
Event: 89.620 Thread 0x0000026a7314e330 DEOPT UNPACKING pc=0x0000026a1eee3aa2 sp=0x000000b6693fe888 mode 2
Event: 89.621 Thread 0x0000026a7314e330 Uncommon trap: trap_request=0xffffffde fr.pc=0x0000026a1f83a3f4 relative=0x0000000000000594
Event: 89.621 Thread 0x0000026a7314e330 Uncommon trap: reason=class_check action=maybe_recompile pc=0x0000026a1f83a3f4 method=java.util.HashMap.removeNode(ILjava/lang/Object;Ljava/lang/Object;ZZ)Ljava/util/HashMap$Node; @ 143 c2
Event: 89.621 Thread 0x0000026a7314e330 DEOPT PACKING pc=0x0000026a1f83a3f4 sp=0x000000b6693fe740
Event: 89.621 Thread 0x0000026a7314e330 DEOPT UNPACKING pc=0x0000026a1eee3aa2 sp=0x000000b6693fe638 mode 2

Classes loaded (20 events):
Event: 84.557 Loading class java/util/stream/ReduceOps$4ReducingSink
Event: 84.557 Loading class java/util/stream/ReduceOps$4ReducingSink done
Event: 84.753 Loading class java/lang/invoke/MethodHandleImpl$CountingWrapper$1
Event: 84.754 Loading class java/lang/invoke/MethodHandleImpl$CountingWrapper$1 done
Event: 86.209 Loading class java/util/HashMap$EntrySpliterator
Event: 86.212 Loading class java/util/HashMap$EntrySpliterator done
Event: 87.347 Loading class java/util/stream/DistinctOps
Event: 87.360 Loading class java/util/stream/DistinctOps done
Event: 87.360 Loading class java/util/stream/DistinctOps$1
Event: 87.361 Loading class java/util/stream/DistinctOps$1 done
Event: 87.372 Loading class java/util/stream/DistinctOps$1$2
Event: 87.373 Loading class java/util/stream/DistinctOps$1$2 done
Event: 88.714 Loading class java/util/AbstractList$RandomAccessSubList
Event: 88.715 Loading class java/util/AbstractList$SubList
Event: 88.716 Loading class java/util/AbstractList$SubList done
Event: 88.716 Loading class java/util/AbstractList$RandomAccessSubList done
Event: 88.716 Loading class java/util/AbstractList$SubList$1
Event: 88.717 Loading class java/util/AbstractList$SubList$1 done
Event: 89.179 Loading class java/util/ImmutableCollections$SubList
Event: 89.180 Loading class java/util/ImmutableCollections$SubList done

Classes unloaded (10 events):
Event: 57.662 Thread 0x0000026a1480ea30 Unloading class 0x0000026a2d1a6c00 'java/lang/invoke/LambdaForm$MH+0x0000026a2d1a6c00'
Event: 57.662 Thread 0x0000026a1480ea30 Unloading class 0x0000026a2d1a6800 'java/lang/invoke/LambdaForm$MH+0x0000026a2d1a6800'
Event: 57.662 Thread 0x0000026a1480ea30 Unloading class 0x0000026a2d1a6400 'java/lang/invoke/LambdaForm$MH+0x0000026a2d1a6400'
Event: 57.662 Thread 0x0000026a1480ea30 Unloading class 0x0000026a2d1a6000 'java/lang/invoke/LambdaForm$MH+0x0000026a2d1a6000'
Event: 57.662 Thread 0x0000026a1480ea30 Unloading class 0x0000026a2d1a5c00 'java/lang/invoke/LambdaForm$BMH+0x0000026a2d1a5c00'
Event: 57.662 Thread 0x0000026a1480ea30 Unloading class 0x0000026a2d1a5800 'java/lang/invoke/LambdaForm$DMH+0x0000026a2d1a5800'
Event: 57.662 Thread 0x0000026a1480ea30 Unloading class 0x0000026a2d1a4400 'java/lang/invoke/LambdaForm$DMH+0x0000026a2d1a4400'
Event: 81.907 Thread 0x0000026a1480ea30 Unloading class 0x0000026a2d6bcc00 'java/lang/invoke/LambdaForm$DMH+0x0000026a2d6bcc00'
Event: 81.907 Thread 0x0000026a1480ea30 Unloading class 0x0000026a2d6bc400 'java/lang/invoke/LambdaForm$DMH+0x0000026a2d6bc400'
Event: 81.907 Thread 0x0000026a1480ea30 Unloading class 0x0000026a2d6bc800 'java/lang/invoke/LambdaForm$DMH+0x0000026a2d6bc800'

Classes redefined (0 events):
No events

Internal exceptions (20 events):
Event: 86.015 Thread 0x0000026a739301b0 Exception <a 'sun/nio/fs/WindowsException'{0x00000000d5ea0660}> (0x00000000d5ea0660) 
thrown [s\src\hotspot\share\prims\jni.cpp, line 520]
Event: 86.016 Thread 0x0000026a739301b0 Exception <a 'sun/nio/fs/WindowsException'{0x00000000d5ea13a8}> (0x00000000d5ea13a8) 
thrown [s\src\hotspot\share\prims\jni.cpp, line 520]
Event: 86.016 Thread 0x0000026a739301b0 Exception <a 'sun/nio/fs/WindowsException'{0x00000000d5ea1c88}> (0x00000000d5ea1c88) 
thrown [s\src\hotspot\share\prims\jni.cpp, line 520]
Event: 86.018 Thread 0x0000026a739301b0 Exception <a 'sun/nio/fs/WindowsException'{0x00000000d5ea3498}> (0x00000000d5ea3498) 
thrown [s\src\hotspot\share\prims\jni.cpp, line 520]
Event: 86.018 Thread 0x0000026a739301b0 Exception <a 'sun/nio/fs/WindowsException'{0x00000000d5ea3d78}> (0x00000000d5ea3d78) 
thrown [s\src\hotspot\share\prims\jni.cpp, line 520]
Event: 86.048 Thread 0x0000026a739301b0 Exception <a 'sun/nio/fs/WindowsException'{0x00000000d6064d00}> (0x00000000d6064d00) 
thrown [s\src\hotspot\share\prims\jni.cpp, line 520]
Event: 86.048 Thread 0x0000026a739301b0 Exception <a 'sun/nio/fs/WindowsException'{0x00000000d60655e0}> (0x00000000d60655e0) 
thrown [s\src\hotspot\share\prims\jni.cpp, line 520]
Event: 86.319 Thread 0x0000026a7314e9c0 Exception <a 'java/lang/NoSuchMethodError'{0x00000000d5e16998}: 'java.lang.Object java.lang.invoke.DirectMethodHandle$Holder.invokeStatic(java.lang.Object, java.lang.Object, int, java.lang.Object)'> (0x00000000d5e16998) 
thrown [s\src\hotspot\share\interpreter\linkResolver.cpp, line 773]
Event: 86.321 Thread 0x0000026a7314e9c0 Exception <a 'java/lang/NoSuchMethodError'{0x00000000d5e1d0a8}: 'java.lang.Object java.lang.invoke.DirectMethodHandle$Holder.newInvokeSpecial(java.lang.Object, java.lang.Object, int)'> (0x00000000d5e1d0a8) 
thrown [s\src\hotspot\share\interpreter\linkResolver.cpp, line 773]
Event: 86.663 Thread 0x0000026a7314e330 Exception <a 'java/lang/NoSuchMethodError'{0x00000000d5a3a188}: 'java.lang.Object java.lang.invoke.DirectMethodHandle$Holder.invokeStatic(java.lang.Object, java.lang.Object, int, int)'> (0x00000000d5a3a188) 
thrown [s\src\hotspot\share\interpreter\linkResolver.cpp, line 773]
Event: 86.666 Thread 0x0000026a7314e330 Exception <a 'java/lang/NoSuchMethodError'{0x00000000d5a3ea88}: 'java.lang.Object java.lang.invoke.DirectMethodHandle$Holder.invokeSpecial(java.lang.Object, java.lang.Object, java.lang.Object, int, int)'> (0x00000000d5a3ea88) 
thrown [s\src\hotspot\share\interpreter\linkResolver.cpp, line 773]
Event: 88.443 Thread 0x0000026a7314e330 Exception <a 'java/lang/NoSuchMethodError'{0x00000000d625b6a0}: 'java.lang.Object java.lang.invoke.DirectMethodHandle$Holder.invokeStatic(java.lang.Object, java.lang.Object, int, java.lang.Object, java.lang.Object)'> (0x00000000d625b6a0) 
thrown [s\src\hotspot\share\interpreter\linkResolver.cpp, line 773]
Event: 88.729 Thread 0x0000026a7314e330 Exception <a 'java/lang/NoSuchMethodError'{0x00000000d58ccdb0}: 'java.lang.Object java.lang.invoke.DirectMethodHandle$Holder.newInvokeSpecial(java.lang.Object, java.lang.Object, java.lang.Object, java.lang.Object, int)'> (0x00000000d58ccdb0) 
thrown [s\src\hotspot\share\interpreter\linkResolver.cpp, line 773]
Event: 88.730 Thread 0x0000026a7314e330 Exception <a 'java/lang/NoSuchMethodError'{0x00000000d58d1148}: 'java.lang.Object java.lang.invoke.DirectMethodHandle$Holder.invokeSpecial(java.lang.Object, java.lang.Object, java.lang.Object, java.lang.Object, java.lang.Object, int)'> (0x00000000d58d1148) 
thrown [s\src\hotspot\share\interpreter\linkResolver.cpp, line 773]
Event: 88.730 Thread 0x0000026a7314e330 Exception <a 'java/lang/NoSuchMethodError'{0x00000000d58d4e78}: 'java.lang.Object java.lang.invoke.Invokers$Holder.linkToTargetMethod(java.lang.Object, java.lang.Object, java.lang.Object, int, java.lang.Object)'> (0x00000000d58d4e78) 
thrown [s\src\hotspot\share\interpreter\linkResolver.cpp, line 773]
Event: 88.754 Thread 0x0000026a74397bb0 Exception <a 'sun/nio/fs/WindowsException'{0x00000000d594cf18}> (0x00000000d594cf18) 
thrown [s\src\hotspot\share\prims\jni.cpp, line 520]
Event: 88.754 Thread 0x0000026a74397bb0 Exception <a 'sun/nio/fs/WindowsException'{0x00000000d594d818}> (0x00000000d594d818) 
thrown [s\src\hotspot\share\prims\jni.cpp, line 520]
Event: 89.132 Thread 0x0000026a7314cf80 Exception <a 'java/io/FileNotFoundException'{0x00000000d5ef0ad8}> (0x00000000d5ef0ad8) 
thrown [s\src\hotspot\share\prims\jni.cpp, line 520]
Event: 89.132 Thread 0x0000026a7314cf80 Exception <a 'java/io/FileNotFoundException'{0x00000000d5ef4108}> (0x00000000d5ef4108) 
thrown [s\src\hotspot\share\prims\jni.cpp, line 520]
Event: 89.132 Thread 0x0000026a7314cf80 Exception <a 'java/io/FileNotFoundException'{0x00000000d5ef5120}> (0x00000000d5ef5120) 
thrown [s\src\hotspot\share\prims\jni.cpp, line 520]

ZGC Phase Switch (0 events):
No events

VM Operations (20 events):
Event: 88.484 Executing VM operation: ParallelGCFailedAllocation (Allocation Failure)
Event: 88.491 Executing VM operation: ParallelGCFailedAllocation (Allocation Failure) done
Event: 88.519 Executing VM operation: HandshakeAllThreads (Deoptimize)
Event: 88.519 Executing VM operation: HandshakeAllThreads (Deoptimize) done
Event: 88.730 Executing VM operation: HandshakeAllThreads (Deoptimize)
Event: 88.730 Executing VM operation: HandshakeAllThreads (Deoptimize) done
Event: 88.742 Executing VM operation: HandshakeAllThreads (Deoptimize)
Event: 88.742 Executing VM operation: HandshakeAllThreads (Deoptimize) done
Event: 89.012 Executing VM operation: HandshakeAllThreads (Deoptimize)
Event: 89.021 Executing VM operation: HandshakeAllThreads (Deoptimize) done
Event: 89.117 Executing VM operation: ICBufferFull
Event: 89.117 Executing VM operation: ICBufferFull done
Event: 89.204 Executing VM operation: HandshakeAllThreads (Deoptimize)
Event: 89.205 Executing VM operation: HandshakeAllThreads (Deoptimize) done
Event: 89.238 Executing VM operation: ParallelGCFailedAllocation (Allocation Failure)
Event: 89.242 Executing VM operation: ParallelGCFailedAllocation (Allocation Failure) done
Event: 89.621 Executing VM operation: ICBufferFull
Event: 89.621 Executing VM operation: ICBufferFull done
Event: 90.626 Executing VM operation: Cleanup
Event: 90.626 Executing VM operation: Cleanup done

Memory protections (0 events):
No events

Nmethod flushes (20 events):
Event: 81.947 Thread 0x0000026a1480ea30 flushing  nmethod 0x0000026a18290410
Event: 81.947 Thread 0x0000026a1480ea30 flushing osr nmethod 0x0000026a18296d10
Event: 81.947 Thread 0x0000026a1480ea30 flushing  nmethod 0x0000026a1829b090
Event: 81.947 Thread 0x0000026a1480ea30 flushing  nmethod 0x0000026a1829e290
Event: 81.947 Thread 0x0000026a1480ea30 flushing  nmethod 0x0000026a1829f590
Event: 81.947 Thread 0x0000026a1480ea30 flushing  nmethod 0x0000026a1829f990
Event: 81.947 Thread 0x0000026a1480ea30 flushing  nmethod 0x0000026a182bf590
Event: 81.947 Thread 0x0000026a1480ea30 flushing  nmethod 0x0000026a182c1390
Event: 81.947 Thread 0x0000026a1480ea30 flushing  nmethod 0x0000026a182c2190
Event: 81.947 Thread 0x0000026a1480ea30 flushing  nmethod 0x0000026a182c3290
Event: 81.947 Thread 0x0000026a1480ea30 flushing  nmethod 0x0000026a182c3890
Event: 81.947 Thread 0x0000026a1480ea30 flushing  nmethod 0x0000026a182c4110
Event: 81.947 Thread 0x0000026a1480ea30 flushing osr nmethod 0x0000026a182c6f90
Event: 81.947 Thread 0x0000026a1480ea30 flushing  nmethod 0x0000026a182d1690
Event: 81.947 Thread 0x0000026a1480ea30 flushing  nmethod 0x0000026a182d8190
Event: 81.947 Thread 0x0000026a1480ea30 flushing  nmethod 0x0000026a182de510
Event: 81.947 Thread 0x0000026a1480ea30 flushing  nmethod 0x0000026a18303c10
Event: 81.947 Thread 0x0000026a1480ea30 flushing  nmethod 0x0000026a18307410
Event: 81.947 Thread 0x0000026a1480ea30 flushing  nmethod 0x0000026a1831f010
Event: 81.947 Thread 0x0000026a1480ea30 flushing  nmethod 0x0000026a18363510

Events (20 events):
Event: 68.460 Thread 0x0000026a7314e9c0 Thread added: 0x0000026a74396800
Event: 68.461 Thread 0x0000026a74396170 Thread added: 0x0000026a74397520
Event: 68.462 Thread 0x0000026a74396800 Thread added: 0x0000026a7392cd30
Event: 68.462 Thread 0x0000026a74397520 Thread added: 0x0000026a7392e0e0
Event: 68.464 Thread 0x0000026a7392e0e0 Thread added: 0x0000026a7392fb20
Event: 68.465 Thread 0x0000026a7392cd30 Thread added: 0x0000026a739301b0
Event: 68.467 Thread 0x0000026a739301b0 Thread added: 0x0000026a73930840
Event: 68.519 Thread 0x0000026a7392fb20 Thread added: 0x0000026a7392d3c0
Event: 68.522 Thread 0x0000026a7392d3c0 Thread added: 0x0000026a73930ed0
Event: 68.524 Thread 0x0000026a73930840 Thread added: 0x0000026a7392da50
Event: 80.809 Thread 0x0000026a7314e9c0 Thread added: 0x0000026a73932fa0
Event: 80.809 Thread 0x0000026a7314e9c0 Thread added: 0x0000026a73934350
Event: 80.859 Thread 0x0000026a7314e9c0 Thread added: 0x0000026a73933630
Event: 80.859 Thread 0x0000026a7314e9c0 Thread added: 0x0000026a73933cc0
Event: 80.860 Thread 0x0000026a7314e9c0 Thread added: 0x0000026a73931bf0
Event: 83.318 Thread 0x0000026a73932fa0 Thread exited: 0x0000026a73932fa0
Event: 83.319 Thread 0x0000026a73933630 Thread exited: 0x0000026a73933630
Event: 83.319 Thread 0x0000026a73933cc0 Thread exited: 0x0000026a73933cc0
Event: 83.319 Thread 0x0000026a73931bf0 Thread exited: 0x0000026a73931bf0
Event: 83.321 Thread 0x0000026a73934350 Thread exited: 0x0000026a73934350


Dynamic libraries:
0x00007ff703360000 - 0x00007ff70336e000 	c:\Users\damin\.cursor\extensions\redhat.java-1.46.0-win32-x64\jre\21.0.8-win32-x86_64\bin\java.exe
0x00007ffa2d360000 - 0x00007ffa2d5c8000 	C:\WINDOWS\SYSTEM32\ntdll.dll
0x00007ffa2be90000 - 0x00007ffa2bf59000 	C:\WINDOWS\System32\KERNEL32.DLL
0x00007ffa2a6c0000 - 0x00007ffa2aab2000 	C:\WINDOWS\System32\KERNELBASE.dll
0x00007ff9c2de0000 - 0x00007ff9c2df8000 	c:\Users\damin\.cursor\extensions\redhat.java-1.46.0-win32-x64\jre\21.0.8-win32-x86_64\bin\jli.dll
0x00007ff9bf070000 - 0x00007ff9bf08e000 	c:\Users\damin\.cursor\extensions\redhat.java-1.46.0-win32-x64\jre\21.0.8-win32-x86_64\bin\VCRUNTIME140.dll
0x00007ffa2ac10000 - 0x00007ffa2ad5b000 	C:\WINDOWS\System32\ucrtbase.dll
0x00007ffa2cae0000 - 0x00007ffa2cca5000 	C:\WINDOWS\System32\USER32.dll
0x00007ffa0ddc0000 - 0x00007ffa0e053000 	C:\WINDOWS\WinSxS\amd64_microsoft.windows.common-controls_6595b64144ccf1df_6.0.26100.6899_none_3e0efeeae32e88c1\COMCTL32.dll
0x00007ffa2ad60000 - 0x00007ffa2ad87000 	C:\WINDOWS\System32\win32u.dll
0x00007ffa2bd00000 - 0x00007ffa2bda9000 	C:\WINDOWS\System32\msvcrt.dll
0x00007ffa2b700000 - 0x00007ffa2b72b000 	C:\WINDOWS\System32\GDI32.dll
0x00007ffa2a590000 - 0x00007ffa2a6bd000 	C:\WINDOWS\System32\gdi32full.dll
0x00007ffa2af10000 - 0x00007ffa2afb3000 	C:\WINDOWS\System32\msvcp_win.dll
0x00007ffa2d220000 - 0x00007ffa2d24f000 	C:\WINDOWS\System32\IMM32.DLL
0x00007ff9d6050000 - 0x00007ff9d605c000 	c:\Users\damin\.cursor\extensions\redhat.java-1.46.0-win32-x64\jre\21.0.8-win32-x86_64\bin\vcruntime140_1.dll
0x00007ff95c5b0000 - 0x00007ff95c63d000 	c:\Users\damin\.cursor\extensions\redhat.java-1.46.0-win32-x64\jre\21.0.8-win32-x86_64\bin\msvcp140.dll
0x00007ff931b50000 - 0x00007ff9328e7000 	c:\Users\damin\.cursor\extensions\redhat.java-1.46.0-win32-x64\jre\21.0.8-win32-x86_64\bin\server\jvm.dll
0x00007ffa2d260000 - 0x00007ffa2d314000 	C:\WINDOWS\System32\ADVAPI32.dll
0x00007ffa2ccb0000 - 0x00007ffa2cd56000 	C:\WINDOWS\System32\sechost.dll
0x00007ffa2b750000 - 0x00007ffa2b868000 	C:\WINDOWS\System32\RPCRT4.dll
0x00007ffa2a370000 - 0x00007ffa2a3ce000 	C:\WINDOWS\SYSTEM32\POWRPROF.dll
0x00007ffa2c880000 - 0x00007ffa2c8f4000 	C:\WINDOWS\System32\WS2_32.dll
0x00007ffa22a10000 - 0x00007ffa22a45000 	C:\WINDOWS\SYSTEM32\WINMM.dll
0x00007ffa227f0000 - 0x00007ffa227fb000 	C:\WINDOWS\SYSTEM32\VERSION.dll
0x00007ffa2a330000 - 0x00007ffa2a344000 	C:\WINDOWS\SYSTEM32\UMPDC.dll
0x00007ffa292c0000 - 0x00007ffa292db000 	C:\WINDOWS\SYSTEM32\kernel.appcore.dll
0x00007ff9d5f60000 - 0x00007ff9d5f6a000 	c:\Users\damin\.cursor\extensions\redhat.java-1.46.0-win32-x64\jre\21.0.8-win32-x86_64\bin\jimage.dll
0x00007ffa27b50000 - 0x00007ffa27d92000 	C:\WINDOWS\SYSTEM32\DBGHELP.DLL
0x00007ffa2b200000 - 0x00007ffa2b57b000 	C:\WINDOWS\System32\combase.dll
0x00007ffa2bdb0000 - 0x00007ffa2be87000 	C:\WINDOWS\System32\OLEAUT32.dll
0x00007ffa0aeb0000 - 0x00007ffa0aeec000 	C:\WINDOWS\SYSTEM32\dbgcore.DLL
0x00007ffa2a4f0000 - 0x00007ffa2a588000 	C:\WINDOWS\System32\bcryptPrimitives.dll
0x00007ff9d6120000 - 0x00007ff9d612f000 	c:\Users\damin\.cursor\extensions\redhat.java-1.46.0-win32-x64\jre\21.0.8-win32-x86_64\bin\instrument.dll
0x00007ff9b7900000 - 0x00007ff9b791f000 	c:\Users\damin\.cursor\extensions\redhat.java-1.46.0-win32-x64\jre\21.0.8-win32-x86_64\bin\java.dll
0x00007ffa2c130000 - 0x00007ffa2c87d000 	C:\WINDOWS\System32\SHELL32.dll
0x00007ffa2afc0000 - 0x00007ffa2b12b000 	C:\WINDOWS\System32\wintypes.dll
0x00007ffa28110000 - 0x00007ffa2896d000 	C:\WINDOWS\SYSTEM32\windows.storage.dll
0x00007ffa2cfc0000 - 0x00007ffa2d0b2000 	C:\WINDOWS\System32\SHCORE.dll
0x00007ffa2b190000 - 0x00007ffa2b1f2000 	C:\WINDOWS\System32\shlwapi.dll
0x00007ffa2a410000 - 0x00007ffa2a439000 	C:\WINDOWS\SYSTEM32\profapi.dll
0x00007ff9be4f0000 - 0x00007ff9be508000 	c:\Users\damin\.cursor\extensions\redhat.java-1.46.0-win32-x64\jre\21.0.8-win32-x86_64\bin\zip.dll
0x00007ff9d6110000 - 0x00007ff9d6120000 	C:\Users\damin\.cursor\extensions\redhat.java-1.46.0-win32-x64\jre\21.0.8-win32-x86_64\bin\net.dll
0x00007ffa1c670000 - 0x00007ffa1c78f000 	C:\WINDOWS\SYSTEM32\WINHTTP.dll
0x00007ffa29830000 - 0x00007ffa2989b000 	C:\WINDOWS\system32\mswsock.dll
0x00007ff9d60f0000 - 0x00007ff9d6106000 	C:\Users\damin\.cursor\extensions\redhat.java-1.46.0-win32-x64\jre\21.0.8-win32-x86_64\bin\nio.dll
0x00007ff9d60e0000 - 0x00007ff9d60f0000 	c:\Users\damin\.cursor\extensions\redhat.java-1.46.0-win32-x64\jre\21.0.8-win32-x86_64\bin\verify.dll
0x00007ff9d6090000 - 0x00007ff9d60d4000 	C:\Users\damin\AppData\Roaming\Cursor\User\globalStorage\redhat.java\1.46.0\config_win\org.eclipse.equinox.launcher\org.eclipse.equinox.launcher.win32.win32.x86_64_1.2.1400.v20250801-0854\eclipse_11916.dll
0x00007ffa2bf60000 - 0x00007ffa2c0f8000 	C:\WINDOWS\System32\ole32.dll
0x00007ffa29ae0000 - 0x00007ffa29afb000 	C:\WINDOWS\SYSTEM32\CRYPTSP.dll
0x00007ffa29200000 - 0x00007ffa2923b000 	C:\WINDOWS\system32\rsaenh.dll
0x00007ffa298d0000 - 0x00007ffa298fb000 	C:\WINDOWS\SYSTEM32\USERENV.dll
0x00007ffa2a3e0000 - 0x00007ffa2a406000 	C:\WINDOWS\SYSTEM32\bcrypt.dll
0x00007ffa29b00000 - 0x00007ffa29b0c000 	C:\WINDOWS\SYSTEM32\CRYPTBASE.dll
0x00007ffa28de0000 - 0x00007ffa28e14000 	C:\WINDOWS\SYSTEM32\IPHLPAPI.DLL
0x00007ffa2d0c0000 - 0x00007ffa2d0ca000 	C:\WINDOWS\System32\NSI.dll
0x00007ff968210000 - 0x00007ff968259000 	C:\Users\damin\AppData\Local\Temp\jna-95349941\jna12578259467492188004.dll
0x00007ffa2b180000 - 0x00007ffa2b188000 	C:\WINDOWS\System32\PSAPI.DLL
0x00007ffa24040000 - 0x00007ffa2405e000 	C:\WINDOWS\SYSTEM32\dhcpcsvc6.DLL
0x00007ffa24010000 - 0x00007ffa24033000 	C:\WINDOWS\SYSTEM32\dhcpcsvc.DLL

JVMTI agents:
c:\Users\damin\.cursor\extensions\redhat.java-1.46.0-win32-x64\lombok\lombok-1.18.39-4050.jar path:c:\Users\damin\.cursor\extensions\redhat.java-1.46.0-win32-x64\jre\21.0.8-win32-x86_64\bin\instrument.dll, loaded, initialized, instrumentlib options:none

dbghelp: loaded successfully - version: 4.0.5 - missing functions: none
symbol engine: initialized successfully - sym options: 0x614 - pdb path: .;c:\Users\damin\.cursor\extensions\redhat.java-1.46.0-win32-x64\jre\21.0.8-win32-x86_64\bin;C:\WINDOWS\SYSTEM32;C:\WINDOWS\WinSxS\amd64_microsoft.windows.common-controls_6595b64144ccf1df_6.0.26100.6899_none_3e0efeeae32e88c1;c:\Users\damin\.cursor\extensions\redhat.java-1.46.0-win32-x64\jre\21.0.8-win32-x86_64\bin\server;C:\Users\damin\AppData\Roaming\Cursor\User\globalStorage\redhat.java\1.46.0\config_win\org.eclipse.equinox.launcher\org.eclipse.equinox.launcher.win32.win32.x86_64_1.2.1400.v20250801-0854;C:\Users\damin\AppData\Local\Temp\jna-95349941

VM Arguments:
jvm_args: --add-modules=ALL-SYSTEM --add-opens=java.base/java.util=ALL-UNNAMED --add-opens=java.base/java.lang=ALL-UNNAMED --add-opens=java.base/sun.nio.fs=ALL-UNNAMED -Declipse.application=org.eclipse.jdt.ls.core.id1 -Dosgi.bundles.defaultStartLevel=4 -Declipse.product=org.eclipse.jdt.ls.core.product -Djava.import.generatesMetadataFilesAtProjectRoot=false -DDetectVMInstallationsJob.disabled=true -Dfile.encoding=utf8 -XX:+UseParallelGC -XX:GCTimeRatio=4 -XX:AdaptiveSizePolicyWeight=90 -Dsun.zip.disableMemoryMapping=true -Xmx2G -Xms100m -Xlog:disable -javaagent:c:\Users\damin\.cursor\extensions\redhat.java-1.46.0-win32-x64\lombok\lombok-1.18.39-4050.jar -XX:+HeapDumpOnOutOfMemoryError -XX:HeapDumpPath=c:\Users\damin\AppData\Roaming\Cursor\User\workspaceStorage\0fff20a0ddf8a580ce308bc09cb831c3\redhat.java -Daether.dependencyCollector.impl=bf 
java_command: c:\Users\damin\.cursor\extensions\redhat.java-1.46.0-win32-x64\server\plugins\org.eclipse.equinox.launcher_1.7.0.v20250519-0528.jar -configuration c:\Users\damin\AppData\Roaming\Cursor\User\globalStorage\redhat.java\1.46.0\config_win -data c:\Users\damin\AppData\Roaming\Cursor\User\workspaceStorage\0fff20a0ddf8a580ce308bc09cb831c3\redhat.java\jdt_ws --pipe=\\.\pipe\lsp-95f367584fdb14d964770e9a10e321e1-sock
java_class_path (initial): c:\Users\damin\.cursor\extensions\redhat.java-1.46.0-win32-x64\server\plugins\org.eclipse.equinox.launcher_1.7.0.v20250519-0528.jar
Launcher Type: SUN_STANDARD

[Global flags]
    uintx AdaptiveSizePolicyWeight                 = 90                                        {product} {command line}
     intx CICompilerCount                          = 4                                         {product} {ergonomic}
    uintx GCTimeRatio                              = 4                                         {product} {command line}
     bool HeapDumpOnOutOfMemoryError               = true                                   {manageable} {command line}
    ccstr HeapDumpPath                             = c:\Users\damin\AppData\Roaming\Cursor\User\workspaceStorage\0fff20a0ddf8a580ce308bc09cb831c3\redhat.java         {manageable} {command line}
   size_t InitialHeapSize                          = 104857600                                 {product} {command line}
   size_t MaxHeapSize                              = 2147483648                                {product} {command line}
   size_t MaxNewSize                               = 715653120                                 {product} {ergonomic}
   size_t MinHeapDeltaBytes                        = 524288                                    {product} {ergonomic}
   size_t MinHeapSize                              = 104857600                                 {product} {command line}
   size_t NewSize                                  = 34603008                                  {product} {ergonomic}
    uintx NonNMethodCodeHeapSize                   = 5839372                                {pd product} {ergonomic}
    uintx NonProfiledCodeHeapSize                  = 122909434                              {pd product} {ergonomic}
   size_t OldSize                                  = 70254592                                  {product} {ergonomic}
    uintx ProfiledCodeHeapSize                     = 122909434                              {pd product} {ergonomic}
    uintx ReservedCodeCacheSize                    = 251658240                              {pd product} {ergonomic}
     bool SegmentedCodeCache                       = true                                      {product} {ergonomic}
   size_t SoftMaxHeapSize                          = 2147483648                             {manageable} {ergonomic}
     bool UseCompressedOops                        = true                           {product lp64_product} {ergonomic}
     bool UseLargePagesIndividualAllocation        = false                                  {pd product} {ergonomic}
     bool UseParallelGC                            = true                                      {product} {command line}

Logging:
Log output configuration:
 #0: stdout all=off uptime,level,tags foldmultilines=false
 #1: stderr all=off uptime,level,tags foldmultilines=false

Environment Variables:
JAVA_HOME=C:\Program Files\Java\jdk-21
PATH=C:\Program Files\Python313\Scripts\;C:\Program Files\Python313\;C:\Program Files\Microsoft MPI\Bin\;C:\Program Files\Common Files\Oracle\Java\javapath;C:\WINDOWS\system32;C:\WINDOWS;C:\WINDOWS\System32\Wbem;C:\WINDOWS\System32\WindowsPowerShell\v1.0\;C:\WINDOWS\System32\OpenSSH\;C:\Program Files\Java\jdk-23\bin;C:\Program Files\Java\apache-maven-3.9.9\bin;C:\ProgramData\chocolatey\bin;C:\Users\damin\Downloads\apache-maven-3.9.9\bin;C:\apache-tomcat-10.1.40\bin;C:\Program Files\Git\cmd;C:\Program Files (x86)\Microsoft SQL Server\160\Tools\Binn\;C:\Program Files\Microsoft SQL Server\160\Tools\Binn\;C:\Program Files\Microsoft SQL Server\Client SDK\ODBC\170\Tools\Binn\;C:\Program Files\Microsoft SQL Server\160\DTS\Binn\;C:\Program Files (x86)\Microsoft SQL Server\160\DTS\Binn\;C:\maven\apache-maven-3.9.11\bin;C:\Program Files\nodejs\;C:\Program Files\MySQL\MySQL Server 8.0\bin;C:\Program Files\cursor\resources\app\bin;C:\Program Files\Java\jdk-21\bin;C:\Program Files\apache-maven-3.9.11\bin;C:\Program Files\MySQL\MySQL Shell 8.0\bin\;C:\Users\damin\AppData\Local\Microsoft\WindowsApps;C:\Program Files\Java\apache-maven-3.9.9\bin;C:\ProgramData\damin\GitHubDesktop\bin;C:\Program Files\JetBrains\IntelliJ IDEA 2025.1.1\bin;C:\Program Files\JetBrains\IntelliJ IDEA Community Edition 2025.1.1.1\bin;C:\Program Files\Azure Data Studio\bin;C:\Users\damin\AppData\Roaming\npm;C:\Users\damin\AppData\Local\Programs\Microsoft VS Code\bin;C:\Users\damin\AppData\Local\JetBrains\Toolbox\scripts;
USERNAME=damin
OS=Windows_NT
PROCESSOR_IDENTIFIER=Intel64 Family 6 Model 154 Stepping 4, GenuineIntel
TMP=C:\Users\damin\AppData\Local\Temp
TEMP=C:\Users\damin\AppData\Local\Temp




Periodic native trim disabled

---------------  S Y S T E M  ---------------

OS:
 Windows 11 , 64 bit Build 26100 (10.0.26100.6725)
OS uptime: 0 days 9:31 hours
Hyper-V role detected

CPU: total 12 (initial active 12) (6 cores per cpu, 2 threads per core) family 6 model 154 stepping 4 microcode 0x437, cx8, cmov, fxsr, ht, mmx, 3dnowpref, sse, sse2, sse3, ssse3, sse4.1, sse4.2, popcnt, lzcnt, tsc, tscinvbit, avx, avx2, aes, erms, clmul, bmi1, bmi2, adx, sha, fma, vzeroupper, clflush, clflushopt, clwb, hv, serialize, rdtscp, rdpid, fsrm, f16c, cet_ibt, cet_ss
Processor Information for processor 0
  Max Mhz: 1300, Current Mhz: 1300, Mhz Limit: 1300
Processor Information for processor 1
  Max Mhz: 1300, Current Mhz: 1300, Mhz Limit: 1300
Processor Information for processor 2
  Max Mhz: 1300, Current Mhz: 1300, Mhz Limit: 1300
Processor Information for processor 3
  Max Mhz: 1300, Current Mhz: 1300, Mhz Limit: 1300
Processor Information for processor 4
  Max Mhz: 900, Current Mhz: 900, Mhz Limit: 900
Processor Information for processor 5
  Max Mhz: 900, Current Mhz: 900, Mhz Limit: 900
Processor Information for processor 6
  Max Mhz: 900, Current Mhz: 900, Mhz Limit: 900
Processor Information for processor 7
  Max Mhz: 900, Current Mhz: 900, Mhz Limit: 900
Processor Information for processor 8
  Max Mhz: 900, Current Mhz: 900, Mhz Limit: 900
Processor Information for processor 9
  Max Mhz: 900, Current Mhz: 900, Mhz Limit: 900
Processor Information for processor 10
  Max Mhz: 900, Current Mhz: 900, Mhz Limit: 900
Processor Information for processor 11
  Max Mhz: 900, Current Mhz: 900, Mhz Limit: 900

Memory: 4k page, system-wide physical 7916M (563M free)
TotalPageFile size 32492M (AvailPageFile size 99M)
current process WorkingSet (physical memory assigned to process): 221M, peak: 274M
current process commit charge ("private bytes"): 386M, peak: 387M

vm_info: OpenJDK 64-Bit Server VM (21.0.8+9-LTS) for windows-amd64 JRE (21.0.8+9-LTS), built on 2025-07-15T00:00:00Z by "admin" with MS VC++ 17.7 (VS2022)

END.
