#
# There is insufficient memory for the Java Runtime Environment to continue.
# Native memory allocation (malloc) failed to allocate 973456 bytes. Error detail: Chunk::new
# Possible reasons:
#   The system is out of physical RAM or swap space
#   This process is running with CompressedOops enabled, and the Java Heap may be blocking the growth of the native heap
# Possible solutions:
#   Reduce memory load on the system
#   Increase physical memory or swap space
#   Check if swap backing store is full
#   Decrease Java heap size (-Xmx/-Xms)
#   Decrease number of Java threads
#   Decrease Java thread stack sizes (-Xss)
#   Set larger code cache with -XX:ReservedCodeCacheSize=
#   JVM is running with Unscaled Compressed Oops mode in which the Java heap is
#     placed in the first 4GB address space. The Java Heap base address is the
#     maximum limit for the native heap growth. Please use -XX:HeapBaseMinAddress
#     to set the Java Heap base and to place the Java Heap above 4GB virtual address.
# This output file may be truncated or incomplete.
#
#  Out of Memory Error (arena.cpp:168), pid=30892, tid=18328
#
# JRE version: OpenJDK Runtime Environment Temurin-21.0.8+9 (21.0.8+9) (build 21.0.8+9-LTS)
# Java VM: OpenJDK 64-Bit Server VM Temurin-21.0.8+9 (21.0.8+9-LTS, mixed mode, sharing, tiered, compressed oops, compressed class ptrs, parallel gc, windows-amd64)
# No core dump will be written. Minidumps are not enabled by default on client versions of Windows
#

---------------  S U M M A R Y ------------

Command Line: --add-modules=ALL-SYSTEM --add-opens=java.base/java.util=ALL-UNNAMED --add-opens=java.base/java.lang=ALL-UNNAMED --add-opens=java.base/sun.nio.fs=ALL-UNNAMED -Declipse.application=org.eclipse.jdt.ls.core.id1 -Dosgi.bundles.defaultStartLevel=4 -Declipse.product=org.eclipse.jdt.ls.core.product -Djava.import.generatesMetadataFilesAtProjectRoot=false -DDetectVMInstallationsJob.disabled=true -Dfile.encoding=utf8 -XX:+UseParallelGC -XX:GCTimeRatio=4 -XX:AdaptiveSizePolicyWeight=90 -Dsun.zip.disableMemoryMapping=true -Xmx2G -Xms100m -Xlog:disable -javaagent:c:\Users\damin\.cursor\extensions\redhat.java-1.46.0-win32-x64\lombok\lombok-1.18.39-4050.jar -XX:+HeapDumpOnOutOfMemoryError -XX:HeapDumpPath=c:\Users\damin\AppData\Roaming\Cursor\User\workspaceStorage\0fff20a0ddf8a580ce308bc09cb831c3\redhat.java -Daether.dependencyCollector.impl=bf c:\Users\damin\.cursor\extensions\redhat.java-1.46.0-win32-x64\server\plugins\org.eclipse.equinox.launcher_1.7.0.v20250519-0528.jar -configuration c:\Users\damin\AppData\Roaming\Cursor\User\globalStorage\redhat.java\1.46.0\config_win -data c:\Users\damin\AppData\Roaming\Cursor\User\workspaceStorage\0fff20a0ddf8a580ce308bc09cb831c3\redhat.java\jdt_ws --pipe=\\.\pipe\lsp-df91b5d7716c3cfb1c74cb814d7a1885-sock

Host: 12th Gen Intel(R) Core(TM) i5-1235U, 12 cores, 7G,  Windows 11 , 64 bit Build 26100 (10.0.26100.6725)
Time: Tue Oct 21 19:33:19 2025 Sri Lanka Standard Time elapsed time: 26.790019 seconds (0d 0h 0m 26s)

---------------  T H R E A D  ---------------

Current thread (0x000001d17e6dad90):  JavaThread "C2 CompilerThread1" daemon [_thread_in_native, id=18328, stack(0x000000b677d00000,0x000000b677e00000) (1024K)]


Current CompileTask:
C2:26790 4126       4       org.lombokweb.asm.ClassReader::readMethod (1070 bytes)

Stack: [0x000000b677d00000,0x000000b677e00000]
Native frames: (J=compiled Java code, j=interpreted, Vv=VM code, C=native code)
V  [jvm.dll+0x6d2449]
V  [jvm.dll+0x8ae341]
V  [jvm.dll+0x8b08be]
V  [jvm.dll+0x8b0fa3]
V  [jvm.dll+0x280c96]
V  [jvm.dll+0xc581d]
V  [jvm.dll+0xc5d53]
V  [jvm.dll+0x2f539d]
V  [jvm.dll+0x5fa00a]
V  [jvm.dll+0x252092]
V  [jvm.dll+0x25244f]
V  [jvm.dll+0x24ad14]
V  [jvm.dll+0x2483a4]
V  [jvm.dll+0x1c89ee]
V  [jvm.dll+0x257d4d]
V  [jvm.dll+0x2562ea]
V  [jvm.dll+0x3f2d16]
V  [jvm.dll+0x857e6b]
V  [jvm.dll+0x6d0b0d]
C  [ucrtbase.dll+0x37b0]
C  [KERNEL32.DLL+0x2e8d7]
C  [ntdll.dll+0x8c53c]


---------------  P R O C E S S  ---------------

Threads class SMR info:
_java_thread_list=0x000001d17e8341b0, length=23, elements={
0x000001d1716eb5f0, 0x000001d173b83400, 0x000001d173a8b710, 0x000001d173b86090,
0x000001d173b8f440, 0x000001d17c802880, 0x000001d173b909b0, 0x000001d173b97ce0,
0x000001d173b9b360, 0x000001d17c8d66b0, 0x000001d17cb2d110, 0x000001d17de597e0,
0x000001d17dddc8b0, 0x000001d17e151c00, 0x000001d17e153760, 0x000001d17e1f9120,
0x000001d17da74530, 0x000001d17e443180, 0x000001d17e440a20, 0x000001d17e43fd00,
0x000001d17e4410b0, 0x000001d17e441740, 0x000001d17e6dad90
}

Java Threads: ( => current thread )
  0x000001d1716eb5f0 JavaThread "main"                              [_thread_blocked, id=18416, stack(0x000000b675b00000,0x000000b675c00000) (1024K)]
  0x000001d173b83400 JavaThread "Reference Handler"          daemon [_thread_blocked, id=32028, stack(0x000000b675f00000,0x000000b676000000) (1024K)]
  0x000001d173a8b710 JavaThread "Finalizer"                  daemon [_thread_blocked, id=12868, stack(0x000000b676000000,0x000000b676100000) (1024K)]
  0x000001d173b86090 JavaThread "Signal Dispatcher"          daemon [_thread_blocked, id=2824, stack(0x000000b676100000,0x000000b676200000) (1024K)]
  0x000001d173b8f440 JavaThread "Attach Listener"            daemon [_thread_blocked, id=1908, stack(0x000000b676200000,0x000000b676300000) (1024K)]
  0x000001d17c802880 JavaThread "Service Thread"             daemon [_thread_blocked, id=9556, stack(0x000000b676300000,0x000000b676400000) (1024K)]
  0x000001d173b909b0 JavaThread "Monitor Deflation Thread"   daemon [_thread_blocked, id=28932, stack(0x000000b676400000,0x000000b676500000) (1024K)]
  0x000001d173b97ce0 JavaThread "C2 CompilerThread0"         daemon [_thread_in_native, id=30816, stack(0x000000b676500000,0x000000b676600000) (1024K)]
  0x000001d173b9b360 JavaThread "C1 CompilerThread0"         daemon [_thread_blocked, id=9508, stack(0x000000b676600000,0x000000b676700000) (1024K)]
  0x000001d17c8d66b0 JavaThread "Common-Cleaner"             daemon [_thread_blocked, id=25952, stack(0x000000b676700000,0x000000b676800000) (1024K)]
  0x000001d17cb2d110 JavaThread "Notification Thread"        daemon [_thread_blocked, id=15148, stack(0x000000b676800000,0x000000b676900000) (1024K)]
  0x000001d17de597e0 JavaThread "Active Thread: Equinox Container: 84b3ac25-5db9-4238-ad07-f09dbb98e91c"        [_thread_blocked, id=19976, stack(0x000000b676f00000,0x000000b677000000) (1024K)]
  0x000001d17dddc8b0 JavaThread "Refresh Thread: Equinox Container: 84b3ac25-5db9-4238-ad07-f09dbb98e91c" daemon [_thread_blocked, id=6736, stack(0x000000b677000000,0x000000b677100000) (1024K)]
  0x000001d17e151c00 JavaThread "Framework Event Dispatcher: Equinox Container: 84b3ac25-5db9-4238-ad07-f09dbb98e91c" daemon [_thread_blocked, id=29140, stack(0x000000b677200000,0x000000b677300000) (1024K)]
  0x000001d17e153760 JavaThread "Start Level: Equinox Container: 84b3ac25-5db9-4238-ad07-f09dbb98e91c" daemon [_thread_in_native, id=4140, stack(0x000000b677300000,0x000000b677400000) (1024K)]
  0x000001d17e1f9120 JavaThread "Bundle File Closer"         daemon [_thread_blocked, id=30160, stack(0x000000b677600000,0x000000b677700000) (1024K)]
  0x000001d17da74530 JavaThread "SCR Component Actor"        daemon [_thread_blocked, id=24572, stack(0x000000b677700000,0x000000b677800000) (1024K)]
  0x000001d17e443180 JavaThread "Worker-JM"                         [_thread_blocked, id=24728, stack(0x000000b677800000,0x000000b677900000) (1024K)]
  0x000001d17e440a20 JavaThread "JNA Cleaner"                daemon [_thread_blocked, id=24044, stack(0x000000b677900000,0x000000b677a00000) (1024K)]
  0x000001d17e43fd00 JavaThread "Worker-0"                          [_thread_blocked, id=15840, stack(0x000000b677a00000,0x000000b677b00000) (1024K)]
  0x000001d17e4410b0 JavaThread "Worker-1: Repository registry initialization"        [_thread_in_vm, id=23428, stack(0x000000b677b00000,0x000000b677c00000) (1024K)]
  0x000001d17e441740 JavaThread "Worker-2"                          [_thread_blocked, id=30176, stack(0x000000b677c00000,0x000000b677d00000) (1024K)]
=>0x000001d17e6dad90 JavaThread "C2 CompilerThread1"         daemon [_thread_in_native, id=18328, stack(0x000000b677d00000,0x000000b677e00000) (1024K)]
Total: 23

Other Threads:
  0x000001d173a74ab0 VMThread "VM Thread"                           [id=12992, stack(0x000000b675e00000,0x000000b675f00000) (1024K)]
  0x000001d17396ca00 WatcherThread "VM Periodic Task Thread"        [id=22064, stack(0x000000b675d00000,0x000000b675e00000) (1024K)]
  0x000001d173afc390 WorkerThread "GC Thread#0"                     [id=18940, stack(0x000000b675c00000,0x000000b675d00000) (1024K)]
  0x000001d17d876360 WorkerThread "GC Thread#1"                     [id=30476, stack(0x000000b676900000,0x000000b676a00000) (1024K)]
  0x000001d17d8505d0 WorkerThread "GC Thread#2"                     [id=30344, stack(0x000000b676a00000,0x000000b676b00000) (1024K)]
  0x000001d17d923e60 WorkerThread "GC Thread#3"                     [id=30064, stack(0x000000b676b00000,0x000000b676c00000) (1024K)]
  0x000001d17da65960 WorkerThread "GC Thread#4"                     [id=29660, stack(0x000000b676c00000,0x000000b676d00000) (1024K)]
  0x000001d17da66110 WorkerThread "GC Thread#5"                     [id=3348, stack(0x000000b676d00000,0x000000b676e00000) (1024K)]
  0x000001d17dd4e040 WorkerThread "GC Thread#6"                     [id=12416, stack(0x000000b676e00000,0x000000b676f00000) (1024K)]
  0x000001d17dd4e3e0 WorkerThread "GC Thread#7"                     [id=5184, stack(0x000000b677100000,0x000000b677200000) (1024K)]
  0x000001d17dd4d900 WorkerThread "GC Thread#8"                     [id=25264, stack(0x000000b677400000,0x000000b677500000) (1024K)]
  0x000001d17dd4dca0 WorkerThread "GC Thread#9"                     [id=28452, stack(0x000000b677500000,0x000000b677600000) (1024K)]
Total: 12

Threads with active compile tasks:
C2 CompilerThread0  28879 4080   !   4       org.eclipse.osgi.internal.loader.classpath.ClasspathManager::findClassImpl (343 bytes)
C2 CompilerThread1  28880 4126       4       org.lombokweb.asm.ClassReader::readMethod (1070 bytes)
Total: 2

VM state: not at safepoint (normal execution)

VM Mutex/Monitor currently owned by a thread:  ([mutex/lock_event])
[0x00007ff932803458] Metaspace_lock - owner thread: 0x000001d17e4410b0

Heap address: 0x0000000080000000, size: 2048 MB, Compressed Oops mode: 32-bit

CDS archive(s) mapped at: [0x000001d10f000000-0x000001d10fba0000-0x000001d10fba0000), size 12189696, SharedBaseAddress: 0x000001d10f000000, ArchiveRelocationMode: 1.
Compressed class space mapped at: 0x000001d110000000-0x000001d150000000, reserved size: 1073741824
Narrow klass base: 0x000001d10f000000, Narrow klass shift: 0, Narrow klass range: 0x100000000

GC Precious Log:
 CardTable entry size: 512
 CPUs: 12 total, 12 available
 Memory: 7916M
 Large Page Support: Disabled
 NUMA Support: Disabled
 Compressed Oops: Enabled (32-bit)
 Alignments: Space 512K, Generation 512K, Heap 2M
 Heap Min Capacity: 100M
 Heap Initial Capacity: 100M
 Heap Max Capacity: 2G
 Pre-touch: Disabled
 Parallel Workers: 10

Heap:
 PSYoungGen      total 25088K, used 6876K [0x00000000d5580000, 0x00000000d7400000, 0x0000000100000000)
  eden space 23040K, 22% used [0x00000000d5580000,0x00000000d5aa8398,0x00000000d6c00000)
  from space 2048K, 77% used [0x00000000d7200000,0x00000000d738eda0,0x00000000d7400000)
  to   space 2048K, 0% used [0x00000000d7000000,0x00000000d7000000,0x00000000d7200000)
 ParOldGen       total 68608K, used 14673K [0x0000000080000000, 0x0000000084300000, 0x00000000d5580000)
  object space 68608K, 21% used [0x0000000080000000,0x0000000080e547d0,0x0000000084300000)
 Metaspace       used 28837K, committed 29888K, reserved 1114112K
  class space    used 2959K, committed 3456K, reserved 1048576K

Card table byte_map: [0x000001d173480000,0x000001d173890000] _byte_map_base: 0x000001d173080000

Marking Bits: (ParMarkBitMap*) 0x00007ff93280a340
 Begin Bits: [0x000001d176f80000, 0x000001d178f80000)
 End Bits:   [0x000001d178f80000, 0x000001d17af80000)

Polling page: 0x000001d173230000

Metaspace:

Usage:
  Non-class:     25.27 MB used.
      Class:      2.89 MB used.
       Both:     28.16 MB used.

Virtual space:
  Non-class space:       64.00 MB reserved,      25.81 MB ( 40%) committed,  1 nodes.
      Class space:        1.00 GB reserved,       3.38 MB ( <1%) committed,  1 nodes.
             Both:        1.06 GB reserved,      29.19 MB (  3%) committed. 

Chunk freelists:
   Non-Class:  6.06 MB
       Class:  12.50 MB
        Both:  18.55 MB

MaxMetaspaceSize: unlimited
CompressedClassSpaceSize: 1.00 GB
Initial GC threshold: 21.00 MB
Current GC threshold: 35.00 MB
CDS: on
 - commit_granule_bytes: 65536.
 - commit_granule_words: 8192.
 - virtual_space_node_default_size: 8388608.
 - enlarge_chunks_in_place: 1.
 - use_allocation_guard: 0.


Internal statistics:

num_allocs_failed_limit: 3.
num_arena_births: 842.
num_arena_deaths: 14.
num_vsnodes_births: 2.
num_vsnodes_deaths: 0.
num_space_committed: 467.
num_space_uncommitted: 0.
num_chunks_returned_to_freelist: 17.
num_chunks_taken_from_freelist: 2095.
num_chunk_merges: 9.
num_chunk_splits: 1314.
num_chunks_enlarged: 733.
num_inconsistent_stats: 0.

CodeHeap 'non-profiled nmethods': size=120000Kb used=1746Kb max_used=1746Kb free=118253Kb
 bounds [0x000001d107ad0000, 0x000001d107d40000, 0x000001d10f000000]
CodeHeap 'profiled nmethods': size=120000Kb used=8757Kb max_used=8757Kb free=111242Kb
 bounds [0x000001d100000000, 0x000001d100890000, 0x000001d107530000]
CodeHeap 'non-nmethods': size=5760Kb used=1335Kb max_used=1346Kb free=4424Kb
 bounds [0x000001d107530000, 0x000001d1077a0000, 0x000001d107ad0000]
CodeCache: size=245760Kb, used=11838Kb, max_used=11849Kb, free=233919Kb
 total_blobs=4799, nmethods=4174, adapters=531, full_count=0
Compilation: enabled, stopped_count=0, restarted_count=0

Compilation events (20 events):
Event: 21.736 Thread 0x000001d173b9b360 4161   !   3       org.eclipse.core.internal.preferences.EclipsePreferences::getChild (92 bytes)
Event: 21.736 Thread 0x000001d173b9b360 nmethod 4161 0x000001d10087a390 code [0x000001d10087a5c0, 0x000001d10087aee0]
Event: 21.736 Thread 0x000001d173b9b360 4165       3       org.eclipse.core.internal.preferences.RootPreferences::node (7 bytes)
Event: 21.737 Thread 0x000001d173b9b360 nmethod 4165 0x000001d10087b190 code [0x000001d10087b340, 0x000001d10087b488]
Event: 21.737 Thread 0x000001d173b9b360 4166       3       org.eclipse.core.internal.preferences.RootPreferences::getNode (135 bytes)
Event: 21.743 Thread 0x000001d173b9b360 nmethod 4166 0x000001d10087b510 code [0x000001d10087b860, 0x000001d10087cc00]
Event: 21.743 Thread 0x000001d173b9b360 4162       3       org.eclipse.core.internal.preferences.EclipsePreferences::absolutePath (79 bytes)
Event: 21.750 Thread 0x000001d173b9b360 nmethod 4162 0x000001d10087d310 code [0x000001d10087d940, 0x000001d100881ab8]
Event: 21.752 Thread 0x000001d173b9b360 4167   !   3       org.eclipse.core.internal.preferences.EclipsePreferences::getOrCreate (108 bytes)
Event: 21.753 Thread 0x000001d173b9b360 nmethod 4167 0x000001d100882e10 code [0x000001d100883060, 0x000001d100883b20]
Event: 21.753 Thread 0x000001d173b9b360 4163       3       org.eclipse.core.internal.preferences.PreferencesService::getRootNode (4 bytes)
Event: 21.753 Thread 0x000001d173b9b360 nmethod 4163 0x000001d100883f10 code [0x000001d1008840a0, 0x000001d1008841b8]
Event: 21.753 Thread 0x000001d173b9b360 4168       3       org.eclipse.core.internal.preferences.PreferencesService::getDefault (20 bytes)
Event: 21.753 Thread 0x000001d173b9b360 nmethod 4168 0x000001d100884290 code [0x000001d100884440, 0x000001d100884638]
Event: 21.753 Thread 0x000001d173b9b360 4164       3       org.eclipse.core.internal.preferences.DefaultPreferences::getLoadLevel (52 bytes)
Event: 21.754 Thread 0x000001d173b9b360 nmethod 4164 0x000001d100884710 code [0x000001d100884900, 0x000001d100884f50]
Event: 21.754 Thread 0x000001d173b9b360 4169       3       org.eclipse.core.internal.preferences.DefaultPreferences::getScopeRelativePath (43 bytes)
Event: 21.754 Thread 0x000001d173b9b360 nmethod 4169 0x000001d100885190 code [0x000001d1008853a0, 0x000001d100885958]
Event: 21.754 Thread 0x000001d173b9b360 4170       3       org.eclipse.core.internal.preferences.DefaultPreferences::internalPut (66 bytes)
Event: 21.756 Thread 0x000001d173b9b360 nmethod 4170 0x000001d100885b90 code [0x000001d100885e00, 0x000001d100886838]

GC Heap History (20 events):
Event: 3.482 GC heap before
{Heap before GC invocations=2 (full 0):
 PSYoungGen      total 29696K, used 28935K [0x00000000d5580000, 0x00000000d7680000, 0x0000000100000000)
  eden space 25600K, 100% used [0x00000000d5580000,0x00000000d6e80000,0x00000000d6e80000)
  from space 4096K, 81% used [0x00000000d6e80000,0x00000000d71c1e18,0x00000000d7280000)
  to   space 4096K, 0% used [0x00000000d7280000,0x00000000d7280000,0x00000000d7680000)
 ParOldGen       total 68608K, used 16K [0x0000000080000000, 0x0000000084300000, 0x00000000d5580000)
  object space 68608K, 0% used [0x0000000080000000,0x0000000080004000,0x0000000084300000)
 Metaspace       used 8005K, committed 8320K, reserved 1114112K
  class space    used 838K, committed 960K, reserved 1048576K
}
Event: 3.492 GC heap after
{Heap after GC invocations=2 (full 0):
 PSYoungGen      total 29696K, used 4085K [0x00000000d5580000, 0x00000000d7680000, 0x0000000100000000)
  eden space 25600K, 0% used [0x00000000d5580000,0x00000000d5580000,0x00000000d6e80000)
  from space 4096K, 99% used [0x00000000d7280000,0x00000000d767d790,0x00000000d7680000)
  to   space 4096K, 0% used [0x00000000d6e80000,0x00000000d6e80000,0x00000000d7280000)
 ParOldGen       total 68608K, used 1731K [0x0000000080000000, 0x0000000084300000, 0x00000000d5580000)
  object space 68608K, 2% used [0x0000000080000000,0x00000000801b0f28,0x0000000084300000)
 Metaspace       used 8005K, committed 8320K, reserved 1114112K
  class space    used 838K, committed 960K, reserved 1048576K
}
Event: 4.500 GC heap before
{Heap before GC invocations=3 (full 0):
 PSYoungGen      total 29696K, used 29683K [0x00000000d5580000, 0x00000000d7680000, 0x0000000100000000)
  eden space 25600K, 99% used [0x00000000d5580000,0x00000000d6e7f648,0x00000000d6e80000)
  from space 4096K, 99% used [0x00000000d7280000,0x00000000d767d790,0x00000000d7680000)
  to   space 4096K, 0% used [0x00000000d6e80000,0x00000000d6e80000,0x00000000d7280000)
 ParOldGen       total 68608K, used 1731K [0x0000000080000000, 0x0000000084300000, 0x00000000d5580000)
  object space 68608K, 2% used [0x0000000080000000,0x00000000801b0f28,0x0000000084300000)
 Metaspace       used 9431K, committed 9728K, reserved 1114112K
  class space    used 1006K, committed 1152K, reserved 1048576K
}
Event: 4.513 GC heap after
{Heap after GC invocations=3 (full 0):
 PSYoungGen      total 29696K, used 4090K [0x00000000d5580000, 0x00000000d7680000, 0x0000000100000000)
  eden space 25600K, 0% used [0x00000000d5580000,0x00000000d5580000,0x00000000d6e80000)
  from space 4096K, 99% used [0x00000000d6e80000,0x00000000d727e910,0x00000000d7280000)
  to   space 4096K, 0% used [0x00000000d7280000,0x00000000d7280000,0x00000000d7680000)
 ParOldGen       total 68608K, used 4766K [0x0000000080000000, 0x0000000084300000, 0x00000000d5580000)
  object space 68608K, 6% used [0x0000000080000000,0x00000000804a7838,0x0000000084300000)
 Metaspace       used 9431K, committed 9728K, reserved 1114112K
  class space    used 1006K, committed 1152K, reserved 1048576K
}
Event: 6.438 GC heap before
{Heap before GC invocations=4 (full 0):
 PSYoungGen      total 29696K, used 29659K [0x00000000d5580000, 0x00000000d7680000, 0x0000000100000000)
  eden space 25600K, 99% used [0x00000000d5580000,0x00000000d6e78320,0x00000000d6e80000)
  from space 4096K, 99% used [0x00000000d6e80000,0x00000000d727e910,0x00000000d7280000)
  to   space 4096K, 0% used [0x00000000d7280000,0x00000000d7280000,0x00000000d7680000)
 ParOldGen       total 68608K, used 4766K [0x0000000080000000, 0x0000000084300000, 0x00000000d5580000)
  object space 68608K, 6% used [0x0000000080000000,0x00000000804a7838,0x0000000084300000)
 Metaspace       used 12139K, committed 12544K, reserved 1114112K
  class space    used 1294K, committed 1472K, reserved 1048576K
}
Event: 6.447 GC heap after
{Heap after GC invocations=4 (full 0):
 PSYoungGen      total 29696K, used 4092K [0x00000000d5580000, 0x00000000d7680000, 0x0000000100000000)
  eden space 25600K, 0% used [0x00000000d5580000,0x00000000d5580000,0x00000000d6e80000)
  from space 4096K, 99% used [0x00000000d7280000,0x00000000d767f228,0x00000000d7680000)
  to   space 4096K, 0% used [0x00000000d6e80000,0x00000000d6e80000,0x00000000d7280000)
 ParOldGen       total 68608K, used 6279K [0x0000000080000000, 0x0000000084300000, 0x00000000d5580000)
  object space 68608K, 9% used [0x0000000080000000,0x0000000080621f50,0x0000000084300000)
 Metaspace       used 12139K, committed 12544K, reserved 1114112K
  class space    used 1294K, committed 1472K, reserved 1048576K
}
Event: 7.808 GC heap before
{Heap before GC invocations=5 (full 0):
 PSYoungGen      total 29696K, used 29692K [0x00000000d5580000, 0x00000000d7680000, 0x0000000100000000)
  eden space 25600K, 100% used [0x00000000d5580000,0x00000000d6e80000,0x00000000d6e80000)
  from space 4096K, 99% used [0x00000000d7280000,0x00000000d767f228,0x00000000d7680000)
  to   space 4096K, 0% used [0x00000000d6e80000,0x00000000d6e80000,0x00000000d7280000)
 ParOldGen       total 68608K, used 6279K [0x0000000080000000, 0x0000000084300000, 0x00000000d5580000)
  object space 68608K, 9% used [0x0000000080000000,0x0000000080621f50,0x0000000084300000)
 Metaspace       used 16206K, committed 16896K, reserved 1114112K
  class space    used 1683K, committed 1984K, reserved 1048576K
}
Event: 7.815 GC heap after
{Heap after GC invocations=5 (full 0):
 PSYoungGen      total 29184K, used 4094K [0x00000000d5580000, 0x00000000d7a00000, 0x0000000100000000)
  eden space 25088K, 0% used [0x00000000d5580000,0x00000000d5580000,0x00000000d6e00000)
  from space 4096K, 99% used [0x00000000d6e80000,0x00000000d727fba0,0x00000000d7280000)
  to   space 6144K, 0% used [0x00000000d7400000,0x00000000d7400000,0x00000000d7a00000)
 ParOldGen       total 68608K, used 7914K [0x0000000080000000, 0x0000000084300000, 0x00000000d5580000)
  object space 68608K, 11% used [0x0000000080000000,0x00000000807ba858,0x0000000084300000)
 Metaspace       used 16206K, committed 16896K, reserved 1114112K
  class space    used 1683K, committed 1984K, reserved 1048576K
}
Event: 13.940 GC heap before
{Heap before GC invocations=6 (full 0):
 PSYoungGen      total 29184K, used 29177K [0x00000000d5580000, 0x00000000d7a00000, 0x0000000100000000)
  eden space 25088K, 99% used [0x00000000d5580000,0x00000000d6dfec58,0x00000000d6e00000)
  from space 4096K, 99% used [0x00000000d6e80000,0x00000000d727fba0,0x00000000d7280000)
  to   space 6144K, 0% used [0x00000000d7400000,0x00000000d7400000,0x00000000d7a00000)
 ParOldGen       total 68608K, used 7914K [0x0000000080000000, 0x0000000084300000, 0x00000000d5580000)
  object space 68608K, 11% used [0x0000000080000000,0x00000000807ba858,0x0000000084300000)
 Metaspace       used 18973K, committed 19776K, reserved 1114112K
  class space    used 2004K, committed 2368K, reserved 1048576K
}
Event: 13.966 GC heap after
{Heap after GC invocations=6 (full 0):
 PSYoungGen      total 29696K, used 4648K [0x00000000d5580000, 0x00000000d7900000, 0x0000000100000000)
  eden space 24576K, 0% used [0x00000000d5580000,0x00000000d5580000,0x00000000d6d80000)
  from space 5120K, 90% used [0x00000000d7400000,0x00000000d788a070,0x00000000d7900000)
  to   space 5120K, 0% used [0x00000000d6f00000,0x00000000d6f00000,0x00000000d7400000)
 ParOldGen       total 68608K, used 7914K [0x0000000080000000, 0x0000000084300000, 0x00000000d5580000)
  object space 68608K, 11% used [0x0000000080000000,0x00000000807ba858,0x0000000084300000)
 Metaspace       used 18973K, committed 19776K, reserved 1114112K
  class space    used 2004K, committed 2368K, reserved 1048576K
}
Event: 14.689 GC heap before
{Heap before GC invocations=7 (full 0):
 PSYoungGen      total 29696K, used 20128K [0x00000000d5580000, 0x00000000d7900000, 0x0000000100000000)
  eden space 24576K, 62% used [0x00000000d5580000,0x00000000d649e1a8,0x00000000d6d80000)
  from space 5120K, 90% used [0x00000000d7400000,0x00000000d788a070,0x00000000d7900000)
  to   space 5120K, 0% used [0x00000000d6f00000,0x00000000d6f00000,0x00000000d7400000)
 ParOldGen       total 68608K, used 7914K [0x0000000080000000, 0x0000000084300000, 0x00000000d5580000)
  object space 68608K, 11% used [0x0000000080000000,0x00000000807ba858,0x0000000084300000)
 Metaspace       used 20587K, committed 21504K, reserved 1114112K
  class space    used 2202K, committed 2624K, reserved 1048576K
}
Event: 14.698 GC heap after
{Heap after GC invocations=7 (full 0):
 PSYoungGen      total 29184K, used 4186K [0x00000000d5580000, 0x00000000d7680000, 0x0000000100000000)
  eden space 24576K, 0% used [0x00000000d5580000,0x00000000d5580000,0x00000000d6d80000)
  from space 4608K, 90% used [0x00000000d6f00000,0x00000000d73168e8,0x00000000d7380000)
  to   space 3072K, 0% used [0x00000000d7380000,0x00000000d7380000,0x00000000d7680000)
 ParOldGen       total 68608K, used 9426K [0x0000000080000000, 0x0000000084300000, 0x00000000d5580000)
  object space 68608K, 13% used [0x0000000080000000,0x0000000080934a30,0x0000000084300000)
 Metaspace       used 20587K, committed 21504K, reserved 1114112K
  class space    used 2202K, committed 2624K, reserved 1048576K
}
Event: 14.698 GC heap before
{Heap before GC invocations=8 (full 1):
 PSYoungGen      total 29184K, used 4186K [0x00000000d5580000, 0x00000000d7680000, 0x0000000100000000)
  eden space 24576K, 0% used [0x00000000d5580000,0x00000000d5580000,0x00000000d6d80000)
  from space 4608K, 90% used [0x00000000d6f00000,0x00000000d73168e8,0x00000000d7380000)
  to   space 3072K, 0% used [0x00000000d7380000,0x00000000d7380000,0x00000000d7680000)
 ParOldGen       total 68608K, used 9426K [0x0000000080000000, 0x0000000084300000, 0x00000000d5580000)
  object space 68608K, 13% used [0x0000000080000000,0x0000000080934a30,0x0000000084300000)
 Metaspace       used 20587K, committed 21504K, reserved 1114112K
  class space    used 2202K, committed 2624K, reserved 1048576K
}
Event: 14.756 GC heap after
{Heap after GC invocations=8 (full 1):
 PSYoungGen      total 29184K, used 0K [0x00000000d5580000, 0x00000000d7680000, 0x0000000100000000)
  eden space 24576K, 0% used [0x00000000d5580000,0x00000000d5580000,0x00000000d6d80000)
  from space 4608K, 0% used [0x00000000d6f00000,0x00000000d6f00000,0x00000000d7380000)
  to   space 3072K, 0% used [0x00000000d7380000,0x00000000d7380000,0x00000000d7680000)
 ParOldGen       total 68608K, used 12826K [0x0000000080000000, 0x0000000084300000, 0x00000000d5580000)
  object space 68608K, 18% used [0x0000000080000000,0x0000000080c86bd8,0x0000000084300000)
 Metaspace       used 20575K, committed 21504K, reserved 1114112K
  class space    used 2198K, committed 2624K, reserved 1048576K
}
Event: 15.664 GC heap before
{Heap before GC invocations=9 (full 1):
 PSYoungGen      total 29184K, used 24576K [0x00000000d5580000, 0x00000000d7680000, 0x0000000100000000)
  eden space 24576K, 100% used [0x00000000d5580000,0x00000000d6d80000,0x00000000d6d80000)
  from space 4608K, 0% used [0x00000000d6f00000,0x00000000d6f00000,0x00000000d7380000)
  to   space 3072K, 0% used [0x00000000d7380000,0x00000000d7380000,0x00000000d7680000)
 ParOldGen       total 68608K, used 12826K [0x0000000080000000, 0x0000000084300000, 0x00000000d5580000)
  object space 68608K, 18% used [0x0000000080000000,0x0000000080c86bd8,0x0000000084300000)
 Metaspace       used 22637K, committed 23680K, reserved 1114112K
  class space    used 2378K, committed 2816K, reserved 1048576K
}
Event: 15.667 GC heap after
{Heap after GC invocations=9 (full 1):
 PSYoungGen      total 25600K, used 1234K [0x00000000d5580000, 0x00000000d7500000, 0x0000000100000000)
  eden space 24064K, 0% used [0x00000000d5580000,0x00000000d5580000,0x00000000d6d00000)
  from space 1536K, 80% used [0x00000000d7380000,0x00000000d74b49b0,0x00000000d7500000)
  to   space 2560K, 0% used [0x00000000d7000000,0x00000000d7000000,0x00000000d7280000)
 ParOldGen       total 68608K, used 12834K [0x0000000080000000, 0x0000000084300000, 0x00000000d5580000)
  object space 68608K, 18% used [0x0000000080000000,0x0000000080c88bd8,0x0000000084300000)
 Metaspace       used 22637K, committed 23680K, reserved 1114112K
  class space    used 2378K, committed 2816K, reserved 1048576K
}
Event: 20.483 GC heap before
{Heap before GC invocations=10 (full 1):
 PSYoungGen      total 25600K, used 25296K [0x00000000d5580000, 0x00000000d7500000, 0x0000000100000000)
  eden space 24064K, 99% used [0x00000000d5580000,0x00000000d6cff750,0x00000000d6d00000)
  from space 1536K, 80% used [0x00000000d7380000,0x00000000d74b49b0,0x00000000d7500000)
  to   space 2560K, 0% used [0x00000000d7000000,0x00000000d7000000,0x00000000d7280000)
 ParOldGen       total 68608K, used 12834K [0x0000000080000000, 0x0000000084300000, 0x00000000d5580000)
  object space 68608K, 18% used [0x0000000080000000,0x0000000080c88bd8,0x0000000084300000)
 Metaspace       used 26362K, committed 27392K, reserved 1114112K
  class space    used 2705K, committed 3136K, reserved 1048576K
}
Event: 20.486 GC heap after
{Heap after GC invocations=10 (full 1):
 PSYoungGen      total 25088K, used 1490K [0x00000000d5580000, 0x00000000d7400000, 0x0000000100000000)
  eden space 23552K, 0% used [0x00000000d5580000,0x00000000d5580000,0x00000000d6c80000)
  from space 1536K, 97% used [0x00000000d7000000,0x00000000d71749b0,0x00000000d7180000)
  to   space 2048K, 0% used [0x00000000d7200000,0x00000000d7200000,0x00000000d7400000)
 ParOldGen       total 68608K, used 12842K [0x0000000080000000, 0x0000000084300000, 0x00000000d5580000)
  object space 68608K, 18% used [0x0000000080000000,0x0000000080c8abd8,0x0000000084300000)
 Metaspace       used 26362K, committed 27392K, reserved 1114112K
  class space    used 2705K, committed 3136K, reserved 1048576K
}
Event: 21.737 GC heap before
{Heap before GC invocations=11 (full 1):
 PSYoungGen      total 25088K, used 25042K [0x00000000d5580000, 0x00000000d7400000, 0x0000000100000000)
  eden space 23552K, 100% used [0x00000000d5580000,0x00000000d6c80000,0x00000000d6c80000)
  from space 1536K, 97% used [0x00000000d7000000,0x00000000d71749b0,0x00000000d7180000)
  to   space 2048K, 0% used [0x00000000d7200000,0x00000000d7200000,0x00000000d7400000)
 ParOldGen       total 68608K, used 12842K [0x0000000080000000, 0x0000000084300000, 0x00000000d5580000)
  object space 68608K, 18% used [0x0000000080000000,0x0000000080c8abd8,0x0000000084300000)
 Metaspace       used 28616K, committed 29696K, reserved 1114112K
  class space    used 2931K, committed 3392K, reserved 1048576K
}
Event: 21.741 GC heap after
{Heap after GC invocations=11 (full 1):
 PSYoungGen      total 25088K, used 1595K [0x00000000d5580000, 0x00000000d7400000, 0x0000000100000000)
  eden space 23040K, 0% used [0x00000000d5580000,0x00000000d5580000,0x00000000d6c00000)
  from space 2048K, 77% used [0x00000000d7200000,0x00000000d738eda0,0x00000000d7400000)
  to   space 2048K, 0% used [0x00000000d7000000,0x00000000d7000000,0x00000000d7200000)
 ParOldGen       total 68608K, used 14673K [0x0000000080000000, 0x0000000084300000, 0x00000000d5580000)
  object space 68608K, 21% used [0x0000000080000000,0x0000000080e547d0,0x0000000084300000)
 Metaspace       used 28616K, committed 29696K, reserved 1114112K
  class space    used 2931K, committed 3392K, reserved 1048576K
}

Dll operation events (10 events):
Event: 0.031 Loaded shared library c:\Users\damin\.cursor\extensions\redhat.java-1.46.0-win32-x64\jre\21.0.8-win32-x86_64\bin\java.dll
Event: 0.172 Loaded shared library c:\Users\damin\.cursor\extensions\redhat.java-1.46.0-win32-x64\jre\21.0.8-win32-x86_64\bin\zip.dll
Event: 0.216 Loaded shared library C:\Users\damin\.cursor\extensions\redhat.java-1.46.0-win32-x64\jre\21.0.8-win32-x86_64\bin\instrument.dll
Event: 0.225 Loaded shared library C:\Users\damin\.cursor\extensions\redhat.java-1.46.0-win32-x64\jre\21.0.8-win32-x86_64\bin\net.dll
Event: 0.233 Loaded shared library C:\Users\damin\.cursor\extensions\redhat.java-1.46.0-win32-x64\jre\21.0.8-win32-x86_64\bin\nio.dll
Event: 0.238 Loaded shared library C:\Users\damin\.cursor\extensions\redhat.java-1.46.0-win32-x64\jre\21.0.8-win32-x86_64\bin\zip.dll
Event: 0.271 Loaded shared library C:\Users\damin\.cursor\extensions\redhat.java-1.46.0-win32-x64\jre\21.0.8-win32-x86_64\bin\jimage.dll
Event: 0.428 Loaded shared library c:\Users\damin\.cursor\extensions\redhat.java-1.46.0-win32-x64\jre\21.0.8-win32-x86_64\bin\verify.dll
Event: 3.510 Loaded shared library C:\Users\damin\AppData\Roaming\Cursor\User\globalStorage\redhat.java\1.46.0\config_win\org.eclipse.equinox.launcher\org.eclipse.equinox.launcher.win32.win32.x86_64_1.2.1400.v20250801-0854\eclipse_11916.dll
Event: 10.356 Loaded shared library C:\Users\damin\AppData\Local\Temp\jna-95349941\jna11975664582647612858.dll

Deoptimization events (20 events):
Event: 16.066 Thread 0x000001d17e4410b0 Uncommon trap: trap_request=0xffffffde fr.pc=0x000001d107c7f538 relative=0x00000000000000f8
Event: 16.066 Thread 0x000001d17e4410b0 Uncommon trap: reason=class_check action=maybe_recompile pc=0x000001d107c7f538 method=java.lang.Character.codePointAt(Ljava/lang/CharSequence;I)I @ 2 c2
Event: 16.066 Thread 0x000001d17e4410b0 DEOPT PACKING pc=0x000001d107c7f538 sp=0x000000b677bfe590
Event: 16.066 Thread 0x000001d17e4410b0 DEOPT UNPACKING pc=0x000001d107583aa2 sp=0x000000b677bfe518 mode 2
Event: 16.066 Thread 0x000001d17e4410b0 Uncommon trap: trap_request=0xffffffde fr.pc=0x000001d107c7f538 relative=0x00000000000000f8
Event: 16.066 Thread 0x000001d17e4410b0 Uncommon trap: reason=class_check action=maybe_recompile pc=0x000001d107c7f538 method=java.lang.Character.codePointAt(Ljava/lang/CharSequence;I)I @ 2 c2
Event: 16.066 Thread 0x000001d17e4410b0 DEOPT PACKING pc=0x000001d107c7f538 sp=0x000000b677bfe590
Event: 16.066 Thread 0x000001d17e4410b0 DEOPT UNPACKING pc=0x000001d107583aa2 sp=0x000000b677bfe518 mode 2
Event: 16.066 Thread 0x000001d17e4410b0 Uncommon trap: trap_request=0xffffffde fr.pc=0x000001d107c7f538 relative=0x00000000000000f8
Event: 16.066 Thread 0x000001d17e4410b0 Uncommon trap: reason=class_check action=maybe_recompile pc=0x000001d107c7f538 method=java.lang.Character.codePointAt(Ljava/lang/CharSequence;I)I @ 2 c2
Event: 16.066 Thread 0x000001d17e4410b0 DEOPT PACKING pc=0x000001d107c7f538 sp=0x000000b677bfe590
Event: 16.066 Thread 0x000001d17e4410b0 DEOPT UNPACKING pc=0x000001d107583aa2 sp=0x000000b677bfe518 mode 2
Event: 16.066 Thread 0x000001d17e4410b0 Uncommon trap: trap_request=0xffffff76 fr.pc=0x000001d107c43480 relative=0x0000000000000380
Event: 16.066 Thread 0x000001d17e4410b0 Uncommon trap: reason=predicate action=maybe_recompile pc=0x000001d107c43480 method=java.util.regex.Pattern$BmpCharPropertyGreedy.match(Ljava/util/regex/Matcher;ILjava/lang/CharSequence;)Z @ 12 c2
Event: 16.066 Thread 0x000001d17e4410b0 DEOPT PACKING pc=0x000001d107c43480 sp=0x000000b677bfe4d0
Event: 16.066 Thread 0x000001d17e4410b0 DEOPT UNPACKING pc=0x000001d107583aa2 sp=0x000000b677bfe478 mode 2
Event: 20.440 Thread 0x000001d17e153760 Uncommon trap: trap_request=0xffffff45 fr.pc=0x000001d107c7fd24 relative=0x0000000000000364
Event: 20.440 Thread 0x000001d17e153760 Uncommon trap: reason=unstable_if action=reinterpret pc=0x000001d107c7fd24 method=org.lombokweb.asm.Label.resolve([BLorg/lombokweb/asm/ByteVector;I)Z @ 81 c2
Event: 20.440 Thread 0x000001d17e153760 DEOPT PACKING pc=0x000001d107c7fd24 sp=0x000000b6773f2450
Event: 20.440 Thread 0x000001d17e153760 DEOPT UNPACKING pc=0x000001d107583aa2 sp=0x000000b6773f2358 mode 2

Classes loaded (20 events):
Event: 20.592 Loading class sun/reflect/generics/repository/AbstractRepository
Event: 20.592 Loading class sun/reflect/generics/repository/AbstractRepository done
Event: 20.592 Loading class sun/reflect/generics/repository/GenericDeclRepository done
Event: 20.592 Loading class sun/reflect/generics/repository/ClassRepository done
Event: 20.592 Loading class sun/reflect/generics/tree/FormalTypeParameter
Event: 20.592 Loading class sun/reflect/generics/tree/FormalTypeParameter done
Event: 20.592 Loading class sun/reflect/generics/tree/ClassSignature
Event: 20.592 Loading class sun/reflect/generics/tree/Signature
Event: 20.592 Loading class sun/reflect/generics/tree/Signature done
Event: 20.592 Loading class sun/reflect/generics/tree/ClassSignature done
Event: 20.592 Loading class sun/reflect/annotation/TypeAnnotation$TypeAnnotationTarget
Event: 20.593 Loading class sun/reflect/annotation/TypeAnnotation$TypeAnnotationTarget done
Event: 20.593 Loading class sun/reflect/annotation/TypeAnnotation$LocationInfo
Event: 20.594 Loading class sun/reflect/annotation/TypeAnnotation$LocationInfo done
Event: 20.594 Loading class sun/reflect/annotation/TypeAnnotation$LocationInfo$Location
Event: 20.594 Loading class sun/reflect/annotation/TypeAnnotation$LocationInfo$Location done
Event: 20.594 Loading class sun/reflect/annotation/AnnotatedTypeFactory
Event: 20.595 Loading class sun/reflect/annotation/AnnotatedTypeFactory done
Event: 20.595 Loading class sun/reflect/annotation/AnnotatedTypeFactory$AnnotatedTypeBaseImpl
Event: 20.596 Loading class sun/reflect/annotation/AnnotatedTypeFactory$AnnotatedTypeBaseImpl done

Classes unloaded (7 events):
Event: 14.707 Thread 0x000001d173a74ab0 Unloading class 0x000001d1101ad400 'java/lang/invoke/LambdaForm$MH+0x000001d1101ad400'
Event: 14.707 Thread 0x000001d173a74ab0 Unloading class 0x000001d1101ad000 'java/lang/invoke/LambdaForm$MH+0x000001d1101ad000'
Event: 14.707 Thread 0x000001d173a74ab0 Unloading class 0x000001d1101acc00 'java/lang/invoke/LambdaForm$MH+0x000001d1101acc00'
Event: 14.707 Thread 0x000001d173a74ab0 Unloading class 0x000001d1101ac800 'java/lang/invoke/LambdaForm$MH+0x000001d1101ac800'
Event: 14.707 Thread 0x000001d173a74ab0 Unloading class 0x000001d1101ac400 'java/lang/invoke/LambdaForm$BMH+0x000001d1101ac400'
Event: 14.707 Thread 0x000001d173a74ab0 Unloading class 0x000001d1101ac000 'java/lang/invoke/LambdaForm$DMH+0x000001d1101ac000'
Event: 14.707 Thread 0x000001d173a74ab0 Unloading class 0x000001d1101aac00 'java/lang/invoke/LambdaForm$DMH+0x000001d1101aac00'

Classes redefined (0 events):
No events

Internal exceptions (20 events):
Event: 14.554 Thread 0x000001d17e153760 Exception <a 'java/lang/NoSuchMethodError'{0x00000000d62ad898}: 'int java.lang.invoke.DirectMethodHandle$Holder.invokeStaticInit(java.lang.Object, int, int)'> (0x00000000d62ad898) 
thrown [s\src\hotspot\share\interpreter\linkResolver.cpp, line 773]
Event: 14.556 Thread 0x000001d17e153760 Exception <a 'java/lang/NoSuchMethodError'{0x00000000d62b5c20}: 'int java.lang.invoke.DirectMethodHandle$Holder.invokeStaticInit(java.lang.Object, long, long)'> (0x00000000d62b5c20) 
thrown [s\src\hotspot\share\interpreter\linkResolver.cpp, line 773]
Event: 14.557 Thread 0x000001d17e153760 Exception <a 'java/lang/NoSuchMethodError'{0x00000000d62bd5d8}: 'int java.lang.invoke.DirectMethodHandle$Holder.invokeStaticInit(java.lang.Object, float, float)'> (0x00000000d62bd5d8) 
thrown [s\src\hotspot\share\interpreter\linkResolver.cpp, line 773]
Event: 14.558 Thread 0x000001d17e153760 Exception <a 'java/lang/NoSuchMethodError'{0x00000000d62c4f88}: 'int java.lang.invoke.DirectMethodHandle$Holder.invokeStaticInit(java.lang.Object, double, double)'> (0x00000000d62c4f88) 
thrown [s\src\hotspot\share\interpreter\linkResolver.cpp, line 773]
Event: 14.559 Thread 0x000001d17e153760 Exception <a 'java/lang/NoSuchMethodError'{0x00000000d62ca3a0}: 'int java.lang.invoke.DirectMethodHandle$Holder.invokeStatic(java.lang.Object, long)'> (0x00000000d62ca3a0) 
thrown [s\src\hotspot\share\interpreter\linkResolver.cpp, line 773]
Event: 14.566 Thread 0x000001d17e153760 Exception <a 'java/lang/NoSuchMethodError'{0x00000000d62dbf78}: 'int java.lang.invoke.DirectMethodHandle$Holder.invokeSpecial(java.lang.Object, java.lang.Object, int, int)'> (0x00000000d62dbf78) 
thrown [s\src\hotspot\share\interpreter\linkResolver.cpp, line 773]
Event: 14.571 Thread 0x000001d17e153760 Exception <a 'java/lang/NoSuchMethodError'{0x00000000d62ea748}: 'int java.lang.invoke.Invokers$Holder.linkToTargetMethod(java.lang.Object, java.lang.Object)'> (0x00000000d62ea748) 
thrown [s\src\hotspot\share\interpreter\linkResolver.cpp, line 773]
Event: 14.666 Thread 0x000001d17e153760 Exception <a 'java/lang/NoSuchMethodError'{0x00000000d63e2300}: 'java.lang.Object java.lang.invoke.Invokers$Holder.invoke_MT(java.lang.Object, java.lang.Object, java.lang.Object, java.lang.Object, java.lang.Object, java.lang.Object, java.lang.Object, java.lang.Object, java.lang.Object, java.lang.Object, java.lang.Object)'> (0x00000000d63e2300) 
thrown [s\src\hotspot\share\interpreter\linkResolver.cpp, line 773]
Event: 14.770 Thread 0x000001d17e153760 Exception <a 'java/lang/NoSuchMethodError'{0x00000000d55a7058}: 'java.lang.Object java.lang.invoke.Invokers$Holder.invoke_MT(java.lang.Object, java.lang.Object, java.lang.Object, java.lang.Object, java.lang.Object, java.lang.Object, java.lang.Object, java.lang.Object, java.lang.Object, java.lang.Object)'> (0x00000000d55a7058) 
thrown [s\src\hotspot\share\interpreter\linkResolver.cpp, line 773]
Event: 14.809 Thread 0x000001d17e153760 Exception <a 'java/lang/NoSuchMethodError'{0x00000000d566e0d8}: 'java.lang.Object java.lang.invoke.DirectMethodHandle$Holder.newInvokeSpecial(java.lang.Object, java.lang.Object, java.lang.Object, java.lang.Object, java.lang.Object, java.lang.Object, java.lang.Object)'> (0x00000000d566e0d8) 
thrown [s\src\hotspot\share\interpreter\linkResolver.cpp, line 773]
Event: 14.844 Thread 0x000001d17e153760 Exception <a 'java/lang/NoSuchMethodError'{0x00000000d56eb040}: 'java.lang.Object java.lang.invoke.Invokers$Holder.invoker(java.lang.Object, java.lang.Object, java.lang.Object, java.lang.Object, java.lang.Object, java.lang.Object, java.lang.Object, java.lang.Object, java.lang.Object, java.lang.Object, java.lang.Object, java.lang.Object, java.lang.Object)'> (0x00000000d56eb040) 
thrown [s\src\hotspot\share\interpreter\linkResolver.cpp, line 773]
Event: 14.845 Thread 0x000001d17e153760 Exception <a 'java/lang/NoSuchMethodError'{0x00000000d56f54d8}: 'java.lang.Object java.lang.invoke.DelegatingMethodHandle$Holder.delegate(java.lang.Object, java.lang.Object, java.lang.Object, java.lang.Object, java.lang.Object, java.lang.Object, java.lang.Object, java.lang.Object, java.lang.Object, java.lang.Object, java.lang.Object, java.lang.Object, java.lang.Object)'> (0x00000000d56f54d8) 
thrown [s\src\hotspot\share\interpreter\linkResolver.cpp, line 773]
Event: 14.889 Thread 0x000001d17e153760 Exception <a 'java/lang/NoSuchMethodError'{0x00000000d57600c0}: static Lorg/eclipse/m2e/core/internal/lifecyclemapping/model/PluginExecutionMetadata;.<clinit>()V> (0x00000000d57600c0) 
thrown [s\src\hotspot\share\prims\jni.cpp, line 1111]
Event: 14.891 Thread 0x000001d17e153760 Implicit null exception at 0x000001d107c0f5a4 to 0x000001d107c0ffd4
Event: 14.915 Thread 0x000001d17e153760 Exception <a 'java/lang/NoSuchMethodError'{0x00000000d57bd438}: static Lorg/eclipse/m2e/core/internal/lifecyclemapping/model/PluginExecutionFilter;.<clinit>()V> (0x00000000d57bd438) 
thrown [s\src\hotspot\share\prims\jni.cpp, line 1111]
Event: 14.927 Thread 0x000001d17e153760 Exception <a 'java/lang/NoSuchMethodError'{0x00000000d57ecd20}: static Lorg/eclipse/m2e/core/internal/project/registry/MavenProjectFacade$MavenProjectConfiguration;.<clinit>()V> (0x00000000d57ecd20) 
thrown [s\src\hotspot\share\prims\jni.cpp, line 1111]
Event: 15.146 Thread 0x000001d17e153760 Exception <a 'java/lang/NoSuchMethodError'{0x00000000d5c71190}: 'double java.lang.invoke.DirectMethodHandle$Holder.invokeStatic(java.lang.Object, java.lang.Object)'> (0x00000000d5c71190) 
thrown [s\src\hotspot\share\interpreter\linkResolver.cpp, line 773]
Event: 15.148 Thread 0x000001d17e153760 Exception <a 'java/lang/NoSuchMethodError'{0x00000000d5c74850}: 'double java.lang.invoke.DirectMethodHandle$Holder.invokeStaticInit(java.lang.Object, java.lang.Object)'> (0x00000000d5c74850) 
thrown [s\src\hotspot\share\interpreter\linkResolver.cpp, line 773]
Event: 16.108 Thread 0x000001d17e4410b0 Exception <a 'java/lang/NoSuchMethodError'{0x00000000d617c6d8}: 'java.lang.Object java.lang.invoke.DirectMethodHandle$Holder.invokeSpecialIFC(java.lang.Object, java.lang.Object, java.lang.Object, java.lang.Object)'> (0x00000000d617c6d8) 
thrown [s\src\hotspot\share\interpreter\linkResolver.cpp, line 773]
Event: 21.747 Thread 0x000001d17e153760 Exception <a 'java/lang/NoSuchMethodError'{0x00000000d58f96d8}: 'java.lang.Object java.lang.invoke.DirectMethodHandle$Holder.newInvokeSpecial(java.lang.Object, int, java.lang.Object, java.lang.Object)'> (0x00000000d58f96d8) 
thrown [s\src\hotspot\share\interpreter\linkResolver.cpp, line 773]

ZGC Phase Switch (0 events):
No events

VM Operations (20 events):
Event: 14.518 Executing VM operation: HandshakeAllThreads (Deoptimize)
Event: 14.518 Executing VM operation: HandshakeAllThreads (Deoptimize) done
Event: 14.689 Executing VM operation: CollectForMetadataAllocation (Metadata GC Threshold)
Event: 14.756 Executing VM operation: CollectForMetadataAllocation (Metadata GC Threshold) done
Event: 15.664 Executing VM operation: ParallelGCFailedAllocation (Allocation Failure)
Event: 15.667 Executing VM operation: ParallelGCFailedAllocation (Allocation Failure) done
Event: 16.048 Executing VM operation: HandshakeAllThreads (Deoptimize)
Event: 16.048 Executing VM operation: HandshakeAllThreads (Deoptimize) done
Event: 17.055 Executing VM operation: Cleanup
Event: 17.212 Executing VM operation: Cleanup done
Event: 19.237 Executing VM operation: Cleanup
Event: 19.332 Executing VM operation: Cleanup done
Event: 20.338 Executing VM operation: Cleanup
Event: 20.371 Executing VM operation: Cleanup done
Event: 20.482 Executing VM operation: ParallelGCFailedAllocation (Allocation Failure)
Event: 20.486 Executing VM operation: ParallelGCFailedAllocation (Allocation Failure) done
Event: 21.495 Executing VM operation: Cleanup
Event: 21.495 Executing VM operation: Cleanup done
Event: 21.737 Executing VM operation: ParallelGCFailedAllocation (Allocation Failure)
Event: 21.741 Executing VM operation: ParallelGCFailedAllocation (Allocation Failure) done

Memory protections (0 events):
No events

Nmethod flushes (0 events):
No events

Events (20 events):
Event: 0.103 Thread 0x000001d1716eb5f0 Thread added: 0x000001d173b86090
Event: 0.103 Thread 0x000001d1716eb5f0 Thread added: 0x000001d173b8f440
Event: 0.104 Thread 0x000001d1716eb5f0 Thread added: 0x000001d17c802880
Event: 0.104 Thread 0x000001d1716eb5f0 Thread added: 0x000001d173b909b0
Event: 0.104 Thread 0x000001d1716eb5f0 Thread added: 0x000001d173b97ce0
Event: 0.104 Thread 0x000001d1716eb5f0 Thread added: 0x000001d173b9b360
Event: 0.141 Thread 0x000001d1716eb5f0 Thread added: 0x000001d17c8d66b0
Event: 0.671 Thread 0x000001d1716eb5f0 Thread added: 0x000001d17cb2d110
Event: 2.948 Thread 0x000001d1716eb5f0 Thread added: 0x000001d17de597e0
Event: 3.478 Thread 0x000001d1716eb5f0 Thread added: 0x000001d17dddc8b0
Event: 3.597 Thread 0x000001d17dddc8b0 Thread added: 0x000001d17e151c00
Event: 3.603 Thread 0x000001d1716eb5f0 Thread added: 0x000001d17e153760
Event: 4.732 Thread 0x000001d17e153760 Thread added: 0x000001d17e1f9120
Event: 6.054 Thread 0x000001d17e153760 Thread added: 0x000001d17da74530
Event: 7.058 Thread 0x000001d17e153760 Thread added: 0x000001d17e443180
Event: 10.434 Thread 0x000001d17e153760 Thread added: 0x000001d17e440a20
Event: 10.534 Thread 0x000001d17e153760 Thread added: 0x000001d17e43fd00
Event: 10.585 Thread 0x000001d17e153760 Thread added: 0x000001d17e4410b0
Event: 16.181 Thread 0x000001d17e43fd00 Thread added: 0x000001d17e441740
Event: 19.332 Thread 0x000001d173b9b360 Thread added: 0x000001d17e6dad90


Dynamic libraries:
0x00007ff703360000 - 0x00007ff70336e000 	c:\Users\damin\.cursor\extensions\redhat.java-1.46.0-win32-x64\jre\21.0.8-win32-x86_64\bin\java.exe
0x00007ffa2d360000 - 0x00007ffa2d5c8000 	C:\WINDOWS\SYSTEM32\ntdll.dll
0x00007ffa2be90000 - 0x00007ffa2bf59000 	C:\WINDOWS\System32\KERNEL32.DLL
0x00007ffa2a6c0000 - 0x00007ffa2aab2000 	C:\WINDOWS\System32\KERNELBASE.dll
0x00007ffa2ac10000 - 0x00007ffa2ad5b000 	C:\WINDOWS\System32\ucrtbase.dll
0x00007ff9c2de0000 - 0x00007ff9c2df8000 	c:\Users\damin\.cursor\extensions\redhat.java-1.46.0-win32-x64\jre\21.0.8-win32-x86_64\bin\jli.dll
0x00007ffa2cae0000 - 0x00007ffa2cca5000 	C:\WINDOWS\System32\USER32.dll
0x00007ffa2ad60000 - 0x00007ffa2ad87000 	C:\WINDOWS\System32\win32u.dll
0x00007ffa2b700000 - 0x00007ffa2b72b000 	C:\WINDOWS\System32\GDI32.dll
0x00007ffa2a590000 - 0x00007ffa2a6bd000 	C:\WINDOWS\System32\gdi32full.dll
0x00007ffa2af10000 - 0x00007ffa2afb3000 	C:\WINDOWS\System32\msvcp_win.dll
0x00007ff9bf070000 - 0x00007ff9bf08e000 	c:\Users\damin\.cursor\extensions\redhat.java-1.46.0-win32-x64\jre\21.0.8-win32-x86_64\bin\VCRUNTIME140.dll
0x00007ffa0ddc0000 - 0x00007ffa0e053000 	C:\WINDOWS\WinSxS\amd64_microsoft.windows.common-controls_6595b64144ccf1df_6.0.26100.6899_none_3e0efeeae32e88c1\COMCTL32.dll
0x00007ffa2bd00000 - 0x00007ffa2bda9000 	C:\WINDOWS\System32\msvcrt.dll
0x00007ffa2d220000 - 0x00007ffa2d24f000 	C:\WINDOWS\System32\IMM32.DLL
0x00007ff9d6050000 - 0x00007ff9d605c000 	c:\Users\damin\.cursor\extensions\redhat.java-1.46.0-win32-x64\jre\21.0.8-win32-x86_64\bin\vcruntime140_1.dll
0x00007ff95c5b0000 - 0x00007ff95c63d000 	c:\Users\damin\.cursor\extensions\redhat.java-1.46.0-win32-x64\jre\21.0.8-win32-x86_64\bin\msvcp140.dll
0x00007ff931b50000 - 0x00007ff9328e7000 	c:\Users\damin\.cursor\extensions\redhat.java-1.46.0-win32-x64\jre\21.0.8-win32-x86_64\bin\server\jvm.dll
0x00007ffa2d260000 - 0x00007ffa2d314000 	C:\WINDOWS\System32\ADVAPI32.dll
0x00007ffa2ccb0000 - 0x00007ffa2cd56000 	C:\WINDOWS\System32\sechost.dll
0x00007ffa2b750000 - 0x00007ffa2b868000 	C:\WINDOWS\System32\RPCRT4.dll
0x00007ffa2c880000 - 0x00007ffa2c8f4000 	C:\WINDOWS\System32\WS2_32.dll
0x00007ffa2a370000 - 0x00007ffa2a3ce000 	C:\WINDOWS\SYSTEM32\POWRPROF.dll
0x00007ffa22a10000 - 0x00007ffa22a45000 	C:\WINDOWS\SYSTEM32\WINMM.dll
0x00007ffa227f0000 - 0x00007ffa227fb000 	C:\WINDOWS\SYSTEM32\VERSION.dll
0x00007ffa2a330000 - 0x00007ffa2a344000 	C:\WINDOWS\SYSTEM32\UMPDC.dll
0x00007ffa292c0000 - 0x00007ffa292db000 	C:\WINDOWS\SYSTEM32\kernel.appcore.dll
0x00007ff9d5f60000 - 0x00007ff9d5f6a000 	c:\Users\damin\.cursor\extensions\redhat.java-1.46.0-win32-x64\jre\21.0.8-win32-x86_64\bin\jimage.dll
0x00007ffa27b50000 - 0x00007ffa27d92000 	C:\WINDOWS\SYSTEM32\DBGHELP.DLL
0x00007ffa2b200000 - 0x00007ffa2b57b000 	C:\WINDOWS\System32\combase.dll
0x00007ffa2bdb0000 - 0x00007ffa2be87000 	C:\WINDOWS\System32\OLEAUT32.dll
0x00007ffa0aeb0000 - 0x00007ffa0aeec000 	C:\WINDOWS\SYSTEM32\dbgcore.DLL
0x00007ffa2a4f0000 - 0x00007ffa2a588000 	C:\WINDOWS\System32\bcryptPrimitives.dll
0x00007ff9d6120000 - 0x00007ff9d612f000 	c:\Users\damin\.cursor\extensions\redhat.java-1.46.0-win32-x64\jre\21.0.8-win32-x86_64\bin\instrument.dll
0x00007ff9b7900000 - 0x00007ff9b791f000 	c:\Users\damin\.cursor\extensions\redhat.java-1.46.0-win32-x64\jre\21.0.8-win32-x86_64\bin\java.dll
0x00007ffa2c130000 - 0x00007ffa2c87d000 	C:\WINDOWS\System32\SHELL32.dll
0x00007ffa2afc0000 - 0x00007ffa2b12b000 	C:\WINDOWS\System32\wintypes.dll
0x00007ffa28110000 - 0x00007ffa2896d000 	C:\WINDOWS\SYSTEM32\windows.storage.dll
0x00007ffa2cfc0000 - 0x00007ffa2d0b2000 	C:\WINDOWS\System32\SHCORE.dll
0x00007ffa2b190000 - 0x00007ffa2b1f2000 	C:\WINDOWS\System32\shlwapi.dll
0x00007ffa2a410000 - 0x00007ffa2a439000 	C:\WINDOWS\SYSTEM32\profapi.dll
0x00007ff9be4f0000 - 0x00007ff9be508000 	c:\Users\damin\.cursor\extensions\redhat.java-1.46.0-win32-x64\jre\21.0.8-win32-x86_64\bin\zip.dll
0x00007ff9d6110000 - 0x00007ff9d6120000 	C:\Users\damin\.cursor\extensions\redhat.java-1.46.0-win32-x64\jre\21.0.8-win32-x86_64\bin\net.dll
0x00007ffa1c670000 - 0x00007ffa1c78f000 	C:\WINDOWS\SYSTEM32\WINHTTP.dll
0x00007ffa29830000 - 0x00007ffa2989b000 	C:\WINDOWS\system32\mswsock.dll
0x00007ff9d60f0000 - 0x00007ff9d6106000 	C:\Users\damin\.cursor\extensions\redhat.java-1.46.0-win32-x64\jre\21.0.8-win32-x86_64\bin\nio.dll
0x00007ff9d60e0000 - 0x00007ff9d60f0000 	c:\Users\damin\.cursor\extensions\redhat.java-1.46.0-win32-x64\jre\21.0.8-win32-x86_64\bin\verify.dll
0x00007ff9d6090000 - 0x00007ff9d60d4000 	C:\Users\damin\AppData\Roaming\Cursor\User\globalStorage\redhat.java\1.46.0\config_win\org.eclipse.equinox.launcher\org.eclipse.equinox.launcher.win32.win32.x86_64_1.2.1400.v20250801-0854\eclipse_11916.dll
0x00007ffa2bf60000 - 0x00007ffa2c0f8000 	C:\WINDOWS\System32\ole32.dll
0x00007ffa29ae0000 - 0x00007ffa29afb000 	C:\WINDOWS\SYSTEM32\CRYPTSP.dll
0x00007ffa29200000 - 0x00007ffa2923b000 	C:\WINDOWS\system32\rsaenh.dll
0x00007ffa298d0000 - 0x00007ffa298fb000 	C:\WINDOWS\SYSTEM32\USERENV.dll
0x00007ffa2a3e0000 - 0x00007ffa2a406000 	C:\WINDOWS\SYSTEM32\bcrypt.dll
0x00007ffa29b00000 - 0x00007ffa29b0c000 	C:\WINDOWS\SYSTEM32\CRYPTBASE.dll
0x00007ffa28de0000 - 0x00007ffa28e14000 	C:\WINDOWS\SYSTEM32\IPHLPAPI.DLL
0x00007ffa2d0c0000 - 0x00007ffa2d0ca000 	C:\WINDOWS\System32\NSI.dll
0x00007ff968210000 - 0x00007ff968259000 	C:\Users\damin\AppData\Local\Temp\jna-95349941\jna11975664582647612858.dll
0x00007ffa2b180000 - 0x00007ffa2b188000 	C:\WINDOWS\System32\PSAPI.DLL

JVMTI agents:
c:\Users\damin\.cursor\extensions\redhat.java-1.46.0-win32-x64\lombok\lombok-1.18.39-4050.jar path:c:\Users\damin\.cursor\extensions\redhat.java-1.46.0-win32-x64\jre\21.0.8-win32-x86_64\bin\instrument.dll, loaded, initialized, instrumentlib options:none

dbghelp: loaded successfully - version: 4.0.5 - missing functions: none
symbol engine: initialized successfully - sym options: 0x614 - pdb path: .;c:\Users\damin\.cursor\extensions\redhat.java-1.46.0-win32-x64\jre\21.0.8-win32-x86_64\bin;C:\WINDOWS\SYSTEM32;C:\WINDOWS\WinSxS\amd64_microsoft.windows.common-controls_6595b64144ccf1df_6.0.26100.6899_none_3e0efeeae32e88c1;c:\Users\damin\.cursor\extensions\redhat.java-1.46.0-win32-x64\jre\21.0.8-win32-x86_64\bin\server;C:\Users\damin\AppData\Roaming\Cursor\User\globalStorage\redhat.java\1.46.0\config_win\org.eclipse.equinox.launcher\org.eclipse.equinox.launcher.win32.win32.x86_64_1.2.1400.v20250801-0854;C:\Users\damin\AppData\Local\Temp\jna-95349941

VM Arguments:
jvm_args: --add-modules=ALL-SYSTEM --add-opens=java.base/java.util=ALL-UNNAMED --add-opens=java.base/java.lang=ALL-UNNAMED --add-opens=java.base/sun.nio.fs=ALL-UNNAMED -Declipse.application=org.eclipse.jdt.ls.core.id1 -Dosgi.bundles.defaultStartLevel=4 -Declipse.product=org.eclipse.jdt.ls.core.product -Djava.import.generatesMetadataFilesAtProjectRoot=false -DDetectVMInstallationsJob.disabled=true -Dfile.encoding=utf8 -XX:+UseParallelGC -XX:GCTimeRatio=4 -XX:AdaptiveSizePolicyWeight=90 -Dsun.zip.disableMemoryMapping=true -Xmx2G -Xms100m -Xlog:disable -javaagent:c:\Users\damin\.cursor\extensions\redhat.java-1.46.0-win32-x64\lombok\lombok-1.18.39-4050.jar -XX:+HeapDumpOnOutOfMemoryError -XX:HeapDumpPath=c:\Users\damin\AppData\Roaming\Cursor\User\workspaceStorage\0fff20a0ddf8a580ce308bc09cb831c3\redhat.java -Daether.dependencyCollector.impl=bf 
java_command: c:\Users\damin\.cursor\extensions\redhat.java-1.46.0-win32-x64\server\plugins\org.eclipse.equinox.launcher_1.7.0.v20250519-0528.jar -configuration c:\Users\damin\AppData\Roaming\Cursor\User\globalStorage\redhat.java\1.46.0\config_win -data c:\Users\damin\AppData\Roaming\Cursor\User\workspaceStorage\0fff20a0ddf8a580ce308bc09cb831c3\redhat.java\jdt_ws --pipe=\\.\pipe\lsp-df91b5d7716c3cfb1c74cb814d7a1885-sock
java_class_path (initial): c:\Users\damin\.cursor\extensions\redhat.java-1.46.0-win32-x64\server\plugins\org.eclipse.equinox.launcher_1.7.0.v20250519-0528.jar
Launcher Type: SUN_STANDARD

[Global flags]
    uintx AdaptiveSizePolicyWeight                 = 90                                        {product} {command line}
     intx CICompilerCount                          = 4                                         {product} {ergonomic}
    uintx GCTimeRatio                              = 4                                         {product} {command line}
     bool HeapDumpOnOutOfMemoryError               = true                                   {manageable} {command line}
    ccstr HeapDumpPath                             = c:\Users\damin\AppData\Roaming\Cursor\User\workspaceStorage\0fff20a0ddf8a580ce308bc09cb831c3\redhat.java         {manageable} {command line}
   size_t InitialHeapSize                          = 104857600                                 {product} {command line}
   size_t MaxHeapSize                              = 2147483648                                {product} {command line}
   size_t MaxNewSize                               = 715653120                                 {product} {ergonomic}
   size_t MinHeapDeltaBytes                        = 524288                                    {product} {ergonomic}
   size_t MinHeapSize                              = 104857600                                 {product} {command line}
   size_t NewSize                                  = 34603008                                  {product} {ergonomic}
    uintx NonNMethodCodeHeapSize                   = 5839372                                {pd product} {ergonomic}
    uintx NonProfiledCodeHeapSize                  = 122909434                              {pd product} {ergonomic}
   size_t OldSize                                  = 70254592                                  {product} {ergonomic}
    uintx ProfiledCodeHeapSize                     = 122909434                              {pd product} {ergonomic}
    uintx ReservedCodeCacheSize                    = 251658240                              {pd product} {ergonomic}
     bool SegmentedCodeCache                       = true                                      {product} {ergonomic}
   size_t SoftMaxHeapSize                          = 2147483648                             {manageable} {ergonomic}
     bool UseCompressedOops                        = true                           {product lp64_product} {ergonomic}
     bool UseLargePagesIndividualAllocation        = false                                  {pd product} {ergonomic}
     bool UseParallelGC                            = true                                      {product} {command line}

Logging:
Log output configuration:
 #0: stdout all=off uptime,level,tags foldmultilines=false
 #1: stderr all=off uptime,level,tags foldmultilines=false

Environment Variables:
JAVA_HOME=C:\Program Files\Java\jdk-21
PATH=C:\Program Files\Python313\Scripts\;C:\Program Files\Python313\;C:\Program Files\Microsoft MPI\Bin\;C:\Program Files\Common Files\Oracle\Java\javapath;C:\WINDOWS\system32;C:\WINDOWS;C:\WINDOWS\System32\Wbem;C:\WINDOWS\System32\WindowsPowerShell\v1.0\;C:\WINDOWS\System32\OpenSSH\;C:\Program Files\Java\jdk-23\bin;C:\Program Files\Java\apache-maven-3.9.9\bin;C:\ProgramData\chocolatey\bin;C:\Users\damin\Downloads\apache-maven-3.9.9\bin;C:\apache-tomcat-10.1.40\bin;C:\Program Files\Git\cmd;C:\Program Files (x86)\Microsoft SQL Server\160\Tools\Binn\;C:\Program Files\Microsoft SQL Server\160\Tools\Binn\;C:\Program Files\Microsoft SQL Server\Client SDK\ODBC\170\Tools\Binn\;C:\Program Files\Microsoft SQL Server\160\DTS\Binn\;C:\Program Files (x86)\Microsoft SQL Server\160\DTS\Binn\;C:\maven\apache-maven-3.9.11\bin;C:\Program Files\nodejs\;C:\Program Files\MySQL\MySQL Server 8.0\bin;C:\Program Files\cursor\resources\app\bin;C:\Program Files\Java\jdk-21\bin;C:\Program Files\apache-maven-3.9.11\bin;C:\Program Files\MySQL\MySQL Shell 8.0\bin\;C:\Users\damin\AppData\Local\Microsoft\WindowsApps;C:\Program Files\Java\apache-maven-3.9.9\bin;C:\ProgramData\damin\GitHubDesktop\bin;C:\Program Files\JetBrains\IntelliJ IDEA 2025.1.1\bin;C:\Program Files\JetBrains\IntelliJ IDEA Community Edition 2025.1.1.1\bin;C:\Program Files\Azure Data Studio\bin;C:\Users\damin\AppData\Roaming\npm;C:\Users\damin\AppData\Local\Programs\Microsoft VS Code\bin;C:\Users\damin\AppData\Local\JetBrains\Toolbox\scripts;
USERNAME=damin
OS=Windows_NT
PROCESSOR_IDENTIFIER=Intel64 Family 6 Model 154 Stepping 4, GenuineIntel
TMP=C:\Users\damin\AppData\Local\Temp
TEMP=C:\Users\damin\AppData\Local\Temp




Periodic native trim disabled

---------------  S Y S T E M  ---------------

OS:
 Windows 11 , 64 bit Build 26100 (10.0.26100.6725)
OS uptime: 0 days 9:32 hours
Hyper-V role detected

CPU: total 12 (initial active 12) (6 cores per cpu, 2 threads per core) family 6 model 154 stepping 4 microcode 0x437, cx8, cmov, fxsr, ht, mmx, 3dnowpref, sse, sse2, sse3, ssse3, sse4.1, sse4.2, popcnt, lzcnt, tsc, tscinvbit, avx, avx2, aes, erms, clmul, bmi1, bmi2, adx, sha, fma, vzeroupper, clflush, clflushopt, clwb, hv, serialize, rdtscp, rdpid, fsrm, f16c, cet_ibt, cet_ss
Processor Information for processor 0
  Max Mhz: 1300, Current Mhz: 1300, Mhz Limit: 1300
Processor Information for processor 1
  Max Mhz: 1300, Current Mhz: 1300, Mhz Limit: 1300
Processor Information for processor 2
  Max Mhz: 1300, Current Mhz: 1300, Mhz Limit: 1300
Processor Information for processor 3
  Max Mhz: 1300, Current Mhz: 1300, Mhz Limit: 1300
Processor Information for processor 4
  Max Mhz: 900, Current Mhz: 900, Mhz Limit: 900
Processor Information for processor 5
  Max Mhz: 900, Current Mhz: 900, Mhz Limit: 900
Processor Information for processor 6
  Max Mhz: 900, Current Mhz: 900, Mhz Limit: 900
Processor Information for processor 7
  Max Mhz: 900, Current Mhz: 900, Mhz Limit: 900
Processor Information for processor 8
  Max Mhz: 900, Current Mhz: 900, Mhz Limit: 900
Processor Information for processor 9
  Max Mhz: 900, Current Mhz: 900, Mhz Limit: 900
Processor Information for processor 10
  Max Mhz: 900, Current Mhz: 900, Mhz Limit: 900
Processor Information for processor 11
  Max Mhz: 900, Current Mhz: 900, Mhz Limit: 900

Memory: 4k page, system-wide physical 7916M (406M free)
TotalPageFile size 32492M (AvailPageFile size 0M)
current process WorkingSet (physical memory assigned to process): 154M, peak: 155M
current process commit charge ("private bytes"): 309M, peak: 311M

vm_info: OpenJDK 64-Bit Server VM (21.0.8+9-LTS) for windows-amd64 JRE (21.0.8+9-LTS), built on 2025-07-15T00:00:00Z by "admin" with MS VC++ 17.7 (VS2022)

END.
