#
# There is insufficient memory for the Java Runtime Environment to continue.
# Native memory allocation (malloc) failed to allocate 2071536 bytes. Error detail: Chunk::new
# Possible reasons:
#   The system is out of physical RAM or swap space
#   This process is running with CompressedOops enabled, and the Java Heap may be blocking the growth of the native heap
# Possible solutions:
#   Reduce memory load on the system
#   Increase physical memory or swap space
#   Check if swap backing store is full
#   Decrease Java heap size (-Xmx/-Xms)
#   Decrease number of Java threads
#   Decrease Java thread stack sizes (-Xss)
#   Set larger code cache with -XX:ReservedCodeCacheSize=
#   JVM is running with Unscaled Compressed Oops mode in which the Java heap is
#     placed in the first 4GB address space. The Java Heap base address is the
#     maximum limit for the native heap growth. Please use -XX:HeapBaseMinAddress
#     to set the Java Heap base and to place the Java Heap above 4GB virtual address.
# This output file may be truncated or incomplete.
#
#  Out of Memory Error (arena.cpp:168), pid=13168, tid=28772
#
# JRE version: OpenJDK Runtime Environment Temurin-21.0.8+9 (21.0.8+9) (build 21.0.8+9-LTS)
# Java VM: OpenJDK 64-Bit Server VM Temurin-21.0.8+9 (21.0.8+9-LTS, mixed mode, sharing, tiered, compressed oops, compressed class ptrs, parallel gc, windows-amd64)
# No core dump will be written. Minidumps are not enabled by default on client versions of Windows
#

---------------  S U M M A R Y ------------

Command Line: --add-modules=ALL-SYSTEM --add-opens=java.base/java.util=ALL-UNNAMED --add-opens=java.base/java.lang=ALL-UNNAMED --add-opens=java.base/sun.nio.fs=ALL-UNNAMED -Declipse.application=org.eclipse.jdt.ls.core.id1 -Dosgi.bundles.defaultStartLevel=4 -Declipse.product=org.eclipse.jdt.ls.core.product -Djava.import.generatesMetadataFilesAtProjectRoot=false -DDetectVMInstallationsJob.disabled=true -Dfile.encoding=utf8 -XX:+UseParallelGC -XX:GCTimeRatio=4 -XX:AdaptiveSizePolicyWeight=90 -Dsun.zip.disableMemoryMapping=true -Xmx2G -Xms100m -Xlog:disable -javaagent:c:\Users\damin\.cursor\extensions\redhat.java-1.46.0-win32-x64\lombok\lombok-1.18.39-4050.jar -XX:+HeapDumpOnOutOfMemoryError -XX:HeapDumpPath=c:\Users\damin\AppData\Roaming\Cursor\User\workspaceStorage\0fff20a0ddf8a580ce308bc09cb831c3\redhat.java -Daether.dependencyCollector.impl=bf c:\Users\damin\.cursor\extensions\redhat.java-1.46.0-win32-x64\server\plugins\org.eclipse.equinox.launcher_1.7.0.v20250519-0528.jar -configuration c:\Users\damin\AppData\Roaming\Cursor\User\globalStorage\redhat.java\1.46.0\config_win -data c:\Users\damin\AppData\Roaming\Cursor\User\workspaceStorage\0fff20a0ddf8a580ce308bc09cb831c3\redhat.java\jdt_ws --pipe=\\.\pipe\lsp-c1236f6070949316f9f235c8e2d4195a-sock

Host: 12th Gen Intel(R) Core(TM) i5-1235U, 12 cores, 7G,  Windows 11 , 64 bit Build 26100 (10.0.26100.6725)
Time: Tue Oct 21 19:32:52 2025 Sri Lanka Standard Time elapsed time: 31.491097 seconds (0d 0h 0m 31s)

---------------  T H R E A D  ---------------

Current thread (0x000001fe7c96d290):  JavaThread "C2 CompilerThread0" daemon [_thread_in_native, id=28772, stack(0x00000058e3800000,0x00000058e3900000) (1024K)]


Current CompileTask:
C2:31491 12151       4       org.eclipse.jdt.internal.compiler.lookup.BinaryTypeBinding::createMethod (1666 bytes)

Stack: [0x00000058e3800000,0x00000058e3900000]
Native frames: (J=compiled Java code, j=interpreted, Vv=VM code, C=native code)
V  [jvm.dll+0x6d2449]
V  [jvm.dll+0x8ae341]
V  [jvm.dll+0x8b08be]
V  [jvm.dll+0x8b0fa3]
V  [jvm.dll+0x280c96]
V  [jvm.dll+0xc581d]
V  [jvm.dll+0xc5d53]
V  [jvm.dll+0x3b9162]
V  [jvm.dll+0x385315]
V  [jvm.dll+0x38477a]
V  [jvm.dll+0x248ed0]
V  [jvm.dll+0x2484af]
V  [jvm.dll+0x1c89ee]
V  [jvm.dll+0x257d4d]
V  [jvm.dll+0x2562ea]
V  [jvm.dll+0x3f2d16]
V  [jvm.dll+0x857e6b]
V  [jvm.dll+0x6d0b0d]
C  [ucrtbase.dll+0x37b0]
C  [KERNEL32.DLL+0x2e8d7]
C  [ntdll.dll+0x8c53c]


---------------  P R O C E S S  ---------------

Threads class SMR info:
_java_thread_list=0x000001fe7edf8c50, length=52, elements={
0x000001fe730ce700, 0x000001fe7c962090, 0x000001fe7c964300, 0x000001fe7c967e60,
0x000001fe7c968ab0, 0x000001fe7c96ba10, 0x000001fe7c96c460, 0x000001fe7c96d290,
0x000001fe7c999c50, 0x000001fe731374d0, 0x000001fe7ccc00e0, 0x000001fe7d47f060,
0x000001fe7d60e5d0, 0x000001fe7d400e50, 0x000001fe7d4a2990, 0x000001fe7d727f10,
0x000001fe7d8614d0, 0x000001fe7daf6c60, 0x000001fe7daf5220, 0x000001fe7daf58b0,
0x000001fe7daf5f40, 0x000001fe7daf4500, 0x000001fe7daf4b90, 0x000001fe7daf65d0,
0x000001fe7ead00d0, 0x000001fe7ead2830, 0x000001fe7ead2ec0, 0x000001fe7ead21a0,
0x000001fe7ead3550, 0x000001fe7ead3be0, 0x000001fe7ead0760, 0x000001fe7ead4270,
0x000001fe7ead0df0, 0x000001fe7ead4900, 0x000001fe7ead1480, 0x000001fe7ead4f90,
0x000001fe7ead1b10, 0x000001fe7ead5620, 0x000001fe7ead7060, 0x000001fe7ead5cb0,
0x000001fe7ead6340, 0x000001fe7ead69d0, 0x000001fe7ead76f0, 0x000001fe7d2ec920,
0x000001fe7d2ea850, 0x000001fe7d2e94a0, 0x000001fe7d2ecfb0, 0x000001fe7d2ea1c0,
0x000001fe7d2e9b30, 0x000001fe7d2eaee0, 0x000001fe7d2ec290, 0x000001fe7d2ed640
}

Java Threads: ( => current thread )
  0x000001fe730ce700 JavaThread "main"                              [_thread_blocked, id=7212, stack(0x00000058e2e00000,0x00000058e2f00000) (1024K)]
  0x000001fe7c962090 JavaThread "Reference Handler"          daemon [_thread_blocked, id=11912, stack(0x00000058e3200000,0x00000058e3300000) (1024K)]
  0x000001fe7c964300 JavaThread "Finalizer"                  daemon [_thread_blocked, id=15348, stack(0x00000058e3300000,0x00000058e3400000) (1024K)]
  0x000001fe7c967e60 JavaThread "Signal Dispatcher"          daemon [_thread_blocked, id=15100, stack(0x00000058e3400000,0x00000058e3500000) (1024K)]
  0x000001fe7c968ab0 JavaThread "Attach Listener"            daemon [_thread_blocked, id=18072, stack(0x00000058e3500000,0x00000058e3600000) (1024K)]
  0x000001fe7c96ba10 JavaThread "Service Thread"             daemon [_thread_blocked, id=20988, stack(0x00000058e3600000,0x00000058e3700000) (1024K)]
  0x000001fe7c96c460 JavaThread "Monitor Deflation Thread"   daemon [_thread_blocked, id=29308, stack(0x00000058e3700000,0x00000058e3800000) (1024K)]
=>0x000001fe7c96d290 JavaThread "C2 CompilerThread0"         daemon [_thread_in_native, id=28772, stack(0x00000058e3800000,0x00000058e3900000) (1024K)]
  0x000001fe7c999c50 JavaThread "C1 CompilerThread0"         daemon [_thread_blocked, id=30092, stack(0x00000058e3900000,0x00000058e3a00000) (1024K)]
  0x000001fe731374d0 JavaThread "Common-Cleaner"             daemon [_thread_blocked, id=13780, stack(0x00000058e3a00000,0x00000058e3b00000) (1024K)]
  0x000001fe7ccc00e0 JavaThread "Notification Thread"        daemon [_thread_blocked, id=22684, stack(0x00000058e3c00000,0x00000058e3d00000) (1024K)]
  0x000001fe7d47f060 JavaThread "Active Thread: Equinox Container: c5ca2022-fb29-406c-a852-ee89dfbd32f1"        [_thread_blocked, id=10572, stack(0x00000058e3b00000,0x00000058e3c00000) (1024K)]
  0x000001fe7d60e5d0 JavaThread "Refresh Thread: Equinox Container: c5ca2022-fb29-406c-a852-ee89dfbd32f1" daemon [_thread_blocked, id=8036, stack(0x00000058e4300000,0x00000058e4400000) (1024K)]
  0x000001fe7d400e50 JavaThread "Framework Event Dispatcher: Equinox Container: c5ca2022-fb29-406c-a852-ee89dfbd32f1" daemon [_thread_blocked, id=26456, stack(0x00000058e4500000,0x00000058e4600000) (1024K)]
  0x000001fe7d4a2990 JavaThread "Start Level: Equinox Container: c5ca2022-fb29-406c-a852-ee89dfbd32f1" daemon [_thread_blocked, id=28484, stack(0x00000058e4600000,0x00000058e4700000) (1024K)]
  0x000001fe7d727f10 JavaThread "Bundle File Closer"         daemon [_thread_blocked, id=20948, stack(0x00000058e4900000,0x00000058e4a00000) (1024K)]
  0x000001fe7d8614d0 JavaThread "SCR Component Actor"        daemon [_thread_blocked, id=24432, stack(0x00000058e4a00000,0x00000058e4b00000) (1024K)]
  0x000001fe7daf6c60 JavaThread "Worker-JM"                         [_thread_blocked, id=13624, stack(0x00000058e4b00000,0x00000058e4c00000) (1024K)]
  0x000001fe7daf5220 JavaThread "JNA Cleaner"                daemon [_thread_blocked, id=5180, stack(0x00000058e4c00000,0x00000058e4d00000) (1024K)]
  0x000001fe7daf58b0 JavaThread "Worker-0"                          [_thread_blocked, id=27716, stack(0x00000058e4d00000,0x00000058e4e00000) (1024K)]
  0x000001fe7daf5f40 JavaThread "Worker-1"                          [_thread_blocked, id=25164, stack(0x00000058e4e00000,0x00000058e4f00000) (1024K)]
  0x000001fe7daf4500 JavaThread "Worker-2"                          [_thread_blocked, id=25932, stack(0x00000058e4f00000,0x00000058e5000000) (1024K)]
  0x000001fe7daf4b90 JavaThread "Java indexing"              daemon [_thread_blocked, id=1556, stack(0x00000058e5000000,0x00000058e5100000) (1024K)]
  0x000001fe7daf65d0 JavaThread "Worker-3"                          [_thread_blocked, id=16456, stack(0x00000058e5300000,0x00000058e5400000) (1024K)]
  0x000001fe7ead00d0 JavaThread "Worker-4"                          [_thread_blocked, id=22820, stack(0x00000058e5400000,0x00000058e5500000) (1024K)]
  0x000001fe7ead2830 JavaThread "Thread-1"                   daemon [_thread_in_native, id=16508, stack(0x00000058e5500000,0x00000058e5600000) (1024K)]
  0x000001fe7ead2ec0 JavaThread "Thread-2"                   daemon [_thread_in_native, id=30284, stack(0x00000058e5600000,0x00000058e5700000) (1024K)]
  0x000001fe7ead21a0 JavaThread "Thread-3"                   daemon [_thread_in_native, id=28724, stack(0x00000058e5700000,0x00000058e5800000) (1024K)]
  0x000001fe7ead3550 JavaThread "Thread-4"                   daemon [_thread_in_native, id=24360, stack(0x00000058e5800000,0x00000058e5900000) (1024K)]
  0x000001fe7ead3be0 JavaThread "Thread-5"                   daemon [_thread_in_native, id=14996, stack(0x00000058e5900000,0x00000058e5a00000) (1024K)]
  0x000001fe7ead0760 JavaThread "Thread-6"                   daemon [_thread_in_native, id=29800, stack(0x00000058e5a00000,0x00000058e5b00000) (1024K)]
  0x000001fe7ead4270 JavaThread "Thread-7"                   daemon [_thread_in_native, id=13872, stack(0x00000058e5b00000,0x00000058e5c00000) (1024K)]
  0x000001fe7ead0df0 JavaThread "Thread-8"                   daemon [_thread_in_native, id=15780, stack(0x00000058e5c00000,0x00000058e5d00000) (1024K)]
  0x000001fe7ead4900 JavaThread "Thread-9"                   daemon [_thread_in_native, id=2288, stack(0x00000058e5d00000,0x00000058e5e00000) (1024K)]
  0x000001fe7ead1480 JavaThread "Thread-10"                  daemon [_thread_in_native, id=21912, stack(0x00000058e5e00000,0x00000058e5f00000) (1024K)]
  0x000001fe7ead4f90 JavaThread "Thread-11"                  daemon [_thread_in_native, id=30024, stack(0x00000058e5f00000,0x00000058e6000000) (1024K)]
  0x000001fe7ead1b10 JavaThread "Thread-12"                  daemon [_thread_in_native, id=5760, stack(0x00000058e6000000,0x00000058e6100000) (1024K)]
  0x000001fe7ead5620 JavaThread "Thread-13"                  daemon [_thread_in_native, id=24120, stack(0x00000058e6100000,0x00000058e6200000) (1024K)]
  0x000001fe7ead7060 JavaThread "pool-2-thread-1"                   [_thread_blocked, id=9616, stack(0x00000058e6200000,0x00000058e6300000) (1024K)]
  0x000001fe7ead5cb0 JavaThread "WorkspaceEventsHandler"            [_thread_blocked, id=24568, stack(0x00000058e6300000,0x00000058e6400000) (1024K)]
  0x000001fe7ead6340 JavaThread "pool-1-thread-1"                   [_thread_blocked, id=12784, stack(0x00000058e6400000,0x00000058e6500000) (1024K)]
  0x000001fe7ead69d0 JavaThread "ForkJoinPool.commonPool-worker-1" daemon [_thread_blocked, id=10408, stack(0x00000058e6500000,0x00000058e6600000) (1024K)]
  0x000001fe7ead76f0 JavaThread "ForkJoinPool.commonPool-worker-2" daemon [_thread_blocked, id=29072, stack(0x00000058e6600000,0x00000058e6700000) (1024K)]
  0x000001fe7d2ec920 JavaThread "ForkJoinPool.commonPool-worker-3" daemon [_thread_blocked, id=9812, stack(0x00000058e6700000,0x00000058e6800000) (1024K)]
  0x000001fe7d2ea850 JavaThread "ForkJoinPool.commonPool-worker-4" daemon [_thread_blocked, id=20984, stack(0x00000058e6800000,0x00000058e6900000) (1024K)]
  0x000001fe7d2e94a0 JavaThread "ForkJoinPool.commonPool-worker-5" daemon [_thread_blocked, id=15092, stack(0x00000058e6900000,0x00000058e6a00000) (1024K)]
  0x000001fe7d2ecfb0 JavaThread "ForkJoinPool.commonPool-worker-6" daemon [_thread_blocked, id=12700, stack(0x00000058e6a00000,0x00000058e6b00000) (1024K)]
  0x000001fe7d2ea1c0 JavaThread "ForkJoinPool.commonPool-worker-7" daemon [_thread_blocked, id=11240, stack(0x00000058e6b00000,0x00000058e6c00000) (1024K)]
  0x000001fe7d2e9b30 JavaThread "ForkJoinPool.commonPool-worker-8" daemon [_thread_blocked, id=26656, stack(0x00000058e6c00000,0x00000058e6d00000) (1024K)]
  0x000001fe7d2eaee0 JavaThread "ForkJoinPool.commonPool-worker-9" daemon [_thread_blocked, id=29444, stack(0x00000058e6d00000,0x00000058e6e00000) (1024K)]
  0x000001fe7d2ec290 JavaThread "ForkJoinPool.commonPool-worker-10" daemon [_thread_blocked, id=22964, stack(0x00000058e6e00000,0x00000058e6f00000) (1024K)]
  0x000001fe7d2ed640 JavaThread "ForkJoinPool.commonPool-worker-11" daemon [_thread_blocked, id=27168, stack(0x00000058e6f00000,0x00000058e7000000) (1024K)]
Total: 52

Other Threads:
  0x000001fe73062f50 VMThread "VM Thread"                           [id=28760, stack(0x00000058e3100000,0x00000058e3200000) (1024K)]
  0x000001fe72f5ca00 WatcherThread "VM Periodic Task Thread"        [id=8920, stack(0x00000058e3000000,0x00000058e3100000) (1024K)]
  0x000001fe730ec0c0 WorkerThread "GC Thread#0"                     [id=13328, stack(0x00000058e2f00000,0x00000058e3000000) (1024K)]
  0x000001fe7d2183c0 WorkerThread "GC Thread#1"                     [id=15488, stack(0x00000058e3d00000,0x00000058e3e00000) (1024K)]
  0x000001fe7d3234a0 WorkerThread "GC Thread#2"                     [id=16628, stack(0x00000058e3e00000,0x00000058e3f00000) (1024K)]
  0x000001fe7d01de90 WorkerThread "GC Thread#3"                     [id=27028, stack(0x00000058e3f00000,0x00000058e4000000) (1024K)]
  0x000001fe7d01d3b0 WorkerThread "GC Thread#4"                     [id=32144, stack(0x00000058e4000000,0x00000058e4100000) (1024K)]
  0x000001fe7d01e230 WorkerThread "GC Thread#5"                     [id=20440, stack(0x00000058e4100000,0x00000058e4200000) (1024K)]
  0x000001fe7d01daf0 WorkerThread "GC Thread#6"                     [id=3632, stack(0x00000058e4200000,0x00000058e4300000) (1024K)]
  0x000001fe7d01d010 WorkerThread "GC Thread#7"                     [id=4004, stack(0x00000058e4400000,0x00000058e4500000) (1024K)]
  0x000001fe7d01cc70 WorkerThread "GC Thread#8"                     [id=15424, stack(0x00000058e4700000,0x00000058e4800000) (1024K)]
  0x000001fe7dc4d2f0 WorkerThread "GC Thread#9"                     [id=2788, stack(0x00000058e4800000,0x00000058e4900000) (1024K)]
Total: 12

Threads with active compile tasks:
C2 CompilerThread0  31553 12151       4       org.eclipse.jdt.internal.compiler.lookup.BinaryTypeBinding::createMethod (1666 bytes)
Total: 1

VM state: not at safepoint (normal execution)

VM Mutex/Monitor currently owned by a thread: None

Heap address: 0x0000000080000000, size: 2048 MB, Compressed Oops mode: 32-bit

CDS archive(s) mapped at: [0x000001fe0f000000-0x000001fe0fba0000-0x000001fe0fba0000), size 12189696, SharedBaseAddress: 0x000001fe0f000000, ArchiveRelocationMode: 1.
Compressed class space mapped at: 0x000001fe10000000-0x000001fe50000000, reserved size: 1073741824
Narrow klass base: 0x000001fe0f000000, Narrow klass shift: 0, Narrow klass range: 0x100000000

GC Precious Log:
 CardTable entry size: 512
 CPUs: 12 total, 12 available
 Memory: 7916M
 Large Page Support: Disabled
 NUMA Support: Disabled
 Compressed Oops: Enabled (32-bit)
 Alignments: Space 512K, Generation 512K, Heap 2M
 Heap Min Capacity: 100M
 Heap Initial Capacity: 100M
 Heap Max Capacity: 2G
 Pre-touch: Disabled
 Parallel Workers: 10

Heap:
 PSYoungGen      total 17920K, used 5952K [0x00000000d5580000, 0x00000000d6900000, 0x0000000100000000)
  eden space 15872K, 26% used [0x00000000d5580000,0x00000000d59a9700,0x00000000d6500000)
  from space 2048K, 82% used [0x00000000d6700000,0x00000000d68a6c18,0x00000000d6900000)
  to   space 2048K, 0% used [0x00000000d6500000,0x00000000d6500000,0x00000000d6700000)
 ParOldGen       total 83456K, used 83039K [0x0000000080000000, 0x0000000085180000, 0x00000000d5580000)
  object space 83456K, 99% used [0x0000000080000000,0x0000000085117cc8,0x0000000085180000)
 Metaspace       used 63584K, committed 65088K, reserved 1114112K
  class space    used 6635K, committed 7296K, reserved 1048576K

Card table byte_map: [0x000001fe72a70000,0x000001fe72e80000] _byte_map_base: 0x000001fe72670000

Marking Bits: (ParMarkBitMap*) 0x00007ff93280a340
 Begin Bits: [0x000001fe76570000, 0x000001fe78570000)
 End Bits:   [0x000001fe78570000, 0x000001fe7a570000)

Polling page: 0x000001fe70e40000

Metaspace:

Usage:
  Non-class:     55.61 MB used.
      Class:      6.48 MB used.
       Both:     62.09 MB used.

Virtual space:
  Non-class space:       64.00 MB reserved,      56.44 MB ( 88%) committed,  1 nodes.
      Class space:        1.00 GB reserved,       7.12 MB ( <1%) committed,  1 nodes.
             Both:        1.06 GB reserved,      63.56 MB (  6%) committed. 

Chunk freelists:
   Non-Class:  7.21 MB
       Class:  8.85 MB
        Both:  16.06 MB

MaxMetaspaceSize: unlimited
CompressedClassSpaceSize: 1.00 GB
Initial GC threshold: 21.00 MB
Current GC threshold: 97.31 MB
CDS: on
 - commit_granule_bytes: 65536.
 - commit_granule_words: 8192.
 - virtual_space_node_default_size: 8388608.
 - enlarge_chunks_in_place: 1.
 - use_allocation_guard: 0.


Internal statistics:

num_allocs_failed_limit: 9.
num_arena_births: 1244.
num_arena_deaths: 20.
num_vsnodes_births: 2.
num_vsnodes_deaths: 0.
num_space_committed: 1017.
num_space_uncommitted: 0.
num_chunks_returned_to_freelist: 31.
num_chunks_taken_from_freelist: 4350.
num_chunk_merges: 17.
num_chunk_splits: 2621.
num_chunks_enlarged: 1431.
num_inconsistent_stats: 0.

CodeHeap 'non-profiled nmethods': size=120000Kb used=4989Kb max_used=4989Kb free=115010Kb
 bounds [0x000001fe07ad0000, 0x000001fe07fb0000, 0x000001fe0f000000]
CodeHeap 'profiled nmethods': size=120000Kb used=25257Kb max_used=25257Kb free=94742Kb
 bounds [0x000001fe00000000, 0x000001fe018b0000, 0x000001fe07530000]
CodeHeap 'non-nmethods': size=5760Kb used=1420Kb max_used=1477Kb free=4339Kb
 bounds [0x000001fe07530000, 0x000001fe077a0000, 0x000001fe07ad0000]
CodeCache: size=245760Kb, used=31666Kb, max_used=31723Kb, free=214091Kb
 total_blobs=12290, nmethods=11556, adapters=638, full_count=0
Compilation: enabled, stopped_count=0, restarted_count=0

Compilation events (20 events):
Event: 30.217 Thread 0x000001fe7c999c50 12345       3       org.eclipse.jdt.internal.compiler.lookup.FieldBinding::<init> (21 bytes)
Event: 30.218 Thread 0x000001fe7c999c50 nmethod 12345 0x000001fe018a6c10 code [0x000001fe018a6dc0, 0x000001fe018a6f40]
Event: 30.218 Thread 0x000001fe7c999c50 12337       1       org.eclipse.jdt.internal.compiler.codegen.CodeStream::lambda$0 (2 bytes)
Event: 30.218 Thread 0x000001fe7c999c50 nmethod 12337 0x000001fe07faf090 code [0x000001fe07faf220, 0x000001fe07faf2c8]
Event: 30.218 Thread 0x000001fe7c999c50 12342       1       org.eclipse.jdt.internal.compiler.lookup.SyntheticMethodBinding::sourceLambda (5 bytes)
Event: 30.218 Thread 0x000001fe7c999c50 nmethod 12342 0x000001fe07faf390 code [0x000001fe07faf520, 0x000001fe07faf5e8]
Event: 30.221 Thread 0x000001fe7c999c50 12346       2       com.google.gson.internal.GsonTypes::equals (286 bytes)
Event: 30.223 Thread 0x000001fe7c999c50 nmethod 12346 0x000001fe018a7010 code [0x000001fe018a73c0, 0x000001fe018a8300]
Event: 30.223 Thread 0x000001fe7c999c50 12347       2       java.io.RandomAccessFile$1::<init> (10 bytes)
Event: 30.224 Thread 0x000001fe7c999c50 nmethod 12347 0x000001fe018a8810 code [0x000001fe018a89a0, 0x000001fe018a8ac0]
Event: 30.224 Thread 0x000001fe7c999c50 12348       2       java.io.RandomAccessFile$1::close (11 bytes)
Event: 30.224 Thread 0x000001fe7c999c50 nmethod 12348 0x000001fe018a8b90 code [0x000001fe018a8d60, 0x000001fe018a90d0]
Event: 30.224 Thread 0x000001fe7c999c50 12349   !   2       java.io.RandomAccessFile::close (69 bytes)
Event: 30.225 Thread 0x000001fe7c999c50 nmethod 12349 0x000001fe018a9290 code [0x000001fe018a9460, 0x000001fe018a97f0]
Event: 30.227 Thread 0x000001fe7c999c50 12350       2       java.util.zip.ZipFile$Source::close (50 bytes)
Event: 30.227 Thread 0x000001fe7c999c50 nmethod 12350 0x000001fe018a9990 code [0x000001fe018a9b40, 0x000001fe018a9d10]
Event: 30.243 Thread 0x000001fe7c999c50 12351       2       org.eclipse.osgi.framework.util.ArrayMap::getValue (11 bytes)
Event: 30.244 Thread 0x000001fe7c999c50 nmethod 12351 0x000001fe018a9e10 code [0x000001fe018a9fc0, 0x000001fe018aa0f8]
Event: 30.245 Thread 0x000001fe7c999c50 12352       2       sun.nio.ch.Invoker$GroupAndInvokeCount::resetInvokeCount (6 bytes)
Event: 30.246 Thread 0x000001fe7c999c50 nmethod 12352 0x000001fe018aa190 code [0x000001fe018aa320, 0x000001fe018aa430]

GC Heap History (20 events):
Event: 26.612 GC heap before
{Heap before GC invocations=72 (full 3):
 PSYoungGen      total 16896K, used 16864K [0x00000000d5580000, 0x00000000d6b80000, 0x0000000100000000)
  eden space 15872K, 100% used [0x00000000d5580000,0x00000000d6500000,0x00000000d6500000)
  from space 1024K, 96% used [0x00000000d6780000,0x00000000d6878038,0x00000000d6880000)
  to   space 2560K, 0% used [0x00000000d6500000,0x00000000d6500000,0x00000000d6780000)
 ParOldGen       total 77312K, used 72002K [0x0000000080000000, 0x0000000084b80000, 0x00000000d5580000)
  object space 77312K, 93% used [0x0000000080000000,0x0000000084650b98,0x0000000084b80000)
 Metaspace       used 60262K, committed 61760K, reserved 1114112K
  class space    used 6397K, committed 7040K, reserved 1048576K
}
Event: 26.618 GC heap after
{Heap after GC invocations=72 (full 3):
 PSYoungGen      total 18432K, used 2215K [0x00000000d5580000, 0x00000000d6a00000, 0x0000000100000000)
  eden space 15872K, 0% used [0x00000000d5580000,0x00000000d5580000,0x00000000d6500000)
  from space 2560K, 86% used [0x00000000d6500000,0x00000000d6729c60,0x00000000d6780000)
  to   space 2560K, 0% used [0x00000000d6780000,0x00000000d6780000,0x00000000d6a00000)
 ParOldGen       total 77312K, used 72744K [0x0000000080000000, 0x0000000084b80000, 0x00000000d5580000)
  object space 77312K, 94% used [0x0000000080000000,0x000000008470a260,0x0000000084b80000)
 Metaspace       used 60262K, committed 61760K, reserved 1114112K
  class space    used 6397K, committed 7040K, reserved 1048576K
}
Event: 27.324 GC heap before
{Heap before GC invocations=73 (full 3):
 PSYoungGen      total 18432K, used 18087K [0x00000000d5580000, 0x00000000d6a00000, 0x0000000100000000)
  eden space 15872K, 100% used [0x00000000d5580000,0x00000000d6500000,0x00000000d6500000)
  from space 2560K, 86% used [0x00000000d6500000,0x00000000d6729c60,0x00000000d6780000)
  to   space 2560K, 0% used [0x00000000d6780000,0x00000000d6780000,0x00000000d6a00000)
 ParOldGen       total 77312K, used 72744K [0x0000000080000000, 0x0000000084b80000, 0x00000000d5580000)
  object space 77312K, 94% used [0x0000000080000000,0x000000008470a260,0x0000000084b80000)
 Metaspace       used 60639K, committed 62144K, reserved 1114112K
  class space    used 6440K, committed 7104K, reserved 1048576K
}
Event: 27.327 GC heap after
{Heap after GC invocations=73 (full 3):
 PSYoungGen      total 16896K, used 1024K [0x00000000d5580000, 0x00000000d6880000, 0x0000000100000000)
  eden space 15872K, 0% used [0x00000000d5580000,0x00000000d5580000,0x00000000d6500000)
  from space 1024K, 100% used [0x00000000d6780000,0x00000000d6880000,0x00000000d6880000)
  to   space 1536K, 0% used [0x00000000d6580000,0x00000000d6580000,0x00000000d6700000)
 ParOldGen       total 77312K, used 74617K [0x0000000080000000, 0x0000000084b80000, 0x00000000d5580000)
  object space 77312K, 96% used [0x0000000080000000,0x00000000848de778,0x0000000084b80000)
 Metaspace       used 60639K, committed 62144K, reserved 1114112K
  class space    used 6440K, committed 7104K, reserved 1048576K
}
Event: 27.551 GC heap before
{Heap before GC invocations=74 (full 3):
 PSYoungGen      total 16896K, used 16896K [0x00000000d5580000, 0x00000000d6880000, 0x0000000100000000)
  eden space 15872K, 100% used [0x00000000d5580000,0x00000000d6500000,0x00000000d6500000)
  from space 1024K, 100% used [0x00000000d6780000,0x00000000d6880000,0x00000000d6880000)
  to   space 1536K, 0% used [0x00000000d6580000,0x00000000d6580000,0x00000000d6700000)
 ParOldGen       total 77312K, used 74617K [0x0000000080000000, 0x0000000084b80000, 0x00000000d5580000)
  object space 77312K, 96% used [0x0000000080000000,0x00000000848de778,0x0000000084b80000)
 Metaspace       used 60759K, committed 62208K, reserved 1114112K
  class space    used 6444K, committed 7104K, reserved 1048576K
}
Event: 27.554 GC heap after
{Heap after GC invocations=74 (full 3):
 PSYoungGen      total 17408K, used 800K [0x00000000d5580000, 0x00000000d6800000, 0x0000000100000000)
  eden space 15872K, 0% used [0x00000000d5580000,0x00000000d5580000,0x00000000d6500000)
  from space 1536K, 52% used [0x00000000d6580000,0x00000000d6648000,0x00000000d6700000)
  to   space 1024K, 0% used [0x00000000d6700000,0x00000000d6700000,0x00000000d6800000)
 ParOldGen       total 77312K, used 75274K [0x0000000080000000, 0x0000000084b80000, 0x00000000d5580000)
  object space 77312K, 97% used [0x0000000080000000,0x0000000084982b88,0x0000000084b80000)
 Metaspace       used 60759K, committed 62208K, reserved 1114112K
  class space    used 6444K, committed 7104K, reserved 1048576K
}
Event: 27.732 GC heap before
{Heap before GC invocations=75 (full 3):
 PSYoungGen      total 17408K, used 16672K [0x00000000d5580000, 0x00000000d6800000, 0x0000000100000000)
  eden space 15872K, 100% used [0x00000000d5580000,0x00000000d6500000,0x00000000d6500000)
  from space 1536K, 52% used [0x00000000d6580000,0x00000000d6648000,0x00000000d6700000)
  to   space 1024K, 0% used [0x00000000d6700000,0x00000000d6700000,0x00000000d6800000)
 ParOldGen       total 77312K, used 75274K [0x0000000080000000, 0x0000000084b80000, 0x00000000d5580000)
  object space 77312K, 97% used [0x0000000080000000,0x0000000084982b88,0x0000000084b80000)
 Metaspace       used 60913K, committed 62336K, reserved 1114112K
  class space    used 6455K, committed 7104K, reserved 1048576K
}
Event: 27.735 GC heap after
{Heap after GC invocations=75 (full 3):
 PSYoungGen      total 16896K, used 880K [0x00000000d5580000, 0x00000000d6800000, 0x0000000100000000)
  eden space 15872K, 0% used [0x00000000d5580000,0x00000000d5580000,0x00000000d6500000)
  from space 1024K, 85% used [0x00000000d6700000,0x00000000d67dc010,0x00000000d6800000)
  to   space 1024K, 0% used [0x00000000d6600000,0x00000000d6600000,0x00000000d6700000)
 ParOldGen       total 77312K, used 75951K [0x0000000080000000, 0x0000000084b80000, 0x00000000d5580000)
  object space 77312K, 98% used [0x0000000080000000,0x0000000084a2bfc0,0x0000000084b80000)
 Metaspace       used 60913K, committed 62336K, reserved 1114112K
  class space    used 6455K, committed 7104K, reserved 1048576K
}
Event: 27.890 GC heap before
{Heap before GC invocations=76 (full 3):
 PSYoungGen      total 16896K, used 16752K [0x00000000d5580000, 0x00000000d6800000, 0x0000000100000000)
  eden space 15872K, 100% used [0x00000000d5580000,0x00000000d6500000,0x00000000d6500000)
  from space 1024K, 85% used [0x00000000d6700000,0x00000000d67dc010,0x00000000d6800000)
  to   space 1024K, 0% used [0x00000000d6600000,0x00000000d6600000,0x00000000d6700000)
 ParOldGen       total 77312K, used 75951K [0x0000000080000000, 0x0000000084b80000, 0x00000000d5580000)
  object space 77312K, 98% used [0x0000000080000000,0x0000000084a2bfc0,0x0000000084b80000)
 Metaspace       used 60969K, committed 62400K, reserved 1114112K
  class space    used 6458K, committed 7104K, reserved 1048576K
}
Event: 27.893 GC heap after
{Heap after GC invocations=76 (full 3):
 PSYoungGen      total 16896K, used 912K [0x00000000d5580000, 0x00000000d6780000, 0x0000000100000000)
  eden space 15872K, 0% used [0x00000000d5580000,0x00000000d5580000,0x00000000d6500000)
  from space 1024K, 89% used [0x00000000d6600000,0x00000000d66e4030,0x00000000d6700000)
  to   space 512K, 0% used [0x00000000d6700000,0x00000000d6700000,0x00000000d6780000)
 ParOldGen       total 77312K, used 76545K [0x0000000080000000, 0x0000000084b80000, 0x00000000d5580000)
  object space 77312K, 99% used [0x0000000080000000,0x0000000084ac0610,0x0000000084b80000)
 Metaspace       used 60969K, committed 62400K, reserved 1114112K
  class space    used 6458K, committed 7104K, reserved 1048576K
}
Event: 28.315 GC heap before
{Heap before GC invocations=77 (full 3):
 PSYoungGen      total 16896K, used 16784K [0x00000000d5580000, 0x00000000d6780000, 0x0000000100000000)
  eden space 15872K, 100% used [0x00000000d5580000,0x00000000d6500000,0x00000000d6500000)
  from space 1024K, 89% used [0x00000000d6600000,0x00000000d66e4030,0x00000000d6700000)
  to   space 512K, 0% used [0x00000000d6700000,0x00000000d6700000,0x00000000d6780000)
 ParOldGen       total 77312K, used 76545K [0x0000000080000000, 0x0000000084b80000, 0x00000000d5580000)
  object space 77312K, 99% used [0x0000000080000000,0x0000000084ac0610,0x0000000084b80000)
 Metaspace       used 61495K, committed 62976K, reserved 1114112K
  class space    used 6506K, committed 7168K, reserved 1048576K
}
Event: 28.321 GC heap after
{Heap after GC invocations=77 (full 3):
 PSYoungGen      total 16384K, used 496K [0x00000000d5580000, 0x00000000d6900000, 0x0000000100000000)
  eden space 15872K, 0% used [0x00000000d5580000,0x00000000d5580000,0x00000000d6500000)
  from space 512K, 96% used [0x00000000d6700000,0x00000000d677c140,0x00000000d6780000)
  to   space 2048K, 0% used [0x00000000d6500000,0x00000000d6500000,0x00000000d6700000)
 ParOldGen       total 77824K, used 77587K [0x0000000080000000, 0x0000000084c00000, 0x00000000d5580000)
  object space 77824K, 99% used [0x0000000080000000,0x0000000084bc4f08,0x0000000084c00000)
 Metaspace       used 61495K, committed 62976K, reserved 1114112K
  class space    used 6506K, committed 7168K, reserved 1048576K
}
Event: 29.016 GC heap before
{Heap before GC invocations=78 (full 3):
 PSYoungGen      total 16384K, used 16368K [0x00000000d5580000, 0x00000000d6900000, 0x0000000100000000)
  eden space 15872K, 100% used [0x00000000d5580000,0x00000000d6500000,0x00000000d6500000)
  from space 512K, 96% used [0x00000000d6700000,0x00000000d677c140,0x00000000d6780000)
  to   space 2048K, 0% used [0x00000000d6500000,0x00000000d6500000,0x00000000d6700000)
 ParOldGen       total 77824K, used 77587K [0x0000000080000000, 0x0000000084c00000, 0x00000000d5580000)
  object space 77824K, 99% used [0x0000000080000000,0x0000000084bc4f08,0x0000000084c00000)
 Metaspace       used 62131K, committed 63616K, reserved 1114112K
  class space    used 6530K, committed 7168K, reserved 1048576K
}
Event: 29.020 GC heap after
{Heap after GC invocations=78 (full 3):
 PSYoungGen      total 17920K, used 1989K [0x00000000d5580000, 0x00000000d6a00000, 0x0000000100000000)
  eden space 15872K, 0% used [0x00000000d5580000,0x00000000d5580000,0x00000000d6500000)
  from space 2048K, 97% used [0x00000000d6500000,0x00000000d66f15f8,0x00000000d6700000)
  to   space 2560K, 0% used [0x00000000d6780000,0x00000000d6780000,0x00000000d6a00000)
 ParOldGen       total 78336K, used 78121K [0x0000000080000000, 0x0000000084c80000, 0x00000000d5580000)
  object space 78336K, 99% used [0x0000000080000000,0x0000000084c4a4f0,0x0000000084c80000)
 Metaspace       used 62131K, committed 63616K, reserved 1114112K
  class space    used 6530K, committed 7168K, reserved 1048576K
}
Event: 29.550 GC heap before
{Heap before GC invocations=79 (full 3):
 PSYoungGen      total 17920K, used 17861K [0x00000000d5580000, 0x00000000d6a00000, 0x0000000100000000)
  eden space 15872K, 100% used [0x00000000d5580000,0x00000000d6500000,0x00000000d6500000)
  from space 2048K, 97% used [0x00000000d6500000,0x00000000d66f15f8,0x00000000d6700000)
  to   space 2560K, 0% used [0x00000000d6780000,0x00000000d6780000,0x00000000d6a00000)
 ParOldGen       total 78336K, used 78121K [0x0000000080000000, 0x0000000084c80000, 0x00000000d5580000)
  object space 78336K, 99% used [0x0000000080000000,0x0000000084c4a4f0,0x0000000084c80000)
 Metaspace       used 63146K, committed 64640K, reserved 1114112K
  class space    used 6630K, committed 7296K, reserved 1048576K
}
Event: 29.554 GC heap after
{Heap after GC invocations=79 (full 3):
 PSYoungGen      total 17920K, used 1698K [0x00000000d5580000, 0x00000000d6980000, 0x0000000100000000)
  eden space 15872K, 0% used [0x00000000d5580000,0x00000000d5580000,0x00000000d6500000)
  from space 2048K, 82% used [0x00000000d6780000,0x00000000d6928bc8,0x00000000d6980000)
  to   space 2048K, 0% used [0x00000000d6500000,0x00000000d6500000,0x00000000d6700000)
 ParOldGen       total 79872K, used 79689K [0x0000000080000000, 0x0000000084e00000, 0x00000000d5580000)
  object space 79872K, 99% used [0x0000000080000000,0x0000000084dd24c8,0x0000000084e00000)
 Metaspace       used 63146K, committed 64640K, reserved 1114112K
  class space    used 6630K, committed 7296K, reserved 1048576K
}
Event: 29.769 GC heap before
{Heap before GC invocations=80 (full 3):
 PSYoungGen      total 17920K, used 17570K [0x00000000d5580000, 0x00000000d6980000, 0x0000000100000000)
  eden space 15872K, 100% used [0x00000000d5580000,0x00000000d6500000,0x00000000d6500000)
  from space 2048K, 82% used [0x00000000d6780000,0x00000000d6928bc8,0x00000000d6980000)
  to   space 2048K, 0% used [0x00000000d6500000,0x00000000d6500000,0x00000000d6700000)
 ParOldGen       total 79872K, used 79689K [0x0000000080000000, 0x0000000084e00000, 0x00000000d5580000)
  object space 79872K, 99% used [0x0000000080000000,0x0000000084dd24c8,0x0000000084e00000)
 Metaspace       used 63221K, committed 64704K, reserved 1114112K
  class space    used 6630K, committed 7296K, reserved 1048576K
}
Event: 29.773 GC heap after
{Heap after GC invocations=80 (full 3):
 PSYoungGen      total 17920K, used 1968K [0x00000000d5580000, 0x00000000d6900000, 0x0000000100000000)
  eden space 15872K, 0% used [0x00000000d5580000,0x00000000d5580000,0x00000000d6500000)
  from space 2048K, 96% used [0x00000000d6500000,0x00000000d66ec030,0x00000000d6700000)
  to   space 2048K, 0% used [0x00000000d6700000,0x00000000d6700000,0x00000000d6900000)
 ParOldGen       total 81408K, used 81247K [0x0000000080000000, 0x0000000084f80000, 0x00000000d5580000)
  object space 81408K, 99% used [0x0000000080000000,0x0000000084f57c28,0x0000000084f80000)
 Metaspace       used 63221K, committed 64704K, reserved 1114112K
  class space    used 6630K, committed 7296K, reserved 1048576K
}
Event: 30.030 GC heap before
{Heap before GC invocations=81 (full 3):
 PSYoungGen      total 17920K, used 17840K [0x00000000d5580000, 0x00000000d6900000, 0x0000000100000000)
  eden space 15872K, 100% used [0x00000000d5580000,0x00000000d6500000,0x00000000d6500000)
  from space 2048K, 96% used [0x00000000d6500000,0x00000000d66ec030,0x00000000d6700000)
  to   space 2048K, 0% used [0x00000000d6700000,0x00000000d6700000,0x00000000d6900000)
 ParOldGen       total 81408K, used 81247K [0x0000000080000000, 0x0000000084f80000, 0x00000000d5580000)
  object space 81408K, 99% used [0x0000000080000000,0x0000000084f57c28,0x0000000084f80000)
 Metaspace       used 63469K, committed 64960K, reserved 1114112K
  class space    used 6635K, committed 7296K, reserved 1048576K
}
Event: 30.034 GC heap after
{Heap after GC invocations=81 (full 3):
 PSYoungGen      total 17920K, used 1691K [0x00000000d5580000, 0x00000000d6900000, 0x0000000100000000)
  eden space 15872K, 0% used [0x00000000d5580000,0x00000000d5580000,0x00000000d6500000)
  from space 2048K, 82% used [0x00000000d6700000,0x00000000d68a6c18,0x00000000d6900000)
  to   space 2048K, 0% used [0x00000000d6500000,0x00000000d6500000,0x00000000d6700000)
 ParOldGen       total 83456K, used 83039K [0x0000000080000000, 0x0000000085180000, 0x00000000d5580000)
  object space 83456K, 99% used [0x0000000080000000,0x0000000085117cc8,0x0000000085180000)
 Metaspace       used 63469K, committed 64960K, reserved 1114112K
  class space    used 6635K, committed 7296K, reserved 1048576K
}

Dll operation events (10 events):
Event: 0.030 Loaded shared library c:\Users\damin\.cursor\extensions\redhat.java-1.46.0-win32-x64\jre\21.0.8-win32-x86_64\bin\java.dll
Event: 0.191 Loaded shared library c:\Users\damin\.cursor\extensions\redhat.java-1.46.0-win32-x64\jre\21.0.8-win32-x86_64\bin\zip.dll
Event: 0.239 Loaded shared library C:\Users\damin\.cursor\extensions\redhat.java-1.46.0-win32-x64\jre\21.0.8-win32-x86_64\bin\instrument.dll
Event: 0.247 Loaded shared library C:\Users\damin\.cursor\extensions\redhat.java-1.46.0-win32-x64\jre\21.0.8-win32-x86_64\bin\net.dll
Event: 0.251 Loaded shared library C:\Users\damin\.cursor\extensions\redhat.java-1.46.0-win32-x64\jre\21.0.8-win32-x86_64\bin\nio.dll
Event: 0.255 Loaded shared library C:\Users\damin\.cursor\extensions\redhat.java-1.46.0-win32-x64\jre\21.0.8-win32-x86_64\bin\zip.dll
Event: 0.280 Loaded shared library C:\Users\damin\.cursor\extensions\redhat.java-1.46.0-win32-x64\jre\21.0.8-win32-x86_64\bin\jimage.dll
Event: 0.436 Loaded shared library c:\Users\damin\.cursor\extensions\redhat.java-1.46.0-win32-x64\jre\21.0.8-win32-x86_64\bin\verify.dll
Event: 3.149 Loaded shared library C:\Users\damin\AppData\Roaming\Cursor\User\globalStorage\redhat.java\1.46.0\config_win\org.eclipse.equinox.launcher\org.eclipse.equinox.launcher.win32.win32.x86_64_1.2.1400.v20250801-0854\eclipse_11916.dll
Event: 8.561 Loaded shared library C:\Users\damin\AppData\Local\Temp\jna-95349941\jna16870506705061862403.dll

Deoptimization events (20 events):
Event: 29.641 Thread 0x000001fe7daf58b0 DEOPT PACKING pc=0x000001fe012e795a sp=0x00000058e4dfd880
Event: 29.641 Thread 0x000001fe7daf58b0 DEOPT UNPACKING pc=0x000001fe07584242 sp=0x00000058e4dfccf8 mode 0
Event: 29.642 Thread 0x000001fe7daf58b0 DEOPT PACKING pc=0x000001fe012e795a sp=0x00000058e4dfdbf0
Event: 29.642 Thread 0x000001fe7daf58b0 DEOPT UNPACKING pc=0x000001fe07584242 sp=0x00000058e4dfd068 mode 0
Event: 29.646 Thread 0x000001fe7daf58b0 DEOPT PACKING pc=0x000001fe0149c7ab sp=0x00000058e4dfde10
Event: 29.646 Thread 0x000001fe7daf58b0 DEOPT UNPACKING pc=0x000001fe07584242 sp=0x00000058e4dfd248 mode 0
Event: 29.662 Thread 0x000001fe7daf58b0 DEOPT PACKING pc=0x000001fe012e795a sp=0x00000058e4dfb490
Event: 29.662 Thread 0x000001fe7daf58b0 DEOPT UNPACKING pc=0x000001fe07584242 sp=0x00000058e4dfa908 mode 0
Event: 29.679 Thread 0x000001fe7daf58b0 DEOPT PACKING pc=0x000001fe0138c6ac sp=0x00000058e4dfcb00
Event: 29.679 Thread 0x000001fe7daf58b0 DEOPT UNPACKING pc=0x000001fe07584242 sp=0x00000058e4dfc060 mode 0
Event: 29.683 Thread 0x000001fe7daf58b0 DEOPT PACKING pc=0x000001fe0146008f sp=0x00000058e4dfba70
Event: 29.683 Thread 0x000001fe7daf58b0 DEOPT UNPACKING pc=0x000001fe07584242 sp=0x00000058e4dfaf88 mode 0
Event: 29.710 Thread 0x000001fe7daf58b0 DEOPT PACKING pc=0x000001fe01449c8a sp=0x00000058e4dfba50
Event: 29.710 Thread 0x000001fe7daf58b0 DEOPT UNPACKING pc=0x000001fe07584242 sp=0x00000058e4dfafc8 mode 0
Event: 30.170 Thread 0x000001fe7daf58b0 DEOPT PACKING pc=0x000001fe015293fe sp=0x00000058e4dfd7a0
Event: 30.170 Thread 0x000001fe7daf58b0 DEOPT UNPACKING pc=0x000001fe07584242 sp=0x00000058e4dfcc40 mode 0
Event: 30.214 Thread 0x000001fe7daf58b0 Uncommon trap: trap_request=0xffffff45 fr.pc=0x000001fe07f3f338 relative=0x0000000000000098
Event: 30.214 Thread 0x000001fe7daf58b0 Uncommon trap: reason=unstable_if action=reinterpret pc=0x000001fe07f3f338 method=java.util.Hashtable$Enumerator.nextElement()Ljava/lang/Object; @ 87 c2
Event: 30.214 Thread 0x000001fe7daf58b0 DEOPT PACKING pc=0x000001fe07f3f338 sp=0x00000058e4dfeba0
Event: 30.214 Thread 0x000001fe7daf58b0 DEOPT UNPACKING pc=0x000001fe07583aa2 sp=0x00000058e4dfeb20 mode 2

Classes loaded (20 events):
Event: 20.322 Loading class java/util/concurrent/CompletableFuture$UniApply
Event: 20.323 Loading class java/util/concurrent/CompletableFuture$UniCompletion
Event: 20.323 Loading class java/util/concurrent/CompletableFuture$UniCompletion done
Event: 20.323 Loading class java/util/concurrent/CompletableFuture$UniApply done
Event: 20.324 Loading class java/util/concurrent/CompletableFuture$UniAccept
Event: 20.324 Loading class java/util/concurrent/CompletableFuture$UniAccept done
Event: 20.324 Loading class java/util/concurrent/CompletableFuture$UniExceptionally
Event: 20.325 Loading class java/util/concurrent/CompletableFuture$UniExceptionally done
Event: 20.396 Loading class java/util/Hashtable$KeySet
Event: 20.396 Loading class java/util/Hashtable$KeySet done
Event: 24.764 Loading class sun/nio/cs/ISO_8859_1$Decoder
Event: 24.767 Loading class sun/nio/cs/ISO_8859_1$Decoder done
Event: 25.929 Loading class java/util/stream/ReduceOps$4
Event: 25.930 Loading class java/util/stream/ReduceOps$4 done
Event: 25.930 Loading class java/util/stream/ReduceOps$4ReducingSink
Event: 25.930 Loading class java/util/stream/ReduceOps$4ReducingSink done
Event: 26.386 Loading class java/lang/invoke/MethodHandleImpl$CountingWrapper$1
Event: 26.387 Loading class java/lang/invoke/MethodHandleImpl$CountingWrapper$1 done
Event: 28.985 Loading class java/util/HashMap$EntrySpliterator
Event: 28.993 Loading class java/util/HashMap$EntrySpliterator done

Classes unloaded (10 events):
Event: 9.790 Thread 0x000001fe73062f50 Unloading class 0x000001fe101b0c00 'java/lang/invoke/LambdaForm$MH+0x000001fe101b0c00'
Event: 9.790 Thread 0x000001fe73062f50 Unloading class 0x000001fe101b0800 'java/lang/invoke/LambdaForm$MH+0x000001fe101b0800'
Event: 9.790 Thread 0x000001fe73062f50 Unloading class 0x000001fe101b0400 'java/lang/invoke/LambdaForm$MH+0x000001fe101b0400'
Event: 9.790 Thread 0x000001fe73062f50 Unloading class 0x000001fe101b0000 'java/lang/invoke/LambdaForm$MH+0x000001fe101b0000'
Event: 9.790 Thread 0x000001fe73062f50 Unloading class 0x000001fe101afc00 'java/lang/invoke/LambdaForm$BMH+0x000001fe101afc00'
Event: 9.790 Thread 0x000001fe73062f50 Unloading class 0x000001fe101af800 'java/lang/invoke/LambdaForm$DMH+0x000001fe101af800'
Event: 9.790 Thread 0x000001fe73062f50 Unloading class 0x000001fe101ae400 'java/lang/invoke/LambdaForm$DMH+0x000001fe101ae400'
Event: 24.956 Thread 0x000001fe73062f50 Unloading class 0x000001fe106c2000 'java/lang/invoke/LambdaForm$DMH+0x000001fe106c2000'
Event: 24.956 Thread 0x000001fe73062f50 Unloading class 0x000001fe106c1c00 'java/lang/invoke/LambdaForm$DMH+0x000001fe106c1c00'
Event: 24.956 Thread 0x000001fe73062f50 Unloading class 0x000001fe106c1400 'java/lang/invoke/LambdaForm$DMH+0x000001fe106c1400'

Classes redefined (0 events):
No events

Internal exceptions (20 events):
Event: 27.153 Thread 0x000001fe7daf58b0 Exception <a 'java/lang/NoSuchMethodError'{0x00000000d5d91c78}: 'java.lang.Object java.lang.invoke.DirectMethodHandle$Holder.invokeStatic(java.lang.Object, java.lang.Object, int, int)'> (0x00000000d5d91c78) 
thrown [s\src\hotspot\share\interpreter\linkResolver.cpp, line 773]
Event: 27.154 Thread 0x000001fe7daf58b0 Exception <a 'java/lang/NoSuchMethodError'{0x00000000d5d96328}: 'java.lang.Object java.lang.invoke.DirectMethodHandle$Holder.invokeSpecial(java.lang.Object, java.lang.Object, java.lang.Object, int, int)'> (0x00000000d5d96328) 
thrown [s\src\hotspot\share\interpreter\linkResolver.cpp, line 773]
Event: 27.739 Thread 0x000001fe7daf65d0 Exception <a 'sun/nio/fs/WindowsException'{0x00000000d5633d30}> (0x00000000d5633d30) 
thrown [s\src\hotspot\share\prims\jni.cpp, line 520]
Event: 27.739 Thread 0x000001fe7daf65d0 Exception <a 'sun/nio/fs/WindowsException'{0x00000000d5634360}> (0x00000000d5634360) 
thrown [s\src\hotspot\share\prims\jni.cpp, line 520]
Event: 27.740 Thread 0x000001fe7daf65d0 Exception <a 'sun/nio/fs/WindowsException'{0x00000000d5634df8}> (0x00000000d5634df8) 
thrown [s\src\hotspot\share\prims\jni.cpp, line 520]
Event: 27.740 Thread 0x000001fe7daf65d0 Exception <a 'sun/nio/fs/WindowsException'{0x00000000d5635428}> (0x00000000d5635428) 
thrown [s\src\hotspot\share\prims\jni.cpp, line 520]
Event: 27.742 Thread 0x000001fe7daf65d0 Exception <a 'sun/nio/fs/WindowsException'{0x00000000d5636970}> (0x00000000d5636970) 
thrown [s\src\hotspot\share\prims\jni.cpp, line 520]
Event: 27.742 Thread 0x000001fe7daf65d0 Exception <a 'sun/nio/fs/WindowsException'{0x00000000d5636fa0}> (0x00000000d5636fa0) 
thrown [s\src\hotspot\share\prims\jni.cpp, line 520]
Event: 27.760 Thread 0x000001fe7daf65d0 Exception <a 'sun/nio/fs/WindowsException'{0x00000000d56b2020}> (0x00000000d56b2020) 
thrown [s\src\hotspot\share\prims\jni.cpp, line 520]
Event: 27.760 Thread 0x000001fe7daf65d0 Exception <a 'sun/nio/fs/WindowsException'{0x00000000d56f8438}> (0x00000000d56f8438) 
thrown [s\src\hotspot\share\prims\jni.cpp, line 520]
Event: 28.187 Thread 0x000001fe7daf58b0 Exception <a 'java/lang/NoSuchMethodError'{0x00000000d631a620}: 'java.lang.Object java.lang.invoke.DirectMethodHandle$Holder.invokeStatic(java.lang.Object, java.lang.Object, int, java.lang.Object, java.lang.Object)'> (0x00000000d631a620) 
thrown [s\src\hotspot\share\interpreter\linkResolver.cpp, line 773]
Event: 28.387 Thread 0x000001fe7daf58b0 Exception <a 'java/lang/NoSuchMethodError'{0x00000000d56887f0}: 'java.lang.Object java.lang.invoke.DirectMethodHandle$Holder.newInvokeSpecial(java.lang.Object, java.lang.Object, java.lang.Object, java.lang.Object, int)'> (0x00000000d56887f0) 
thrown [s\src\hotspot\share\interpreter\linkResolver.cpp, line 773]
Event: 28.388 Thread 0x000001fe7daf58b0 Exception <a 'java/lang/NoSuchMethodError'{0x00000000d568cc38}: 'java.lang.Object java.lang.invoke.DirectMethodHandle$Holder.invokeSpecial(java.lang.Object, java.lang.Object, java.lang.Object, java.lang.Object, java.lang.Object, int)'> (0x00000000d568cc38) 
thrown [s\src\hotspot\share\interpreter\linkResolver.cpp, line 773]
Event: 28.389 Thread 0x000001fe7daf58b0 Exception <a 'java/lang/NoSuchMethodError'{0x00000000d5690978}: 'java.lang.Object java.lang.invoke.Invokers$Holder.linkToTargetMethod(java.lang.Object, java.lang.Object, java.lang.Object, int, java.lang.Object)'> (0x00000000d5690978) 
thrown [s\src\hotspot\share\interpreter\linkResolver.cpp, line 773]
Event: 29.014 Thread 0x000001fe7daf65d0 Implicit null exception at 0x000001fe07f5540d to 0x000001fe07f556d0
Event: 29.064 Thread 0x000001fe7daf65d0 Exception <a 'java/lang/NoSuchMethodError'{0x00000000d56a6310}: 'java.lang.Object java.lang.invoke.DirectMethodHandle$Holder.invokeStatic(java.lang.Object, java.lang.Object, int, java.lang.Object)'> (0x00000000d56a6310) 
thrown [s\src\hotspot\share\interpreter\linkResolver.cpp, line 773]
Event: 29.065 Thread 0x000001fe7daf65d0 Exception <a 'java/lang/NoSuchMethodError'{0x00000000d56aca20}: 'java.lang.Object java.lang.invoke.DirectMethodHandle$Holder.newInvokeSpecial(java.lang.Object, java.lang.Object, int)'> (0x00000000d56aca20) 
thrown [s\src\hotspot\share\interpreter\linkResolver.cpp, line 773]
Event: 29.287 Thread 0x000001fe7daf58b0 Exception <a 'java/io/FileNotFoundException'{0x00000000d5c6c228}> (0x00000000d5c6c228) 
thrown [s\src\hotspot\share\prims\jni.cpp, line 520]
Event: 29.291 Thread 0x000001fe7daf58b0 Exception <a 'java/io/FileNotFoundException'{0x00000000d5cb2b60}> (0x00000000d5cb2b60) 
thrown [s\src\hotspot\share\prims\jni.cpp, line 520]
Event: 29.292 Thread 0x000001fe7daf58b0 Exception <a 'java/io/FileNotFoundException'{0x00000000d5cb38c8}> (0x00000000d5cb38c8) 
thrown [s\src\hotspot\share\prims\jni.cpp, line 520]

ZGC Phase Switch (0 events):
No events

VM Operations (20 events):
Event: 28.210 Executing VM operation: HandshakeAllThreads (Deoptimize)
Event: 28.210 Executing VM operation: HandshakeAllThreads (Deoptimize) done
Event: 28.253 Executing VM operation: HandshakeAllThreads (Deoptimize)
Event: 28.253 Executing VM operation: HandshakeAllThreads (Deoptimize) done
Event: 28.315 Executing VM operation: ParallelGCFailedAllocation (Allocation Failure)
Event: 28.321 Executing VM operation: ParallelGCFailedAllocation (Allocation Failure) done
Event: 28.894 Executing VM operation: ICBufferFull
Event: 28.895 Executing VM operation: ICBufferFull done
Event: 29.016 Executing VM operation: ParallelGCFailedAllocation (Allocation Failure)
Event: 29.020 Executing VM operation: ParallelGCFailedAllocation (Allocation Failure) done
Event: 29.550 Executing VM operation: ParallelGCFailedAllocation (Allocation Failure)
Event: 29.554 Executing VM operation: ParallelGCFailedAllocation (Allocation Failure) done
Event: 29.769 Executing VM operation: ParallelGCFailedAllocation (Allocation Failure)
Event: 29.773 Executing VM operation: ParallelGCFailedAllocation (Allocation Failure) done
Event: 30.011 Executing VM operation: ICBufferFull
Event: 30.011 Executing VM operation: ICBufferFull done
Event: 30.030 Executing VM operation: ParallelGCFailedAllocation (Allocation Failure)
Event: 30.034 Executing VM operation: ParallelGCFailedAllocation (Allocation Failure) done
Event: 31.041 Executing VM operation: Cleanup
Event: 31.041 Executing VM operation: Cleanup done

Memory protections (0 events):
No events

Nmethod flushes (20 events):
Event: 24.994 Thread 0x000001fe73062f50 flushing  nmethod 0x000001fe008d5c90
Event: 24.994 Thread 0x000001fe73062f50 flushing  nmethod 0x000001fe008d6290
Event: 24.994 Thread 0x000001fe73062f50 flushing  nmethod 0x000001fe008d6690
Event: 24.994 Thread 0x000001fe73062f50 flushing  nmethod 0x000001fe008d8210
Event: 24.994 Thread 0x000001fe73062f50 flushing osr nmethod 0x000001fe00903510
Event: 24.994 Thread 0x000001fe73062f50 flushing  nmethod 0x000001fe00907710
Event: 24.994 Thread 0x000001fe73062f50 flushing  nmethod 0x000001fe0090a990
Event: 24.994 Thread 0x000001fe73062f50 flushing  nmethod 0x000001fe0090af10
Event: 24.994 Thread 0x000001fe73062f50 flushing  nmethod 0x000001fe0090b390
Event: 24.994 Thread 0x000001fe73062f50 flushing  nmethod 0x000001fe0090bc90
Event: 24.994 Thread 0x000001fe73062f50 flushing  nmethod 0x000001fe0090c290
Event: 24.994 Thread 0x000001fe73062f50 flushing  nmethod 0x000001fe0090cb10
Event: 24.994 Thread 0x000001fe73062f50 flushing  nmethod 0x000001fe0090d510
Event: 24.994 Thread 0x000001fe73062f50 flushing  nmethod 0x000001fe0090dd90
Event: 24.994 Thread 0x000001fe73062f50 flushing  nmethod 0x000001fe00917f10
Event: 24.994 Thread 0x000001fe73062f50 flushing  nmethod 0x000001fe00919190
Event: 24.994 Thread 0x000001fe73062f50 flushing  nmethod 0x000001fe00927410
Event: 24.994 Thread 0x000001fe73062f50 flushing  nmethod 0x000001fe00928b90
Event: 24.994 Thread 0x000001fe73062f50 flushing  nmethod 0x000001fe00929190
Event: 24.994 Thread 0x000001fe73062f50 flushing  nmethod 0x000001fe00942690

Events (20 events):
Event: 13.892 Thread 0x000001fe7daf4500 Thread added: 0x000001fe7ead76f0
Event: 13.893 Thread 0x000001fe7ead69d0 Thread added: 0x000001fe7d2ec920
Event: 13.893 Thread 0x000001fe7ead76f0 Thread added: 0x000001fe7d2ea850
Event: 13.893 Thread 0x000001fe7d2ec920 Thread added: 0x000001fe7d2e94a0
Event: 13.894 Thread 0x000001fe7d2ea850 Thread added: 0x000001fe7d2ecfb0
Event: 13.894 Thread 0x000001fe7d2e94a0 Thread added: 0x000001fe7d2ea1c0
Event: 13.895 Thread 0x000001fe7d2ecfb0 Thread added: 0x000001fe7d2e9b30
Event: 13.895 Thread 0x000001fe7d2ea1c0 Thread added: 0x000001fe7d2eaee0
Event: 13.896 Thread 0x000001fe7d2e9b30 Thread added: 0x000001fe7d2ec290
Event: 13.897 Thread 0x000001fe7d2ec290 Thread added: 0x000001fe7d2ed640
Event: 23.517 Thread 0x000001fe7ead76f0 Thread added: 0x000001fe7d2ef080
Event: 23.518 Thread 0x000001fe7ead76f0 Thread added: 0x000001fe7d2ebc00
Event: 23.519 Thread 0x000001fe7ead76f0 Thread added: 0x000001fe7d2ef710
Event: 23.519 Thread 0x000001fe7ead76f0 Thread added: 0x000001fe7d2f0ac0
Event: 23.519 Thread 0x000001fe7ead76f0 Thread added: 0x000001fe7d2efda0
Event: 25.452 Thread 0x000001fe7d2ebc00 Thread exited: 0x000001fe7d2ebc00
Event: 25.452 Thread 0x000001fe7d2ef710 Thread exited: 0x000001fe7d2ef710
Event: 25.452 Thread 0x000001fe7d2ef080 Thread exited: 0x000001fe7d2ef080
Event: 25.452 Thread 0x000001fe7d2f0ac0 Thread exited: 0x000001fe7d2f0ac0
Event: 25.453 Thread 0x000001fe7d2efda0 Thread exited: 0x000001fe7d2efda0


Dynamic libraries:
0x00007ff703360000 - 0x00007ff70336e000 	c:\Users\damin\.cursor\extensions\redhat.java-1.46.0-win32-x64\jre\21.0.8-win32-x86_64\bin\java.exe
0x00007ffa2d360000 - 0x00007ffa2d5c8000 	C:\WINDOWS\SYSTEM32\ntdll.dll
0x00007ffa2be90000 - 0x00007ffa2bf59000 	C:\WINDOWS\System32\KERNEL32.DLL
0x00007ffa2a6c0000 - 0x00007ffa2aab2000 	C:\WINDOWS\System32\KERNELBASE.dll
0x00007ffa2ac10000 - 0x00007ffa2ad5b000 	C:\WINDOWS\System32\ucrtbase.dll
0x00007ff9bf070000 - 0x00007ff9bf08e000 	c:\Users\damin\.cursor\extensions\redhat.java-1.46.0-win32-x64\jre\21.0.8-win32-x86_64\bin\VCRUNTIME140.dll
0x00007ff9c2de0000 - 0x00007ff9c2df8000 	c:\Users\damin\.cursor\extensions\redhat.java-1.46.0-win32-x64\jre\21.0.8-win32-x86_64\bin\jli.dll
0x00007ffa2cae0000 - 0x00007ffa2cca5000 	C:\WINDOWS\System32\USER32.dll
0x00007ffa0ddc0000 - 0x00007ffa0e053000 	C:\WINDOWS\WinSxS\amd64_microsoft.windows.common-controls_6595b64144ccf1df_6.0.26100.6899_none_3e0efeeae32e88c1\COMCTL32.dll
0x00007ffa2ad60000 - 0x00007ffa2ad87000 	C:\WINDOWS\System32\win32u.dll
0x00007ffa2b700000 - 0x00007ffa2b72b000 	C:\WINDOWS\System32\GDI32.dll
0x00007ffa2bd00000 - 0x00007ffa2bda9000 	C:\WINDOWS\System32\msvcrt.dll
0x00007ffa2a590000 - 0x00007ffa2a6bd000 	C:\WINDOWS\System32\gdi32full.dll
0x00007ffa2af10000 - 0x00007ffa2afb3000 	C:\WINDOWS\System32\msvcp_win.dll
0x00007ffa2d220000 - 0x00007ffa2d24f000 	C:\WINDOWS\System32\IMM32.DLL
0x00007ff9d6050000 - 0x00007ff9d605c000 	c:\Users\damin\.cursor\extensions\redhat.java-1.46.0-win32-x64\jre\21.0.8-win32-x86_64\bin\vcruntime140_1.dll
0x00007ff95c5b0000 - 0x00007ff95c63d000 	c:\Users\damin\.cursor\extensions\redhat.java-1.46.0-win32-x64\jre\21.0.8-win32-x86_64\bin\msvcp140.dll
0x00007ff931b50000 - 0x00007ff9328e7000 	c:\Users\damin\.cursor\extensions\redhat.java-1.46.0-win32-x64\jre\21.0.8-win32-x86_64\bin\server\jvm.dll
0x00007ffa2d260000 - 0x00007ffa2d314000 	C:\WINDOWS\System32\ADVAPI32.dll
0x00007ffa2ccb0000 - 0x00007ffa2cd56000 	C:\WINDOWS\System32\sechost.dll
0x00007ffa2b750000 - 0x00007ffa2b868000 	C:\WINDOWS\System32\RPCRT4.dll
0x00007ffa2c880000 - 0x00007ffa2c8f4000 	C:\WINDOWS\System32\WS2_32.dll
0x00007ffa2a370000 - 0x00007ffa2a3ce000 	C:\WINDOWS\SYSTEM32\POWRPROF.dll
0x00007ffa227f0000 - 0x00007ffa227fb000 	C:\WINDOWS\SYSTEM32\VERSION.dll
0x00007ffa22a10000 - 0x00007ffa22a45000 	C:\WINDOWS\SYSTEM32\WINMM.dll
0x00007ffa2a330000 - 0x00007ffa2a344000 	C:\WINDOWS\SYSTEM32\UMPDC.dll
0x00007ffa292c0000 - 0x00007ffa292db000 	C:\WINDOWS\SYSTEM32\kernel.appcore.dll
0x00007ff9d5f60000 - 0x00007ff9d5f6a000 	c:\Users\damin\.cursor\extensions\redhat.java-1.46.0-win32-x64\jre\21.0.8-win32-x86_64\bin\jimage.dll
0x00007ffa27b50000 - 0x00007ffa27d92000 	C:\WINDOWS\SYSTEM32\DBGHELP.DLL
0x00007ffa2b200000 - 0x00007ffa2b57b000 	C:\WINDOWS\System32\combase.dll
0x00007ffa2bdb0000 - 0x00007ffa2be87000 	C:\WINDOWS\System32\OLEAUT32.dll
0x00007ffa0aeb0000 - 0x00007ffa0aeec000 	C:\WINDOWS\SYSTEM32\dbgcore.DLL
0x00007ffa2a4f0000 - 0x00007ffa2a588000 	C:\WINDOWS\System32\bcryptPrimitives.dll
0x00007ff9d6120000 - 0x00007ff9d612f000 	c:\Users\damin\.cursor\extensions\redhat.java-1.46.0-win32-x64\jre\21.0.8-win32-x86_64\bin\instrument.dll
0x00007ff9b7900000 - 0x00007ff9b791f000 	c:\Users\damin\.cursor\extensions\redhat.java-1.46.0-win32-x64\jre\21.0.8-win32-x86_64\bin\java.dll
0x00007ffa2c130000 - 0x00007ffa2c87d000 	C:\WINDOWS\System32\SHELL32.dll
0x00007ffa2afc0000 - 0x00007ffa2b12b000 	C:\WINDOWS\System32\wintypes.dll
0x00007ffa28110000 - 0x00007ffa2896d000 	C:\WINDOWS\SYSTEM32\windows.storage.dll
0x00007ffa2cfc0000 - 0x00007ffa2d0b2000 	C:\WINDOWS\System32\SHCORE.dll
0x00007ffa2b190000 - 0x00007ffa2b1f2000 	C:\WINDOWS\System32\shlwapi.dll
0x00007ffa2a410000 - 0x00007ffa2a439000 	C:\WINDOWS\SYSTEM32\profapi.dll
0x00007ff9be4f0000 - 0x00007ff9be508000 	c:\Users\damin\.cursor\extensions\redhat.java-1.46.0-win32-x64\jre\21.0.8-win32-x86_64\bin\zip.dll
0x00007ff9d6110000 - 0x00007ff9d6120000 	C:\Users\damin\.cursor\extensions\redhat.java-1.46.0-win32-x64\jre\21.0.8-win32-x86_64\bin\net.dll
0x00007ffa1c670000 - 0x00007ffa1c78f000 	C:\WINDOWS\SYSTEM32\WINHTTP.dll
0x00007ffa29830000 - 0x00007ffa2989b000 	C:\WINDOWS\system32\mswsock.dll
0x00007ff9d60f0000 - 0x00007ff9d6106000 	C:\Users\damin\.cursor\extensions\redhat.java-1.46.0-win32-x64\jre\21.0.8-win32-x86_64\bin\nio.dll
0x00007ff9d60e0000 - 0x00007ff9d60f0000 	c:\Users\damin\.cursor\extensions\redhat.java-1.46.0-win32-x64\jre\21.0.8-win32-x86_64\bin\verify.dll
0x00007ff9d6090000 - 0x00007ff9d60d4000 	C:\Users\damin\AppData\Roaming\Cursor\User\globalStorage\redhat.java\1.46.0\config_win\org.eclipse.equinox.launcher\org.eclipse.equinox.launcher.win32.win32.x86_64_1.2.1400.v20250801-0854\eclipse_11916.dll
0x00007ffa2bf60000 - 0x00007ffa2c0f8000 	C:\WINDOWS\System32\ole32.dll
0x00007ffa29ae0000 - 0x00007ffa29afb000 	C:\WINDOWS\SYSTEM32\CRYPTSP.dll
0x00007ffa29200000 - 0x00007ffa2923b000 	C:\WINDOWS\system32\rsaenh.dll
0x00007ffa298d0000 - 0x00007ffa298fb000 	C:\WINDOWS\SYSTEM32\USERENV.dll
0x00007ffa2a3e0000 - 0x00007ffa2a406000 	C:\WINDOWS\SYSTEM32\bcrypt.dll
0x00007ffa29b00000 - 0x00007ffa29b0c000 	C:\WINDOWS\SYSTEM32\CRYPTBASE.dll
0x00007ffa28de0000 - 0x00007ffa28e14000 	C:\WINDOWS\SYSTEM32\IPHLPAPI.DLL
0x00007ffa2d0c0000 - 0x00007ffa2d0ca000 	C:\WINDOWS\System32\NSI.dll
0x00007ff968210000 - 0x00007ff968259000 	C:\Users\damin\AppData\Local\Temp\jna-95349941\jna16870506705061862403.dll
0x00007ffa2b180000 - 0x00007ffa2b188000 	C:\WINDOWS\System32\PSAPI.DLL
0x00007ffa24040000 - 0x00007ffa2405e000 	C:\WINDOWS\SYSTEM32\dhcpcsvc6.DLL
0x00007ffa24010000 - 0x00007ffa24033000 	C:\WINDOWS\SYSTEM32\dhcpcsvc.DLL

JVMTI agents:
c:\Users\damin\.cursor\extensions\redhat.java-1.46.0-win32-x64\lombok\lombok-1.18.39-4050.jar path:c:\Users\damin\.cursor\extensions\redhat.java-1.46.0-win32-x64\jre\21.0.8-win32-x86_64\bin\instrument.dll, loaded, initialized, instrumentlib options:none

dbghelp: loaded successfully - version: 4.0.5 - missing functions: none
symbol engine: initialized successfully - sym options: 0x614 - pdb path: .;c:\Users\damin\.cursor\extensions\redhat.java-1.46.0-win32-x64\jre\21.0.8-win32-x86_64\bin;C:\WINDOWS\SYSTEM32;C:\WINDOWS\WinSxS\amd64_microsoft.windows.common-controls_6595b64144ccf1df_6.0.26100.6899_none_3e0efeeae32e88c1;c:\Users\damin\.cursor\extensions\redhat.java-1.46.0-win32-x64\jre\21.0.8-win32-x86_64\bin\server;C:\Users\damin\AppData\Roaming\Cursor\User\globalStorage\redhat.java\1.46.0\config_win\org.eclipse.equinox.launcher\org.eclipse.equinox.launcher.win32.win32.x86_64_1.2.1400.v20250801-0854;C:\Users\damin\AppData\Local\Temp\jna-95349941

VM Arguments:
jvm_args: --add-modules=ALL-SYSTEM --add-opens=java.base/java.util=ALL-UNNAMED --add-opens=java.base/java.lang=ALL-UNNAMED --add-opens=java.base/sun.nio.fs=ALL-UNNAMED -Declipse.application=org.eclipse.jdt.ls.core.id1 -Dosgi.bundles.defaultStartLevel=4 -Declipse.product=org.eclipse.jdt.ls.core.product -Djava.import.generatesMetadataFilesAtProjectRoot=false -DDetectVMInstallationsJob.disabled=true -Dfile.encoding=utf8 -XX:+UseParallelGC -XX:GCTimeRatio=4 -XX:AdaptiveSizePolicyWeight=90 -Dsun.zip.disableMemoryMapping=true -Xmx2G -Xms100m -Xlog:disable -javaagent:c:\Users\damin\.cursor\extensions\redhat.java-1.46.0-win32-x64\lombok\lombok-1.18.39-4050.jar -XX:+HeapDumpOnOutOfMemoryError -XX:HeapDumpPath=c:\Users\damin\AppData\Roaming\Cursor\User\workspaceStorage\0fff20a0ddf8a580ce308bc09cb831c3\redhat.java -Daether.dependencyCollector.impl=bf 
java_command: c:\Users\damin\.cursor\extensions\redhat.java-1.46.0-win32-x64\server\plugins\org.eclipse.equinox.launcher_1.7.0.v20250519-0528.jar -configuration c:\Users\damin\AppData\Roaming\Cursor\User\globalStorage\redhat.java\1.46.0\config_win -data c:\Users\damin\AppData\Roaming\Cursor\User\workspaceStorage\0fff20a0ddf8a580ce308bc09cb831c3\redhat.java\jdt_ws --pipe=\\.\pipe\lsp-c1236f6070949316f9f235c8e2d4195a-sock
java_class_path (initial): c:\Users\damin\.cursor\extensions\redhat.java-1.46.0-win32-x64\server\plugins\org.eclipse.equinox.launcher_1.7.0.v20250519-0528.jar
Launcher Type: SUN_STANDARD

[Global flags]
    uintx AdaptiveSizePolicyWeight                 = 90                                        {product} {command line}
     intx CICompilerCount                          = 4                                         {product} {ergonomic}
    uintx GCTimeRatio                              = 4                                         {product} {command line}
     bool HeapDumpOnOutOfMemoryError               = true                                   {manageable} {command line}
    ccstr HeapDumpPath                             = c:\Users\damin\AppData\Roaming\Cursor\User\workspaceStorage\0fff20a0ddf8a580ce308bc09cb831c3\redhat.java         {manageable} {command line}
   size_t InitialHeapSize                          = 104857600                                 {product} {command line}
   size_t MaxHeapSize                              = 2147483648                                {product} {command line}
   size_t MaxNewSize                               = 715653120                                 {product} {ergonomic}
   size_t MinHeapDeltaBytes                        = 524288                                    {product} {ergonomic}
   size_t MinHeapSize                              = 104857600                                 {product} {command line}
   size_t NewSize                                  = 34603008                                  {product} {ergonomic}
    uintx NonNMethodCodeHeapSize                   = 5839372                                {pd product} {ergonomic}
    uintx NonProfiledCodeHeapSize                  = 122909434                              {pd product} {ergonomic}
   size_t OldSize                                  = 70254592                                  {product} {ergonomic}
    uintx ProfiledCodeHeapSize                     = 122909434                              {pd product} {ergonomic}
    uintx ReservedCodeCacheSize                    = 251658240                              {pd product} {ergonomic}
     bool SegmentedCodeCache                       = true                                      {product} {ergonomic}
   size_t SoftMaxHeapSize                          = 2147483648                             {manageable} {ergonomic}
     bool UseCompressedOops                        = true                           {product lp64_product} {ergonomic}
     bool UseLargePagesIndividualAllocation        = false                                  {pd product} {ergonomic}
     bool UseParallelGC                            = true                                      {product} {command line}

Logging:
Log output configuration:
 #0: stdout all=off uptime,level,tags foldmultilines=false
 #1: stderr all=off uptime,level,tags foldmultilines=false

Environment Variables:
JAVA_HOME=C:\Program Files\Java\jdk-21
PATH=C:\Program Files\Python313\Scripts\;C:\Program Files\Python313\;C:\Program Files\Microsoft MPI\Bin\;C:\Program Files\Common Files\Oracle\Java\javapath;C:\WINDOWS\system32;C:\WINDOWS;C:\WINDOWS\System32\Wbem;C:\WINDOWS\System32\WindowsPowerShell\v1.0\;C:\WINDOWS\System32\OpenSSH\;C:\Program Files\Java\jdk-23\bin;C:\Program Files\Java\apache-maven-3.9.9\bin;C:\ProgramData\chocolatey\bin;C:\Users\damin\Downloads\apache-maven-3.9.9\bin;C:\apache-tomcat-10.1.40\bin;C:\Program Files\Git\cmd;C:\Program Files (x86)\Microsoft SQL Server\160\Tools\Binn\;C:\Program Files\Microsoft SQL Server\160\Tools\Binn\;C:\Program Files\Microsoft SQL Server\Client SDK\ODBC\170\Tools\Binn\;C:\Program Files\Microsoft SQL Server\160\DTS\Binn\;C:\Program Files (x86)\Microsoft SQL Server\160\DTS\Binn\;C:\maven\apache-maven-3.9.11\bin;C:\Program Files\nodejs\;C:\Program Files\MySQL\MySQL Server 8.0\bin;C:\Program Files\cursor\resources\app\bin;C:\Program Files\Java\jdk-21\bin;C:\Program Files\apache-maven-3.9.11\bin;C:\Program Files\MySQL\MySQL Shell 8.0\bin\;C:\Users\damin\AppData\Local\Microsoft\WindowsApps;C:\Program Files\Java\apache-maven-3.9.9\bin;C:\ProgramData\damin\GitHubDesktop\bin;C:\Program Files\JetBrains\IntelliJ IDEA 2025.1.1\bin;C:\Program Files\JetBrains\IntelliJ IDEA Community Edition 2025.1.1.1\bin;C:\Program Files\Azure Data Studio\bin;C:\Users\damin\AppData\Roaming\npm;C:\Users\damin\AppData\Local\Programs\Microsoft VS Code\bin;C:\Users\damin\AppData\Local\JetBrains\Toolbox\scripts;
USERNAME=damin
OS=Windows_NT
PROCESSOR_IDENTIFIER=Intel64 Family 6 Model 154 Stepping 4, GenuineIntel
TMP=C:\Users\damin\AppData\Local\Temp
TEMP=C:\Users\damin\AppData\Local\Temp




Periodic native trim disabled

---------------  S Y S T E M  ---------------

OS:
 Windows 11 , 64 bit Build 26100 (10.0.26100.6725)
OS uptime: 0 days 9:31 hours
Hyper-V role detected

CPU: total 12 (initial active 12) (6 cores per cpu, 2 threads per core) family 6 model 154 stepping 4 microcode 0x437, cx8, cmov, fxsr, ht, mmx, 3dnowpref, sse, sse2, sse3, ssse3, sse4.1, sse4.2, popcnt, lzcnt, tsc, tscinvbit, avx, avx2, aes, erms, clmul, bmi1, bmi2, adx, sha, fma, vzeroupper, clflush, clflushopt, clwb, hv, serialize, rdtscp, rdpid, fsrm, f16c, cet_ibt, cet_ss
Processor Information for processor 0
  Max Mhz: 1300, Current Mhz: 1300, Mhz Limit: 1300
Processor Information for processor 1
  Max Mhz: 1300, Current Mhz: 1300, Mhz Limit: 1300
Processor Information for processor 2
  Max Mhz: 1300, Current Mhz: 1300, Mhz Limit: 1300
Processor Information for processor 3
  Max Mhz: 1300, Current Mhz: 1300, Mhz Limit: 1300
Processor Information for processor 4
  Max Mhz: 900, Current Mhz: 900, Mhz Limit: 900
Processor Information for processor 5
  Max Mhz: 900, Current Mhz: 900, Mhz Limit: 900
Processor Information for processor 6
  Max Mhz: 900, Current Mhz: 900, Mhz Limit: 900
Processor Information for processor 7
  Max Mhz: 900, Current Mhz: 900, Mhz Limit: 900
Processor Information for processor 8
  Max Mhz: 900, Current Mhz: 900, Mhz Limit: 900
Processor Information for processor 9
  Max Mhz: 900, Current Mhz: 900, Mhz Limit: 900
Processor Information for processor 10
  Max Mhz: 900, Current Mhz: 900, Mhz Limit: 900
Processor Information for processor 11
  Max Mhz: 900, Current Mhz: 900, Mhz Limit: 900

Memory: 4k page, system-wide physical 7916M (130M free)
TotalPageFile size 32492M (AvailPageFile size 10M)
current process WorkingSet (physical memory assigned to process): 232M, peak: 287M
current process commit charge ("private bytes"): 375M, peak: 395M

vm_info: OpenJDK 64-Bit Server VM (21.0.8+9-LTS) for windows-amd64 JRE (21.0.8+9-LTS), built on 2025-07-15T00:00:00Z by "admin" with MS VC++ 17.7 (VS2022)

END.
